[0.542s] Invoking command in '/home/epon/AutoDrive/autonomous_combine/build/robot_description': CMAKE_PREFIX_PATH=${CMAKE_PREFIX_PATH}:/home/epon/AutoDrive/autoRobot_ws/install/epon_control_hardware:/home/epon/AutoDrive/autoRobot_ws/install/control_hardware:/opt/ros/humble /usr/bin/cmake /home/epon/AutoDrive/autonomous_combine/src/robot_description -DCMAKE_INSTALL_PREFIX=/home/epon/AutoDrive/autonomous_combine/install/robot_description
[0.833s] -- The C compiler identification is GNU 11.4.0
[0.834s] -- The CXX compiler identification is GNU 11.4.0
[0.834s] -- Detecting C compiler ABI info
[0.834s] -- Detecting C compiler ABI info - done
[0.834s] -- Check for working C compiler: /usr/bin/cc - skipped
[0.834s] -- Detecting C compile features
[0.834s] -- Detecting C compile features - done
[0.834s] -- Detecting CXX compiler ABI info
[0.834s] -- Detecting CXX compiler ABI info - done
[0.834s] -- Check for working CXX compiler: /usr/bin/c++ - skipped
[0.834s] -- Detecting CXX compile features
[0.834s] -- Detecting CXX compile features - done
[0.834s] -- Found ament_cmake: 1.3.11 (/opt/ros/humble/share/ament_cmake/cmake)
[0.944s] -- Found Python3: /usr/bin/python3 (found version "3.10.12") found components: Interpreter 
[1.111s] -- Configuring done
[1.116s] -- Generating done
[1.116s] -- Build files have been written to: /home/epon/AutoDrive/autonomous_combine/build/robot_description
[1.125s] Invoked command in '/home/epon/AutoDrive/autonomous_combine/build/robot_description' returned '0': CMAKE_PREFIX_PATH=${CMAKE_PREFIX_PATH}:/home/epon/AutoDrive/autoRobot_ws/install/epon_control_hardware:/home/epon/AutoDrive/autoRobot_ws/install/control_hardware:/opt/ros/humble /usr/bin/cmake /home/epon/AutoDrive/autonomous_combine/src/robot_description -DCMAKE_INSTALL_PREFIX=/home/epon/AutoDrive/autonomous_combine/install/robot_description
[1.127s] Invoking command in '/home/epon/AutoDrive/autonomous_combine/build/robot_description': CMAKE_PREFIX_PATH=${CMAKE_PREFIX_PATH}:/home/epon/AutoDrive/autoRobot_ws/install/epon_control_hardware:/home/epon/AutoDrive/autoRobot_ws/install/control_hardware:/opt/ros/humble /usr/bin/cmake --build /home/epon/AutoDrive/autonomous_combine/build/robot_description -- -j8 -l8
[1.172s] Invoked command in '/home/epon/AutoDrive/autonomous_combine/build/robot_description' returned '0': CMAKE_PREFIX_PATH=${CMAKE_PREFIX_PATH}:/home/epon/AutoDrive/autoRobot_ws/install/epon_control_hardware:/home/epon/AutoDrive/autoRobot_ws/install/control_hardware:/opt/ros/humble /usr/bin/cmake --build /home/epon/AutoDrive/autonomous_combine/build/robot_description -- -j8 -l8
[1.183s] Invoking command in '/home/epon/AutoDrive/autonomous_combine/build/robot_description': CMAKE_PREFIX_PATH=${CMAKE_PREFIX_PATH}:/home/epon/AutoDrive/autoRobot_ws/install/epon_control_hardware:/home/epon/AutoDrive/autoRobot_ws/install/control_hardware:/opt/ros/humble /usr/bin/cmake --install /home/epon/AutoDrive/autonomous_combine/build/robot_description
[1.202s] -- Install configuration: ""
[1.202s] -- Installing: /home/epon/AutoDrive/autonomous_combine/install/robot_description/share/robot_description//config
[1.202s] -- Installing: /home/epon/AutoDrive/autonomous_combine/install/robot_description/share/robot_description//config/joystick.yaml
[1.209s] -- Installing: /home/epon/AutoDrive/autonomous_combine/install/robot_description/share/robot_description//launch
[1.209s] -- Installing: /home/epon/AutoDrive/autonomous_combine/install/robot_description/share/robot_description//rviz
[1.209s] -- Installing: /home/epon/AutoDrive/autonomous_combine/install/robot_description/share/robot_description//rviz/urdf_config.rviz
[1.209s] -- Installing: /home/epon/AutoDrive/autonomous_combine/install/robot_description/share/robot_description//urdf
[1.210s] -- Installing: /home/epon/AutoDrive/autonomous_combine/install/robot_description/share/robot_description//urdf/autonomous_robot_gazebo.xacro
[1.210s] -- Installing: /home/epon/AutoDrive/autonomous_combine/install/robot_description/share/robot_description//urdf/camera.xacro
[1.210s] -- Installing: /home/epon/AutoDrive/autonomous_combine/install/robot_description/share/robot_description//urdf/Assembly-Robot-URDF.urdf.xacro
[1.210s] -- Installing: /home/epon/AutoDrive/autonomous_combine/install/robot_description/share/robot_description//urdf/common_properties.xacro
[1.210s] -- Installing: /home/epon/AutoDrive/autonomous_combine/install/robot_description/share/robot_description//urdf/mobile_robot.xacro
[1.210s] -- Installing: /home/epon/AutoDrive/autonomous_combine/install/robot_description/share/robot_description//urdf/ros2_control.xacro
[1.210s] -- Installing: /home/epon/AutoDrive/autonomous_combine/install/robot_description/share/robot_description//urdf/imu.xacro
[1.210s] -- Installing: /home/epon/AutoDrive/autonomous_combine/install/robot_description/share/robot_description//urdf/lidar.xacro
[1.210s] -- Installing: /home/epon/AutoDrive/autonomous_combine/install/robot_description/share/robot_description//urdf/gazebo_color.xacro
[1.210s] -- Installing: /home/epon/AutoDrive/autonomous_combine/install/robot_description/share/robot_description//urdf/autonomous_robot.urdf.xacro
[1.210s] -- Installing: /home/epon/AutoDrive/autonomous_combine/install/robot_description/share/robot_description//meshes
[1.211s] -- Installing: /home/epon/AutoDrive/autonomous_combine/install/robot_description/share/robot_description//meshes/base_link.stl
[1.214s] -- Installing: /home/epon/AutoDrive/autonomous_combine/install/robot_description/share/robot_description//meshes/front_wheel_link.stl
[1.216s] -- Installing: /home/epon/AutoDrive/autonomous_combine/install/robot_description/share/robot_description//meshes/rear_wheel_link.stl
[1.220s] -- Installing: /home/epon/AutoDrive/autonomous_combine/install/robot_description/share/robot_description//meshes/left_wheel_link.stl
[1.225s] -- Installing: /home/epon/AutoDrive/autonomous_combine/install/robot_description/share/robot_description//meshes/right_wheel_link.stl
[1.230s] -- Installing: /home/epon/AutoDrive/autonomous_combine/install/robot_description/share/robot_description//meshes/camera_link.stl
[1.231s] -- Installing: /home/epon/AutoDrive/autonomous_combine/install/robot_description/share/robot_description//meshes/front_hinge.stl
[1.231s] -- Installing: /home/epon/AutoDrive/autonomous_combine/install/robot_description/share/robot_description//meshes/rear_hinge.stl
[1.232s] -- Installing: /home/epon/AutoDrive/autonomous_combine/install/robot_description/share/robot_description//meshes/lidar_link.stl
[1.233s] -- Installing: /home/epon/AutoDrive/autonomous_combine/install/robot_description/share/ament_index/resource_index/package_run_dependencies/robot_description
[1.233s] -- Installing: /home/epon/AutoDrive/autonomous_combine/install/robot_description/share/ament_index/resource_index/parent_prefix_path/robot_description
[1.233s] -- Installing: /home/epon/AutoDrive/autonomous_combine/install/robot_description/share/robot_description/environment/ament_prefix_path.sh
[1.234s] -- Installing: /home/epon/AutoDrive/autonomous_combine/install/robot_description/share/robot_description/environment/ament_prefix_path.dsv
[1.234s] -- Installing: /home/epon/AutoDrive/autonomous_combine/install/robot_description/share/robot_description/environment/path.sh
[1.234s] -- Installing: /home/epon/AutoDrive/autonomous_combine/install/robot_description/share/robot_description/environment/path.dsv
[1.234s] -- Installing: /home/epon/AutoDrive/autonomous_combine/install/robot_description/share/robot_description/local_setup.bash
[1.235s] -- Installing: /home/epon/AutoDrive/autonomous_combine/install/robot_description/share/robot_description/local_setup.sh
[1.235s] -- Installing: /home/epon/AutoDrive/autonomous_combine/install/robot_description/share/robot_description/local_setup.zsh
[1.235s] -- Installing: /home/epon/AutoDrive/autonomous_combine/install/robot_description/share/robot_description/local_setup.dsv
[1.235s] -- Installing: /home/epon/AutoDrive/autonomous_combine/install/robot_description/share/robot_description/package.dsv
[1.235s] -- Installing: /home/epon/AutoDrive/autonomous_combine/install/robot_description/share/ament_index/resource_index/packages/robot_description
[1.235s] -- Installing: /home/epon/AutoDrive/autonomous_combine/install/robot_description/share/robot_description/cmake/robot_descriptionConfig.cmake
[1.236s] -- Installing: /home/epon/AutoDrive/autonomous_combine/install/robot_description/share/robot_description/cmake/robot_descriptionConfig-version.cmake
[1.236s] -- Installing: /home/epon/AutoDrive/autonomous_combine/install/robot_description/share/robot_description/package.xml
[1.239s] Invoked command in '/home/epon/AutoDrive/autonomous_combine/build/robot_description' returned '0': CMAKE_PREFIX_PATH=${CMAKE_PREFIX_PATH}:/home/epon/AutoDrive/autoRobot_ws/install/epon_control_hardware:/home/epon/AutoDrive/autoRobot_ws/install/control_hardware:/opt/ros/humble /usr/bin/cmake --install /home/epon/AutoDrive/autonomous_combine/build/robot_description
