[0.452s] Invoking command in '/home/epon/AutoDrive/autonomous_combine/build/robot_description': CMAKE_PREFIX_PATH=${CMAKE_PREFIX_PATH}:/home/epon/AutoDrive/autonomous_combine/install/robot_simulation:/home/epon/AutoDrive/autonomous_combine/install/robot_navigation:/home/epon/AutoDrive/autonomous_combine/install/my_launch:/home/epon/AutoDrive/autonomous_combine/install/control_hardware:/opt/ros/humble /usr/bin/cmake --build /home/epon/AutoDrive/autonomous_combine/build/robot_description -- -j8 -l8
[0.888s] Invoked command in '/home/epon/AutoDrive/autonomous_combine/build/robot_description' returned '0': CMAKE_PREFIX_PATH=${CMAKE_PREFIX_PATH}:/home/epon/AutoDrive/autonomous_combine/install/robot_simulation:/home/epon/AutoDrive/autonomous_combine/install/robot_navigation:/home/epon/AutoDrive/autonomous_combine/install/my_launch:/home/epon/AutoDrive/autonomous_combine/install/control_hardware:/opt/ros/humble /usr/bin/cmake --build /home/epon/AutoDrive/autonomous_combine/build/robot_description -- -j8 -l8
[0.890s] Invoking command in '/home/epon/AutoDrive/autonomous_combine/build/robot_description': CMAKE_PREFIX_PATH=${CMAKE_PREFIX_PATH}:/home/epon/AutoDrive/autonomous_combine/install/robot_simulation:/home/epon/AutoDrive/autonomous_combine/install/robot_navigation:/home/epon/AutoDrive/autonomous_combine/install/my_launch:/home/epon/AutoDrive/autonomous_combine/install/control_hardware:/opt/ros/humble /usr/bin/cmake --install /home/epon/AutoDrive/autonomous_combine/build/robot_description
[0.902s] -- Install configuration: ""
[0.902s] -- Up-to-date: /home/epon/AutoDrive/autonomous_combine/install/robot_description/share/robot_description//config
[0.902s] -- Up-to-date: /home/epon/AutoDrive/autonomous_combine/install/robot_description/share/robot_description//config/joystick.yaml
[0.902s] -- Up-to-date: /home/epon/AutoDrive/autonomous_combine/install/robot_description/share/robot_description//launch
[0.902s] -- Up-to-date: /home/epon/AutoDrive/autonomous_combine/install/robot_description/share/robot_description//rviz
[0.902s] -- Up-to-date: /home/epon/AutoDrive/autonomous_combine/install/robot_description/share/robot_description//rviz/urdf_config.rviz
[0.907s] -- Up-to-date: /home/epon/AutoDrive/autonomous_combine/install/robot_description/share/robot_description//urdf
[0.907s] -- Up-to-date: /home/epon/AutoDrive/autonomous_combine/install/robot_description/share/robot_description//urdf/autonomous_robot_gazebo.xacro
[0.907s] -- Up-to-date: /home/epon/AutoDrive/autonomous_combine/install/robot_description/share/robot_description//urdf/camera.xacro
[0.907s] -- Up-to-date: /home/epon/AutoDrive/autonomous_combine/install/robot_description/share/robot_description//urdf/Assembly-Robot-URDF.urdf.xacro
[0.907s] -- Up-to-date: /home/epon/AutoDrive/autonomous_combine/install/robot_description/share/robot_description//urdf/common_properties.xacro
[0.908s] -- Up-to-date: /home/epon/AutoDrive/autonomous_combine/install/robot_description/share/robot_description//urdf/mobile_robot.xacro
[0.908s] -- Up-to-date: /home/epon/AutoDrive/autonomous_combine/install/robot_description/share/robot_description//urdf/ros2_control.xacro
[0.908s] -- Up-to-date: /home/epon/AutoDrive/autonomous_combine/install/robot_description/share/robot_description//urdf/imu.xacro
[0.908s] -- Up-to-date: /home/epon/AutoDrive/autonomous_combine/install/robot_description/share/robot_description//urdf/lidar.xacro
[0.908s] -- Up-to-date: /home/epon/AutoDrive/autonomous_combine/install/robot_description/share/robot_description//urdf/gazebo_color.xacro
[0.908s] -- Up-to-date: /home/epon/AutoDrive/autonomous_combine/install/robot_description/share/robot_description//urdf/autonomous_robot.urdf.xacro
[0.908s] -- Up-to-date: /home/epon/AutoDrive/autonomous_combine/install/robot_description/share/robot_description//meshes
[0.908s] -- Up-to-date: /home/epon/AutoDrive/autonomous_combine/install/robot_description/share/robot_description//meshes/base_link.stl
[0.908s] -- Up-to-date: /home/epon/AutoDrive/autonomous_combine/install/robot_description/share/robot_description//meshes/front_wheel_link.stl
[0.908s] -- Up-to-date: /home/epon/AutoDrive/autonomous_combine/install/robot_description/share/robot_description//meshes/rear_wheel_link.stl
[0.908s] -- Up-to-date: /home/epon/AutoDrive/autonomous_combine/install/robot_description/share/robot_description//meshes/left_wheel_link.stl
[0.908s] -- Up-to-date: /home/epon/AutoDrive/autonomous_combine/install/robot_description/share/robot_description//meshes/right_wheel_link.stl
[0.908s] -- Up-to-date: /home/epon/AutoDrive/autonomous_combine/install/robot_description/share/robot_description//meshes/camera_link.stl
[0.909s] -- Up-to-date: /home/epon/AutoDrive/autonomous_combine/install/robot_description/share/robot_description//meshes/front_hinge.stl
[0.909s] -- Up-to-date: /home/epon/AutoDrive/autonomous_combine/install/robot_description/share/robot_description//meshes/rear_hinge.stl
[0.909s] -- Up-to-date: /home/epon/AutoDrive/autonomous_combine/install/robot_description/share/robot_description//meshes/lidar_link.stl
[0.909s] -- Up-to-date: /home/epon/AutoDrive/autonomous_combine/install/robot_description/share/ament_index/resource_index/package_run_dependencies/robot_description
[0.909s] -- Up-to-date: /home/epon/AutoDrive/autonomous_combine/install/robot_description/share/ament_index/resource_index/parent_prefix_path/robot_description
[0.909s] -- Up-to-date: /home/epon/AutoDrive/autonomous_combine/install/robot_description/share/robot_description/environment/ament_prefix_path.sh
[0.909s] -- Up-to-date: /home/epon/AutoDrive/autonomous_combine/install/robot_description/share/robot_description/environment/ament_prefix_path.dsv
[0.909s] -- Up-to-date: /home/epon/AutoDrive/autonomous_combine/install/robot_description/share/robot_description/environment/path.sh
[0.909s] -- Up-to-date: /home/epon/AutoDrive/autonomous_combine/install/robot_description/share/robot_description/environment/path.dsv
[0.909s] -- Up-to-date: /home/epon/AutoDrive/autonomous_combine/install/robot_description/share/robot_description/local_setup.bash
[0.909s] -- Up-to-date: /home/epon/AutoDrive/autonomous_combine/install/robot_description/share/robot_description/local_setup.sh
[0.909s] -- Up-to-date: /home/epon/AutoDrive/autonomous_combine/install/robot_description/share/robot_description/local_setup.zsh
[0.909s] -- Up-to-date: /home/epon/AutoDrive/autonomous_combine/install/robot_description/share/robot_description/local_setup.dsv
[0.910s] -- Installing: /home/epon/AutoDrive/autonomous_combine/install/robot_description/share/robot_description/package.dsv
[0.910s] -- Up-to-date: /home/epon/AutoDrive/autonomous_combine/install/robot_description/share/ament_index/resource_index/packages/robot_description
[0.910s] -- Up-to-date: /home/epon/AutoDrive/autonomous_combine/install/robot_description/share/robot_description/cmake/robot_descriptionConfig.cmake
[0.910s] -- Up-to-date: /home/epon/AutoDrive/autonomous_combine/install/robot_description/share/robot_description/cmake/robot_descriptionConfig-version.cmake
[0.910s] -- Up-to-date: /home/epon/AutoDrive/autonomous_combine/install/robot_description/share/robot_description/package.xml
[0.932s] Invoked command in '/home/epon/AutoDrive/autonomous_combine/build/robot_description' returned '0': CMAKE_PREFIX_PATH=${CMAKE_PREFIX_PATH}:/home/epon/AutoDrive/autonomous_combine/install/robot_simulation:/home/epon/AutoDrive/autonomous_combine/install/robot_navigation:/home/epon/AutoDrive/autonomous_combine/install/my_launch:/home/epon/AutoDrive/autonomous_combine/install/control_hardware:/opt/ros/humble /usr/bin/cmake --install /home/epon/AutoDrive/autonomous_combine/build/robot_description
