-- The C compiler identification is GNU 11.4.0
-- The CXX compiler identification is GNU 11.4.0
-- Detecting C compiler ABI info
-- Detecting C compiler ABI info - done
-- Check for working C compiler: /usr/bin/cc - skipped
-- Detecting C compile features
-- Detecting C compile features - done
-- Detecting CXX compiler ABI info
-- Detecting CXX compiler ABI info - done
-- Check for working CXX compiler: /usr/bin/c++ - skipped
-- Detecting CXX compile features
-- Detecting CXX compile features - done
-- Found ament_cmake: 1.3.11 (/opt/ros/humble/share/ament_cmake/cmake)
-- Found Python3: /usr/bin/python3 (found version "3.10.12") found components: Interpreter 
-- Found rosidl_default_generators: 1.2.0 (/opt/ros/humble/share/rosidl_default_generators/cmake)
-- Using all available rosidl_typesupport_c: rosidl_typesupport_fastrtps_c;rosidl_typesupport_introspection_c
-- Found rosidl_adapter: 3.1.6 (/opt/ros/humble/share/rosidl_adapter/cmake)
-- Using all available rosidl_typesupport_cpp: rosidl_typesupport_fastrtps_cpp;rosidl_typesupport_introspection_cpp
-- Found geometry_msgs: 4.2.4 (/opt/ros/humble/share/geometry_msgs/cmake)
-- Found ament_lint_auto: 0.12.11 (/opt/ros/humble/share/ament_lint_auto/cmake)
-- Found ament_cmake_ros: 0.10.0 (/opt/ros/humble/share/ament_cmake_ros/cmake)
-- Using all available rosidl_typesupport_c: rosidl_typesupport_fastrtps_c;rosidl_typesupport_introspection_c
-- Using all available rosidl_typesupport_cpp: rosidl_typesupport_fastrtps_cpp;rosidl_typesupport_introspection_cpp
-- Found PythonInterp: /usr/bin/python3 (found suitable version "3.10.12", minimum required is "3.6") 
-- Found python_cmake_module: 0.10.0 (/opt/ros/humble/share/python_cmake_module/cmake)
-- Found PythonLibs: /usr/lib/x86_64-linux-gnu/libpython3.10.so (found suitable version "3.10.12", minimum required is "3.5") 
-- Using PYTHON_EXECUTABLE: /usr/bin/python3
-- Using PYTHON_INCLUDE_DIRS: /usr/include/python3.10
-- Using PYTHON_LIBRARIES: /usr/lib/x86_64-linux-gnu/libpython3.10.so
-- Found PythonExtra: .so  
-- Added test 'copyright' to check source files copyright and LICENSE
-- Added test 'lint_cmake' to check CMake code style
-- Added test 'xmllint' to check XML markup files
-- Configuring done
-- Generating done
-- Build files have been written to: /home/epon/AutoDrive/autonomous_combine/build/common_interface
[  2%] [34m[1mGenerating C code for ROS interfaces[0m
[  5%] [34m[1mGenerating C++ code for ROS interfaces[0m
[  5%] Built target ament_cmake_python_copy_common_interface
running egg_info
creating common_interface.egg-info
writing common_interface.egg-info/PKG-INFO
writing dependency_links to common_interface.egg-info/dependency_links.txt
writing top-level names to common_interface.egg-info/top_level.txt
writing manifest file 'common_interface.egg-info/SOURCES.txt'
reading manifest file 'common_interface.egg-info/SOURCES.txt'
writing manifest file 'common_interface.egg-info/SOURCES.txt'
[  5%] Built target ament_cmake_python_build_common_interface_egg
[  5%] Built target common_interface__cpp
[ 10%] [34m[1mGenerating C++ type support dispatch for ROS interfaces[0m
[ 10%] [34m[1mGenerating C++ type support for eProsima Fast-RTPS[0m
[ 12%] [34m[1mGenerating C++ introspection for ROS interfaces[0m
[ 15%] [32mBuilding C object CMakeFiles/common_interface__rosidl_generator_c.dir/rosidl_generator_c/common_interface/msg/detail/key_ctrl__functions.c.o[0m
[ 17%] [32mBuilding C object CMakeFiles/common_interface__rosidl_generator_c.dir/rosidl_generator_c/common_interface/msg/detail/ser_com_struct__functions.c.o[0m
[ 20%] [32m[1mLinking C shared library libcommon_interface__rosidl_generator_c.so[0m
[ 20%] Built target common_interface__rosidl_generator_c
[ 23%] [34m[1mGenerating C type support for eProsima Fast-RTPS[0m
[ 25%] [34m[1mGenerating C type support dispatch for ROS interfaces[0m
[ 28%] [34m[1mGenerating C introspection for ROS interfaces[0m
[ 30%] [32mBuilding CXX object CMakeFiles/common_interface__rosidl_typesupport_cpp.dir/rosidl_typesupport_cpp/common_interface/msg/key_ctrl__type_support.cpp.o[0m
[ 33%] [32mBuilding CXX object CMakeFiles/common_interface__rosidl_typesupport_cpp.dir/rosidl_typesupport_cpp/common_interface/msg/ser_com_struct__type_support.cpp.o[0m
[ 35%] [32mBuilding CXX object CMakeFiles/common_interface__rosidl_typesupport_introspection_cpp.dir/rosidl_typesupport_introspection_cpp/common_interface/msg/detail/ser_com_struct__type_support.cpp.o[0m
[ 38%] [32mBuilding CXX object CMakeFiles/common_interface__rosidl_typesupport_introspection_cpp.dir/rosidl_typesupport_introspection_cpp/common_interface/msg/detail/key_ctrl__type_support.cpp.o[0m
[ 41%] [32mBuilding CXX object CMakeFiles/common_interface__rosidl_typesupport_fastrtps_cpp.dir/rosidl_typesupport_fastrtps_cpp/common_interface/msg/detail/dds_fastrtps/key_ctrl__type_support.cpp.o[0m
[ 43%] [32mBuilding CXX object CMakeFiles/common_interface__rosidl_typesupport_c.dir/rosidl_typesupport_c/common_interface/msg/key_ctrl__type_support.cpp.o[0m
[ 46%] [32mBuilding C object CMakeFiles/common_interface__rosidl_typesupport_introspection_c.dir/rosidl_typesupport_introspection_c/common_interface/msg/detail/key_ctrl__type_support.c.o[0m
[ 48%] [32mBuilding CXX object CMakeFiles/common_interface__rosidl_typesupport_c.dir/rosidl_typesupport_c/common_interface/msg/ser_com_struct__type_support.cpp.o[0m
[ 51%] [32mBuilding CXX object CMakeFiles/common_interface__rosidl_typesupport_fastrtps_c.dir/rosidl_typesupport_fastrtps_c/common_interface/msg/detail/key_ctrl__type_support_c.cpp.o[0m
[ 53%] [32mBuilding C object CMakeFiles/common_interface__rosidl_typesupport_introspection_c.dir/rosidl_typesupport_introspection_c/common_interface/msg/detail/ser_com_struct__type_support.c.o[0m
[ 56%] [32m[1mLinking CXX shared library libcommon_interface__rosidl_typesupport_c.so[0m
[ 58%] [32m[1mLinking C shared library libcommon_interface__rosidl_typesupport_introspection_c.so[0m
[ 61%] [32mBuilding CXX object CMakeFiles/common_interface__rosidl_typesupport_fastrtps_cpp.dir/rosidl_typesupport_fastrtps_cpp/common_interface/msg/detail/dds_fastrtps/ser_com_struct__type_support.cpp.o[0m
[ 61%] Built target common_interface__rosidl_typesupport_c
[ 64%] [32mBuilding CXX object CMakeFiles/common_interface__rosidl_typesupport_fastrtps_c.dir/rosidl_typesupport_fastrtps_c/common_interface/msg/detail/ser_com_struct__type_support_c.cpp.o[0m
[ 64%] Built target common_interface__rosidl_typesupport_introspection_c
[ 66%] [32m[1mLinking CXX shared library libcommon_interface__rosidl_typesupport_cpp.so[0m
[ 66%] Built target common_interface__rosidl_typesupport_cpp
[ 69%] [32m[1mLinking CXX shared library libcommon_interface__rosidl_typesupport_introspection_cpp.so[0m
[ 69%] Built target common_interface__rosidl_typesupport_introspection_cpp
[ 71%] [32m[1mLinking CXX shared library libcommon_interface__rosidl_typesupport_fastrtps_cpp.so[0m
[ 74%] [32m[1mLinking CXX shared library libcommon_interface__rosidl_typesupport_fastrtps_c.so[0m
[ 74%] Built target common_interface__rosidl_typesupport_fastrtps_cpp
[ 74%] Built target common_interface__rosidl_typesupport_fastrtps_c
[ 74%] Built target common_interface
[ 76%] [34m[1mGenerating Python code for ROS interfaces[0m
[ 76%] Built target common_interface__py
[ 82%] [32mBuilding C object CMakeFiles/common_interface__rosidl_generator_py.dir/rosidl_generator_py/common_interface/msg/_ser_com_struct_s.c.o[0m
[ 82%] [32mBuilding C object CMakeFiles/common_interface__rosidl_generator_py.dir/rosidl_generator_py/common_interface/msg/_key_ctrl_s.c.o[0m
[ 84%] [32m[1mLinking C shared library rosidl_generator_py/common_interface/libcommon_interface__rosidl_generator_py.so[0m
[ 84%] Built target common_interface__rosidl_generator_py
[ 92%] [32mBuilding C object CMakeFiles/common_interface__rosidl_typesupport_introspection_c__pyext.dir/rosidl_generator_py/common_interface/_common_interface_s.ep.rosidl_typesupport_introspection_c.c.o[0m
[ 92%] [32mBuilding C object CMakeFiles/common_interface__rosidl_typesupport_c__pyext.dir/rosidl_generator_py/common_interface/_common_interface_s.ep.rosidl_typesupport_c.c.o[0m
[ 92%] [32mBuilding C object CMakeFiles/common_interface__rosidl_typesupport_fastrtps_c__pyext.dir/rosidl_generator_py/common_interface/_common_interface_s.ep.rosidl_typesupport_fastrtps_c.c.o[0m
[ 94%] [32m[1mLinking C shared library rosidl_generator_py/common_interface/common_interface_s__rosidl_typesupport_fastrtps_c.cpython-310-x86_64-linux-gnu.so[0m
[ 97%] [32m[1mLinking C shared library rosidl_generator_py/common_interface/common_interface_s__rosidl_typesupport_introspection_c.cpython-310-x86_64-linux-gnu.so[0m
[100%] [32m[1mLinking C shared library rosidl_generator_py/common_interface/common_interface_s__rosidl_typesupport_c.cpython-310-x86_64-linux-gnu.so[0m
[100%] Built target common_interface__rosidl_typesupport_fastrtps_c__pyext
[100%] Built target common_interface__rosidl_typesupport_introspection_c__pyext
[100%] Built target common_interface__rosidl_typesupport_c__pyext
-- Install configuration: ""
-- Installing: /home/epon/AutoDrive/autonomous_combine/install/common_interface/share/ament_index/resource_index/rosidl_interfaces/common_interface
-- Installing: /home/epon/AutoDrive/autonomous_combine/install/common_interface/include/common_interface/common_interface
-- Installing: /home/epon/AutoDrive/autonomous_combine/install/common_interface/include/common_interface/common_interface/msg
-- Installing: /home/epon/AutoDrive/autonomous_combine/install/common_interface/include/common_interface/common_interface/msg/detail
-- Installing: /home/epon/AutoDrive/autonomous_combine/install/common_interface/include/common_interface/common_interface/msg/detail/key_ctrl__type_support.h
-- Installing: /home/epon/AutoDrive/autonomous_combine/install/common_interface/include/common_interface/common_interface/msg/detail/ser_com_struct__type_support.h
-- Installing: /home/epon/AutoDrive/autonomous_combine/install/common_interface/include/common_interface/common_interface/msg/detail/ser_com_struct__functions.c
-- Installing: /home/epon/AutoDrive/autonomous_combine/install/common_interface/include/common_interface/common_interface/msg/detail/key_ctrl__struct.h
-- Installing: /home/epon/AutoDrive/autonomous_combine/install/common_interface/include/common_interface/common_interface/msg/detail/ser_com_struct__functions.h
-- Installing: /home/epon/AutoDrive/autonomous_combine/install/common_interface/include/common_interface/common_interface/msg/detail/key_ctrl__functions.c
-- Installing: /home/epon/AutoDrive/autonomous_combine/install/common_interface/include/common_interface/common_interface/msg/detail/ser_com_struct__struct.h
-- Installing: /home/epon/AutoDrive/autonomous_combine/install/common_interface/include/common_interface/common_interface/msg/detail/key_ctrl__functions.h
-- Installing: /home/epon/AutoDrive/autonomous_combine/install/common_interface/include/common_interface/common_interface/msg/key_ctrl.h
-- Installing: /home/epon/AutoDrive/autonomous_combine/install/common_interface/include/common_interface/common_interface/msg/rosidl_generator_c__visibility_control.h
-- Installing: /home/epon/AutoDrive/autonomous_combine/install/common_interface/include/common_interface/common_interface/msg/ser_com_struct.h
-- Installing: /home/epon/AutoDrive/autonomous_combine/install/common_interface/share/common_interface/environment/library_path.sh
-- Installing: /home/epon/AutoDrive/autonomous_combine/install/common_interface/share/common_interface/environment/library_path.dsv
-- Installing: /home/epon/AutoDrive/autonomous_combine/install/common_interface/lib/libcommon_interface__rosidl_generator_c.so
-- Set runtime path of "/home/epon/AutoDrive/autonomous_combine/install/common_interface/lib/libcommon_interface__rosidl_generator_c.so" to ""
-- Up-to-date: /home/epon/AutoDrive/autonomous_combine/install/common_interface/include/common_interface/common_interface
-- Up-to-date: /home/epon/AutoDrive/autonomous_combine/install/common_interface/include/common_interface/common_interface/msg
-- Installing: /home/epon/AutoDrive/autonomous_combine/install/common_interface/include/common_interface/common_interface/msg/rosidl_typesupport_fastrtps_c__visibility_control.h
-- Up-to-date: /home/epon/AutoDrive/autonomous_combine/install/common_interface/include/common_interface/common_interface/msg/detail
-- Installing: /home/epon/AutoDrive/autonomous_combine/install/common_interface/include/common_interface/common_interface/msg/detail/ser_com_struct__rosidl_typesupport_fastrtps_c.h
-- Installing: /home/epon/AutoDrive/autonomous_combine/install/common_interface/include/common_interface/common_interface/msg/detail/key_ctrl__rosidl_typesupport_fastrtps_c.h
-- Installing: /home/epon/AutoDrive/autonomous_combine/install/common_interface/lib/libcommon_interface__rosidl_typesupport_fastrtps_c.so
-- Set runtime path of "/home/epon/AutoDrive/autonomous_combine/install/common_interface/lib/libcommon_interface__rosidl_typesupport_fastrtps_c.so" to ""
-- Up-to-date: /home/epon/AutoDrive/autonomous_combine/install/common_interface/include/common_interface/common_interface
-- Up-to-date: /home/epon/AutoDrive/autonomous_combine/install/common_interface/include/common_interface/common_interface/msg
-- Installing: /home/epon/AutoDrive/autonomous_combine/install/common_interface/include/common_interface/common_interface/msg/rosidl_typesupport_introspection_c__visibility_control.h
-- Up-to-date: /home/epon/AutoDrive/autonomous_combine/install/common_interface/include/common_interface/common_interface/msg/detail
-- Installing: /home/epon/AutoDrive/autonomous_combine/install/common_interface/include/common_interface/common_interface/msg/detail/ser_com_struct__type_support.c
-- Installing: /home/epon/AutoDrive/autonomous_combine/install/common_interface/include/common_interface/common_interface/msg/detail/key_ctrl__type_support.c
-- Installing: /home/epon/AutoDrive/autonomous_combine/install/common_interface/include/common_interface/common_interface/msg/detail/ser_com_struct__rosidl_typesupport_introspection_c.h
-- Installing: /home/epon/AutoDrive/autonomous_combine/install/common_interface/include/common_interface/common_interface/msg/detail/key_ctrl__rosidl_typesupport_introspection_c.h
-- Installing: /home/epon/AutoDrive/autonomous_combine/install/common_interface/lib/libcommon_interface__rosidl_typesupport_introspection_c.so
-- Set runtime path of "/home/epon/AutoDrive/autonomous_combine/install/common_interface/lib/libcommon_interface__rosidl_typesupport_introspection_c.so" to ""
-- Installing: /home/epon/AutoDrive/autonomous_combine/install/common_interface/lib/libcommon_interface__rosidl_typesupport_c.so
-- Set runtime path of "/home/epon/AutoDrive/autonomous_combine/install/common_interface/lib/libcommon_interface__rosidl_typesupport_c.so" to ""
-- Up-to-date: /home/epon/AutoDrive/autonomous_combine/install/common_interface/include/common_interface/common_interface
-- Up-to-date: /home/epon/AutoDrive/autonomous_combine/install/common_interface/include/common_interface/common_interface/msg
-- Installing: /home/epon/AutoDrive/autonomous_combine/install/common_interface/include/common_interface/common_interface/msg/rosidl_generator_cpp__visibility_control.hpp
-- Up-to-date: /home/epon/AutoDrive/autonomous_combine/install/common_interface/include/common_interface/common_interface/msg/detail
-- Installing: /home/epon/AutoDrive/autonomous_combine/install/common_interface/include/common_interface/common_interface/msg/detail/key_ctrl__builder.hpp
-- Installing: /home/epon/AutoDrive/autonomous_combine/install/common_interface/include/common_interface/common_interface/msg/detail/key_ctrl__struct.hpp
-- Installing: /home/epon/AutoDrive/autonomous_combine/install/common_interface/include/common_interface/common_interface/msg/detail/ser_com_struct__struct.hpp
-- Installing: /home/epon/AutoDrive/autonomous_combine/install/common_interface/include/common_interface/common_interface/msg/detail/key_ctrl__traits.hpp
-- Installing: /home/epon/AutoDrive/autonomous_combine/install/common_interface/include/common_interface/common_interface/msg/detail/key_ctrl__type_support.hpp
-- Installing: /home/epon/AutoDrive/autonomous_combine/install/common_interface/include/common_interface/common_interface/msg/detail/ser_com_struct__traits.hpp
-- Installing: /home/epon/AutoDrive/autonomous_combine/install/common_interface/include/common_interface/common_interface/msg/detail/ser_com_struct__type_support.hpp
-- Installing: /home/epon/AutoDrive/autonomous_combine/install/common_interface/include/common_interface/common_interface/msg/detail/ser_com_struct__builder.hpp
-- Installing: /home/epon/AutoDrive/autonomous_combine/install/common_interface/include/common_interface/common_interface/msg/ser_com_struct.hpp
-- Installing: /home/epon/AutoDrive/autonomous_combine/install/common_interface/include/common_interface/common_interface/msg/key_ctrl.hpp
-- Up-to-date: /home/epon/AutoDrive/autonomous_combine/install/common_interface/include/common_interface/common_interface
-- Up-to-date: /home/epon/AutoDrive/autonomous_combine/install/common_interface/include/common_interface/common_interface/msg
-- Up-to-date: /home/epon/AutoDrive/autonomous_combine/install/common_interface/include/common_interface/common_interface/msg/detail
-- Installing: /home/epon/AutoDrive/autonomous_combine/install/common_interface/include/common_interface/common_interface/msg/detail/dds_fastrtps
-- Installing: /home/epon/AutoDrive/autonomous_combine/install/common_interface/include/common_interface/common_interface/msg/detail/ser_com_struct__rosidl_typesupport_fastrtps_cpp.hpp
-- Installing: /home/epon/AutoDrive/autonomous_combine/install/common_interface/include/common_interface/common_interface/msg/detail/key_ctrl__rosidl_typesupport_fastrtps_cpp.hpp
-- Installing: /home/epon/AutoDrive/autonomous_combine/install/common_interface/include/common_interface/common_interface/msg/rosidl_typesupport_fastrtps_cpp__visibility_control.h
-- Installing: /home/epon/AutoDrive/autonomous_combine/install/common_interface/lib/libcommon_interface__rosidl_typesupport_fastrtps_cpp.so
-- Set runtime path of "/home/epon/AutoDrive/autonomous_combine/install/common_interface/lib/libcommon_interface__rosidl_typesupport_fastrtps_cpp.so" to ""
-- Up-to-date: /home/epon/AutoDrive/autonomous_combine/install/common_interface/include/common_interface/common_interface
-- Up-to-date: /home/epon/AutoDrive/autonomous_combine/install/common_interface/include/common_interface/common_interface/msg
-- Up-to-date: /home/epon/AutoDrive/autonomous_combine/install/common_interface/include/common_interface/common_interface/msg/detail
-- Installing: /home/epon/AutoDrive/autonomous_combine/install/common_interface/include/common_interface/common_interface/msg/detail/ser_com_struct__rosidl_typesupport_introspection_cpp.hpp
-- Installing: /home/epon/AutoDrive/autonomous_combine/install/common_interface/include/common_interface/common_interface/msg/detail/ser_com_struct__type_support.cpp
-- Installing: /home/epon/AutoDrive/autonomous_combine/install/common_interface/include/common_interface/common_interface/msg/detail/key_ctrl__rosidl_typesupport_introspection_cpp.hpp
-- Installing: /home/epon/AutoDrive/autonomous_combine/install/common_interface/include/common_interface/common_interface/msg/detail/key_ctrl__type_support.cpp
-- Installing: /home/epon/AutoDrive/autonomous_combine/install/common_interface/lib/libcommon_interface__rosidl_typesupport_introspection_cpp.so
-- Set runtime path of "/home/epon/AutoDrive/autonomous_combine/install/common_interface/lib/libcommon_interface__rosidl_typesupport_introspection_cpp.so" to ""
-- Installing: /home/epon/AutoDrive/autonomous_combine/install/common_interface/lib/libcommon_interface__rosidl_typesupport_cpp.so
-- Set runtime path of "/home/epon/AutoDrive/autonomous_combine/install/common_interface/lib/libcommon_interface__rosidl_typesupport_cpp.so" to ""
-- Installing: /home/epon/AutoDrive/autonomous_combine/install/common_interface/share/common_interface/environment/pythonpath.sh
-- Installing: /home/epon/AutoDrive/autonomous_combine/install/common_interface/share/common_interface/environment/pythonpath.dsv
-- Installing: /home/epon/AutoDrive/autonomous_combine/install/common_interface/local/lib/python3.10/dist-packages/common_interface-0.0.0-py3.10.egg-info
-- Installing: /home/epon/AutoDrive/autonomous_combine/install/common_interface/local/lib/python3.10/dist-packages/common_interface-0.0.0-py3.10.egg-info/top_level.txt
-- Installing: /home/epon/AutoDrive/autonomous_combine/install/common_interface/local/lib/python3.10/dist-packages/common_interface-0.0.0-py3.10.egg-info/PKG-INFO
-- Installing: /home/epon/AutoDrive/autonomous_combine/install/common_interface/local/lib/python3.10/dist-packages/common_interface-0.0.0-py3.10.egg-info/dependency_links.txt
-- Installing: /home/epon/AutoDrive/autonomous_combine/install/common_interface/local/lib/python3.10/dist-packages/common_interface-0.0.0-py3.10.egg-info/SOURCES.txt
-- Installing: /home/epon/AutoDrive/autonomous_combine/install/common_interface/local/lib/python3.10/dist-packages/common_interface
-- Installing: /home/epon/AutoDrive/autonomous_combine/install/common_interface/local/lib/python3.10/dist-packages/common_interface/_common_interface_s.ep.rosidl_typesupport_introspection_c.c
-- Installing: /home/epon/AutoDrive/autonomous_combine/install/common_interface/local/lib/python3.10/dist-packages/common_interface/common_interface_s__rosidl_typesupport_introspection_c.cpython-310-x86_64-linux-gnu.so
-- Installing: /home/epon/AutoDrive/autonomous_combine/install/common_interface/local/lib/python3.10/dist-packages/common_interface/_common_interface_s.ep.rosidl_typesupport_c.c
-- Installing: /home/epon/AutoDrive/autonomous_combine/install/common_interface/local/lib/python3.10/dist-packages/common_interface/common_interface_s__rosidl_typesupport_fastrtps_c.cpython-310-x86_64-linux-gnu.so
-- Installing: /home/epon/AutoDrive/autonomous_combine/install/common_interface/local/lib/python3.10/dist-packages/common_interface/_common_interface_s.ep.rosidl_typesupport_fastrtps_c.c
-- Installing: /home/epon/AutoDrive/autonomous_combine/install/common_interface/local/lib/python3.10/dist-packages/common_interface/__init__.py
-- Installing: /home/epon/AutoDrive/autonomous_combine/install/common_interface/local/lib/python3.10/dist-packages/common_interface/msg
-- Installing: /home/epon/AutoDrive/autonomous_combine/install/common_interface/local/lib/python3.10/dist-packages/common_interface/msg/_key_ctrl.py
-- Installing: /home/epon/AutoDrive/autonomous_combine/install/common_interface/local/lib/python3.10/dist-packages/common_interface/msg/_key_ctrl_s.c
-- Installing: /home/epon/AutoDrive/autonomous_combine/install/common_interface/local/lib/python3.10/dist-packages/common_interface/msg/__init__.py
-- Installing: /home/epon/AutoDrive/autonomous_combine/install/common_interface/local/lib/python3.10/dist-packages/common_interface/msg/_ser_com_struct_s.c
-- Installing: /home/epon/AutoDrive/autonomous_combine/install/common_interface/local/lib/python3.10/dist-packages/common_interface/msg/_ser_com_struct.py
-- Installing: /home/epon/AutoDrive/autonomous_combine/install/common_interface/local/lib/python3.10/dist-packages/common_interface/libcommon_interface__rosidl_generator_py.so
-- Installing: /home/epon/AutoDrive/autonomous_combine/install/common_interface/local/lib/python3.10/dist-packages/common_interface/common_interface_s__rosidl_typesupport_c.cpython-310-x86_64-linux-gnu.so
Listing '/home/epon/AutoDrive/autonomous_combine/install/common_interface/local/lib/python3.10/dist-packages/common_interface'...
Compiling '/home/epon/AutoDrive/autonomous_combine/install/common_interface/local/lib/python3.10/dist-packages/common_interface/__init__.py'...
Listing '/home/epon/AutoDrive/autonomous_combine/install/common_interface/local/lib/python3.10/dist-packages/common_interface/msg'...
Compiling '/home/epon/AutoDrive/autonomous_combine/install/common_interface/local/lib/python3.10/dist-packages/common_interface/msg/__init__.py'...
Compiling '/home/epon/AutoDrive/autonomous_combine/install/common_interface/local/lib/python3.10/dist-packages/common_interface/msg/_key_ctrl.py'...
Compiling '/home/epon/AutoDrive/autonomous_combine/install/common_interface/local/lib/python3.10/dist-packages/common_interface/msg/_ser_com_struct.py'...
-- Installing: /home/epon/AutoDrive/autonomous_combine/install/common_interface/local/lib/python3.10/dist-packages/common_interface/common_interface_s__rosidl_typesupport_fastrtps_c.cpython-310-x86_64-linux-gnu.so
-- Set runtime path of "/home/epon/AutoDrive/autonomous_combine/install/common_interface/local/lib/python3.10/dist-packages/common_interface/common_interface_s__rosidl_typesupport_fastrtps_c.cpython-310-x86_64-linux-gnu.so" to ""
-- Installing: /home/epon/AutoDrive/autonomous_combine/install/common_interface/local/lib/python3.10/dist-packages/common_interface/common_interface_s__rosidl_typesupport_introspection_c.cpython-310-x86_64-linux-gnu.so
-- Set runtime path of "/home/epon/AutoDrive/autonomous_combine/install/common_interface/local/lib/python3.10/dist-packages/common_interface/common_interface_s__rosidl_typesupport_introspection_c.cpython-310-x86_64-linux-gnu.so" to ""
-- Installing: /home/epon/AutoDrive/autonomous_combine/install/common_interface/local/lib/python3.10/dist-packages/common_interface/common_interface_s__rosidl_typesupport_c.cpython-310-x86_64-linux-gnu.so
-- Set runtime path of "/home/epon/AutoDrive/autonomous_combine/install/common_interface/local/lib/python3.10/dist-packages/common_interface/common_interface_s__rosidl_typesupport_c.cpython-310-x86_64-linux-gnu.so" to ""
-- Installing: /home/epon/AutoDrive/autonomous_combine/install/common_interface/lib/libcommon_interface__rosidl_generator_py.so
-- Set runtime path of "/home/epon/AutoDrive/autonomous_combine/install/common_interface/lib/libcommon_interface__rosidl_generator_py.so" to ""
-- Installing: /home/epon/AutoDrive/autonomous_combine/install/common_interface/share/common_interface/msg/KeyCtrl.idl
-- Installing: /home/epon/AutoDrive/autonomous_combine/install/common_interface/share/common_interface/msg/SerComStruct.idl
-- Installing: /home/epon/AutoDrive/autonomous_combine/install/common_interface/share/common_interface/msg/KeyCtrl.msg
-- Installing: /home/epon/AutoDrive/autonomous_combine/install/common_interface/share/common_interface/msg/SerComStruct.msg
-- Installing: /home/epon/AutoDrive/autonomous_combine/install/common_interface/share/common_interface/package.xml
-- Installing: /home/epon/AutoDrive/autonomous_combine/install/common_interface/share/ament_index/resource_index/package_run_dependencies/common_interface
-- Installing: /home/epon/AutoDrive/autonomous_combine/install/common_interface/share/ament_index/resource_index/parent_prefix_path/common_interface
-- Installing: /home/epon/AutoDrive/autonomous_combine/install/common_interface/share/common_interface/environment/ament_prefix_path.sh
-- Installing: /home/epon/AutoDrive/autonomous_combine/install/common_interface/share/common_interface/environment/ament_prefix_path.dsv
-- Installing: /home/epon/AutoDrive/autonomous_combine/install/common_interface/share/common_interface/environment/path.sh
-- Installing: /home/epon/AutoDrive/autonomous_combine/install/common_interface/share/common_interface/environment/path.dsv
-- Installing: /home/epon/AutoDrive/autonomous_combine/install/common_interface/share/common_interface/local_setup.bash
-- Installing: /home/epon/AutoDrive/autonomous_combine/install/common_interface/share/common_interface/local_setup.sh
-- Installing: /home/epon/AutoDrive/autonomous_combine/install/common_interface/share/common_interface/local_setup.zsh
-- Installing: /home/epon/AutoDrive/autonomous_combine/install/common_interface/share/common_interface/local_setup.dsv
-- Installing: /home/epon/AutoDrive/autonomous_combine/install/common_interface/share/common_interface/package.dsv
-- Installing: /home/epon/AutoDrive/autonomous_combine/install/common_interface/share/ament_index/resource_index/packages/common_interface
-- Installing: /home/epon/AutoDrive/autonomous_combine/install/common_interface/share/common_interface/cmake/export_common_interface__rosidl_generator_cExport.cmake
-- Installing: /home/epon/AutoDrive/autonomous_combine/install/common_interface/share/common_interface/cmake/export_common_interface__rosidl_generator_cExport-noconfig.cmake
-- Installing: /home/epon/AutoDrive/autonomous_combine/install/common_interface/share/common_interface/cmake/export_common_interface__rosidl_typesupport_fastrtps_cExport.cmake
-- Installing: /home/epon/AutoDrive/autonomous_combine/install/common_interface/share/common_interface/cmake/export_common_interface__rosidl_typesupport_fastrtps_cExport-noconfig.cmake
-- Installing: /home/epon/AutoDrive/autonomous_combine/install/common_interface/share/common_interface/cmake/common_interface__rosidl_typesupport_introspection_cExport.cmake
-- Installing: /home/epon/AutoDrive/autonomous_combine/install/common_interface/share/common_interface/cmake/common_interface__rosidl_typesupport_introspection_cExport-noconfig.cmake
-- Installing: /home/epon/AutoDrive/autonomous_combine/install/common_interface/share/common_interface/cmake/common_interface__rosidl_typesupport_cExport.cmake
-- Installing: /home/epon/AutoDrive/autonomous_combine/install/common_interface/share/common_interface/cmake/common_interface__rosidl_typesupport_cExport-noconfig.cmake
-- Installing: /home/epon/AutoDrive/autonomous_combine/install/common_interface/share/common_interface/cmake/export_common_interface__rosidl_generator_cppExport.cmake
-- Installing: /home/epon/AutoDrive/autonomous_combine/install/common_interface/share/common_interface/cmake/export_common_interface__rosidl_typesupport_fastrtps_cppExport.cmake
-- Installing: /home/epon/AutoDrive/autonomous_combine/install/common_interface/share/common_interface/cmake/export_common_interface__rosidl_typesupport_fastrtps_cppExport-noconfig.cmake
-- Installing: /home/epon/AutoDrive/autonomous_combine/install/common_interface/share/common_interface/cmake/common_interface__rosidl_typesupport_introspection_cppExport.cmake
-- Installing: /home/epon/AutoDrive/autonomous_combine/install/common_interface/share/common_interface/cmake/common_interface__rosidl_typesupport_introspection_cppExport-noconfig.cmake
-- Installing: /home/epon/AutoDrive/autonomous_combine/install/common_interface/share/common_interface/cmake/common_interface__rosidl_typesupport_cppExport.cmake
-- Installing: /home/epon/AutoDrive/autonomous_combine/install/common_interface/share/common_interface/cmake/common_interface__rosidl_typesupport_cppExport-noconfig.cmake
-- Installing: /home/epon/AutoDrive/autonomous_combine/install/common_interface/share/common_interface/cmake/export_common_interface__rosidl_generator_pyExport.cmake
-- Installing: /home/epon/AutoDrive/autonomous_combine/install/common_interface/share/common_interface/cmake/export_common_interface__rosidl_generator_pyExport-noconfig.cmake
-- Installing: /home/epon/AutoDrive/autonomous_combine/install/common_interface/share/common_interface/cmake/rosidl_cmake-extras.cmake
-- Installing: /home/epon/AutoDrive/autonomous_combine/install/common_interface/share/common_interface/cmake/ament_cmake_export_dependencies-extras.cmake
-- Installing: /home/epon/AutoDrive/autonomous_combine/install/common_interface/share/common_interface/cmake/ament_cmake_export_include_directories-extras.cmake
-- Installing: /home/epon/AutoDrive/autonomous_combine/install/common_interface/share/common_interface/cmake/ament_cmake_export_libraries-extras.cmake
-- Installing: /home/epon/AutoDrive/autonomous_combine/install/common_interface/share/common_interface/cmake/ament_cmake_export_targets-extras.cmake
-- Installing: /home/epon/AutoDrive/autonomous_combine/install/common_interface/share/common_interface/cmake/rosidl_cmake_export_typesupport_targets-extras.cmake
-- Installing: /home/epon/AutoDrive/autonomous_combine/install/common_interface/share/common_interface/cmake/rosidl_cmake_export_typesupport_libraries-extras.cmake
-- Installing: /home/epon/AutoDrive/autonomous_combine/install/common_interface/share/common_interface/cmake/common_interfaceConfig.cmake
-- Installing: /home/epon/AutoDrive/autonomous_combine/install/common_interface/share/common_interface/cmake/common_interfaceConfig-version.cmake
-- Up-to-date: /home/epon/AutoDrive/autonomous_combine/install/common_interface/share/common_interface/package.xml
