[0.268s] Invoking command in '/home/epon/AutoDrive/autonomous_combine/build/mpu9250driver': CMAKE_PREFIX_PATH=${CMAKE_PREFIX_PATH}:/home/epon/AutoDrive/autoRobot_ws/install/epon_control_hardware:/home/epon/AutoDrive/autoRobot_ws/install/control_hardware:/opt/ros/humble /usr/bin/cmake /home/epon/AutoDrive/autonomous_combine/src/ros2_mpu9250_driver -DCMAKE_INSTALL_PREFIX=/home/epon/AutoDrive/autonomous_combine/install/mpu9250driver
[0.839s] -- The C compiler identification is GNU 11.4.0
[0.839s] -- The CXX compiler identification is GNU 11.4.0
[0.840s] -- Detecting C compiler ABI info
[0.840s] -- Detecting C compiler ABI info - done
[0.840s] -- Check for working C compiler: /usr/bin/cc - skipped
[0.840s] -- Detecting C compile features
[0.840s] -- Detecting C compile features - done
[0.840s] -- Detecting CXX compiler ABI info
[0.841s] -- Detecting CXX compiler ABI info - done
[0.842s] -- Check for working CXX compiler: /usr/bin/c++ - skipped
[0.842s] -- Detecting CXX compile features
[0.842s] -- Detecting CXX compile features - done
[0.842s] -- Found ament_cmake: 1.3.11 (/opt/ros/humble/share/ament_cmake/cmake)
[0.842s] -- Found Python3: /usr/bin/python3 (found version "3.10.12") found components: Interpreter 
[0.863s] -- Found rclcpp: 16.0.11 (/opt/ros/humble/share/rclcpp/cmake)
[0.923s] -- Found rosidl_generator_c: 3.1.6 (/opt/ros/humble/share/rosidl_generator_c/cmake)
[0.929s] -- Found rosidl_adapter: 3.1.6 (/opt/ros/humble/share/rosidl_adapter/cmake)
[0.940s] -- Found rosidl_generator_cpp: 3.1.6 (/opt/ros/humble/share/rosidl_generator_cpp/cmake)
[0.955s] -- Using all available rosidl_typesupport_c: rosidl_typesupport_fastrtps_c;rosidl_typesupport_introspection_c
[0.974s] -- Using all available rosidl_typesupport_cpp: rosidl_typesupport_fastrtps_cpp;rosidl_typesupport_introspection_cpp
[1.035s] -- Found rmw_implementation_cmake: 6.1.2 (/opt/ros/humble/share/rmw_implementation_cmake/cmake)
[1.039s] -- Found rmw_fastrtps_cpp: 6.2.7 (/opt/ros/humble/share/rmw_fastrtps_cpp/cmake)
[1.139s] -- Found OpenSSL: /usr/lib/x86_64-linux-gnu/libcrypto.so (found version "3.0.2")  
[1.177s] -- Found FastRTPS: /opt/ros/humble/include  
[1.237s] -- Using RMW implementation 'rmw_fastrtps_cpp' as default
[1.260s] -- Looking for pthread.h
[1.361s] -- Looking for pthread.h - found
[1.361s] -- Performing Test CMAKE_HAVE_LIBC_PTHREAD
[1.455s] -- Performing Test CMAKE_HAVE_LIBC_PTHREAD - Success
[1.456s] -- Found Threads: TRUE  
[1.549s] -- Found sensor_msgs: 4.2.4 (/opt/ros/humble/share/sensor_msgs/cmake)
[1.686s] -- Configuring done
[1.703s] -- Generating done
[1.712s] -- Build files have been written to: /home/epon/AutoDrive/autonomous_combine/build/mpu9250driver
[1.730s] Invoked command in '/home/epon/AutoDrive/autonomous_combine/build/mpu9250driver' returned '0': CMAKE_PREFIX_PATH=${CMAKE_PREFIX_PATH}:/home/epon/AutoDrive/autoRobot_ws/install/epon_control_hardware:/home/epon/AutoDrive/autoRobot_ws/install/control_hardware:/opt/ros/humble /usr/bin/cmake /home/epon/AutoDrive/autonomous_combine/src/ros2_mpu9250_driver -DCMAKE_INSTALL_PREFIX=/home/epon/AutoDrive/autonomous_combine/install/mpu9250driver
[1.731s] Invoking command in '/home/epon/AutoDrive/autonomous_combine/build/mpu9250driver': CMAKE_PREFIX_PATH=${CMAKE_PREFIX_PATH}:/home/epon/AutoDrive/autoRobot_ws/install/epon_control_hardware:/home/epon/AutoDrive/autoRobot_ws/install/control_hardware:/opt/ros/humble /usr/bin/cmake --build /home/epon/AutoDrive/autonomous_combine/build/mpu9250driver -- -j8 -l8
[1.793s] [ 16%] [32mBuilding CXX object lib/i2c/CMakeFiles/linux_i2c_communicator.dir/src/LinuxI2cCommunicator.cpp.o[0m
[1.793s] [ 33%] [32mBuilding CXX object lib/mpu9250sensor/CMakeFiles/mpu9250sensor.dir/src/mpu9250sensor.cpp.o[0m
[2.114s] [ 50%] [32m[1mLinking CXX static library liblinux_i2c_communicator.a[0m
[2.145s] [ 50%] Built target linux_i2c_communicator
[2.401s] [ 66%] [32m[1mLinking CXX static library libmpu9250sensor.a[0m
[2.440s] [ 66%] Built target mpu9250sensor
[2.458s] [ 83%] [32mBuilding CXX object CMakeFiles/mpu9250driver.dir/src/mpu9250driver.cpp.o[0m
[6.325s] [100%] [32m[1mLinking CXX executable mpu9250driver[0m
[6.526s] [100%] Built target mpu9250driver
[6.535s] Invoked command in '/home/epon/AutoDrive/autonomous_combine/build/mpu9250driver' returned '0': CMAKE_PREFIX_PATH=${CMAKE_PREFIX_PATH}:/home/epon/AutoDrive/autoRobot_ws/install/epon_control_hardware:/home/epon/AutoDrive/autoRobot_ws/install/control_hardware:/opt/ros/humble /usr/bin/cmake --build /home/epon/AutoDrive/autonomous_combine/build/mpu9250driver -- -j8 -l8
[6.537s] Invoking command in '/home/epon/AutoDrive/autonomous_combine/build/mpu9250driver': CMAKE_PREFIX_PATH=${CMAKE_PREFIX_PATH}:/home/epon/AutoDrive/autoRobot_ws/install/epon_control_hardware:/home/epon/AutoDrive/autoRobot_ws/install/control_hardware:/opt/ros/humble /usr/bin/cmake --install /home/epon/AutoDrive/autonomous_combine/build/mpu9250driver
[6.542s] -- Install configuration: ""
[6.542s] -- Installing: /home/epon/AutoDrive/autonomous_combine/install/mpu9250driver/lib/mpu9250driver/mpu9250driver
[6.543s] -- Set runtime path of "/home/epon/AutoDrive/autonomous_combine/install/mpu9250driver/lib/mpu9250driver/mpu9250driver" to ""
[6.543s] -- Installing: /home/epon/AutoDrive/autonomous_combine/install/mpu9250driver/share/mpu9250driver//launch
[6.543s] -- Installing: /home/epon/AutoDrive/autonomous_combine/install/mpu9250driver/share/mpu9250driver//launch/mpu9250driver_launch.py
[6.543s] -- Installing: /home/epon/AutoDrive/autonomous_combine/install/mpu9250driver/share/mpu9250driver//params
[6.544s] -- Installing: /home/epon/AutoDrive/autonomous_combine/install/mpu9250driver/share/mpu9250driver//params/mpu9250.yaml
[6.544s] -- Installing: /home/epon/AutoDrive/autonomous_combine/install/mpu9250driver/share/ament_index/resource_index/package_run_dependencies/mpu9250driver
[6.544s] -- Installing: /home/epon/AutoDrive/autonomous_combine/install/mpu9250driver/share/ament_index/resource_index/parent_prefix_path/mpu9250driver
[6.544s] -- Installing: /home/epon/AutoDrive/autonomous_combine/install/mpu9250driver/share/mpu9250driver/environment/ament_prefix_path.sh
[6.544s] -- Installing: /home/epon/AutoDrive/autonomous_combine/install/mpu9250driver/share/mpu9250driver/environment/ament_prefix_path.dsv
[6.544s] -- Installing: /home/epon/AutoDrive/autonomous_combine/install/mpu9250driver/share/mpu9250driver/environment/path.sh
[6.545s] -- Installing: /home/epon/AutoDrive/autonomous_combine/install/mpu9250driver/share/mpu9250driver/environment/path.dsv
[6.545s] -- Installing: /home/epon/AutoDrive/autonomous_combine/install/mpu9250driver/share/mpu9250driver/local_setup.bash
[6.545s] -- Installing: /home/epon/AutoDrive/autonomous_combine/install/mpu9250driver/share/mpu9250driver/local_setup.sh
[6.545s] -- Installing: /home/epon/AutoDrive/autonomous_combine/install/mpu9250driver/share/mpu9250driver/local_setup.zsh
[6.545s] -- Installing: /home/epon/AutoDrive/autonomous_combine/install/mpu9250driver/share/mpu9250driver/local_setup.dsv
[6.545s] -- Installing: /home/epon/AutoDrive/autonomous_combine/install/mpu9250driver/share/mpu9250driver/package.dsv
[6.545s] -- Installing: /home/epon/AutoDrive/autonomous_combine/install/mpu9250driver/share/ament_index/resource_index/packages/mpu9250driver
[6.546s] -- Installing: /home/epon/AutoDrive/autonomous_combine/install/mpu9250driver/share/mpu9250driver/cmake/mpu9250driverConfig.cmake
[6.546s] -- Installing: /home/epon/AutoDrive/autonomous_combine/install/mpu9250driver/share/mpu9250driver/cmake/mpu9250driverConfig-version.cmake
[6.546s] -- Installing: /home/epon/AutoDrive/autonomous_combine/install/mpu9250driver/share/mpu9250driver/package.xml
[6.548s] Invoked command in '/home/epon/AutoDrive/autonomous_combine/build/mpu9250driver' returned '0': CMAKE_PREFIX_PATH=${CMAKE_PREFIX_PATH}:/home/epon/AutoDrive/autoRobot_ws/install/epon_control_hardware:/home/epon/AutoDrive/autoRobot_ws/install/control_hardware:/opt/ros/humble /usr/bin/cmake --install /home/epon/AutoDrive/autonomous_combine/build/mpu9250driver
