[0.090s] DEBUG:colcon:Command line arguments: ['/usr/bin/colcon', 'build']
[0.091s] DEBUG:colcon:Parsed command line arguments: Namespace(log_base=None, log_level=None, verb_name='build', build_base='build', install_base='install', merge_install=False, symlink_install=False, test_result_base=None, continue_on_error=False, executor='parallel', parallel_workers=8, event_handlers=None, ignore_user_meta=False, metas=['./colcon.meta'], base_paths=['.'], packages_ignore=None, packages_ignore_regex=None, paths=None, packages_up_to=None, packages_up_to_regex=None, packages_above=None, packages_above_and_dependencies=None, packages_above_depth=None, packages_select_by_dep=None, packages_skip_by_dep=None, packages_skip_up_to=None, packages_select_build_failed=False, packages_skip_build_finished=False, packages_select_test_failures=False, packages_skip_test_passed=False, packages_select=None, packages_skip=None, packages_select_regex=None, packages_skip_regex=None, packages_start=None, packages_end=None, allow_overriding=[], cmake_args=None, cmake_target=None, cmake_target_skip_unavailable=False, cmake_clean_cache=False, cmake_clean_first=False, cmake_force_configure=False, ament_cmake_args=None, catkin_cmake_args=None, catkin_skip_building_tests=False, verb_parser=<colcon_defaults.argument_parser.defaults.DefaultArgumentsDecorator object at 0x74a672c60910>, verb_extension=<colcon_core.verb.build.BuildVerb object at 0x74a672d69d80>, main=<bound method BuildVerb.main of <colcon_core.verb.build.BuildVerb object at 0x74a672d69d80>>)
[0.226s] Level 1:colcon.colcon_core.package_discovery:discover_packages(colcon_meta) check parameters
[0.226s] Level 1:colcon.colcon_core.package_discovery:discover_packages(recursive) check parameters
[0.226s] Level 1:colcon.colcon_core.package_discovery:discover_packages(ignore) check parameters
[0.226s] Level 1:colcon.colcon_core.package_discovery:discover_packages(path) check parameters
[0.226s] Level 1:colcon.colcon_core.package_discovery:discover_packages(colcon_meta) discover
[0.226s] Level 1:colcon.colcon_core.package_discovery:discover_packages(recursive) discover
[0.226s] INFO:colcon.colcon_core.package_discovery:Crawling recursively for packages in '/home/epon/AutoDrive/autonomous_combine'
[0.226s] Level 1:colcon.colcon_core.package_identification:_identify(.) by extensions ['ignore', 'ignore_ament_install']
[0.226s] Level 1:colcon.colcon_core.package_identification:_identify(.) by extension 'ignore'
[0.226s] Level 1:colcon.colcon_core.package_identification:_identify(.) by extension 'ignore_ament_install'
[0.226s] Level 1:colcon.colcon_core.package_identification:_identify(.) by extensions ['colcon_pkg']
[0.226s] Level 1:colcon.colcon_core.package_identification:_identify(.) by extension 'colcon_pkg'
[0.226s] Level 1:colcon.colcon_core.package_identification:_identify(.) by extensions ['colcon_meta']
[0.227s] Level 1:colcon.colcon_core.package_identification:_identify(.) by extension 'colcon_meta'
[0.227s] Level 1:colcon.colcon_core.package_identification:_identify(.) by extensions ['ros']
[0.227s] Level 1:colcon.colcon_core.package_identification:_identify(.) by extension 'ros'
[0.235s] Level 1:colcon.colcon_core.package_identification:_identify(.) by extensions ['cmake', 'python']
[0.235s] Level 1:colcon.colcon_core.package_identification:_identify(.) by extension 'cmake'
[0.236s] Level 1:colcon.colcon_core.package_identification:_identify(.) by extension 'python'
[0.236s] Level 1:colcon.colcon_core.package_identification:_identify(.) by extensions ['python_setup_py']
[0.236s] Level 1:colcon.colcon_core.package_identification:_identify(.) by extension 'python_setup_py'
[0.236s] Level 1:colcon.colcon_core.package_identification:_identify(build) by extensions ['ignore', 'ignore_ament_install']
[0.236s] Level 1:colcon.colcon_core.package_identification:_identify(build) by extension 'ignore'
[0.236s] Level 1:colcon.colcon_core.package_identification:_identify(build) ignored
[0.236s] Level 1:colcon.colcon_core.package_identification:_identify(install) by extensions ['ignore', 'ignore_ament_install']
[0.236s] Level 1:colcon.colcon_core.package_identification:_identify(install) by extension 'ignore'
[0.236s] Level 1:colcon.colcon_core.package_identification:_identify(install) ignored
[0.236s] Level 1:colcon.colcon_core.package_identification:_identify(log) by extensions ['ignore', 'ignore_ament_install']
[0.237s] Level 1:colcon.colcon_core.package_identification:_identify(log) by extension 'ignore'
[0.237s] Level 1:colcon.colcon_core.package_identification:_identify(log) ignored
[0.237s] Level 1:colcon.colcon_core.package_identification:_identify(src) by extensions ['ignore', 'ignore_ament_install']
[0.237s] Level 1:colcon.colcon_core.package_identification:_identify(src) by extension 'ignore'
[0.237s] Level 1:colcon.colcon_core.package_identification:_identify(src) by extension 'ignore_ament_install'
[0.237s] Level 1:colcon.colcon_core.package_identification:_identify(src) by extensions ['colcon_pkg']
[0.237s] Level 1:colcon.colcon_core.package_identification:_identify(src) by extension 'colcon_pkg'
[0.237s] Level 1:colcon.colcon_core.package_identification:_identify(src) by extensions ['colcon_meta']
[0.237s] Level 1:colcon.colcon_core.package_identification:_identify(src) by extension 'colcon_meta'
[0.237s] Level 1:colcon.colcon_core.package_identification:_identify(src) by extensions ['ros']
[0.237s] Level 1:colcon.colcon_core.package_identification:_identify(src) by extension 'ros'
[0.237s] Level 1:colcon.colcon_core.package_identification:_identify(src) by extensions ['cmake', 'python']
[0.237s] Level 1:colcon.colcon_core.package_identification:_identify(src) by extension 'cmake'
[0.237s] Level 1:colcon.colcon_core.package_identification:_identify(src) by extension 'python'
[0.237s] Level 1:colcon.colcon_core.package_identification:_identify(src) by extensions ['python_setup_py']
[0.237s] Level 1:colcon.colcon_core.package_identification:_identify(src) by extension 'python_setup_py'
[0.237s] Level 1:colcon.colcon_core.package_identification:_identify(src/control_hardware_package) by extensions ['ignore', 'ignore_ament_install']
[0.237s] Level 1:colcon.colcon_core.package_identification:_identify(src/control_hardware_package) by extension 'ignore'
[0.238s] Level 1:colcon.colcon_core.package_identification:_identify(src/control_hardware_package) by extension 'ignore_ament_install'
[0.238s] Level 1:colcon.colcon_core.package_identification:_identify(src/control_hardware_package) by extensions ['colcon_pkg']
[0.238s] Level 1:colcon.colcon_core.package_identification:_identify(src/control_hardware_package) by extension 'colcon_pkg'
[0.238s] Level 1:colcon.colcon_core.package_identification:_identify(src/control_hardware_package) by extensions ['colcon_meta']
[0.238s] Level 1:colcon.colcon_core.package_identification:_identify(src/control_hardware_package) by extension 'colcon_meta'
[0.238s] Level 1:colcon.colcon_core.package_identification:_identify(src/control_hardware_package) by extensions ['ros']
[0.238s] Level 1:colcon.colcon_core.package_identification:_identify(src/control_hardware_package) by extension 'ros'
[0.240s] DEBUG:colcon.colcon_core.package_identification:Package 'src/control_hardware_package' with type 'ros.ament_python' and name 'control_hardware'
[0.240s] Level 1:colcon.colcon_core.package_identification:_identify(src/my_launch) by extensions ['ignore', 'ignore_ament_install']
[0.240s] Level 1:colcon.colcon_core.package_identification:_identify(src/my_launch) by extension 'ignore'
[0.240s] Level 1:colcon.colcon_core.package_identification:_identify(src/my_launch) by extension 'ignore_ament_install'
[0.240s] Level 1:colcon.colcon_core.package_identification:_identify(src/my_launch) by extensions ['colcon_pkg']
[0.240s] Level 1:colcon.colcon_core.package_identification:_identify(src/my_launch) by extension 'colcon_pkg'
[0.241s] Level 1:colcon.colcon_core.package_identification:_identify(src/my_launch) by extensions ['colcon_meta']
[0.241s] Level 1:colcon.colcon_core.package_identification:_identify(src/my_launch) by extension 'colcon_meta'
[0.241s] Level 1:colcon.colcon_core.package_identification:_identify(src/my_launch) by extensions ['ros']
[0.241s] Level 1:colcon.colcon_core.package_identification:_identify(src/my_launch) by extension 'ros'
[0.241s] DEBUG:colcon.colcon_core.package_identification:Package 'src/my_launch' with type 'ros.ament_python' and name 'my_launch'
[0.241s] Level 1:colcon.colcon_core.package_discovery:discover_packages(recursive) using defaults
[0.241s] Level 1:colcon.colcon_core.package_discovery:discover_packages(ignore) discover
[0.241s] Level 1:colcon.colcon_core.package_discovery:discover_packages(ignore) using defaults
[0.241s] Level 1:colcon.colcon_core.package_discovery:discover_packages(path) discover
[0.241s] Level 1:colcon.colcon_core.package_discovery:discover_packages(path) using defaults
[0.258s] Level 1:colcon.colcon_core.package_discovery:discover_packages(prefix_path) check parameters
[0.258s] Level 1:colcon.colcon_core.package_discovery:discover_packages(prefix_path) discover
[0.260s] DEBUG:colcon.colcon_installed_package_information.package_discovery:Found 1 installed packages in /home/epon/AutoDrive/autonomous_combine/install
[0.260s] DEBUG:colcon.colcon_installed_package_information.package_discovery:Found 9 installed packages in /home/epon/AutoDrive/autoRobot_ws/install
[0.262s] DEBUG:colcon.colcon_installed_package_information.package_discovery:Found 327 installed packages in /opt/ros/humble
[0.270s] Level 1:colcon.colcon_core.package_discovery:discover_packages(prefix_path) using defaults
[0.303s] Level 5:colcon.colcon_core.verb:set package 'control_hardware' build argument 'cmake_args' from command line to 'None'
[0.303s] Level 5:colcon.colcon_core.verb:set package 'control_hardware' build argument 'cmake_target' from command line to 'None'
[0.303s] Level 5:colcon.colcon_core.verb:set package 'control_hardware' build argument 'cmake_target_skip_unavailable' from command line to 'False'
[0.303s] Level 5:colcon.colcon_core.verb:set package 'control_hardware' build argument 'cmake_clean_cache' from command line to 'False'
[0.303s] Level 5:colcon.colcon_core.verb:set package 'control_hardware' build argument 'cmake_clean_first' from command line to 'False'
[0.303s] Level 5:colcon.colcon_core.verb:set package 'control_hardware' build argument 'cmake_force_configure' from command line to 'False'
[0.303s] Level 5:colcon.colcon_core.verb:set package 'control_hardware' build argument 'ament_cmake_args' from command line to 'None'
[0.303s] Level 5:colcon.colcon_core.verb:set package 'control_hardware' build argument 'catkin_cmake_args' from command line to 'None'
[0.303s] Level 5:colcon.colcon_core.verb:set package 'control_hardware' build argument 'catkin_skip_building_tests' from command line to 'False'
[0.303s] DEBUG:colcon.colcon_core.verb:Building package 'control_hardware' with the following arguments: {'ament_cmake_args': None, 'build_base': '/home/epon/AutoDrive/autonomous_combine/build/control_hardware', 'catkin_cmake_args': None, 'catkin_skip_building_tests': False, 'cmake_args': None, 'cmake_clean_cache': False, 'cmake_clean_first': False, 'cmake_force_configure': False, 'cmake_target': None, 'cmake_target_skip_unavailable': False, 'install_base': '/home/epon/AutoDrive/autonomous_combine/install/control_hardware', 'merge_install': False, 'path': '/home/epon/AutoDrive/autonomous_combine/src/control_hardware_package', 'symlink_install': False, 'test_result_base': None}
[0.304s] Level 5:colcon.colcon_core.verb:set package 'my_launch' build argument 'cmake_args' from command line to 'None'
[0.304s] Level 5:colcon.colcon_core.verb:set package 'my_launch' build argument 'cmake_target' from command line to 'None'
[0.304s] Level 5:colcon.colcon_core.verb:set package 'my_launch' build argument 'cmake_target_skip_unavailable' from command line to 'False'
[0.304s] Level 5:colcon.colcon_core.verb:set package 'my_launch' build argument 'cmake_clean_cache' from command line to 'False'
[0.304s] Level 5:colcon.colcon_core.verb:set package 'my_launch' build argument 'cmake_clean_first' from command line to 'False'
[0.304s] Level 5:colcon.colcon_core.verb:set package 'my_launch' build argument 'cmake_force_configure' from command line to 'False'
[0.304s] Level 5:colcon.colcon_core.verb:set package 'my_launch' build argument 'ament_cmake_args' from command line to 'None'
[0.304s] Level 5:colcon.colcon_core.verb:set package 'my_launch' build argument 'catkin_cmake_args' from command line to 'None'
[0.304s] Level 5:colcon.colcon_core.verb:set package 'my_launch' build argument 'catkin_skip_building_tests' from command line to 'False'
[0.304s] DEBUG:colcon.colcon_core.verb:Building package 'my_launch' with the following arguments: {'ament_cmake_args': None, 'build_base': '/home/epon/AutoDrive/autonomous_combine/build/my_launch', 'catkin_cmake_args': None, 'catkin_skip_building_tests': False, 'cmake_args': None, 'cmake_clean_cache': False, 'cmake_clean_first': False, 'cmake_force_configure': False, 'cmake_target': None, 'cmake_target_skip_unavailable': False, 'install_base': '/home/epon/AutoDrive/autonomous_combine/install/my_launch', 'merge_install': False, 'path': '/home/epon/AutoDrive/autonomous_combine/src/my_launch', 'symlink_install': False, 'test_result_base': None}
[0.304s] INFO:colcon.colcon_core.executor:Executing jobs using 'parallel' executor
[0.305s] DEBUG:colcon.colcon_parallel_executor.executor.parallel:run_until_complete
[0.305s] INFO:colcon.colcon_ros.task.ament_python.build:Building ROS package in '/home/epon/AutoDrive/autonomous_combine/src/control_hardware_package' with build type 'ament_python'
[0.305s] Level 1:colcon.colcon_core.shell:create_environment_hook('control_hardware', 'ament_prefix_path')
[0.307s] INFO:colcon.colcon_core.plugin_system:Skipping extension 'colcon_core.shell.bat': Not used on non-Windows systems
[0.307s] INFO:colcon.colcon_core.shell:Creating environment hook '/home/epon/AutoDrive/autonomous_combine/install/control_hardware/share/control_hardware/hook/ament_prefix_path.ps1'
[0.308s] INFO:colcon.colcon_core.shell:Creating environment descriptor '/home/epon/AutoDrive/autonomous_combine/install/control_hardware/share/control_hardware/hook/ament_prefix_path.dsv'
[0.308s] INFO:colcon.colcon_core.shell:Creating environment hook '/home/epon/AutoDrive/autonomous_combine/install/control_hardware/share/control_hardware/hook/ament_prefix_path.sh'
[0.309s] INFO:colcon.colcon_core.shell:Skip shell extension 'powershell' for command environment: Not usable outside of PowerShell
[0.309s] DEBUG:colcon.colcon_core.shell:Skip shell extension 'dsv' for command environment
[0.313s] INFO:colcon.colcon_ros.task.ament_python.build:Building ROS package in '/home/epon/AutoDrive/autonomous_combine/src/my_launch' with build type 'ament_python'
[0.313s] Level 1:colcon.colcon_core.shell:create_environment_hook('my_launch', 'ament_prefix_path')
[0.314s] INFO:colcon.colcon_core.shell:Creating environment hook '/home/epon/AutoDrive/autonomous_combine/install/my_launch/share/my_launch/hook/ament_prefix_path.ps1'
[0.314s] INFO:colcon.colcon_core.shell:Creating environment descriptor '/home/epon/AutoDrive/autonomous_combine/install/my_launch/share/my_launch/hook/ament_prefix_path.dsv'
[0.315s] INFO:colcon.colcon_core.shell:Creating environment hook '/home/epon/AutoDrive/autonomous_combine/install/my_launch/share/my_launch/hook/ament_prefix_path.sh'
[0.315s] INFO:colcon.colcon_core.shell:Skip shell extension 'powershell' for command environment: Not usable outside of PowerShell
[0.315s] DEBUG:colcon.colcon_core.shell:Skip shell extension 'dsv' for command environment
[0.549s] INFO:colcon.colcon_core.task.python.build:Building Python package in '/home/epon/AutoDrive/autonomous_combine/src/control_hardware_package'
[0.550s] INFO:colcon.colcon_core.shell:Skip shell extension 'powershell' for command environment: Not usable outside of PowerShell
[0.550s] DEBUG:colcon.colcon_core.shell:Skip shell extension 'dsv' for command environment
[0.785s] WARNING:colcon.colcon_ros.task.ament_python.build:Package 'my_launch' doesn't explicitly install a marker in the package index (colcon-ros currently does it implicitly but that fallback will be removed in the future)
[0.786s] INFO:colcon.colcon_core.task.python.build:Building Python package in '/home/epon/AutoDrive/autonomous_combine/src/my_launch'
[0.786s] INFO:colcon.colcon_core.shell:Skip shell extension 'powershell' for command environment: Not usable outside of PowerShell
[0.786s] DEBUG:colcon.colcon_core.shell:Skip shell extension 'dsv' for command environment
[1.088s] DEBUG:colcon.colcon_core.event_handler.log_command:Invoking command in '/home/epon/AutoDrive/autonomous_combine/src/control_hardware_package': PYTHONPATH=/home/epon/AutoDrive/autonomous_combine/build/control_hardware/prefix_override:/usr/lib/python3/dist-packages/colcon_core/task/python/colcon_distutils_commands:/home/epon/AutoDrive/autonomous_combine/install/control_hardware/lib/python3.10/site-packages:${PYTHONPATH} /usr/bin/python3 -W ignore:setup.py install is deprecated -W ignore:easy_install command is deprecated setup.py egg_info --egg-base ../../build/control_hardware build --build-base /home/epon/AutoDrive/autonomous_combine/build/control_hardware/build install --record /home/epon/AutoDrive/autonomous_combine/build/control_hardware/install.log --single-version-externally-managed install_data
[1.098s] DEBUG:colcon.colcon_core.event_handler.log_command:Invoking command in '/home/epon/AutoDrive/autonomous_combine/src/my_launch': PYTHONPATH=/home/epon/AutoDrive/autonomous_combine/build/my_launch/prefix_override:/usr/lib/python3/dist-packages/colcon_core/task/python/colcon_distutils_commands:/home/epon/AutoDrive/autonomous_combine/install/my_launch/lib/python3.10/site-packages:${PYTHONPATH} /usr/bin/python3 -W ignore:setup.py install is deprecated -W ignore:easy_install command is deprecated setup.py egg_info --egg-base ../../build/my_launch build --build-base /home/epon/AutoDrive/autonomous_combine/build/my_launch/build install --record /home/epon/AutoDrive/autonomous_combine/build/my_launch/install.log --single-version-externally-managed install_data
[1.359s] DEBUG:colcon.colcon_core.event_handler.log_command:Invoked command in '/home/epon/AutoDrive/autonomous_combine/src/control_hardware_package' returned '0': PYTHONPATH=/home/epon/AutoDrive/autonomous_combine/build/control_hardware/prefix_override:/usr/lib/python3/dist-packages/colcon_core/task/python/colcon_distutils_commands:/home/epon/AutoDrive/autonomous_combine/install/control_hardware/lib/python3.10/site-packages:${PYTHONPATH} /usr/bin/python3 -W ignore:setup.py install is deprecated -W ignore:easy_install command is deprecated setup.py egg_info --egg-base ../../build/control_hardware build --build-base /home/epon/AutoDrive/autonomous_combine/build/control_hardware/build install --record /home/epon/AutoDrive/autonomous_combine/build/control_hardware/install.log --single-version-externally-managed install_data
[1.361s] Level 1:colcon.colcon_core.environment:checking '/home/epon/AutoDrive/autonomous_combine/install/control_hardware' for CMake module files
[1.361s] Level 1:colcon.colcon_core.environment:checking '/home/epon/AutoDrive/autonomous_combine/install/control_hardware' for CMake config files
[1.362s] Level 1:colcon.colcon_core.environment:checking '/home/epon/AutoDrive/autonomous_combine/install/control_hardware/lib'
[1.362s] Level 1:colcon.colcon_core.environment:checking '/home/epon/AutoDrive/autonomous_combine/install/control_hardware/bin'
[1.362s] Level 1:colcon.colcon_core.environment:checking '/home/epon/AutoDrive/autonomous_combine/install/control_hardware/lib/pkgconfig/control_hardware.pc'
[1.362s] Level 1:colcon.colcon_core.environment:checking '/home/epon/AutoDrive/autonomous_combine/install/control_hardware/lib/python3.10/site-packages'
[1.362s] Level 1:colcon.colcon_core.shell:create_environment_hook('control_hardware', 'pythonpath')
[1.363s] INFO:colcon.colcon_core.shell:Creating environment hook '/home/epon/AutoDrive/autonomous_combine/install/control_hardware/share/control_hardware/hook/pythonpath.ps1'
[1.363s] INFO:colcon.colcon_core.shell:Creating environment descriptor '/home/epon/AutoDrive/autonomous_combine/install/control_hardware/share/control_hardware/hook/pythonpath.dsv'
[1.363s] INFO:colcon.colcon_core.shell:Creating environment hook '/home/epon/AutoDrive/autonomous_combine/install/control_hardware/share/control_hardware/hook/pythonpath.sh'
[1.364s] Level 1:colcon.colcon_core.environment:checking '/home/epon/AutoDrive/autonomous_combine/install/control_hardware/bin'
[1.364s] Level 1:colcon.colcon_core.environment:create_environment_scripts_only(control_hardware)
[1.364s] INFO:colcon.colcon_core.shell:Creating package script '/home/epon/AutoDrive/autonomous_combine/install/control_hardware/share/control_hardware/package.ps1'
[1.365s] INFO:colcon.colcon_core.shell:Creating package descriptor '/home/epon/AutoDrive/autonomous_combine/install/control_hardware/share/control_hardware/package.dsv'
[1.366s] INFO:colcon.colcon_core.shell:Creating package script '/home/epon/AutoDrive/autonomous_combine/install/control_hardware/share/control_hardware/package.sh'
[1.367s] INFO:colcon.colcon_core.shell:Creating package script '/home/epon/AutoDrive/autonomous_combine/install/control_hardware/share/control_hardware/package.bash'
[1.368s] INFO:colcon.colcon_core.shell:Creating package script '/home/epon/AutoDrive/autonomous_combine/install/control_hardware/share/control_hardware/package.zsh'
[1.368s] Level 1:colcon.colcon_core.environment:create_file_with_runtime_dependencies(/home/epon/AutoDrive/autonomous_combine/install/control_hardware/share/colcon-core/packages/control_hardware)
[1.369s] Level 1:colcon.colcon_core.environment:checking '/home/epon/AutoDrive/autonomous_combine/install/my_launch' for CMake module files
[1.371s] DEBUG:colcon.colcon_core.event_handler.log_command:Invoked command in '/home/epon/AutoDrive/autonomous_combine/src/my_launch' returned '0': PYTHONPATH=/home/epon/AutoDrive/autonomous_combine/build/my_launch/prefix_override:/usr/lib/python3/dist-packages/colcon_core/task/python/colcon_distutils_commands:/home/epon/AutoDrive/autonomous_combine/install/my_launch/lib/python3.10/site-packages:${PYTHONPATH} /usr/bin/python3 -W ignore:setup.py install is deprecated -W ignore:easy_install command is deprecated setup.py egg_info --egg-base ../../build/my_launch build --build-base /home/epon/AutoDrive/autonomous_combine/build/my_launch/build install --record /home/epon/AutoDrive/autonomous_combine/build/my_launch/install.log --single-version-externally-managed install_data
[1.371s] Level 1:colcon.colcon_core.environment:checking '/home/epon/AutoDrive/autonomous_combine/install/my_launch' for CMake config files
[1.372s] Level 1:colcon.colcon_core.environment:checking '/home/epon/AutoDrive/autonomous_combine/install/my_launch/lib'
[1.372s] Level 1:colcon.colcon_core.environment:checking '/home/epon/AutoDrive/autonomous_combine/install/my_launch/bin'
[1.372s] Level 1:colcon.colcon_core.environment:checking '/home/epon/AutoDrive/autonomous_combine/install/my_launch/lib/pkgconfig/my_launch.pc'
[1.372s] Level 1:colcon.colcon_core.environment:checking '/home/epon/AutoDrive/autonomous_combine/install/my_launch/lib/python3.10/site-packages'
[1.372s] Level 1:colcon.colcon_core.shell:create_environment_hook('my_launch', 'pythonpath')
[1.372s] INFO:colcon.colcon_core.shell:Creating environment hook '/home/epon/AutoDrive/autonomous_combine/install/my_launch/share/my_launch/hook/pythonpath.ps1'
[1.373s] INFO:colcon.colcon_core.shell:Creating environment descriptor '/home/epon/AutoDrive/autonomous_combine/install/my_launch/share/my_launch/hook/pythonpath.dsv'
[1.373s] INFO:colcon.colcon_core.shell:Creating environment hook '/home/epon/AutoDrive/autonomous_combine/install/my_launch/share/my_launch/hook/pythonpath.sh'
[1.373s] Level 1:colcon.colcon_core.environment:checking '/home/epon/AutoDrive/autonomous_combine/install/my_launch/bin'
[1.373s] Level 1:colcon.colcon_core.environment:create_environment_scripts_only(my_launch)
[1.374s] INFO:colcon.colcon_core.shell:Creating package script '/home/epon/AutoDrive/autonomous_combine/install/my_launch/share/my_launch/package.ps1'
[1.374s] INFO:colcon.colcon_core.shell:Creating package descriptor '/home/epon/AutoDrive/autonomous_combine/install/my_launch/share/my_launch/package.dsv'
[1.375s] INFO:colcon.colcon_core.shell:Creating package script '/home/epon/AutoDrive/autonomous_combine/install/my_launch/share/my_launch/package.sh'
[1.375s] INFO:colcon.colcon_core.shell:Creating package script '/home/epon/AutoDrive/autonomous_combine/install/my_launch/share/my_launch/package.bash'
[1.376s] INFO:colcon.colcon_core.shell:Creating package script '/home/epon/AutoDrive/autonomous_combine/install/my_launch/share/my_launch/package.zsh'
[1.376s] Level 1:colcon.colcon_core.environment:create_file_with_runtime_dependencies(/home/epon/AutoDrive/autonomous_combine/install/my_launch/share/colcon-core/packages/my_launch)
[1.377s] DEBUG:colcon.colcon_parallel_executor.executor.parallel:closing loop
[1.377s] DEBUG:colcon.colcon_parallel_executor.executor.parallel:loop closed
[1.377s] DEBUG:colcon.colcon_parallel_executor.executor.parallel:run_until_complete finished with '0'
[1.377s] DEBUG:colcon.colcon_core.event_reactor:joining thread
[1.382s] INFO:colcon.colcon_core.plugin_system:Skipping extension 'colcon_notification.desktop_notification.terminal_notifier': Not used on non-Darwin systems
[1.383s] INFO:colcon.colcon_core.plugin_system:Skipping extension 'colcon_notification.desktop_notification.win32': Not used on non-Windows systems
[1.383s] INFO:colcon.colcon_notification.desktop_notification:Sending desktop notification using 'notify2'
[1.397s] DEBUG:colcon.colcon_core.event_reactor:joined thread
[1.397s] INFO:colcon.colcon_core.shell:Creating prefix script '/home/epon/AutoDrive/autonomous_combine/install/local_setup.ps1'
[1.398s] INFO:colcon.colcon_core.shell:Creating prefix util module '/home/epon/AutoDrive/autonomous_combine/install/_local_setup_util_ps1.py'
[1.399s] INFO:colcon.colcon_core.shell:Creating prefix chain script '/home/epon/AutoDrive/autonomous_combine/install/setup.ps1'
[1.402s] INFO:colcon.colcon_core.shell:Creating prefix script '/home/epon/AutoDrive/autonomous_combine/install/local_setup.sh'
[1.403s] INFO:colcon.colcon_core.shell:Creating prefix util module '/home/epon/AutoDrive/autonomous_combine/install/_local_setup_util_sh.py'
[1.403s] INFO:colcon.colcon_core.shell:Creating prefix chain script '/home/epon/AutoDrive/autonomous_combine/install/setup.sh'
[1.405s] INFO:colcon.colcon_core.shell:Creating prefix script '/home/epon/AutoDrive/autonomous_combine/install/local_setup.bash'
[1.406s] INFO:colcon.colcon_core.shell:Creating prefix chain script '/home/epon/AutoDrive/autonomous_combine/install/setup.bash'
[1.408s] INFO:colcon.colcon_core.shell:Creating prefix script '/home/epon/AutoDrive/autonomous_combine/install/local_setup.zsh'
[1.408s] INFO:colcon.colcon_core.shell:Creating prefix chain script '/home/epon/AutoDrive/autonomous_combine/install/setup.zsh'
