running egg_info
creating ../../build/robot_simulation/robot_simulation.egg-info
writing ../../build/robot_simulation/robot_simulation.egg-info/PKG-INFO
writing dependency_links to ../../build/robot_simulation/robot_simulation.egg-info/dependency_links.txt
writing entry points to ../../build/robot_simulation/robot_simulation.egg-info/entry_points.txt
writing requirements to ../../build/robot_simulation/robot_simulation.egg-info/requires.txt
writing top-level names to ../../build/robot_simulation/robot_simulation.egg-info/top_level.txt
writing manifest file '../../build/robot_simulation/robot_simulation.egg-info/SOURCES.txt'
reading manifest file '../../build/robot_simulation/robot_simulation.egg-info/SOURCES.txt'
writing manifest file '../../build/robot_simulation/robot_simulation.egg-info/SOURCES.txt'
running build
running build_py
creating /home/epon/AutoDrive/autonomous_combine/build/robot_simulation/build
creating /home/epon/AutoDrive/autonomous_combine/build/robot_simulation/build/lib
creating /home/epon/AutoDrive/autonomous_combine/build/robot_simulation/build/lib/robot_simulation
copying robot_simulation/__init__.py -> /home/epon/AutoDrive/autonomous_combine/build/robot_simulation/build/lib/robot_simulation
running install
running install_lib
creating /home/epon/AutoDrive/autonomous_combine/install/robot_simulation/lib/python3.10/site-packages/robot_simulation
copying /home/epon/AutoDrive/autonomous_combine/build/robot_simulation/build/lib/robot_simulation/__init__.py -> /home/epon/AutoDrive/autonomous_combine/install/robot_simulation/lib/python3.10/site-packages/robot_simulation
byte-compiling /home/epon/AutoDrive/autonomous_combine/install/robot_simulation/lib/python3.10/site-packages/robot_simulation/__init__.py to __init__.cpython-310.pyc
running install_data
creating /home/epon/AutoDrive/autonomous_combine/install/robot_simulation/share/ament_index
creating /home/epon/AutoDrive/autonomous_combine/install/robot_simulation/share/ament_index/resource_index
creating /home/epon/AutoDrive/autonomous_combine/install/robot_simulation/share/ament_index/resource_index/packages
copying resource/robot_simulation -> /home/epon/AutoDrive/autonomous_combine/install/robot_simulation/share/ament_index/resource_index/packages
copying package.xml -> /home/epon/AutoDrive/autonomous_combine/install/robot_simulation/share/robot_simulation
running install_egg_info
Copying ../../build/robot_simulation/robot_simulation.egg-info to /home/epon/AutoDrive/autonomous_combine/install/robot_simulation/lib/python3.10/site-packages/robot_simulation-0.0.0-py3.10.egg-info
running install_scripts
writing list of installed files to '/home/epon/AutoDrive/autonomous_combine/build/robot_simulation/install.log'
