[1.568s] Invoking command in '/home/epon/AutoDrive/autonomous_combine/src/robot_simulation': PYTHONPATH=/home/epon/AutoDrive/autonomous_combine/build/robot_simulation/prefix_override:/usr/lib/python3/dist-packages/colcon_core/task/python/colcon_distutils_commands:/home/epon/AutoDrive/autonomous_combine/install/robot_simulation/lib/python3.10/site-packages:${PYTHONPATH} /usr/bin/python3 -W ignore:setup.py install is deprecated -W ignore:easy_install command is deprecated setup.py egg_info --egg-base ../../build/robot_simulation build --build-base /home/epon/AutoDrive/autonomous_combine/build/robot_simulation/build install --record /home/epon/AutoDrive/autonomous_combine/build/robot_simulation/install.log --single-version-externally-managed install_data
[1.866s] running egg_info
[1.866s] creating ../../build/robot_simulation/robot_simulation.egg-info
[1.866s] writing ../../build/robot_simulation/robot_simulation.egg-info/PKG-INFO
[1.866s] writing dependency_links to ../../build/robot_simulation/robot_simulation.egg-info/dependency_links.txt
[1.866s] writing entry points to ../../build/robot_simulation/robot_simulation.egg-info/entry_points.txt
[1.866s] writing requirements to ../../build/robot_simulation/robot_simulation.egg-info/requires.txt
[1.866s] writing top-level names to ../../build/robot_simulation/robot_simulation.egg-info/top_level.txt
[1.866s] writing manifest file '../../build/robot_simulation/robot_simulation.egg-info/SOURCES.txt'
[1.868s] reading manifest file '../../build/robot_simulation/robot_simulation.egg-info/SOURCES.txt'
[1.872s] writing manifest file '../../build/robot_simulation/robot_simulation.egg-info/SOURCES.txt'
[1.872s] running build
[1.872s] running build_py
[1.873s] creating /home/epon/AutoDrive/autonomous_combine/build/robot_simulation/build
[1.873s] creating /home/epon/AutoDrive/autonomous_combine/build/robot_simulation/build/lib
[1.873s] creating /home/epon/AutoDrive/autonomous_combine/build/robot_simulation/build/lib/robot_simulation
[1.873s] copying robot_simulation/__init__.py -> /home/epon/AutoDrive/autonomous_combine/build/robot_simulation/build/lib/robot_simulation
[1.873s] running install
[1.873s] running install_lib
[1.874s] creating /home/epon/AutoDrive/autonomous_combine/install/robot_simulation/lib/python3.10/site-packages/robot_simulation
[1.874s] copying /home/epon/AutoDrive/autonomous_combine/build/robot_simulation/build/lib/robot_simulation/__init__.py -> /home/epon/AutoDrive/autonomous_combine/install/robot_simulation/lib/python3.10/site-packages/robot_simulation
[1.874s] byte-compiling /home/epon/AutoDrive/autonomous_combine/install/robot_simulation/lib/python3.10/site-packages/robot_simulation/__init__.py to __init__.cpython-310.pyc
[1.874s] running install_data
[1.874s] creating /home/epon/AutoDrive/autonomous_combine/install/robot_simulation/share/ament_index
[1.874s] creating /home/epon/AutoDrive/autonomous_combine/install/robot_simulation/share/ament_index/resource_index
[1.874s] creating /home/epon/AutoDrive/autonomous_combine/install/robot_simulation/share/ament_index/resource_index/packages
[1.874s] copying resource/robot_simulation -> /home/epon/AutoDrive/autonomous_combine/install/robot_simulation/share/ament_index/resource_index/packages
[1.874s] copying package.xml -> /home/epon/AutoDrive/autonomous_combine/install/robot_simulation/share/robot_simulation
[1.875s] running install_egg_info
[1.876s] Copying ../../build/robot_simulation/robot_simulation.egg-info to /home/epon/AutoDrive/autonomous_combine/install/robot_simulation/lib/python3.10/site-packages/robot_simulation-0.0.0-py3.10.egg-info
[1.877s] running install_scripts
[1.905s] writing list of installed files to '/home/epon/AutoDrive/autonomous_combine/build/robot_simulation/install.log'
[1.953s] Invoked command in '/home/epon/AutoDrive/autonomous_combine/src/robot_simulation' returned '0': PYTHONPATH=/home/epon/AutoDrive/autonomous_combine/build/robot_simulation/prefix_override:/usr/lib/python3/dist-packages/colcon_core/task/python/colcon_distutils_commands:/home/epon/AutoDrive/autonomous_combine/install/robot_simulation/lib/python3.10/site-packages:${PYTHONPATH} /usr/bin/python3 -W ignore:setup.py install is deprecated -W ignore:easy_install command is deprecated setup.py egg_info --egg-base ../../build/robot_simulation build --build-base /home/epon/AutoDrive/autonomous_combine/build/robot_simulation/build install --record /home/epon/AutoDrive/autonomous_combine/build/robot_simulation/install.log --single-version-externally-managed install_data
