running egg_info
creating ../../build/my_launch/my_launch.egg-info
writing ../../build/my_launch/my_launch.egg-info/PKG-INFO
writing dependency_links to ../../build/my_launch/my_launch.egg-info/dependency_links.txt
writing entry points to ../../build/my_launch/my_launch.egg-info/entry_points.txt
writing requirements to ../../build/my_launch/my_launch.egg-info/requires.txt
writing top-level names to ../../build/my_launch/my_launch.egg-info/top_level.txt
writing manifest file '../../build/my_launch/my_launch.egg-info/SOURCES.txt'
reading manifest file '../../build/my_launch/my_launch.egg-info/SOURCES.txt'
writing manifest file '../../build/my_launch/my_launch.egg-info/SOURCES.txt'
running build
running build_py
creating /home/epon/AutoDrive/autonomous_combine/build/my_launch/build
creating /home/epon/AutoDrive/autonomous_combine/build/my_launch/build/lib
creating /home/epon/AutoDrive/autonomous_combine/build/my_launch/build/lib/my_launch
copying my_launch/image_subscriber.py -> /home/epon/AutoDrive/autonomous_combine/build/my_launch/build/lib/my_launch
copying my_launch/__init__.py -> /home/epon/AutoDrive/autonomous_combine/build/my_launch/build/lib/my_launch
running install
running install_lib
creating /home/epon/AutoDrive/autonomous_combine/install/my_launch/lib/python3.10/site-packages/my_launch
copying /home/epon/AutoDrive/autonomous_combine/build/my_launch/build/lib/my_launch/image_subscriber.py -> /home/epon/AutoDrive/autonomous_combine/install/my_launch/lib/python3.10/site-packages/my_launch
copying /home/epon/AutoDrive/autonomous_combine/build/my_launch/build/lib/my_launch/__init__.py -> /home/epon/AutoDrive/autonomous_combine/install/my_launch/lib/python3.10/site-packages/my_launch
byte-compiling /home/epon/AutoDrive/autonomous_combine/install/my_launch/lib/python3.10/site-packages/my_launch/image_subscriber.py to image_subscriber.cpython-310.pyc
byte-compiling /home/epon/AutoDrive/autonomous_combine/install/my_launch/lib/python3.10/site-packages/my_launch/__init__.py to __init__.cpython-310.pyc
running install_data
copying package.xml -> /home/epon/AutoDrive/autonomous_combine/install/my_launch/share/my_launch
creating /home/epon/AutoDrive/autonomous_combine/install/my_launch/share/my_launch/launch
copying launch/image_subscriber.launch.py -> /home/epon/AutoDrive/autonomous_combine/install/my_launch/share/my_launch/launch
running install_egg_info
Copying ../../build/my_launch/my_launch.egg-info to /home/epon/AutoDrive/autonomous_combine/install/my_launch/lib/python3.10/site-packages/my_launch-0.0.0-py3.10.egg-info
running install_scripts
Installing image_subscriber script to /home/epon/AutoDrive/autonomous_combine/install/my_launch/lib/my_launch
writing list of installed files to '/home/epon/AutoDrive/autonomous_combine/build/my_launch/install.log'
