[0.784s] Invoking command in '/home/epon/AutoDrive/autonomous_combine/src/my_launch': PYTHONPATH=/home/epon/AutoDrive/autonomous_combine/build/my_launch/prefix_override:/usr/lib/python3/dist-packages/colcon_core/task/python/colcon_distutils_commands:/home/epon/AutoDrive/autonomous_combine/install/my_launch/lib/python3.10/site-packages:${PYTHONPATH} /usr/bin/python3 -W ignore:setup.py install is deprecated -W ignore:easy_install command is deprecated setup.py egg_info --egg-base ../../build/my_launch build --build-base /home/epon/AutoDrive/autonomous_combine/build/my_launch/build install --record /home/epon/AutoDrive/autonomous_combine/build/my_launch/install.log --single-version-externally-managed install_data
[0.997s] running egg_info
[0.998s] creating ../../build/my_launch/my_launch.egg-info
[0.998s] writing ../../build/my_launch/my_launch.egg-info/PKG-INFO
[0.998s] writing dependency_links to ../../build/my_launch/my_launch.egg-info/dependency_links.txt
[0.998s] writing entry points to ../../build/my_launch/my_launch.egg-info/entry_points.txt
[0.999s] writing requirements to ../../build/my_launch/my_launch.egg-info/requires.txt
[0.999s] writing top-level names to ../../build/my_launch/my_launch.egg-info/top_level.txt
[0.999s] writing manifest file '../../build/my_launch/my_launch.egg-info/SOURCES.txt'
[1.000s] reading manifest file '../../build/my_launch/my_launch.egg-info/SOURCES.txt'
[1.001s] writing manifest file '../../build/my_launch/my_launch.egg-info/SOURCES.txt'
[1.001s] running build
[1.001s] running build_py
[1.001s] creating /home/epon/AutoDrive/autonomous_combine/build/my_launch/build
[1.002s] creating /home/epon/AutoDrive/autonomous_combine/build/my_launch/build/lib
[1.002s] creating /home/epon/AutoDrive/autonomous_combine/build/my_launch/build/lib/my_launch
[1.002s] copying my_launch/image_subscriber.py -> /home/epon/AutoDrive/autonomous_combine/build/my_launch/build/lib/my_launch
[1.002s] copying my_launch/__init__.py -> /home/epon/AutoDrive/autonomous_combine/build/my_launch/build/lib/my_launch
[1.002s] running install
[1.002s] running install_lib
[1.003s] creating /home/epon/AutoDrive/autonomous_combine/install/my_launch/lib/python3.10/site-packages/my_launch
[1.003s] copying /home/epon/AutoDrive/autonomous_combine/build/my_launch/build/lib/my_launch/image_subscriber.py -> /home/epon/AutoDrive/autonomous_combine/install/my_launch/lib/python3.10/site-packages/my_launch
[1.004s] copying /home/epon/AutoDrive/autonomous_combine/build/my_launch/build/lib/my_launch/__init__.py -> /home/epon/AutoDrive/autonomous_combine/install/my_launch/lib/python3.10/site-packages/my_launch
[1.006s] byte-compiling /home/epon/AutoDrive/autonomous_combine/install/my_launch/lib/python3.10/site-packages/my_launch/image_subscriber.py to image_subscriber.cpython-310.pyc
[1.006s] byte-compiling /home/epon/AutoDrive/autonomous_combine/install/my_launch/lib/python3.10/site-packages/my_launch/__init__.py to __init__.cpython-310.pyc
[1.006s] running install_data
[1.006s] copying package.xml -> /home/epon/AutoDrive/autonomous_combine/install/my_launch/share/my_launch
[1.007s] creating /home/epon/AutoDrive/autonomous_combine/install/my_launch/share/my_launch/launch
[1.007s] copying launch/image_subscriber.launch.py -> /home/epon/AutoDrive/autonomous_combine/install/my_launch/share/my_launch/launch
[1.007s] running install_egg_info
[1.008s] Copying ../../build/my_launch/my_launch.egg-info to /home/epon/AutoDrive/autonomous_combine/install/my_launch/lib/python3.10/site-packages/my_launch-0.0.0-py3.10.egg-info
[1.009s] running install_scripts
[1.031s] Installing image_subscriber script to /home/epon/AutoDrive/autonomous_combine/install/my_launch/lib/my_launch
[1.031s] writing list of installed files to '/home/epon/AutoDrive/autonomous_combine/build/my_launch/install.log'
[1.057s] Invoked command in '/home/epon/AutoDrive/autonomous_combine/src/my_launch' returned '0': PYTHONPATH=/home/epon/AutoDrive/autonomous_combine/build/my_launch/prefix_override:/usr/lib/python3/dist-packages/colcon_core/task/python/colcon_distutils_commands:/home/epon/AutoDrive/autonomous_combine/install/my_launch/lib/python3.10/site-packages:${PYTHONPATH} /usr/bin/python3 -W ignore:setup.py install is deprecated -W ignore:easy_install command is deprecated setup.py egg_info --egg-base ../../build/my_launch build --build-base /home/epon/AutoDrive/autonomous_combine/build/my_launch/build install --record /home/epon/AutoDrive/autonomous_combine/build/my_launch/install.log --single-version-externally-managed install_data
