[1.552s] Invoking command in '/home/epon/AutoDrive/autonomous_combine/src/robot_navigation': PYTHONPATH=/home/epon/AutoDrive/autonomous_combine/build/robot_navigation/prefix_override:/usr/lib/python3/dist-packages/colcon_core/task/python/colcon_distutils_commands:/home/epon/AutoDrive/autonomous_combine/install/robot_navigation/lib/python3.10/site-packages:${PYTHONPATH} /usr/bin/python3 -W ignore:setup.py install is deprecated -W ignore:easy_install command is deprecated setup.py egg_info --egg-base ../../build/robot_navigation build --build-base /home/epon/AutoDrive/autonomous_combine/build/robot_navigation/build install --record /home/epon/AutoDrive/autonomous_combine/build/robot_navigation/install.log --single-version-externally-managed install_data
[1.870s] running egg_info
[1.872s] creating ../../build/robot_navigation/robot_navigation.egg-info
[1.872s] writing ../../build/robot_navigation/robot_navigation.egg-info/PKG-INFO
[1.873s] writing dependency_links to ../../build/robot_navigation/robot_navigation.egg-info/dependency_links.txt
[1.873s] writing entry points to ../../build/robot_navigation/robot_navigation.egg-info/entry_points.txt
[1.873s] writing requirements to ../../build/robot_navigation/robot_navigation.egg-info/requires.txt
[1.873s] writing top-level names to ../../build/robot_navigation/robot_navigation.egg-info/top_level.txt
[1.873s] writing manifest file '../../build/robot_navigation/robot_navigation.egg-info/SOURCES.txt'
[1.874s] reading manifest file '../../build/robot_navigation/robot_navigation.egg-info/SOURCES.txt'
[1.874s] writing manifest file '../../build/robot_navigation/robot_navigation.egg-info/SOURCES.txt'
[1.875s] running build
[1.877s] running build_py
[1.877s] creating /home/epon/AutoDrive/autonomous_combine/build/robot_navigation/build
[1.877s] creating /home/epon/AutoDrive/autonomous_combine/build/robot_navigation/build/lib
[1.877s] creating /home/epon/AutoDrive/autonomous_combine/build/robot_navigation/build/lib/robot_navigation
[1.877s] copying robot_navigation/__init__.py -> /home/epon/AutoDrive/autonomous_combine/build/robot_navigation/build/lib/robot_navigation
[1.877s] running install
[1.877s] running install_lib
[1.880s] creating /home/epon/AutoDrive/autonomous_combine/install/robot_navigation/lib/python3.10/site-packages/robot_navigation
[1.880s] copying /home/epon/AutoDrive/autonomous_combine/build/robot_navigation/build/lib/robot_navigation/__init__.py -> /home/epon/AutoDrive/autonomous_combine/install/robot_navigation/lib/python3.10/site-packages/robot_navigation
[1.882s] byte-compiling /home/epon/AutoDrive/autonomous_combine/install/robot_navigation/lib/python3.10/site-packages/robot_navigation/__init__.py to __init__.cpython-310.pyc
[1.882s] running install_data
[1.882s] creating /home/epon/AutoDrive/autonomous_combine/install/robot_navigation/share/ament_index
[1.882s] creating /home/epon/AutoDrive/autonomous_combine/install/robot_navigation/share/ament_index/resource_index
[1.882s] creating /home/epon/AutoDrive/autonomous_combine/install/robot_navigation/share/ament_index/resource_index/packages
[1.883s] copying resource/robot_navigation -> /home/epon/AutoDrive/autonomous_combine/install/robot_navigation/share/ament_index/resource_index/packages
[1.883s] copying package.xml -> /home/epon/AutoDrive/autonomous_combine/install/robot_navigation/share/robot_navigation
[1.883s] running install_egg_info
[1.887s] Copying ../../build/robot_navigation/robot_navigation.egg-info to /home/epon/AutoDrive/autonomous_combine/install/robot_navigation/lib/python3.10/site-packages/robot_navigation-0.0.0-py3.10.egg-info
[1.888s] running install_scripts
[1.917s] writing list of installed files to '/home/epon/AutoDrive/autonomous_combine/build/robot_navigation/install.log'
[1.968s] Invoked command in '/home/epon/AutoDrive/autonomous_combine/src/robot_navigation' returned '0': PYTHONPATH=/home/epon/AutoDrive/autonomous_combine/build/robot_navigation/prefix_override:/usr/lib/python3/dist-packages/colcon_core/task/python/colcon_distutils_commands:/home/epon/AutoDrive/autonomous_combine/install/robot_navigation/lib/python3.10/site-packages:${PYTHONPATH} /usr/bin/python3 -W ignore:setup.py install is deprecated -W ignore:easy_install command is deprecated setup.py egg_info --egg-base ../../build/robot_navigation build --build-base /home/epon/AutoDrive/autonomous_combine/build/robot_navigation/build install --record /home/epon/AutoDrive/autonomous_combine/build/robot_navigation/install.log --single-version-externally-managed install_data
