[1.235s] Invoking command in '/home/epon/AutoDrive/autonomous_combine/src/robot_simulation': PYTHONPATH=/home/epon/AutoDrive/autonomous_combine/build/robot_simulation/prefix_override:/usr/lib/python3/dist-packages/colcon_core/task/python/colcon_distutils_commands:/home/epon/AutoDrive/autonomous_combine/install/robot_simulation/lib/python3.10/site-packages:${PYTHONPATH} /usr/bin/python3 -W ignore:setup.py install is deprecated -W ignore:easy_install command is deprecated setup.py egg_info --egg-base ../../build/robot_simulation build --build-base /home/epon/AutoDrive/autonomous_combine/build/robot_simulation/build install --record /home/epon/AutoDrive/autonomous_combine/build/robot_simulation/install.log --single-version-externally-managed install_data
[1.443s] running egg_info
[1.444s] writing ../../build/robot_simulation/robot_simulation.egg-info/PKG-INFO
[1.445s] writing dependency_links to ../../build/robot_simulation/robot_simulation.egg-info/dependency_links.txt
[1.445s] writing entry points to ../../build/robot_simulation/robot_simulation.egg-info/entry_points.txt
[1.445s] writing requirements to ../../build/robot_simulation/robot_simulation.egg-info/requires.txt
[1.445s] writing top-level names to ../../build/robot_simulation/robot_simulation.egg-info/top_level.txt
[1.447s] reading manifest file '../../build/robot_simulation/robot_simulation.egg-info/SOURCES.txt'
[1.449s] writing manifest file '../../build/robot_simulation/robot_simulation.egg-info/SOURCES.txt'
[1.449s] running build
[1.449s] running build_py
[1.449s] running install
[1.449s] running install_lib
[1.451s] running install_data
[1.451s] running install_egg_info
[1.453s] removing '/home/epon/AutoDrive/autonomous_combine/install/robot_simulation/lib/python3.10/site-packages/robot_simulation-0.0.0-py3.10.egg-info' (and everything under it)
[1.453s] Copying ../../build/robot_simulation/robot_simulation.egg-info to /home/epon/AutoDrive/autonomous_combine/install/robot_simulation/lib/python3.10/site-packages/robot_simulation-0.0.0-py3.10.egg-info
[1.454s] running install_scripts
[1.474s] writing list of installed files to '/home/epon/AutoDrive/autonomous_combine/build/robot_simulation/install.log'
[1.506s] Invoked command in '/home/epon/AutoDrive/autonomous_combine/src/robot_simulation' returned '0': PYTHONPATH=/home/epon/AutoDrive/autonomous_combine/build/robot_simulation/prefix_override:/usr/lib/python3/dist-packages/colcon_core/task/python/colcon_distutils_commands:/home/epon/AutoDrive/autonomous_combine/install/robot_simulation/lib/python3.10/site-packages:${PYTHONPATH} /usr/bin/python3 -W ignore:setup.py install is deprecated -W ignore:easy_install command is deprecated setup.py egg_info --egg-base ../../build/robot_simulation build --build-base /home/epon/AutoDrive/autonomous_combine/build/robot_simulation/build install --record /home/epon/AutoDrive/autonomous_combine/build/robot_simulation/install.log --single-version-externally-managed install_data
