[0.516s] Invoking command in '/home/epon/AutoDrive/autonomous_combine/build/robot_description': CMAKE_PREFIX_PATH=${CMAKE_PREFIX_PATH}:/home/epon/AutoDrive/autonomous_combine/install/robot_simulation:/home/epon/AutoDrive/autonomous_combine/install/robot_navigation:/home/epon/AutoDrive/autonomous_combine/install/my_launch:/home/epon/AutoDrive/autonomous_combine/install/control_hardware:/opt/ros/humble /usr/bin/cmake --build /home/epon/AutoDrive/autonomous_combine/build/robot_description -- -j8 -l8
[1.012s] Invoked command in '/home/epon/AutoDrive/autonomous_combine/build/robot_description' returned '0': CMAKE_PREFIX_PATH=${CMAKE_PREFIX_PATH}:/home/epon/AutoDrive/autonomous_combine/install/robot_simulation:/home/epon/AutoDrive/autonomous_combine/install/robot_navigation:/home/epon/AutoDrive/autonomous_combine/install/my_launch:/home/epon/AutoDrive/autonomous_combine/install/control_hardware:/opt/ros/humble /usr/bin/cmake --build /home/epon/AutoDrive/autonomous_combine/build/robot_description -- -j8 -l8
[1.014s] Invoking command in '/home/epon/AutoDrive/autonomous_combine/build/robot_description': CMAKE_PREFIX_PATH=${CMAKE_PREFIX_PATH}:/home/epon/AutoDrive/autonomous_combine/install/robot_simulation:/home/epon/AutoDrive/autonomous_combine/install/robot_navigation:/home/epon/AutoDrive/autonomous_combine/install/my_launch:/home/epon/AutoDrive/autonomous_combine/install/control_hardware:/opt/ros/humble /usr/bin/cmake --install /home/epon/AutoDrive/autonomous_combine/build/robot_description
[1.031s] -- Install configuration: ""
[1.031s] -- Up-to-date: /home/epon/AutoDrive/autonomous_combine/install/robot_description/share/robot_description//config
[1.031s] -- Up-to-date: /home/epon/AutoDrive/autonomous_combine/install/robot_description/share/robot_description//config/joystick.yaml
[1.031s] -- Up-to-date: /home/epon/AutoDrive/autonomous_combine/install/robot_description/share/robot_description//launch
[1.031s] -- Up-to-date: /home/epon/AutoDrive/autonomous_combine/install/robot_description/share/robot_description//rviz
[1.031s] -- Up-to-date: /home/epon/AutoDrive/autonomous_combine/install/robot_description/share/robot_description//rviz/urdf_config.rviz
[1.031s] -- Up-to-date: /home/epon/AutoDrive/autonomous_combine/install/robot_description/share/robot_description//urdf
[1.031s] -- Up-to-date: /home/epon/AutoDrive/autonomous_combine/install/robot_description/share/robot_description//urdf/autonomous_robot_gazebo.xacro
[1.031s] -- Up-to-date: /home/epon/AutoDrive/autonomous_combine/install/robot_description/share/robot_description//urdf/camera.xacro
[1.031s] -- Up-to-date: /home/epon/AutoDrive/autonomous_combine/install/robot_description/share/robot_description//urdf/Assembly-Robot-URDF.urdf.xacro
[1.031s] -- Up-to-date: /home/epon/AutoDrive/autonomous_combine/install/robot_description/share/robot_description//urdf/common_properties.xacro
[1.032s] -- Up-to-date: /home/epon/AutoDrive/autonomous_combine/install/robot_description/share/robot_description//urdf/mobile_robot.xacro
[1.032s] -- Up-to-date: /home/epon/AutoDrive/autonomous_combine/install/robot_description/share/robot_description//urdf/ros2_control.xacro
[1.032s] -- Up-to-date: /home/epon/AutoDrive/autonomous_combine/install/robot_description/share/robot_description//urdf/imu.xacro
[1.032s] -- Up-to-date: /home/epon/AutoDrive/autonomous_combine/install/robot_description/share/robot_description//urdf/lidar.xacro
[1.032s] -- Up-to-date: /home/epon/AutoDrive/autonomous_combine/install/robot_description/share/robot_description//urdf/gazebo_color.xacro
[1.037s] -- Up-to-date: /home/epon/AutoDrive/autonomous_combine/install/robot_description/share/robot_description//urdf/autonomous_robot.urdf.xacro
[1.037s] -- Up-to-date: /home/epon/AutoDrive/autonomous_combine/install/robot_description/share/robot_description//meshes
[1.037s] -- Up-to-date: /home/epon/AutoDrive/autonomous_combine/install/robot_description/share/robot_description//meshes/base_link.stl
[1.038s] -- Up-to-date: /home/epon/AutoDrive/autonomous_combine/install/robot_description/share/robot_description//meshes/front_wheel_link.stl
[1.038s] -- Up-to-date: /home/epon/AutoDrive/autonomous_combine/install/robot_description/share/robot_description//meshes/rear_wheel_link.stl
[1.038s] -- Up-to-date: /home/epon/AutoDrive/autonomous_combine/install/robot_description/share/robot_description//meshes/left_wheel_link.stl
[1.038s] -- Up-to-date: /home/epon/AutoDrive/autonomous_combine/install/robot_description/share/robot_description//meshes/right_wheel_link.stl
[1.038s] -- Up-to-date: /home/epon/AutoDrive/autonomous_combine/install/robot_description/share/robot_description//meshes/camera_link.stl
[1.038s] -- Up-to-date: /home/epon/AutoDrive/autonomous_combine/install/robot_description/share/robot_description//meshes/front_hinge.stl
[1.038s] -- Up-to-date: /home/epon/AutoDrive/autonomous_combine/install/robot_description/share/robot_description//meshes/rear_hinge.stl
[1.038s] -- Up-to-date: /home/epon/AutoDrive/autonomous_combine/install/robot_description/share/robot_description//meshes/lidar_link.stl
[1.038s] -- Up-to-date: /home/epon/AutoDrive/autonomous_combine/install/robot_description/share/ament_index/resource_index/package_run_dependencies/robot_description
[1.038s] -- Up-to-date: /home/epon/AutoDrive/autonomous_combine/install/robot_description/share/ament_index/resource_index/parent_prefix_path/robot_description
[1.038s] -- Up-to-date: /home/epon/AutoDrive/autonomous_combine/install/robot_description/share/robot_description/environment/ament_prefix_path.sh
[1.039s] -- Up-to-date: /home/epon/AutoDrive/autonomous_combine/install/robot_description/share/robot_description/environment/ament_prefix_path.dsv
[1.039s] -- Up-to-date: /home/epon/AutoDrive/autonomous_combine/install/robot_description/share/robot_description/environment/path.sh
[1.043s] -- Up-to-date: /home/epon/AutoDrive/autonomous_combine/install/robot_description/share/robot_description/environment/path.dsv
[1.043s] -- Up-to-date: /home/epon/AutoDrive/autonomous_combine/install/robot_description/share/robot_description/local_setup.bash
[1.043s] -- Up-to-date: /home/epon/AutoDrive/autonomous_combine/install/robot_description/share/robot_description/local_setup.sh
[1.043s] -- Up-to-date: /home/epon/AutoDrive/autonomous_combine/install/robot_description/share/robot_description/local_setup.zsh
[1.043s] -- Up-to-date: /home/epon/AutoDrive/autonomous_combine/install/robot_description/share/robot_description/local_setup.dsv
[1.044s] -- Installing: /home/epon/AutoDrive/autonomous_combine/install/robot_description/share/robot_description/package.dsv
[1.044s] -- Up-to-date: /home/epon/AutoDrive/autonomous_combine/install/robot_description/share/ament_index/resource_index/packages/robot_description
[1.044s] -- Up-to-date: /home/epon/AutoDrive/autonomous_combine/install/robot_description/share/robot_description/cmake/robot_descriptionConfig.cmake
[1.044s] -- Up-to-date: /home/epon/AutoDrive/autonomous_combine/install/robot_description/share/robot_description/cmake/robot_descriptionConfig-version.cmake
[1.044s] -- Up-to-date: /home/epon/AutoDrive/autonomous_combine/install/robot_description/share/robot_description/package.xml
[1.085s] Invoked command in '/home/epon/AutoDrive/autonomous_combine/build/robot_description' returned '0': CMAKE_PREFIX_PATH=${CMAKE_PREFIX_PATH}:/home/epon/AutoDrive/autonomous_combine/install/robot_simulation:/home/epon/AutoDrive/autonomous_combine/install/robot_navigation:/home/epon/AutoDrive/autonomous_combine/install/my_launch:/home/epon/AutoDrive/autonomous_combine/install/control_hardware:/opt/ros/humble /usr/bin/cmake --install /home/epon/AutoDrive/autonomous_combine/build/robot_description
