running egg_info
writing ../../build/robot_navigation/robot_navigation.egg-info/PKG-INFO
writing dependency_links to ../../build/robot_navigation/robot_navigation.egg-info/dependency_links.txt
writing entry points to ../../build/robot_navigation/robot_navigation.egg-info/entry_points.txt
writing requirements to ../../build/robot_navigation/robot_navigation.egg-info/requires.txt
writing top-level names to ../../build/robot_navigation/robot_navigation.egg-info/top_level.txt
reading manifest file '../../build/robot_navigation/robot_navigation.egg-info/SOURCES.txt'
writing manifest file '../../build/robot_navigation/robot_navigation.egg-info/SOURCES.txt'
running build
running build_py
running install
running install_lib
running install_data
creating /home/epon/AutoDrive/autonomous_combine/install/robot_navigation/share/robot_navigation/launch
copying launch/navigation.launch.py -> /home/epon/AutoDrive/autonomous_combine/install/robot_navigation/share/robot_navigation/launch
copying launch/cartographer_sim.launch.py -> /home/epon/AutoDrive/autonomous_combine/install/robot_navigation/share/robot_navigation/launch
running install_egg_info
removing '/home/epon/AutoDrive/autonomous_combine/install/robot_navigation/lib/python3.10/site-packages/robot_navigation-0.0.0-py3.10.egg-info' (and everything under it)
Copying ../../build/robot_navigation/robot_navigation.egg-info to /home/epon/AutoDrive/autonomous_combine/install/robot_navigation/lib/python3.10/site-packages/robot_navigation-0.0.0-py3.10.egg-info
running install_scripts
writing list of installed files to '/home/epon/AutoDrive/autonomous_combine/build/robot_navigation/install.log'
