[1.239s] Invoking command in '/home/epon/AutoDrive/autonomous_combine/src/robot_navigation': PYTHONPATH=/home/epon/AutoDrive/autonomous_combine/build/robot_navigation/prefix_override:/usr/lib/python3/dist-packages/colcon_core/task/python/colcon_distutils_commands:/home/epon/AutoDrive/autonomous_combine/install/robot_navigation/lib/python3.10/site-packages:${PYTHONPATH} /usr/bin/python3 -W ignore:setup.py install is deprecated -W ignore:easy_install command is deprecated setup.py egg_info --egg-base ../../build/robot_navigation build --build-base /home/epon/AutoDrive/autonomous_combine/build/robot_navigation/build install --record /home/epon/AutoDrive/autonomous_combine/build/robot_navigation/install.log --single-version-externally-managed install_data
[1.449s] running egg_info
[1.450s] writing ../../build/robot_navigation/robot_navigation.egg-info/PKG-INFO
[1.450s] writing dependency_links to ../../build/robot_navigation/robot_navigation.egg-info/dependency_links.txt
[1.450s] writing entry points to ../../build/robot_navigation/robot_navigation.egg-info/entry_points.txt
[1.450s] writing requirements to ../../build/robot_navigation/robot_navigation.egg-info/requires.txt
[1.451s] writing top-level names to ../../build/robot_navigation/robot_navigation.egg-info/top_level.txt
[1.453s] reading manifest file '../../build/robot_navigation/robot_navigation.egg-info/SOURCES.txt'
[1.453s] writing manifest file '../../build/robot_navigation/robot_navigation.egg-info/SOURCES.txt'
[1.454s] running build
[1.454s] running build_py
[1.454s] running install
[1.454s] running install_lib
[1.455s] running install_data
[1.455s] creating /home/epon/AutoDrive/autonomous_combine/install/robot_navigation/share/robot_navigation/launch
[1.456s] copying launch/navigation.launch.py -> /home/epon/AutoDrive/autonomous_combine/install/robot_navigation/share/robot_navigation/launch
[1.457s] copying launch/cartographer_sim.launch.py -> /home/epon/AutoDrive/autonomous_combine/install/robot_navigation/share/robot_navigation/launch
[1.457s] running install_egg_info
[1.457s] removing '/home/epon/AutoDrive/autonomous_combine/install/robot_navigation/lib/python3.10/site-packages/robot_navigation-0.0.0-py3.10.egg-info' (and everything under it)
[1.458s] Copying ../../build/robot_navigation/robot_navigation.egg-info to /home/epon/AutoDrive/autonomous_combine/install/robot_navigation/lib/python3.10/site-packages/robot_navigation-0.0.0-py3.10.egg-info
[1.458s] running install_scripts
[1.478s] writing list of installed files to '/home/epon/AutoDrive/autonomous_combine/build/robot_navigation/install.log'
[1.507s] Invoked command in '/home/epon/AutoDrive/autonomous_combine/src/robot_navigation' returned '0': PYTHONPATH=/home/epon/AutoDrive/autonomous_combine/build/robot_navigation/prefix_override:/usr/lib/python3/dist-packages/colcon_core/task/python/colcon_distutils_commands:/home/epon/AutoDrive/autonomous_combine/install/robot_navigation/lib/python3.10/site-packages:${PYTHONPATH} /usr/bin/python3 -W ignore:setup.py install is deprecated -W ignore:easy_install command is deprecated setup.py egg_info --egg-base ../../build/robot_navigation build --build-base /home/epon/AutoDrive/autonomous_combine/build/robot_navigation/build install --record /home/epon/AutoDrive/autonomous_combine/build/robot_navigation/install.log --single-version-externally-managed install_data
