[0.501s] Invoking command in '/home/epon/AutoDrive/autonomous_combine/src/control_hardware_package': PYTHONPATH=/home/epon/AutoDrive/autonomous_combine/build/control_hardware/prefix_override:/usr/lib/python3/dist-packages/colcon_core/task/python/colcon_distutils_commands:/home/epon/AutoDrive/autonomous_combine/install/control_hardware/lib/python3.10/site-packages:${PYTHONPATH} /usr/bin/python3 -W ignore:setup.py install is deprecated -W ignore:easy_install command is deprecated setup.py egg_info --egg-base ../../build/control_hardware build --build-base /home/epon/AutoDrive/autonomous_combine/build/control_hardware/build install --record /home/epon/AutoDrive/autonomous_combine/build/control_hardware/install.log --single-version-externally-managed install_data
[0.703s] running egg_info
[0.704s] creating ../../build/control_hardware/control_hardware.egg-info
[0.704s] writing ../../build/control_hardware/control_hardware.egg-info/PKG-INFO
[0.704s] writing dependency_links to ../../build/control_hardware/control_hardware.egg-info/dependency_links.txt
[0.704s] writing entry points to ../../build/control_hardware/control_hardware.egg-info/entry_points.txt
[0.705s] writing requirements to ../../build/control_hardware/control_hardware.egg-info/requires.txt
[0.705s] writing top-level names to ../../build/control_hardware/control_hardware.egg-info/top_level.txt
[0.705s] writing manifest file '../../build/control_hardware/control_hardware.egg-info/SOURCES.txt'
[0.706s] reading manifest file '../../build/control_hardware/control_hardware.egg-info/SOURCES.txt'
[0.707s] writing manifest file '../../build/control_hardware/control_hardware.egg-info/SOURCES.txt'
[0.707s] running build
[0.707s] running build_py
[0.707s] creating /home/epon/AutoDrive/autonomous_combine/build/control_hardware/build
[0.707s] creating /home/epon/AutoDrive/autonomous_combine/build/control_hardware/build/lib
[0.707s] creating /home/epon/AutoDrive/autonomous_combine/build/control_hardware/build/lib/control_hardware
[0.707s] copying control_hardware/pwm2GPIO.py -> /home/epon/AutoDrive/autonomous_combine/build/control_hardware/build/lib/control_hardware
[0.707s] copying control_hardware/joy_control_node.py -> /home/epon/AutoDrive/autonomous_combine/build/control_hardware/build/lib/control_hardware
[0.707s] copying control_hardware/__init__.py -> /home/epon/AutoDrive/autonomous_combine/build/control_hardware/build/lib/control_hardware
[0.708s] copying control_hardware/cmd2pwm.py -> /home/epon/AutoDrive/autonomous_combine/build/control_hardware/build/lib/control_hardware
[0.708s] copying control_hardware/cmd2GPIO.py -> /home/epon/AutoDrive/autonomous_combine/build/control_hardware/build/lib/control_hardware
[0.708s] running install
[0.708s] running install_lib
[0.709s] creating /home/epon/AutoDrive/autonomous_combine/install/control_hardware/lib/python3.10/site-packages/control_hardware
[0.709s] copying /home/epon/AutoDrive/autonomous_combine/build/control_hardware/build/lib/control_hardware/pwm2GPIO.py -> /home/epon/AutoDrive/autonomous_combine/install/control_hardware/lib/python3.10/site-packages/control_hardware
[0.709s] copying /home/epon/AutoDrive/autonomous_combine/build/control_hardware/build/lib/control_hardware/joy_control_node.py -> /home/epon/AutoDrive/autonomous_combine/install/control_hardware/lib/python3.10/site-packages/control_hardware
[0.709s] copying /home/epon/AutoDrive/autonomous_combine/build/control_hardware/build/lib/control_hardware/__init__.py -> /home/epon/AutoDrive/autonomous_combine/install/control_hardware/lib/python3.10/site-packages/control_hardware
[0.709s] copying /home/epon/AutoDrive/autonomous_combine/build/control_hardware/build/lib/control_hardware/cmd2pwm.py -> /home/epon/AutoDrive/autonomous_combine/install/control_hardware/lib/python3.10/site-packages/control_hardware
[0.709s] copying /home/epon/AutoDrive/autonomous_combine/build/control_hardware/build/lib/control_hardware/cmd2GPIO.py -> /home/epon/AutoDrive/autonomous_combine/install/control_hardware/lib/python3.10/site-packages/control_hardware
[0.711s] byte-compiling /home/epon/AutoDrive/autonomous_combine/install/control_hardware/lib/python3.10/site-packages/control_hardware/pwm2GPIO.py to pwm2GPIO.cpython-310.pyc
[0.711s] byte-compiling /home/epon/AutoDrive/autonomous_combine/install/control_hardware/lib/python3.10/site-packages/control_hardware/joy_control_node.py to joy_control_node.cpython-310.pyc
[0.711s] byte-compiling /home/epon/AutoDrive/autonomous_combine/install/control_hardware/lib/python3.10/site-packages/control_hardware/__init__.py to __init__.cpython-310.pyc
[0.712s] byte-compiling /home/epon/AutoDrive/autonomous_combine/install/control_hardware/lib/python3.10/site-packages/control_hardware/cmd2pwm.py to cmd2pwm.cpython-310.pyc
[0.712s] byte-compiling /home/epon/AutoDrive/autonomous_combine/install/control_hardware/lib/python3.10/site-packages/control_hardware/cmd2GPIO.py to cmd2GPIO.cpython-310.pyc
[0.713s] running install_data
[0.713s] creating /home/epon/AutoDrive/autonomous_combine/install/control_hardware/share/ament_index
[0.713s] creating /home/epon/AutoDrive/autonomous_combine/install/control_hardware/share/ament_index/resource_index
[0.713s] creating /home/epon/AutoDrive/autonomous_combine/install/control_hardware/share/ament_index/resource_index/packages
[0.714s] error: can't copy 'resource/control_hardware': doesn't exist or not a regular file
[0.730s] Invoked command in '/home/epon/AutoDrive/autonomous_combine/src/control_hardware_package' returned '1': PYTHONPATH=/home/epon/AutoDrive/autonomous_combine/build/control_hardware/prefix_override:/usr/lib/python3/dist-packages/colcon_core/task/python/colcon_distutils_commands:/home/epon/AutoDrive/autonomous_combine/install/control_hardware/lib/python3.10/site-packages:${PYTHONPATH} /usr/bin/python3 -W ignore:setup.py install is deprecated -W ignore:easy_install command is deprecated setup.py egg_info --egg-base ../../build/control_hardware build --build-base /home/epon/AutoDrive/autonomous_combine/build/control_hardware/build install --record /home/epon/AutoDrive/autonomous_combine/build/control_hardware/install.log --single-version-externally-managed install_data
