[35m[1mConsolidate compiler generated dependencies of target common_interface__rosidl_generator_c[0m
[ 10%] Built target common_interface__rosidl_generator_c
[ 12%] Built target common_interface__cpp
[35m[1mConsolidate compiler generated dependencies of target common_interface__rosidl_typesupport_c[0m
[35m[1mConsolidate compiler generated dependencies of target common_interface__rosidl_typesupport_fastrtps_c[0m
[ 12%] Built target ament_cmake_python_copy_common_interface
[35m[1mConsolidate compiler generated dependencies of target common_interface__rosidl_typesupport_cpp[0m
[35m[1mConsolidate compiler generated dependencies of target common_interface__rosidl_typesupport_fastrtps_cpp[0m
[35m[1mConsolidate compiler generated dependencies of target common_interface__rosidl_typesupport_introspection_c[0m
[35m[1mConsolidate compiler generated dependencies of target common_interface__rosidl_typesupport_introspection_cpp[0m
[ 23%] Built target common_interface__rosidl_typesupport_c
[ 33%] Built target common_interface__rosidl_typesupport_cpp
[ 43%] Built target common_interface__rosidl_typesupport_fastrtps_c
[ 61%] Built target common_interface__rosidl_typesupport_fastrtps_cpp
[ 64%] Built target common_interface__rosidl_typesupport_introspection_c
[ 74%] Built target common_interface__rosidl_typesupport_introspection_cpp
[ 74%] Built target common_interface
[ 76%] Built target common_interface__py
[35m[1mConsolidate compiler generated dependencies of target common_interface__rosidl_generator_py[0m
[ 84%] Built target common_interface__rosidl_generator_py
[35m[1mConsolidate compiler generated dependencies of target common_interface__rosidl_typesupport_c__pyext[0m
[35m[1mConsolidate compiler generated dependencies of target common_interface__rosidl_typesupport_fastrtps_c__pyext[0m
[35m[1mConsolidate compiler generated dependencies of target common_interface__rosidl_typesupport_introspection_c__pyext[0m
[ 89%] Built target common_interface__rosidl_typesupport_introspection_c__pyext
[ 94%] Built target common_interface__rosidl_typesupport_c__pyext
[100%] Built target common_interface__rosidl_typesupport_fastrtps_c__pyext
running egg_info
writing common_interface.egg-info/PKG-INFO
writing dependency_links to common_interface.egg-info/dependency_links.txt
writing top-level names to common_interface.egg-info/top_level.txt
reading manifest file 'common_interface.egg-info/SOURCES.txt'
writing manifest file 'common_interface.egg-info/SOURCES.txt'
[100%] Built target ament_cmake_python_build_common_interface_egg
-- Install configuration: ""
-- Up-to-date: /home/epon/AutoDrive/autonomous_combine/install/common_interface/share/ament_index/resource_index/rosidl_interfaces/common_interface
-- Up-to-date: /home/epon/AutoDrive/autonomous_combine/install/common_interface/include/common_interface/common_interface
-- Up-to-date: /home/epon/AutoDrive/autonomous_combine/install/common_interface/include/common_interface/common_interface/msg
-- Up-to-date: /home/epon/AutoDrive/autonomous_combine/install/common_interface/include/common_interface/common_interface/msg/detail
-- Up-to-date: /home/epon/AutoDrive/autonomous_combine/install/common_interface/include/common_interface/common_interface/msg/detail/key_ctrl__type_support.h
-- Up-to-date: /home/epon/AutoDrive/autonomous_combine/install/common_interface/include/common_interface/common_interface/msg/detail/ser_com_struct__type_support.h
-- Up-to-date: /home/epon/AutoDrive/autonomous_combine/install/common_interface/include/common_interface/common_interface/msg/detail/ser_com_struct__functions.c
-- Up-to-date: /home/epon/AutoDrive/autonomous_combine/install/common_interface/include/common_interface/common_interface/msg/detail/key_ctrl__struct.h
-- Up-to-date: /home/epon/AutoDrive/autonomous_combine/install/common_interface/include/common_interface/common_interface/msg/detail/ser_com_struct__functions.h
-- Up-to-date: /home/epon/AutoDrive/autonomous_combine/install/common_interface/include/common_interface/common_interface/msg/detail/key_ctrl__functions.c
-- Up-to-date: /home/epon/AutoDrive/autonomous_combine/install/common_interface/include/common_interface/common_interface/msg/detail/ser_com_struct__struct.h
-- Up-to-date: /home/epon/AutoDrive/autonomous_combine/install/common_interface/include/common_interface/common_interface/msg/detail/key_ctrl__functions.h
-- Up-to-date: /home/epon/AutoDrive/autonomous_combine/install/common_interface/include/common_interface/common_interface/msg/key_ctrl.h
-- Up-to-date: /home/epon/AutoDrive/autonomous_combine/install/common_interface/include/common_interface/common_interface/msg/rosidl_generator_c__visibility_control.h
-- Up-to-date: /home/epon/AutoDrive/autonomous_combine/install/common_interface/include/common_interface/common_interface/msg/ser_com_struct.h
-- Up-to-date: /home/epon/AutoDrive/autonomous_combine/install/common_interface/share/common_interface/environment/library_path.sh
-- Up-to-date: /home/epon/AutoDrive/autonomous_combine/install/common_interface/share/common_interface/environment/library_path.dsv
-- Up-to-date: /home/epon/AutoDrive/autonomous_combine/install/common_interface/lib/libcommon_interface__rosidl_generator_c.so
-- Up-to-date: /home/epon/AutoDrive/autonomous_combine/install/common_interface/include/common_interface/common_interface
-- Up-to-date: /home/epon/AutoDrive/autonomous_combine/install/common_interface/include/common_interface/common_interface/msg
-- Up-to-date: /home/epon/AutoDrive/autonomous_combine/install/common_interface/include/common_interface/common_interface/msg/rosidl_typesupport_fastrtps_c__visibility_control.h
-- Up-to-date: /home/epon/AutoDrive/autonomous_combine/install/common_interface/include/common_interface/common_interface/msg/detail
-- Up-to-date: /home/epon/AutoDrive/autonomous_combine/install/common_interface/include/common_interface/common_interface/msg/detail/ser_com_struct__rosidl_typesupport_fastrtps_c.h
-- Up-to-date: /home/epon/AutoDrive/autonomous_combine/install/common_interface/include/common_interface/common_interface/msg/detail/key_ctrl__rosidl_typesupport_fastrtps_c.h
-- Up-to-date: /home/epon/AutoDrive/autonomous_combine/install/common_interface/lib/libcommon_interface__rosidl_typesupport_fastrtps_c.so
-- Up-to-date: /home/epon/AutoDrive/autonomous_combine/install/common_interface/include/common_interface/common_interface
-- Up-to-date: /home/epon/AutoDrive/autonomous_combine/install/common_interface/include/common_interface/common_interface/msg
-- Up-to-date: /home/epon/AutoDrive/autonomous_combine/install/common_interface/include/common_interface/common_interface/msg/rosidl_typesupport_introspection_c__visibility_control.h
-- Up-to-date: /home/epon/AutoDrive/autonomous_combine/install/common_interface/include/common_interface/common_interface/msg/detail
-- Up-to-date: /home/epon/AutoDrive/autonomous_combine/install/common_interface/include/common_interface/common_interface/msg/detail/ser_com_struct__type_support.c
-- Up-to-date: /home/epon/AutoDrive/autonomous_combine/install/common_interface/include/common_interface/common_interface/msg/detail/key_ctrl__type_support.c
-- Up-to-date: /home/epon/AutoDrive/autonomous_combine/install/common_interface/include/common_interface/common_interface/msg/detail/ser_com_struct__rosidl_typesupport_introspection_c.h
-- Up-to-date: /home/epon/AutoDrive/autonomous_combine/install/common_interface/include/common_interface/common_interface/msg/detail/key_ctrl__rosidl_typesupport_introspection_c.h
-- Up-to-date: /home/epon/AutoDrive/autonomous_combine/install/common_interface/lib/libcommon_interface__rosidl_typesupport_introspection_c.so
-- Up-to-date: /home/epon/AutoDrive/autonomous_combine/install/common_interface/lib/libcommon_interface__rosidl_typesupport_c.so
-- Up-to-date: /home/epon/AutoDrive/autonomous_combine/install/common_interface/include/common_interface/common_interface
-- Up-to-date: /home/epon/AutoDrive/autonomous_combine/install/common_interface/include/common_interface/common_interface/msg
-- Up-to-date: /home/epon/AutoDrive/autonomous_combine/install/common_interface/include/common_interface/common_interface/msg/rosidl_generator_cpp__visibility_control.hpp
-- Up-to-date: /home/epon/AutoDrive/autonomous_combine/install/common_interface/include/common_interface/common_interface/msg/detail
-- Up-to-date: /home/epon/AutoDrive/autonomous_combine/install/common_interface/include/common_interface/common_interface/msg/detail/key_ctrl__builder.hpp
-- Up-to-date: /home/epon/AutoDrive/autonomous_combine/install/common_interface/include/common_interface/common_interface/msg/detail/key_ctrl__struct.hpp
-- Up-to-date: /home/epon/AutoDrive/autonomous_combine/install/common_interface/include/common_interface/common_interface/msg/detail/ser_com_struct__struct.hpp
-- Up-to-date: /home/epon/AutoDrive/autonomous_combine/install/common_interface/include/common_interface/common_interface/msg/detail/key_ctrl__traits.hpp
-- Up-to-date: /home/epon/AutoDrive/autonomous_combine/install/common_interface/include/common_interface/common_interface/msg/detail/key_ctrl__type_support.hpp
-- Up-to-date: /home/epon/AutoDrive/autonomous_combine/install/common_interface/include/common_interface/common_interface/msg/detail/ser_com_struct__traits.hpp
-- Up-to-date: /home/epon/AutoDrive/autonomous_combine/install/common_interface/include/common_interface/common_interface/msg/detail/ser_com_struct__type_support.hpp
-- Up-to-date: /home/epon/AutoDrive/autonomous_combine/install/common_interface/include/common_interface/common_interface/msg/detail/ser_com_struct__builder.hpp
-- Up-to-date: /home/epon/AutoDrive/autonomous_combine/install/common_interface/include/common_interface/common_interface/msg/ser_com_struct.hpp
-- Up-to-date: /home/epon/AutoDrive/autonomous_combine/install/common_interface/include/common_interface/common_interface/msg/key_ctrl.hpp
-- Up-to-date: /home/epon/AutoDrive/autonomous_combine/install/common_interface/include/common_interface/common_interface
-- Up-to-date: /home/epon/AutoDrive/autonomous_combine/install/common_interface/include/common_interface/common_interface/msg
-- Up-to-date: /home/epon/AutoDrive/autonomous_combine/install/common_interface/include/common_interface/common_interface/msg/detail
-- Up-to-date: /home/epon/AutoDrive/autonomous_combine/install/common_interface/include/common_interface/common_interface/msg/detail/dds_fastrtps
-- Up-to-date: /home/epon/AutoDrive/autonomous_combine/install/common_interface/include/common_interface/common_interface/msg/detail/ser_com_struct__rosidl_typesupport_fastrtps_cpp.hpp
-- Up-to-date: /home/epon/AutoDrive/autonomous_combine/install/common_interface/include/common_interface/common_interface/msg/detail/key_ctrl__rosidl_typesupport_fastrtps_cpp.hpp
-- Up-to-date: /home/epon/AutoDrive/autonomous_combine/install/common_interface/include/common_interface/common_interface/msg/rosidl_typesupport_fastrtps_cpp__visibility_control.h
-- Up-to-date: /home/epon/AutoDrive/autonomous_combine/install/common_interface/lib/libcommon_interface__rosidl_typesupport_fastrtps_cpp.so
-- Up-to-date: /home/epon/AutoDrive/autonomous_combine/install/common_interface/include/common_interface/common_interface
-- Up-to-date: /home/epon/AutoDrive/autonomous_combine/install/common_interface/include/common_interface/common_interface/msg
-- Up-to-date: /home/epon/AutoDrive/autonomous_combine/install/common_interface/include/common_interface/common_interface/msg/detail
-- Up-to-date: /home/epon/AutoDrive/autonomous_combine/install/common_interface/include/common_interface/common_interface/msg/detail/ser_com_struct__rosidl_typesupport_introspection_cpp.hpp
-- Up-to-date: /home/epon/AutoDrive/autonomous_combine/install/common_interface/include/common_interface/common_interface/msg/detail/ser_com_struct__type_support.cpp
-- Up-to-date: /home/epon/AutoDrive/autonomous_combine/install/common_interface/include/common_interface/common_interface/msg/detail/key_ctrl__rosidl_typesupport_introspection_cpp.hpp
-- Up-to-date: /home/epon/AutoDrive/autonomous_combine/install/common_interface/include/common_interface/common_interface/msg/detail/key_ctrl__type_support.cpp
-- Up-to-date: /home/epon/AutoDrive/autonomous_combine/install/common_interface/lib/libcommon_interface__rosidl_typesupport_introspection_cpp.so
-- Up-to-date: /home/epon/AutoDrive/autonomous_combine/install/common_interface/lib/libcommon_interface__rosidl_typesupport_cpp.so
-- Up-to-date: /home/epon/AutoDrive/autonomous_combine/install/common_interface/share/common_interface/environment/pythonpath.sh
-- Up-to-date: /home/epon/AutoDrive/autonomous_combine/install/common_interface/share/common_interface/environment/pythonpath.dsv
-- Up-to-date: /home/epon/AutoDrive/autonomous_combine/install/common_interface/local/lib/python3.10/dist-packages/common_interface-0.0.0-py3.10.egg-info
-- Installing: /home/epon/AutoDrive/autonomous_combine/install/common_interface/local/lib/python3.10/dist-packages/common_interface-0.0.0-py3.10.egg-info/top_level.txt
-- Installing: /home/epon/AutoDrive/autonomous_combine/install/common_interface/local/lib/python3.10/dist-packages/common_interface-0.0.0-py3.10.egg-info/PKG-INFO
-- Installing: /home/epon/AutoDrive/autonomous_combine/install/common_interface/local/lib/python3.10/dist-packages/common_interface-0.0.0-py3.10.egg-info/dependency_links.txt
-- Installing: /home/epon/AutoDrive/autonomous_combine/install/common_interface/local/lib/python3.10/dist-packages/common_interface-0.0.0-py3.10.egg-info/SOURCES.txt
-- Up-to-date: /home/epon/AutoDrive/autonomous_combine/install/common_interface/local/lib/python3.10/dist-packages/common_interface
-- Up-to-date: /home/epon/AutoDrive/autonomous_combine/install/common_interface/local/lib/python3.10/dist-packages/common_interface/_common_interface_s.ep.rosidl_typesupport_introspection_c.c
-- Up-to-date: /home/epon/AutoDrive/autonomous_combine/install/common_interface/local/lib/python3.10/dist-packages/common_interface/common_interface_s__rosidl_typesupport_introspection_c.cpython-310-x86_64-linux-gnu.so
-- Up-to-date: /home/epon/AutoDrive/autonomous_combine/install/common_interface/local/lib/python3.10/dist-packages/common_interface/_common_interface_s.ep.rosidl_typesupport_c.c
-- Up-to-date: /home/epon/AutoDrive/autonomous_combine/install/common_interface/local/lib/python3.10/dist-packages/common_interface/common_interface_s__rosidl_typesupport_fastrtps_c.cpython-310-x86_64-linux-gnu.so
-- Up-to-date: /home/epon/AutoDrive/autonomous_combine/install/common_interface/local/lib/python3.10/dist-packages/common_interface/_common_interface_s.ep.rosidl_typesupport_fastrtps_c.c
-- Up-to-date: /home/epon/AutoDrive/autonomous_combine/install/common_interface/local/lib/python3.10/dist-packages/common_interface/__init__.py
-- Up-to-date: /home/epon/AutoDrive/autonomous_combine/install/common_interface/local/lib/python3.10/dist-packages/common_interface/msg
-- Up-to-date: /home/epon/AutoDrive/autonomous_combine/install/common_interface/local/lib/python3.10/dist-packages/common_interface/msg/_key_ctrl.py
-- Up-to-date: /home/epon/AutoDrive/autonomous_combine/install/common_interface/local/lib/python3.10/dist-packages/common_interface/msg/_key_ctrl_s.c
-- Up-to-date: /home/epon/AutoDrive/autonomous_combine/install/common_interface/local/lib/python3.10/dist-packages/common_interface/msg/__init__.py
-- Up-to-date: /home/epon/AutoDrive/autonomous_combine/install/common_interface/local/lib/python3.10/dist-packages/common_interface/msg/_ser_com_struct_s.c
-- Up-to-date: /home/epon/AutoDrive/autonomous_combine/install/common_interface/local/lib/python3.10/dist-packages/common_interface/msg/_ser_com_struct.py
-- Up-to-date: /home/epon/AutoDrive/autonomous_combine/install/common_interface/local/lib/python3.10/dist-packages/common_interface/libcommon_interface__rosidl_generator_py.so
-- Up-to-date: /home/epon/AutoDrive/autonomous_combine/install/common_interface/local/lib/python3.10/dist-packages/common_interface/common_interface_s__rosidl_typesupport_c.cpython-310-x86_64-linux-gnu.so
Listing '/home/epon/AutoDrive/autonomous_combine/install/common_interface/local/lib/python3.10/dist-packages/common_interface'...
Listing '/home/epon/AutoDrive/autonomous_combine/install/common_interface/local/lib/python3.10/dist-packages/common_interface/msg'...
-- Up-to-date: /home/epon/AutoDrive/autonomous_combine/install/common_interface/local/lib/python3.10/dist-packages/common_interface/common_interface_s__rosidl_typesupport_fastrtps_c.cpython-310-x86_64-linux-gnu.so
-- Up-to-date: /home/epon/AutoDrive/autonomous_combine/install/common_interface/local/lib/python3.10/dist-packages/common_interface/common_interface_s__rosidl_typesupport_introspection_c.cpython-310-x86_64-linux-gnu.so
-- Up-to-date: /home/epon/AutoDrive/autonomous_combine/install/common_interface/local/lib/python3.10/dist-packages/common_interface/common_interface_s__rosidl_typesupport_c.cpython-310-x86_64-linux-gnu.so
-- Up-to-date: /home/epon/AutoDrive/autonomous_combine/install/common_interface/lib/libcommon_interface__rosidl_generator_py.so
-- Up-to-date: /home/epon/AutoDrive/autonomous_combine/install/common_interface/share/common_interface/msg/KeyCtrl.idl
-- Up-to-date: /home/epon/AutoDrive/autonomous_combine/install/common_interface/share/common_interface/msg/SerComStruct.idl
-- Up-to-date: /home/epon/AutoDrive/autonomous_combine/install/common_interface/share/common_interface/msg/KeyCtrl.msg
-- Up-to-date: /home/epon/AutoDrive/autonomous_combine/install/common_interface/share/common_interface/msg/SerComStruct.msg
-- Up-to-date: /home/epon/AutoDrive/autonomous_combine/install/common_interface/share/common_interface/package.xml
-- Up-to-date: /home/epon/AutoDrive/autonomous_combine/install/common_interface/share/ament_index/resource_index/package_run_dependencies/common_interface
-- Up-to-date: /home/epon/AutoDrive/autonomous_combine/install/common_interface/share/ament_index/resource_index/parent_prefix_path/common_interface
-- Up-to-date: /home/epon/AutoDrive/autonomous_combine/install/common_interface/share/common_interface/environment/ament_prefix_path.sh
-- Up-to-date: /home/epon/AutoDrive/autonomous_combine/install/common_interface/share/common_interface/environment/ament_prefix_path.dsv
-- Up-to-date: /home/epon/AutoDrive/autonomous_combine/install/common_interface/share/common_interface/environment/path.sh
-- Up-to-date: /home/epon/AutoDrive/autonomous_combine/install/common_interface/share/common_interface/environment/path.dsv
-- Up-to-date: /home/epon/AutoDrive/autonomous_combine/install/common_interface/share/common_interface/local_setup.bash
-- Up-to-date: /home/epon/AutoDrive/autonomous_combine/install/common_interface/share/common_interface/local_setup.sh
-- Up-to-date: /home/epon/AutoDrive/autonomous_combine/install/common_interface/share/common_interface/local_setup.zsh
-- Up-to-date: /home/epon/AutoDrive/autonomous_combine/install/common_interface/share/common_interface/local_setup.dsv
-- Installing: /home/epon/AutoDrive/autonomous_combine/install/common_interface/share/common_interface/package.dsv
-- Up-to-date: /home/epon/AutoDrive/autonomous_combine/install/common_interface/share/ament_index/resource_index/packages/common_interface
-- Up-to-date: /home/epon/AutoDrive/autonomous_combine/install/common_interface/share/common_interface/cmake/export_common_interface__rosidl_generator_cExport.cmake
-- Up-to-date: /home/epon/AutoDrive/autonomous_combine/install/common_interface/share/common_interface/cmake/export_common_interface__rosidl_generator_cExport-noconfig.cmake
-- Up-to-date: /home/epon/AutoDrive/autonomous_combine/install/common_interface/share/common_interface/cmake/export_common_interface__rosidl_typesupport_fastrtps_cExport.cmake
-- Up-to-date: /home/epon/AutoDrive/autonomous_combine/install/common_interface/share/common_interface/cmake/export_common_interface__rosidl_typesupport_fastrtps_cExport-noconfig.cmake
-- Up-to-date: /home/epon/AutoDrive/autonomous_combine/install/common_interface/share/common_interface/cmake/common_interface__rosidl_typesupport_introspection_cExport.cmake
-- Up-to-date: /home/epon/AutoDrive/autonomous_combine/install/common_interface/share/common_interface/cmake/common_interface__rosidl_typesupport_introspection_cExport-noconfig.cmake
-- Up-to-date: /home/epon/AutoDrive/autonomous_combine/install/common_interface/share/common_interface/cmake/common_interface__rosidl_typesupport_cExport.cmake
-- Up-to-date: /home/epon/AutoDrive/autonomous_combine/install/common_interface/share/common_interface/cmake/common_interface__rosidl_typesupport_cExport-noconfig.cmake
-- Up-to-date: /home/epon/AutoDrive/autonomous_combine/install/common_interface/share/common_interface/cmake/export_common_interface__rosidl_generator_cppExport.cmake
-- Up-to-date: /home/epon/AutoDrive/autonomous_combine/install/common_interface/share/common_interface/cmake/export_common_interface__rosidl_typesupport_fastrtps_cppExport.cmake
-- Up-to-date: /home/epon/AutoDrive/autonomous_combine/install/common_interface/share/common_interface/cmake/export_common_interface__rosidl_typesupport_fastrtps_cppExport-noconfig.cmake
-- Up-to-date: /home/epon/AutoDrive/autonomous_combine/install/common_interface/share/common_interface/cmake/common_interface__rosidl_typesupport_introspection_cppExport.cmake
-- Up-to-date: /home/epon/AutoDrive/autonomous_combine/install/common_interface/share/common_interface/cmake/common_interface__rosidl_typesupport_introspection_cppExport-noconfig.cmake
-- Up-to-date: /home/epon/AutoDrive/autonomous_combine/install/common_interface/share/common_interface/cmake/common_interface__rosidl_typesupport_cppExport.cmake
-- Up-to-date: /home/epon/AutoDrive/autonomous_combine/install/common_interface/share/common_interface/cmake/common_interface__rosidl_typesupport_cppExport-noconfig.cmake
-- Up-to-date: /home/epon/AutoDrive/autonomous_combine/install/common_interface/share/common_interface/cmake/export_common_interface__rosidl_generator_pyExport.cmake
-- Up-to-date: /home/epon/AutoDrive/autonomous_combine/install/common_interface/share/common_interface/cmake/export_common_interface__rosidl_generator_pyExport-noconfig.cmake
-- Up-to-date: /home/epon/AutoDrive/autonomous_combine/install/common_interface/share/common_interface/cmake/rosidl_cmake-extras.cmake
-- Up-to-date: /home/epon/AutoDrive/autonomous_combine/install/common_interface/share/common_interface/cmake/ament_cmake_export_dependencies-extras.cmake
-- Up-to-date: /home/epon/AutoDrive/autonomous_combine/install/common_interface/share/common_interface/cmake/ament_cmake_export_include_directories-extras.cmake
-- Up-to-date: /home/epon/AutoDrive/autonomous_combine/install/common_interface/share/common_interface/cmake/ament_cmake_export_libraries-extras.cmake
-- Up-to-date: /home/epon/AutoDrive/autonomous_combine/install/common_interface/share/common_interface/cmake/ament_cmake_export_targets-extras.cmake
-- Up-to-date: /home/epon/AutoDrive/autonomous_combine/install/common_interface/share/common_interface/cmake/rosidl_cmake_export_typesupport_targets-extras.cmake
-- Up-to-date: /home/epon/AutoDrive/autonomous_combine/install/common_interface/share/common_interface/cmake/rosidl_cmake_export_typesupport_libraries-extras.cmake
-- Up-to-date: /home/epon/AutoDrive/autonomous_combine/install/common_interface/share/common_interface/cmake/common_interfaceConfig.cmake
-- Up-to-date: /home/epon/AutoDrive/autonomous_combine/install/common_interface/share/common_interface/cmake/common_interfaceConfig-version.cmake
-- Up-to-date: /home/epon/AutoDrive/autonomous_combine/install/common_interface/share/common_interface/package.xml
