[0.035s] Invoking command in '/home/epon/AutoDrive/autonomous_combine/build/common_interface': CMAKE_PREFIX_PATH=${CMAKE_PREFIX_PATH}:/home/epon/AutoDrive/autonomous_combine/install/robot_simulation:/home/epon/AutoDrive/autonomous_combine/install/robot_navigation:/home/epon/AutoDrive/autonomous_combine/install/my_launch:/home/epon/AutoDrive/autonomous_combine/install/control_hardware:/opt/ros/humble /usr/bin/cmake --build /home/epon/AutoDrive/autonomous_combine/build/common_interface -- -j8 -l8
[0.788s] [35m[1mConsolidate compiler generated dependencies of target common_interface__rosidl_generator_c[0m
[0.789s] [ 10%] Built target common_interface__rosidl_generator_c
[0.789s] [ 12%] Built target common_interface__cpp
[0.789s] [35m[1mConsolidate compiler generated dependencies of target common_interface__rosidl_typesupport_c[0m
[0.789s] [35m[1mConsolidate compiler generated dependencies of target common_interface__rosidl_typesupport_fastrtps_c[0m
[0.789s] [ 12%] Built target ament_cmake_python_copy_common_interface
[0.790s] [35m[1mConsolidate compiler generated dependencies of target common_interface__rosidl_typesupport_cpp[0m
[0.790s] [35m[1mConsolidate compiler generated dependencies of target common_interface__rosidl_typesupport_fastrtps_cpp[0m
[0.790s] [35m[1mConsolidate compiler generated dependencies of target common_interface__rosidl_typesupport_introspection_c[0m
[0.790s] [35m[1mConsolidate compiler generated dependencies of target common_interface__rosidl_typesupport_introspection_cpp[0m
[0.790s] [ 23%] Built target common_interface__rosidl_typesupport_c
[0.790s] [ 33%] Built target common_interface__rosidl_typesupport_cpp
[0.790s] [ 43%] Built target common_interface__rosidl_typesupport_fastrtps_c
[0.790s] [ 61%] Built target common_interface__rosidl_typesupport_fastrtps_cpp
[0.790s] [ 64%] Built target common_interface__rosidl_typesupport_introspection_c
[0.791s] [ 74%] Built target common_interface__rosidl_typesupport_introspection_cpp
[0.791s] [ 74%] Built target common_interface
[0.791s] [ 76%] Built target common_interface__py
[0.791s] [35m[1mConsolidate compiler generated dependencies of target common_interface__rosidl_generator_py[0m
[0.791s] [ 84%] Built target common_interface__rosidl_generator_py
[0.791s] [35m[1mConsolidate compiler generated dependencies of target common_interface__rosidl_typesupport_c__pyext[0m
[0.791s] [35m[1mConsolidate compiler generated dependencies of target common_interface__rosidl_typesupport_fastrtps_c__pyext[0m
[0.791s] [35m[1mConsolidate compiler generated dependencies of target common_interface__rosidl_typesupport_introspection_c__pyext[0m
[0.791s] [ 89%] Built target common_interface__rosidl_typesupport_introspection_c__pyext
[0.791s] [ 94%] Built target common_interface__rosidl_typesupport_c__pyext
[0.791s] [100%] Built target common_interface__rosidl_typesupport_fastrtps_c__pyext
[0.791s] running egg_info
[0.791s] writing common_interface.egg-info/PKG-INFO
[0.791s] writing dependency_links to common_interface.egg-info/dependency_links.txt
[0.791s] writing top-level names to common_interface.egg-info/top_level.txt
[0.791s] reading manifest file 'common_interface.egg-info/SOURCES.txt'
[0.792s] writing manifest file 'common_interface.egg-info/SOURCES.txt'
[0.792s] [100%] Built target ament_cmake_python_build_common_interface_egg
[1.014s] Invoked command in '/home/epon/AutoDrive/autonomous_combine/build/common_interface' returned '0': CMAKE_PREFIX_PATH=${CMAKE_PREFIX_PATH}:/home/epon/AutoDrive/autonomous_combine/install/robot_simulation:/home/epon/AutoDrive/autonomous_combine/install/robot_navigation:/home/epon/AutoDrive/autonomous_combine/install/my_launch:/home/epon/AutoDrive/autonomous_combine/install/control_hardware:/opt/ros/humble /usr/bin/cmake --build /home/epon/AutoDrive/autonomous_combine/build/common_interface -- -j8 -l8
[1.015s] Invoking command in '/home/epon/AutoDrive/autonomous_combine/build/common_interface': CMAKE_PREFIX_PATH=${CMAKE_PREFIX_PATH}:/home/epon/AutoDrive/autonomous_combine/install/robot_simulation:/home/epon/AutoDrive/autonomous_combine/install/robot_navigation:/home/epon/AutoDrive/autonomous_combine/install/my_launch:/home/epon/AutoDrive/autonomous_combine/install/control_hardware:/opt/ros/humble /usr/bin/cmake --install /home/epon/AutoDrive/autonomous_combine/build/common_interface
[1.034s] -- Install configuration: ""
[1.034s] -- Up-to-date: /home/epon/AutoDrive/autonomous_combine/install/common_interface/share/ament_index/resource_index/rosidl_interfaces/common_interface
[1.034s] -- Up-to-date: /home/epon/AutoDrive/autonomous_combine/install/common_interface/include/common_interface/common_interface
[1.035s] -- Up-to-date: /home/epon/AutoDrive/autonomous_combine/install/common_interface/include/common_interface/common_interface/msg
[1.035s] -- Up-to-date: /home/epon/AutoDrive/autonomous_combine/install/common_interface/include/common_interface/common_interface/msg/detail
[1.035s] -- Up-to-date: /home/epon/AutoDrive/autonomous_combine/install/common_interface/include/common_interface/common_interface/msg/detail/key_ctrl__type_support.h
[1.035s] -- Up-to-date: /home/epon/AutoDrive/autonomous_combine/install/common_interface/include/common_interface/common_interface/msg/detail/ser_com_struct__type_support.h
[1.039s] -- Up-to-date: /home/epon/AutoDrive/autonomous_combine/install/common_interface/include/common_interface/common_interface/msg/detail/ser_com_struct__functions.c
[1.042s] -- Up-to-date: /home/epon/AutoDrive/autonomous_combine/install/common_interface/include/common_interface/common_interface/msg/detail/key_ctrl__struct.h
[1.043s] -- Up-to-date: /home/epon/AutoDrive/autonomous_combine/install/common_interface/include/common_interface/common_interface/msg/detail/ser_com_struct__functions.h
[1.043s] -- Up-to-date: /home/epon/AutoDrive/autonomous_combine/install/common_interface/include/common_interface/common_interface/msg/detail/key_ctrl__functions.c
[1.045s] -- Up-to-date: /home/epon/AutoDrive/autonomous_combine/install/common_interface/include/common_interface/common_interface/msg/detail/ser_com_struct__struct.h
[1.045s] -- Up-to-date: /home/epon/AutoDrive/autonomous_combine/install/common_interface/include/common_interface/common_interface/msg/detail/key_ctrl__functions.h
[1.052s] -- Up-to-date: /home/epon/AutoDrive/autonomous_combine/install/common_interface/include/common_interface/common_interface/msg/key_ctrl.h
[1.052s] -- Up-to-date: /home/epon/AutoDrive/autonomous_combine/install/common_interface/include/common_interface/common_interface/msg/rosidl_generator_c__visibility_control.h
[1.052s] -- Up-to-date: /home/epon/AutoDrive/autonomous_combine/install/common_interface/include/common_interface/common_interface/msg/ser_com_struct.h
[1.052s] -- Up-to-date: /home/epon/AutoDrive/autonomous_combine/install/common_interface/share/common_interface/environment/library_path.sh
[1.052s] -- Up-to-date: /home/epon/AutoDrive/autonomous_combine/install/common_interface/share/common_interface/environment/library_path.dsv
[1.052s] -- Up-to-date: /home/epon/AutoDrive/autonomous_combine/install/common_interface/lib/libcommon_interface__rosidl_generator_c.so
[1.052s] -- Up-to-date: /home/epon/AutoDrive/autonomous_combine/install/common_interface/include/common_interface/common_interface
[1.053s] -- Up-to-date: /home/epon/AutoDrive/autonomous_combine/install/common_interface/include/common_interface/common_interface/msg
[1.053s] -- Up-to-date: /home/epon/AutoDrive/autonomous_combine/install/common_interface/include/common_interface/common_interface/msg/rosidl_typesupport_fastrtps_c__visibility_control.h
[1.053s] -- Up-to-date: /home/epon/AutoDrive/autonomous_combine/install/common_interface/include/common_interface/common_interface/msg/detail
[1.053s] -- Up-to-date: /home/epon/AutoDrive/autonomous_combine/install/common_interface/include/common_interface/common_interface/msg/detail/ser_com_struct__rosidl_typesupport_fastrtps_c.h
[1.053s] -- Up-to-date: /home/epon/AutoDrive/autonomous_combine/install/common_interface/include/common_interface/common_interface/msg/detail/key_ctrl__rosidl_typesupport_fastrtps_c.h
[1.053s] -- Up-to-date: /home/epon/AutoDrive/autonomous_combine/install/common_interface/lib/libcommon_interface__rosidl_typesupport_fastrtps_c.so
[1.055s] -- Up-to-date: /home/epon/AutoDrive/autonomous_combine/install/common_interface/include/common_interface/common_interface
[1.055s] -- Up-to-date: /home/epon/AutoDrive/autonomous_combine/install/common_interface/include/common_interface/common_interface/msg
[1.055s] -- Up-to-date: /home/epon/AutoDrive/autonomous_combine/install/common_interface/include/common_interface/common_interface/msg/rosidl_typesupport_introspection_c__visibility_control.h
[1.056s] -- Up-to-date: /home/epon/AutoDrive/autonomous_combine/install/common_interface/include/common_interface/common_interface/msg/detail
[1.056s] -- Up-to-date: /home/epon/AutoDrive/autonomous_combine/install/common_interface/include/common_interface/common_interface/msg/detail/ser_com_struct__type_support.c
[1.056s] -- Up-to-date: /home/epon/AutoDrive/autonomous_combine/install/common_interface/include/common_interface/common_interface/msg/detail/key_ctrl__type_support.c
[1.056s] -- Up-to-date: /home/epon/AutoDrive/autonomous_combine/install/common_interface/include/common_interface/common_interface/msg/detail/ser_com_struct__rosidl_typesupport_introspection_c.h
[1.056s] -- Up-to-date: /home/epon/AutoDrive/autonomous_combine/install/common_interface/include/common_interface/common_interface/msg/detail/key_ctrl__rosidl_typesupport_introspection_c.h
[1.056s] -- Up-to-date: /home/epon/AutoDrive/autonomous_combine/install/common_interface/lib/libcommon_interface__rosidl_typesupport_introspection_c.so
[1.056s] -- Up-to-date: /home/epon/AutoDrive/autonomous_combine/install/common_interface/lib/libcommon_interface__rosidl_typesupport_c.so
[1.056s] -- Up-to-date: /home/epon/AutoDrive/autonomous_combine/install/common_interface/include/common_interface/common_interface
[1.056s] -- Up-to-date: /home/epon/AutoDrive/autonomous_combine/install/common_interface/include/common_interface/common_interface/msg
[1.056s] -- Up-to-date: /home/epon/AutoDrive/autonomous_combine/install/common_interface/include/common_interface/common_interface/msg/rosidl_generator_cpp__visibility_control.hpp
[1.056s] -- Up-to-date: /home/epon/AutoDrive/autonomous_combine/install/common_interface/include/common_interface/common_interface/msg/detail
[1.057s] -- Up-to-date: /home/epon/AutoDrive/autonomous_combine/install/common_interface/include/common_interface/common_interface/msg/detail/key_ctrl__builder.hpp
[1.057s] -- Up-to-date: /home/epon/AutoDrive/autonomous_combine/install/common_interface/include/common_interface/common_interface/msg/detail/key_ctrl__struct.hpp
[1.057s] -- Up-to-date: /home/epon/AutoDrive/autonomous_combine/install/common_interface/include/common_interface/common_interface/msg/detail/ser_com_struct__struct.hpp
[1.057s] -- Up-to-date: /home/epon/AutoDrive/autonomous_combine/install/common_interface/include/common_interface/common_interface/msg/detail/key_ctrl__traits.hpp
[1.057s] -- Up-to-date: /home/epon/AutoDrive/autonomous_combine/install/common_interface/include/common_interface/common_interface/msg/detail/key_ctrl__type_support.hpp
[1.057s] -- Up-to-date: /home/epon/AutoDrive/autonomous_combine/install/common_interface/include/common_interface/common_interface/msg/detail/ser_com_struct__traits.hpp
[1.057s] -- Up-to-date: /home/epon/AutoDrive/autonomous_combine/install/common_interface/include/common_interface/common_interface/msg/detail/ser_com_struct__type_support.hpp
[1.057s] -- Up-to-date: /home/epon/AutoDrive/autonomous_combine/install/common_interface/include/common_interface/common_interface/msg/detail/ser_com_struct__builder.hpp
[1.057s] -- Up-to-date: /home/epon/AutoDrive/autonomous_combine/install/common_interface/include/common_interface/common_interface/msg/ser_com_struct.hpp
[1.057s] -- Up-to-date: /home/epon/AutoDrive/autonomous_combine/install/common_interface/include/common_interface/common_interface/msg/key_ctrl.hpp
[1.057s] -- Up-to-date: /home/epon/AutoDrive/autonomous_combine/install/common_interface/include/common_interface/common_interface
[1.058s] -- Up-to-date: /home/epon/AutoDrive/autonomous_combine/install/common_interface/include/common_interface/common_interface/msg
[1.058s] -- Up-to-date: /home/epon/AutoDrive/autonomous_combine/install/common_interface/include/common_interface/common_interface/msg/detail
[1.058s] -- Up-to-date: /home/epon/AutoDrive/autonomous_combine/install/common_interface/include/common_interface/common_interface/msg/detail/dds_fastrtps
[1.058s] -- Up-to-date: /home/epon/AutoDrive/autonomous_combine/install/common_interface/include/common_interface/common_interface/msg/detail/ser_com_struct__rosidl_typesupport_fastrtps_cpp.hpp
[1.058s] -- Up-to-date: /home/epon/AutoDrive/autonomous_combine/install/common_interface/include/common_interface/common_interface/msg/detail/key_ctrl__rosidl_typesupport_fastrtps_cpp.hpp
[1.058s] -- Up-to-date: /home/epon/AutoDrive/autonomous_combine/install/common_interface/include/common_interface/common_interface/msg/rosidl_typesupport_fastrtps_cpp__visibility_control.h
[1.058s] -- Up-to-date: /home/epon/AutoDrive/autonomous_combine/install/common_interface/lib/libcommon_interface__rosidl_typesupport_fastrtps_cpp.so
[1.058s] -- Up-to-date: /home/epon/AutoDrive/autonomous_combine/install/common_interface/include/common_interface/common_interface
[1.058s] -- Up-to-date: /home/epon/AutoDrive/autonomous_combine/install/common_interface/include/common_interface/common_interface/msg
[1.058s] -- Up-to-date: /home/epon/AutoDrive/autonomous_combine/install/common_interface/include/common_interface/common_interface/msg/detail
[1.058s] -- Up-to-date: /home/epon/AutoDrive/autonomous_combine/install/common_interface/include/common_interface/common_interface/msg/detail/ser_com_struct__rosidl_typesupport_introspection_cpp.hpp
[1.059s] -- Up-to-date: /home/epon/AutoDrive/autonomous_combine/install/common_interface/include/common_interface/common_interface/msg/detail/ser_com_struct__type_support.cpp
[1.059s] -- Up-to-date: /home/epon/AutoDrive/autonomous_combine/install/common_interface/include/common_interface/common_interface/msg/detail/key_ctrl__rosidl_typesupport_introspection_cpp.hpp
[1.059s] -- Up-to-date: /home/epon/AutoDrive/autonomous_combine/install/common_interface/include/common_interface/common_interface/msg/detail/key_ctrl__type_support.cpp
[1.059s] -- Up-to-date: /home/epon/AutoDrive/autonomous_combine/install/common_interface/lib/libcommon_interface__rosidl_typesupport_introspection_cpp.so
[1.059s] -- Up-to-date: /home/epon/AutoDrive/autonomous_combine/install/common_interface/lib/libcommon_interface__rosidl_typesupport_cpp.so
[1.062s] -- Up-to-date: /home/epon/AutoDrive/autonomous_combine/install/common_interface/share/common_interface/environment/pythonpath.sh
[1.062s] -- Up-to-date: /home/epon/AutoDrive/autonomous_combine/install/common_interface/share/common_interface/environment/pythonpath.dsv
[1.063s] -- Up-to-date: /home/epon/AutoDrive/autonomous_combine/install/common_interface/local/lib/python3.10/dist-packages/common_interface-0.0.0-py3.10.egg-info
[1.063s] -- Installing: /home/epon/AutoDrive/autonomous_combine/install/common_interface/local/lib/python3.10/dist-packages/common_interface-0.0.0-py3.10.egg-info/top_level.txt
[1.063s] -- Installing: /home/epon/AutoDrive/autonomous_combine/install/common_interface/local/lib/python3.10/dist-packages/common_interface-0.0.0-py3.10.egg-info/PKG-INFO
[1.063s] -- Installing: /home/epon/AutoDrive/autonomous_combine/install/common_interface/local/lib/python3.10/dist-packages/common_interface-0.0.0-py3.10.egg-info/dependency_links.txt
[1.063s] -- Installing: /home/epon/AutoDrive/autonomous_combine/install/common_interface/local/lib/python3.10/dist-packages/common_interface-0.0.0-py3.10.egg-info/SOURCES.txt
[1.063s] -- Up-to-date: /home/epon/AutoDrive/autonomous_combine/install/common_interface/local/lib/python3.10/dist-packages/common_interface
[1.063s] -- Up-to-date: /home/epon/AutoDrive/autonomous_combine/install/common_interface/local/lib/python3.10/dist-packages/common_interface/_common_interface_s.ep.rosidl_typesupport_introspection_c.c
[1.063s] -- Up-to-date: /home/epon/AutoDrive/autonomous_combine/install/common_interface/local/lib/python3.10/dist-packages/common_interface/common_interface_s__rosidl_typesupport_introspection_c.cpython-310-x86_64-linux-gnu.so
[1.063s] -- Up-to-date: /home/epon/AutoDrive/autonomous_combine/install/common_interface/local/lib/python3.10/dist-packages/common_interface/_common_interface_s.ep.rosidl_typesupport_c.c
[1.063s] -- Up-to-date: /home/epon/AutoDrive/autonomous_combine/install/common_interface/local/lib/python3.10/dist-packages/common_interface/common_interface_s__rosidl_typesupport_fastrtps_c.cpython-310-x86_64-linux-gnu.so
[1.063s] -- Up-to-date: /home/epon/AutoDrive/autonomous_combine/install/common_interface/local/lib/python3.10/dist-packages/common_interface/_common_interface_s.ep.rosidl_typesupport_fastrtps_c.c
[1.064s] -- Up-to-date: /home/epon/AutoDrive/autonomous_combine/install/common_interface/local/lib/python3.10/dist-packages/common_interface/__init__.py
[1.064s] -- Up-to-date: /home/epon/AutoDrive/autonomous_combine/install/common_interface/local/lib/python3.10/dist-packages/common_interface/msg
[1.064s] -- Up-to-date: /home/epon/AutoDrive/autonomous_combine/install/common_interface/local/lib/python3.10/dist-packages/common_interface/msg/_key_ctrl.py
[1.064s] -- Up-to-date: /home/epon/AutoDrive/autonomous_combine/install/common_interface/local/lib/python3.10/dist-packages/common_interface/msg/_key_ctrl_s.c
[1.064s] -- Up-to-date: /home/epon/AutoDrive/autonomous_combine/install/common_interface/local/lib/python3.10/dist-packages/common_interface/msg/__init__.py
[1.064s] -- Up-to-date: /home/epon/AutoDrive/autonomous_combine/install/common_interface/local/lib/python3.10/dist-packages/common_interface/msg/_ser_com_struct_s.c
[1.064s] -- Up-to-date: /home/epon/AutoDrive/autonomous_combine/install/common_interface/local/lib/python3.10/dist-packages/common_interface/msg/_ser_com_struct.py
[1.064s] -- Up-to-date: /home/epon/AutoDrive/autonomous_combine/install/common_interface/local/lib/python3.10/dist-packages/common_interface/libcommon_interface__rosidl_generator_py.so
[1.064s] -- Up-to-date: /home/epon/AutoDrive/autonomous_combine/install/common_interface/local/lib/python3.10/dist-packages/common_interface/common_interface_s__rosidl_typesupport_c.cpython-310-x86_64-linux-gnu.so
[1.079s] Listing '/home/epon/AutoDrive/autonomous_combine/install/common_interface/local/lib/python3.10/dist-packages/common_interface'...
[1.079s] Listing '/home/epon/AutoDrive/autonomous_combine/install/common_interface/local/lib/python3.10/dist-packages/common_interface/msg'...
[1.079s] -- Up-to-date: /home/epon/AutoDrive/autonomous_combine/install/common_interface/local/lib/python3.10/dist-packages/common_interface/common_interface_s__rosidl_typesupport_fastrtps_c.cpython-310-x86_64-linux-gnu.so
[1.080s] -- Up-to-date: /home/epon/AutoDrive/autonomous_combine/install/common_interface/local/lib/python3.10/dist-packages/common_interface/common_interface_s__rosidl_typesupport_introspection_c.cpython-310-x86_64-linux-gnu.so
[1.080s] -- Up-to-date: /home/epon/AutoDrive/autonomous_combine/install/common_interface/local/lib/python3.10/dist-packages/common_interface/common_interface_s__rosidl_typesupport_c.cpython-310-x86_64-linux-gnu.so
[1.080s] -- Up-to-date: /home/epon/AutoDrive/autonomous_combine/install/common_interface/lib/libcommon_interface__rosidl_generator_py.so
[1.081s] -- Up-to-date: /home/epon/AutoDrive/autonomous_combine/install/common_interface/share/common_interface/msg/KeyCtrl.idl
[1.081s] -- Up-to-date: /home/epon/AutoDrive/autonomous_combine/install/common_interface/share/common_interface/msg/SerComStruct.idl
[1.081s] -- Up-to-date: /home/epon/AutoDrive/autonomous_combine/install/common_interface/share/common_interface/msg/KeyCtrl.msg
[1.081s] -- Up-to-date: /home/epon/AutoDrive/autonomous_combine/install/common_interface/share/common_interface/msg/SerComStruct.msg
[1.081s] -- Up-to-date: /home/epon/AutoDrive/autonomous_combine/install/common_interface/share/common_interface/package.xml
[1.082s] -- Up-to-date: /home/epon/AutoDrive/autonomous_combine/install/common_interface/share/ament_index/resource_index/package_run_dependencies/common_interface
[1.082s] -- Up-to-date: /home/epon/AutoDrive/autonomous_combine/install/common_interface/share/ament_index/resource_index/parent_prefix_path/common_interface
[1.082s] -- Up-to-date: /home/epon/AutoDrive/autonomous_combine/install/common_interface/share/common_interface/environment/ament_prefix_path.sh
[1.082s] -- Up-to-date: /home/epon/AutoDrive/autonomous_combine/install/common_interface/share/common_interface/environment/ament_prefix_path.dsv
[1.082s] -- Up-to-date: /home/epon/AutoDrive/autonomous_combine/install/common_interface/share/common_interface/environment/path.sh
[1.082s] -- Up-to-date: /home/epon/AutoDrive/autonomous_combine/install/common_interface/share/common_interface/environment/path.dsv
[1.082s] -- Up-to-date: /home/epon/AutoDrive/autonomous_combine/install/common_interface/share/common_interface/local_setup.bash
[1.082s] -- Up-to-date: /home/epon/AutoDrive/autonomous_combine/install/common_interface/share/common_interface/local_setup.sh
[1.082s] -- Up-to-date: /home/epon/AutoDrive/autonomous_combine/install/common_interface/share/common_interface/local_setup.zsh
[1.082s] -- Up-to-date: /home/epon/AutoDrive/autonomous_combine/install/common_interface/share/common_interface/local_setup.dsv
[1.083s] -- Installing: /home/epon/AutoDrive/autonomous_combine/install/common_interface/share/common_interface/package.dsv
[1.083s] -- Up-to-date: /home/epon/AutoDrive/autonomous_combine/install/common_interface/share/ament_index/resource_index/packages/common_interface
[1.083s] -- Up-to-date: /home/epon/AutoDrive/autonomous_combine/install/common_interface/share/common_interface/cmake/export_common_interface__rosidl_generator_cExport.cmake
[1.083s] -- Up-to-date: /home/epon/AutoDrive/autonomous_combine/install/common_interface/share/common_interface/cmake/export_common_interface__rosidl_generator_cExport-noconfig.cmake
[1.083s] -- Up-to-date: /home/epon/AutoDrive/autonomous_combine/install/common_interface/share/common_interface/cmake/export_common_interface__rosidl_typesupport_fastrtps_cExport.cmake
[1.083s] -- Up-to-date: /home/epon/AutoDrive/autonomous_combine/install/common_interface/share/common_interface/cmake/export_common_interface__rosidl_typesupport_fastrtps_cExport-noconfig.cmake
[1.083s] -- Up-to-date: /home/epon/AutoDrive/autonomous_combine/install/common_interface/share/common_interface/cmake/common_interface__rosidl_typesupport_introspection_cExport.cmake
[1.084s] -- Up-to-date: /home/epon/AutoDrive/autonomous_combine/install/common_interface/share/common_interface/cmake/common_interface__rosidl_typesupport_introspection_cExport-noconfig.cmake
[1.084s] -- Up-to-date: /home/epon/AutoDrive/autonomous_combine/install/common_interface/share/common_interface/cmake/common_interface__rosidl_typesupport_cExport.cmake
[1.084s] -- Up-to-date: /home/epon/AutoDrive/autonomous_combine/install/common_interface/share/common_interface/cmake/common_interface__rosidl_typesupport_cExport-noconfig.cmake
[1.084s] -- Up-to-date: /home/epon/AutoDrive/autonomous_combine/install/common_interface/share/common_interface/cmake/export_common_interface__rosidl_generator_cppExport.cmake
[1.084s] -- Up-to-date: /home/epon/AutoDrive/autonomous_combine/install/common_interface/share/common_interface/cmake/export_common_interface__rosidl_typesupport_fastrtps_cppExport.cmake
[1.084s] -- Up-to-date: /home/epon/AutoDrive/autonomous_combine/install/common_interface/share/common_interface/cmake/export_common_interface__rosidl_typesupport_fastrtps_cppExport-noconfig.cmake
[1.084s] -- Up-to-date: /home/epon/AutoDrive/autonomous_combine/install/common_interface/share/common_interface/cmake/common_interface__rosidl_typesupport_introspection_cppExport.cmake
[1.084s] -- Up-to-date: /home/epon/AutoDrive/autonomous_combine/install/common_interface/share/common_interface/cmake/common_interface__rosidl_typesupport_introspection_cppExport-noconfig.cmake
[1.084s] -- Up-to-date: /home/epon/AutoDrive/autonomous_combine/install/common_interface/share/common_interface/cmake/common_interface__rosidl_typesupport_cppExport.cmake
[1.084s] -- Up-to-date: /home/epon/AutoDrive/autonomous_combine/install/common_interface/share/common_interface/cmake/common_interface__rosidl_typesupport_cppExport-noconfig.cmake
[1.084s] -- Up-to-date: /home/epon/AutoDrive/autonomous_combine/install/common_interface/share/common_interface/cmake/export_common_interface__rosidl_generator_pyExport.cmake
[1.085s] -- Up-to-date: /home/epon/AutoDrive/autonomous_combine/install/common_interface/share/common_interface/cmake/export_common_interface__rosidl_generator_pyExport-noconfig.cmake
[1.085s] -- Up-to-date: /home/epon/AutoDrive/autonomous_combine/install/common_interface/share/common_interface/cmake/rosidl_cmake-extras.cmake
[1.085s] -- Up-to-date: /home/epon/AutoDrive/autonomous_combine/install/common_interface/share/common_interface/cmake/ament_cmake_export_dependencies-extras.cmake
[1.085s] -- Up-to-date: /home/epon/AutoDrive/autonomous_combine/install/common_interface/share/common_interface/cmake/ament_cmake_export_include_directories-extras.cmake
[1.085s] -- Up-to-date: /home/epon/AutoDrive/autonomous_combine/install/common_interface/share/common_interface/cmake/ament_cmake_export_libraries-extras.cmake
[1.085s] -- Up-to-date: /home/epon/AutoDrive/autonomous_combine/install/common_interface/share/common_interface/cmake/ament_cmake_export_targets-extras.cmake
[1.085s] -- Up-to-date: /home/epon/AutoDrive/autonomous_combine/install/common_interface/share/common_interface/cmake/rosidl_cmake_export_typesupport_targets-extras.cmake
[1.085s] -- Up-to-date: /home/epon/AutoDrive/autonomous_combine/install/common_interface/share/common_interface/cmake/rosidl_cmake_export_typesupport_libraries-extras.cmake
[1.085s] -- Up-to-date: /home/epon/AutoDrive/autonomous_combine/install/common_interface/share/common_interface/cmake/common_interfaceConfig.cmake
[1.085s] -- Up-to-date: /home/epon/AutoDrive/autonomous_combine/install/common_interface/share/common_interface/cmake/common_interfaceConfig-version.cmake
[1.085s] -- Up-to-date: /home/epon/AutoDrive/autonomous_combine/install/common_interface/share/common_interface/package.xml
[1.107s] Invoked command in '/home/epon/AutoDrive/autonomous_combine/build/common_interface' returned '0': CMAKE_PREFIX_PATH=${CMAKE_PREFIX_PATH}:/home/epon/AutoDrive/autonomous_combine/install/robot_simulation:/home/epon/AutoDrive/autonomous_combine/install/robot_navigation:/home/epon/AutoDrive/autonomous_combine/install/my_launch:/home/epon/AutoDrive/autonomous_combine/install/control_hardware:/opt/ros/humble /usr/bin/cmake --install /home/epon/AutoDrive/autonomous_combine/build/common_interface
