running egg_info
writing ../../build/my_launch/my_launch.egg-info/PKG-INFO
writing dependency_links to ../../build/my_launch/my_launch.egg-info/dependency_links.txt
writing entry points to ../../build/my_launch/my_launch.egg-info/entry_points.txt
writing requirements to ../../build/my_launch/my_launch.egg-info/requires.txt
writing top-level names to ../../build/my_launch/my_launch.egg-info/top_level.txt
reading manifest file '../../build/my_launch/my_launch.egg-info/SOURCES.txt'
writing manifest file '../../build/my_launch/my_launch.egg-info/SOURCES.txt'
running build
running build_py
running install
running install_lib
running install_data
copying launch/image_subscriber.launch.py -> /home/epon/AutoDrive/autonomous_combine/install/my_launch/share/my_launch/launch
running install_egg_info
removing '/home/epon/AutoDrive/autonomous_combine/install/my_launch/lib/python3.10/site-packages/my_launch-0.0.0-py3.10.egg-info' (and everything under it)
Copying ../../build/my_launch/my_launch.egg-info to /home/epon/AutoDrive/autonomous_combine/install/my_launch/lib/python3.10/site-packages/my_launch-0.0.0-py3.10.egg-info
running install_scripts
Installing image_subscriber script to /home/epon/AutoDrive/autonomous_combine/install/my_launch/lib/my_launch
writing list of installed files to '/home/epon/AutoDrive/autonomous_combine/build/my_launch/install.log'
