[0.527s] Invoking command in '/home/epon/AutoDrive/autonomous_combine/src/control_hardware_package': PYTHONPATH=/home/epon/AutoDrive/autonomous_combine/build/control_hardware/prefix_override:/usr/lib/python3/dist-packages/colcon_core/task/python/colcon_distutils_commands:/home/epon/AutoDrive/autonomous_combine/install/control_hardware/lib/python3.10/site-packages:${PYTHONPATH} /usr/bin/python3 -W ignore:setup.py install is deprecated -W ignore:easy_install command is deprecated setup.py egg_info --egg-base ../../build/control_hardware build --build-base /home/epon/AutoDrive/autonomous_combine/build/control_hardware/build install --record /home/epon/AutoDrive/autonomous_combine/build/control_hardware/install.log --single-version-externally-managed install_data
[0.732s] running egg_info
[0.732s] writing ../../build/control_hardware/control_hardware.egg-info/PKG-INFO
[0.733s] writing dependency_links to ../../build/control_hardware/control_hardware.egg-info/dependency_links.txt
[0.733s] writing entry points to ../../build/control_hardware/control_hardware.egg-info/entry_points.txt
[0.733s] writing requirements to ../../build/control_hardware/control_hardware.egg-info/requires.txt
[0.733s] writing top-level names to ../../build/control_hardware/control_hardware.egg-info/top_level.txt
[0.734s] reading manifest file '../../build/control_hardware/control_hardware.egg-info/SOURCES.txt'
[0.735s] writing manifest file '../../build/control_hardware/control_hardware.egg-info/SOURCES.txt'
[0.736s] running build
[0.736s] running build_py
[0.736s] running install
[0.736s] running install_lib
[0.737s] running install_data
[0.737s] copying resource/control_hardware -> /home/epon/AutoDrive/autonomous_combine/install/control_hardware/share/ament_index/resource_index/packages
[0.738s] copying package.xml -> /home/epon/AutoDrive/autonomous_combine/install/control_hardware/share/control_hardware
[0.738s] creating /home/epon/AutoDrive/autonomous_combine/install/control_hardware/share/control_hardware/launch
[0.738s] copying launch/control_system.launch.py -> /home/epon/AutoDrive/autonomous_combine/install/control_hardware/share/control_hardware/launch
[0.738s] running install_egg_info
[0.739s] Copying ../../build/control_hardware/control_hardware.egg-info to /home/epon/AutoDrive/autonomous_combine/install/control_hardware/lib/python3.10/site-packages/control_hardware-0.0.0-py3.10.egg-info
[0.740s] running install_scripts
[0.757s] Installing cmd2gpio script to /home/epon/AutoDrive/autonomous_combine/install/control_hardware/lib/control_hardware
[0.757s] Installing cmd2pwm script to /home/epon/AutoDrive/autonomous_combine/install/control_hardware/lib/control_hardware
[0.757s] Installing joy_control_node script to /home/epon/AutoDrive/autonomous_combine/install/control_hardware/lib/control_hardware
[0.757s] Installing pwm2GPIO script to /home/epon/AutoDrive/autonomous_combine/install/control_hardware/lib/control_hardware
[0.758s] writing list of installed files to '/home/epon/AutoDrive/autonomous_combine/build/control_hardware/install.log'
[0.775s] Invoked command in '/home/epon/AutoDrive/autonomous_combine/src/control_hardware_package' returned '0': PYTHONPATH=/home/epon/AutoDrive/autonomous_combine/build/control_hardware/prefix_override:/usr/lib/python3/dist-packages/colcon_core/task/python/colcon_distutils_commands:/home/epon/AutoDrive/autonomous_combine/install/control_hardware/lib/python3.10/site-packages:${PYTHONPATH} /usr/bin/python3 -W ignore:setup.py install is deprecated -W ignore:easy_install command is deprecated setup.py egg_info --egg-base ../../build/control_hardware build --build-base /home/epon/AutoDrive/autonomous_combine/build/control_hardware/build install --record /home/epon/AutoDrive/autonomous_combine/build/control_hardware/install.log --single-version-externally-managed install_data
