[1.573s] Invoking command in '/home/epon/AutoDrive/autonomous_combine/src/control_hardware': PYTHONPATH=/home/epon/AutoDrive/autonomous_combine/build/control_hardware/prefix_override:/usr/lib/python3/dist-packages/colcon_core/task/python/colcon_distutils_commands:/home/epon/AutoDrive/autonomous_combine/install/control_hardware/lib/python3.10/site-packages:${PYTHONPATH} /usr/bin/python3 -W ignore:setup.py install is deprecated -W ignore:easy_install command is deprecated setup.py egg_info --egg-base ../../build/control_hardware build --build-base /home/epon/AutoDrive/autonomous_combine/build/control_hardware/build install --record /home/epon/AutoDrive/autonomous_combine/build/control_hardware/install.log --single-version-externally-managed install_data
[1.950s] running egg_info
[1.951s] writing ../../build/control_hardware/control_hardware.egg-info/PKG-INFO
[1.952s] writing dependency_links to ../../build/control_hardware/control_hardware.egg-info/dependency_links.txt
[1.952s] writing entry points to ../../build/control_hardware/control_hardware.egg-info/entry_points.txt
[1.953s] writing requirements to ../../build/control_hardware/control_hardware.egg-info/requires.txt
[1.953s] writing top-level names to ../../build/control_hardware/control_hardware.egg-info/top_level.txt
[1.956s] reading manifest file '../../build/control_hardware/control_hardware.egg-info/SOURCES.txt'
[1.957s] writing manifest file '../../build/control_hardware/control_hardware.egg-info/SOURCES.txt'
[1.958s] running build
[1.958s] running build_py
[1.958s] running install
[1.958s] running install_lib
[1.964s] running install_data
[1.964s] running install_egg_info
[1.967s] removing '/home/epon/AutoDrive/autonomous_combine/install/control_hardware/lib/python3.10/site-packages/control_hardware-0.0.0-py3.10.egg-info' (and everything under it)
[1.968s] Copying ../../build/control_hardware/control_hardware.egg-info to /home/epon/AutoDrive/autonomous_combine/install/control_hardware/lib/python3.10/site-packages/control_hardware-0.0.0-py3.10.egg-info
[1.971s] running install_scripts
[1.999s] Installing cmd2gpio script to /home/epon/AutoDrive/autonomous_combine/install/control_hardware/lib/control_hardware
[1.999s] Installing cmd2pwm script to /home/epon/AutoDrive/autonomous_combine/install/control_hardware/lib/control_hardware
[1.999s] Installing joy_control_node script to /home/epon/AutoDrive/autonomous_combine/install/control_hardware/lib/control_hardware
[1.999s] Installing pwm2GPIO script to /home/epon/AutoDrive/autonomous_combine/install/control_hardware/lib/control_hardware
[1.999s] writing list of installed files to '/home/epon/AutoDrive/autonomous_combine/build/control_hardware/install.log'
[2.036s] Invoked command in '/home/epon/AutoDrive/autonomous_combine/src/control_hardware' returned '0': PYTHONPATH=/home/epon/AutoDrive/autonomous_combine/build/control_hardware/prefix_override:/usr/lib/python3/dist-packages/colcon_core/task/python/colcon_distutils_commands:/home/epon/AutoDrive/autonomous_combine/install/control_hardware/lib/python3.10/site-packages:${PYTHONPATH} /usr/bin/python3 -W ignore:setup.py install is deprecated -W ignore:easy_install command is deprecated setup.py egg_info --egg-base ../../build/control_hardware build --build-base /home/epon/AutoDrive/autonomous_combine/build/control_hardware/build install --record /home/epon/AutoDrive/autonomous_combine/build/control_hardware/install.log --single-version-externally-managed install_data
