[0.274s] Invoking command in '/home/epon/AutoDrive/autonomous_combine/build/mpu9250driver': CMAKE_PREFIX_PATH=${CMAKE_PREFIX_PATH}:/home/epon/AutoDrive/autonomous_combine/install/robot_simulation:/home/epon/AutoDrive/autonomous_combine/install/robot_navigation:/home/epon/AutoDrive/autonomous_combine/install/my_launch:/home/epon/AutoDrive/autonomous_combine/install/control_hardware:/opt/ros/humble /usr/bin/cmake --build /home/epon/AutoDrive/autonomous_combine/build/mpu9250driver -- -j8 -l8
[0.770s] [ 66%] Built target mpu9250sensor
[0.770s] [ 66%] Built target linux_i2c_communicator
[0.770s] [100%] Built target mpu9250driver
[1.012s] Invoked command in '/home/epon/AutoDrive/autonomous_combine/build/mpu9250driver' returned '0': CMAKE_PREFIX_PATH=${CMAKE_PREFIX_PATH}:/home/epon/AutoDrive/autonomous_combine/install/robot_simulation:/home/epon/AutoDrive/autonomous_combine/install/robot_navigation:/home/epon/AutoDrive/autonomous_combine/install/my_launch:/home/epon/AutoDrive/autonomous_combine/install/control_hardware:/opt/ros/humble /usr/bin/cmake --build /home/epon/AutoDrive/autonomous_combine/build/mpu9250driver -- -j8 -l8
[1.020s] Invoking command in '/home/epon/AutoDrive/autonomous_combine/build/mpu9250driver': CMAKE_PREFIX_PATH=${CMAKE_PREFIX_PATH}:/home/epon/AutoDrive/autonomous_combine/install/robot_simulation:/home/epon/AutoDrive/autonomous_combine/install/robot_navigation:/home/epon/AutoDrive/autonomous_combine/install/my_launch:/home/epon/AutoDrive/autonomous_combine/install/control_hardware:/opt/ros/humble /usr/bin/cmake --install /home/epon/AutoDrive/autonomous_combine/build/mpu9250driver
[1.031s] -- Install configuration: ""
[1.032s] -- Up-to-date: /home/epon/AutoDrive/autonomous_combine/install/mpu9250driver/lib/mpu9250driver/mpu9250driver
[1.033s] -- Up-to-date: /home/epon/AutoDrive/autonomous_combine/install/mpu9250driver/share/mpu9250driver//launch
[1.033s] -- Up-to-date: /home/epon/AutoDrive/autonomous_combine/install/mpu9250driver/share/mpu9250driver//launch/mpu9250driver_launch.py
[1.033s] -- Up-to-date: /home/epon/AutoDrive/autonomous_combine/install/mpu9250driver/share/mpu9250driver//params
[1.034s] -- Up-to-date: /home/epon/AutoDrive/autonomous_combine/install/mpu9250driver/share/mpu9250driver//params/mpu9250.yaml
[1.034s] -- Up-to-date: /home/epon/AutoDrive/autonomous_combine/install/mpu9250driver/share/ament_index/resource_index/package_run_dependencies/mpu9250driver
[1.034s] -- Up-to-date: /home/epon/AutoDrive/autonomous_combine/install/mpu9250driver/share/ament_index/resource_index/parent_prefix_path/mpu9250driver
[1.034s] -- Up-to-date: /home/epon/AutoDrive/autonomous_combine/install/mpu9250driver/share/mpu9250driver/environment/ament_prefix_path.sh
[1.034s] -- Up-to-date: /home/epon/AutoDrive/autonomous_combine/install/mpu9250driver/share/mpu9250driver/environment/ament_prefix_path.dsv
[1.035s] -- Up-to-date: /home/epon/AutoDrive/autonomous_combine/install/mpu9250driver/share/mpu9250driver/environment/path.sh
[1.035s] -- Up-to-date: /home/epon/AutoDrive/autonomous_combine/install/mpu9250driver/share/mpu9250driver/environment/path.dsv
[1.036s] -- Up-to-date: /home/epon/AutoDrive/autonomous_combine/install/mpu9250driver/share/mpu9250driver/local_setup.bash
[1.037s] -- Up-to-date: /home/epon/AutoDrive/autonomous_combine/install/mpu9250driver/share/mpu9250driver/local_setup.sh
[1.038s] -- Up-to-date: /home/epon/AutoDrive/autonomous_combine/install/mpu9250driver/share/mpu9250driver/local_setup.zsh
[1.039s] -- Up-to-date: /home/epon/AutoDrive/autonomous_combine/install/mpu9250driver/share/mpu9250driver/local_setup.dsv
[1.039s] -- Installing: /home/epon/AutoDrive/autonomous_combine/install/mpu9250driver/share/mpu9250driver/package.dsv
[1.039s] -- Up-to-date: /home/epon/AutoDrive/autonomous_combine/install/mpu9250driver/share/ament_index/resource_index/packages/mpu9250driver
[1.039s] -- Up-to-date: /home/epon/AutoDrive/autonomous_combine/install/mpu9250driver/share/mpu9250driver/cmake/mpu9250driverConfig.cmake
[1.039s] -- Up-to-date: /home/epon/AutoDrive/autonomous_combine/install/mpu9250driver/share/mpu9250driver/cmake/mpu9250driverConfig-version.cmake
[1.039s] -- Up-to-date: /home/epon/AutoDrive/autonomous_combine/install/mpu9250driver/share/mpu9250driver/package.xml
[1.057s] Invoked command in '/home/epon/AutoDrive/autonomous_combine/build/mpu9250driver' returned '0': CMAKE_PREFIX_PATH=${CMAKE_PREFIX_PATH}:/home/epon/AutoDrive/autonomous_combine/install/robot_simulation:/home/epon/AutoDrive/autonomous_combine/install/robot_navigation:/home/epon/AutoDrive/autonomous_combine/install/my_launch:/home/epon/AutoDrive/autonomous_combine/install/control_hardware:/opt/ros/humble /usr/bin/cmake --install /home/epon/AutoDrive/autonomous_combine/build/mpu9250driver
