[0.090s] [34mcolcon[0m [1;30mDEBUG[0m [32mCommand line arguments: ['/usr/bin/colcon', 'build'][0m
[0.090s] [34mcolcon[0m [1;30mDEBUG[0m [32mParsed command line arguments: Namespace(log_base=None, log_level=None, verb_name='build', build_base='build', install_base='install', merge_install=False, symlink_install=False, test_result_base=None, continue_on_error=False, executor='parallel', parallel_workers=8, event_handlers=None, ignore_user_meta=False, metas=['./colcon.meta'], base_paths=['.'], packages_ignore=None, packages_ignore_regex=None, paths=None, packages_up_to=None, packages_up_to_regex=None, packages_above=None, packages_above_and_dependencies=None, packages_above_depth=None, packages_select_by_dep=None, packages_skip_by_dep=None, packages_skip_up_to=None, packages_select_build_failed=False, packages_skip_build_finished=False, packages_select_test_failures=False, packages_skip_test_passed=False, packages_select=None, packages_skip=None, packages_select_regex=None, packages_skip_regex=None, packages_start=None, packages_end=None, allow_overriding=[], cmake_args=None, cmake_target=None, cmake_target_skip_unavailable=False, cmake_clean_cache=False, cmake_clean_first=False, cmake_force_configure=False, ament_cmake_args=None, catkin_cmake_args=None, catkin_skip_building_tests=False, verb_parser=<colcon_defaults.argument_parser.defaults.DefaultArgumentsDecorator object at 0x7f6f446300d0>, verb_extension=<colcon_core.verb.build.BuildVerb object at 0x7f6f447efac0>, main=<bound method BuildVerb.main of <colcon_core.verb.build.BuildVerb object at 0x7f6f447efac0>>)[0m
[0.231s] [34mcolcon.colcon_core.package_discovery[0m [1;30mLevel 1[0m discover_packages(colcon_meta) check parameters
[0.231s] [34mcolcon.colcon_core.package_discovery[0m [1;30mLevel 1[0m discover_packages(recursive) check parameters
[0.231s] [34mcolcon.colcon_core.package_discovery[0m [1;30mLevel 1[0m discover_packages(ignore) check parameters
[0.231s] [34mcolcon.colcon_core.package_discovery[0m [1;30mLevel 1[0m discover_packages(path) check parameters
[0.231s] [34mcolcon.colcon_core.package_discovery[0m [1;30mLevel 1[0m discover_packages(colcon_meta) discover
[0.231s] [34mcolcon.colcon_core.package_discovery[0m [1;30mLevel 1[0m discover_packages(recursive) discover
[0.231s] [34mcolcon.colcon_core.package_discovery[0m [1;30mINFO[0m Crawling recursively for packages in '/home/epon/AutoDrive/autonomous_combine'
[0.231s] [34mcolcon.colcon_core.package_identification[0m [1;30mLevel 1[0m _identify(.) by extensions ['ignore', 'ignore_ament_install']
[0.232s] [34mcolcon.colcon_core.package_identification[0m [1;30mLevel 1[0m _identify(.) by extension 'ignore'
[0.232s] [34mcolcon.colcon_core.package_identification[0m [1;30mLevel 1[0m _identify(.) by extension 'ignore_ament_install'
[0.232s] [34mcolcon.colcon_core.package_identification[0m [1;30mLevel 1[0m _identify(.) by extensions ['colcon_pkg']
[0.232s] [34mcolcon.colcon_core.package_identification[0m [1;30mLevel 1[0m _identify(.) by extension 'colcon_pkg'
[0.232s] [34mcolcon.colcon_core.package_identification[0m [1;30mLevel 1[0m _identify(.) by extensions ['colcon_meta']
[0.232s] [34mcolcon.colcon_core.package_identification[0m [1;30mLevel 1[0m _identify(.) by extension 'colcon_meta'
[0.232s] [34mcolcon.colcon_core.package_identification[0m [1;30mLevel 1[0m _identify(.) by extensions ['ros']
[0.232s] [34mcolcon.colcon_core.package_identification[0m [1;30mLevel 1[0m _identify(.) by extension 'ros'
[0.240s] [34mcolcon.colcon_core.package_identification[0m [1;30mLevel 1[0m _identify(.) by extensions ['cmake', 'python']
[0.240s] [34mcolcon.colcon_core.package_identification[0m [1;30mLevel 1[0m _identify(.) by extension 'cmake'
[0.240s] [34mcolcon.colcon_core.package_identification[0m [1;30mLevel 1[0m _identify(.) by extension 'python'
[0.240s] [34mcolcon.colcon_core.package_identification[0m [1;30mLevel 1[0m _identify(.) by extensions ['python_setup_py']
[0.240s] [34mcolcon.colcon_core.package_identification[0m [1;30mLevel 1[0m _identify(.) by extension 'python_setup_py'
[0.240s] [34mcolcon.colcon_core.package_identification[0m [1;30mLevel 1[0m _identify(build) by extensions ['ignore', 'ignore_ament_install']
[0.241s] [34mcolcon.colcon_core.package_identification[0m [1;30mLevel 1[0m _identify(build) by extension 'ignore'
[0.241s] [34mcolcon.colcon_core.package_identification[0m [1;30mLevel 1[0m _identify(build) ignored
[0.241s] [34mcolcon.colcon_core.package_identification[0m [1;30mLevel 1[0m _identify(install) by extensions ['ignore', 'ignore_ament_install']
[0.241s] [34mcolcon.colcon_core.package_identification[0m [1;30mLevel 1[0m _identify(install) by extension 'ignore'
[0.241s] [34mcolcon.colcon_core.package_identification[0m [1;30mLevel 1[0m _identify(install) ignored
[0.241s] [34mcolcon.colcon_core.package_identification[0m [1;30mLevel 1[0m _identify(log) by extensions ['ignore', 'ignore_ament_install']
[0.241s] [34mcolcon.colcon_core.package_identification[0m [1;30mLevel 1[0m _identify(log) by extension 'ignore'
[0.241s] [34mcolcon.colcon_core.package_identification[0m [1;30mLevel 1[0m _identify(log) ignored
[0.241s] [34mcolcon.colcon_core.package_identification[0m [1;30mLevel 1[0m _identify(src) by extensions ['ignore', 'ignore_ament_install']
[0.241s] [34mcolcon.colcon_core.package_identification[0m [1;30mLevel 1[0m _identify(src) by extension 'ignore'
[0.241s] [34mcolcon.colcon_core.package_identification[0m [1;30mLevel 1[0m _identify(src) by extension 'ignore_ament_install'
[0.241s] [34mcolcon.colcon_core.package_identification[0m [1;30mLevel 1[0m _identify(src) by extensions ['colcon_pkg']
[0.241s] [34mcolcon.colcon_core.package_identification[0m [1;30mLevel 1[0m _identify(src) by extension 'colcon_pkg'
[0.242s] [34mcolcon.colcon_core.package_identification[0m [1;30mLevel 1[0m _identify(src) by extensions ['colcon_meta']
[0.242s] [34mcolcon.colcon_core.package_identification[0m [1;30mLevel 1[0m _identify(src) by extension 'colcon_meta'
[0.242s] [34mcolcon.colcon_core.package_identification[0m [1;30mLevel 1[0m _identify(src) by extensions ['ros']
[0.242s] [34mcolcon.colcon_core.package_identification[0m [1;30mLevel 1[0m _identify(src) by extension 'ros'
[0.242s] [34mcolcon.colcon_core.package_identification[0m [1;30mLevel 1[0m _identify(src) by extensions ['cmake', 'python']
[0.242s] [34mcolcon.colcon_core.package_identification[0m [1;30mLevel 1[0m _identify(src) by extension 'cmake'
[0.242s] [34mcolcon.colcon_core.package_identification[0m [1;30mLevel 1[0m _identify(src) by extension 'python'
[0.242s] [34mcolcon.colcon_core.package_identification[0m [1;30mLevel 1[0m _identify(src) by extensions ['python_setup_py']
[0.242s] [34mcolcon.colcon_core.package_identification[0m [1;30mLevel 1[0m _identify(src) by extension 'python_setup_py'
[0.242s] [34mcolcon.colcon_core.package_identification[0m [1;30mLevel 1[0m _identify(src/control_hardware) by extensions ['ignore', 'ignore_ament_install']
[0.242s] [34mcolcon.colcon_core.package_identification[0m [1;30mLevel 1[0m _identify(src/control_hardware) by extension 'ignore'
[0.242s] [34mcolcon.colcon_core.package_identification[0m [1;30mLevel 1[0m _identify(src/control_hardware) by extension 'ignore_ament_install'
[0.242s] [34mcolcon.colcon_core.package_identification[0m [1;30mLevel 1[0m _identify(src/control_hardware) by extensions ['colcon_pkg']
[0.242s] [34mcolcon.colcon_core.package_identification[0m [1;30mLevel 1[0m _identify(src/control_hardware) by extension 'colcon_pkg'
[0.242s] [34mcolcon.colcon_core.package_identification[0m [1;30mLevel 1[0m _identify(src/control_hardware) by extensions ['colcon_meta']
[0.242s] [34mcolcon.colcon_core.package_identification[0m [1;30mLevel 1[0m _identify(src/control_hardware) by extension 'colcon_meta'
[0.242s] [34mcolcon.colcon_core.package_identification[0m [1;30mLevel 1[0m _identify(src/control_hardware) by extensions ['ros']
[0.242s] [34mcolcon.colcon_core.package_identification[0m [1;30mLevel 1[0m _identify(src/control_hardware) by extension 'ros'
[0.245s] [34mcolcon.colcon_core.package_identification[0m [1;30mDEBUG[0m [32mPackage 'src/control_hardware' with type 'ros.ament_python' and name 'control_hardware'[0m
[0.245s] [34mcolcon.colcon_core.package_identification[0m [1;30mLevel 1[0m _identify(src/my_launch) by extensions ['ignore', 'ignore_ament_install']
[0.246s] [34mcolcon.colcon_core.package_identification[0m [1;30mLevel 1[0m _identify(src/my_launch) by extension 'ignore'
[0.246s] [34mcolcon.colcon_core.package_identification[0m [1;30mLevel 1[0m _identify(src/my_launch) by extension 'ignore_ament_install'
[0.246s] [34mcolcon.colcon_core.package_identification[0m [1;30mLevel 1[0m _identify(src/my_launch) by extensions ['colcon_pkg']
[0.246s] [34mcolcon.colcon_core.package_identification[0m [1;30mLevel 1[0m _identify(src/my_launch) by extension 'colcon_pkg'
[0.246s] [34mcolcon.colcon_core.package_identification[0m [1;30mLevel 1[0m _identify(src/my_launch) by extensions ['colcon_meta']
[0.246s] [34mcolcon.colcon_core.package_identification[0m [1;30mLevel 1[0m _identify(src/my_launch) by extension 'colcon_meta'
[0.246s] [34mcolcon.colcon_core.package_identification[0m [1;30mLevel 1[0m _identify(src/my_launch) by extensions ['ros']
[0.246s] [34mcolcon.colcon_core.package_identification[0m [1;30mLevel 1[0m _identify(src/my_launch) by extension 'ros'
[0.246s] [34mcolcon.colcon_core.package_identification[0m [1;30mDEBUG[0m [32mPackage 'src/my_launch' with type 'ros.ament_python' and name 'my_launch'[0m
[0.247s] [34mcolcon.colcon_core.package_identification[0m [1;30mLevel 1[0m _identify(src/robot_description) by extensions ['ignore', 'ignore_ament_install']
[0.247s] [34mcolcon.colcon_core.package_identification[0m [1;30mLevel 1[0m _identify(src/robot_description) by extension 'ignore'
[0.247s] [34mcolcon.colcon_core.package_identification[0m [1;30mLevel 1[0m _identify(src/robot_description) by extension 'ignore_ament_install'
[0.247s] [34mcolcon.colcon_core.package_identification[0m [1;30mLevel 1[0m _identify(src/robot_description) by extensions ['colcon_pkg']
[0.247s] [34mcolcon.colcon_core.package_identification[0m [1;30mLevel 1[0m _identify(src/robot_description) by extension 'colcon_pkg'
[0.247s] [34mcolcon.colcon_core.package_identification[0m [1;30mLevel 1[0m _identify(src/robot_description) by extensions ['colcon_meta']
[0.247s] [34mcolcon.colcon_core.package_identification[0m [1;30mLevel 1[0m _identify(src/robot_description) by extension 'colcon_meta'
[0.247s] [34mcolcon.colcon_core.package_identification[0m [1;30mLevel 1[0m _identify(src/robot_description) by extensions ['ros']
[0.247s] [34mcolcon.colcon_core.package_identification[0m [1;30mLevel 1[0m _identify(src/robot_description) by extension 'ros'
[0.247s] [34mcolcon.colcon_core.package_identification[0m [1;30mDEBUG[0m [32mPackage 'src/robot_description' with type 'ros.ament_cmake' and name 'robot_description'[0m
[0.248s] [34mcolcon.colcon_core.package_identification[0m [1;30mLevel 1[0m _identify(src/robot_navigation) by extensions ['ignore', 'ignore_ament_install']
[0.248s] [34mcolcon.colcon_core.package_identification[0m [1;30mLevel 1[0m _identify(src/robot_navigation) by extension 'ignore'
[0.248s] [34mcolcon.colcon_core.package_identification[0m [1;30mLevel 1[0m _identify(src/robot_navigation) by extension 'ignore_ament_install'
[0.248s] [34mcolcon.colcon_core.package_identification[0m [1;30mLevel 1[0m _identify(src/robot_navigation) by extensions ['colcon_pkg']
[0.248s] [34mcolcon.colcon_core.package_identification[0m [1;30mLevel 1[0m _identify(src/robot_navigation) by extension 'colcon_pkg'
[0.248s] [34mcolcon.colcon_core.package_identification[0m [1;30mLevel 1[0m _identify(src/robot_navigation) by extensions ['colcon_meta']
[0.248s] [34mcolcon.colcon_core.package_identification[0m [1;30mLevel 1[0m _identify(src/robot_navigation) by extension 'colcon_meta'
[0.248s] [34mcolcon.colcon_core.package_identification[0m [1;30mLevel 1[0m _identify(src/robot_navigation) by extensions ['ros']
[0.248s] [34mcolcon.colcon_core.package_identification[0m [1;30mLevel 1[0m _identify(src/robot_navigation) by extension 'ros'
[0.255s] [34mcolcon.colcon_core.package_identification[0m [1;30mDEBUG[0m [32mPackage 'src/robot_navigation' with type 'ros.ament_python' and name 'robot_navigation'[0m
[0.255s] [34mcolcon.colcon_core.package_identification[0m [1;30mLevel 1[0m _identify(src/robot_simulation) by extensions ['ignore', 'ignore_ament_install']
[0.256s] [34mcolcon.colcon_core.package_identification[0m [1;30mLevel 1[0m _identify(src/robot_simulation) by extension 'ignore'
[0.256s] [34mcolcon.colcon_core.package_identification[0m [1;30mLevel 1[0m _identify(src/robot_simulation) by extension 'ignore_ament_install'
[0.256s] [34mcolcon.colcon_core.package_identification[0m [1;30mLevel 1[0m _identify(src/robot_simulation) by extensions ['colcon_pkg']
[0.256s] [34mcolcon.colcon_core.package_identification[0m [1;30mLevel 1[0m _identify(src/robot_simulation) by extension 'colcon_pkg'
[0.256s] [34mcolcon.colcon_core.package_identification[0m [1;30mLevel 1[0m _identify(src/robot_simulation) by extensions ['colcon_meta']
[0.256s] [34mcolcon.colcon_core.package_identification[0m [1;30mLevel 1[0m _identify(src/robot_simulation) by extension 'colcon_meta'
[0.256s] [34mcolcon.colcon_core.package_identification[0m [1;30mLevel 1[0m _identify(src/robot_simulation) by extensions ['ros']
[0.256s] [34mcolcon.colcon_core.package_identification[0m [1;30mLevel 1[0m _identify(src/robot_simulation) by extension 'ros'
[0.256s] [34mcolcon.colcon_core.package_identification[0m [1;30mDEBUG[0m [32mPackage 'src/robot_simulation' with type 'ros.ament_python' and name 'robot_simulation'[0m
[0.257s] [34mcolcon.colcon_core.package_identification[0m [1;30mLevel 1[0m _identify(src/ros2_mpu9250_driver) by extensions ['ignore', 'ignore_ament_install']
[0.257s] [34mcolcon.colcon_core.package_identification[0m [1;30mLevel 1[0m _identify(src/ros2_mpu9250_driver) by extension 'ignore'
[0.257s] [34mcolcon.colcon_core.package_identification[0m [1;30mLevel 1[0m _identify(src/ros2_mpu9250_driver) by extension 'ignore_ament_install'
[0.257s] [34mcolcon.colcon_core.package_identification[0m [1;30mLevel 1[0m _identify(src/ros2_mpu9250_driver) by extensions ['colcon_pkg']
[0.257s] [34mcolcon.colcon_core.package_identification[0m [1;30mLevel 1[0m _identify(src/ros2_mpu9250_driver) by extension 'colcon_pkg'
[0.257s] [34mcolcon.colcon_core.package_identification[0m [1;30mLevel 1[0m _identify(src/ros2_mpu9250_driver) by extensions ['colcon_meta']
[0.257s] [34mcolcon.colcon_core.package_identification[0m [1;30mLevel 1[0m _identify(src/ros2_mpu9250_driver) by extension 'colcon_meta'
[0.257s] [34mcolcon.colcon_core.package_identification[0m [1;30mLevel 1[0m _identify(src/ros2_mpu9250_driver) by extensions ['ros']
[0.257s] [34mcolcon.colcon_core.package_identification[0m [1;30mLevel 1[0m _identify(src/ros2_mpu9250_driver) by extension 'ros'
[0.257s] [34mcolcon.colcon_core.package_identification[0m [1;30mDEBUG[0m [32mPackage 'src/ros2_mpu9250_driver' with type 'ros.ament_cmake' and name 'mpu9250driver'[0m
[0.258s] [34mcolcon.colcon_core.package_discovery[0m [1;30mLevel 1[0m discover_packages(recursive) using defaults
[0.258s] [34mcolcon.colcon_core.package_discovery[0m [1;30mLevel 1[0m discover_packages(ignore) discover
[0.258s] [34mcolcon.colcon_core.package_discovery[0m [1;30mLevel 1[0m discover_packages(ignore) using defaults
[0.258s] [34mcolcon.colcon_core.package_discovery[0m [1;30mLevel 1[0m discover_packages(path) discover
[0.258s] [34mcolcon.colcon_core.package_discovery[0m [1;30mLevel 1[0m discover_packages(path) using defaults
[0.270s] [34mcolcon.colcon_core.package_discovery[0m [1;30mLevel 1[0m discover_packages(prefix_path) check parameters
[0.270s] [34mcolcon.colcon_core.package_discovery[0m [1;30mLevel 1[0m discover_packages(prefix_path) discover
[0.272s] [34mcolcon.colcon_installed_package_information.package_discovery[0m [1;30mDEBUG[0m [32mFound 6 installed packages in /home/epon/AutoDrive/autonomous_combine/install[0m
[0.273s] [34mcolcon.colcon_installed_package_information.package_discovery[0m [1;30mDEBUG[0m [32mFound 399 installed packages in /opt/ros/humble[0m
[0.275s] [34mcolcon.colcon_core.package_discovery[0m [1;30mLevel 1[0m discover_packages(prefix_path) using defaults
[0.314s] [34mcolcon.colcon_core.verb[0m [1;30mLevel 5[0m set package 'control_hardware' build argument 'cmake_args' from command line to 'None'
[0.314s] [34mcolcon.colcon_core.verb[0m [1;30mLevel 5[0m set package 'control_hardware' build argument 'cmake_target' from command line to 'None'
[0.314s] [34mcolcon.colcon_core.verb[0m [1;30mLevel 5[0m set package 'control_hardware' build argument 'cmake_target_skip_unavailable' from command line to 'False'
[0.314s] [34mcolcon.colcon_core.verb[0m [1;30mLevel 5[0m set package 'control_hardware' build argument 'cmake_clean_cache' from command line to 'False'
[0.314s] [34mcolcon.colcon_core.verb[0m [1;30mLevel 5[0m set package 'control_hardware' build argument 'cmake_clean_first' from command line to 'False'
[0.314s] [34mcolcon.colcon_core.verb[0m [1;30mLevel 5[0m set package 'control_hardware' build argument 'cmake_force_configure' from command line to 'False'
[0.314s] [34mcolcon.colcon_core.verb[0m [1;30mLevel 5[0m set package 'control_hardware' build argument 'ament_cmake_args' from command line to 'None'
[0.314s] [34mcolcon.colcon_core.verb[0m [1;30mLevel 5[0m set package 'control_hardware' build argument 'catkin_cmake_args' from command line to 'None'
[0.314s] [34mcolcon.colcon_core.verb[0m [1;30mLevel 5[0m set package 'control_hardware' build argument 'catkin_skip_building_tests' from command line to 'False'
[0.315s] [34mcolcon.colcon_core.verb[0m [1;30mDEBUG[0m [32mBuilding package 'control_hardware' with the following arguments: {'ament_cmake_args': None, 'build_base': '/home/epon/AutoDrive/autonomous_combine/build/control_hardware', 'catkin_cmake_args': None, 'catkin_skip_building_tests': False, 'cmake_args': None, 'cmake_clean_cache': False, 'cmake_clean_first': False, 'cmake_force_configure': False, 'cmake_target': None, 'cmake_target_skip_unavailable': False, 'install_base': '/home/epon/AutoDrive/autonomous_combine/install/control_hardware', 'merge_install': False, 'path': '/home/epon/AutoDrive/autonomous_combine/src/control_hardware', 'symlink_install': False, 'test_result_base': None}[0m
[0.315s] [34mcolcon.colcon_core.verb[0m [1;30mLevel 5[0m set package 'mpu9250driver' build argument 'cmake_args' from command line to 'None'
[0.315s] [34mcolcon.colcon_core.verb[0m [1;30mLevel 5[0m set package 'mpu9250driver' build argument 'cmake_target' from command line to 'None'
[0.315s] [34mcolcon.colcon_core.verb[0m [1;30mLevel 5[0m set package 'mpu9250driver' build argument 'cmake_target_skip_unavailable' from command line to 'False'
[0.315s] [34mcolcon.colcon_core.verb[0m [1;30mLevel 5[0m set package 'mpu9250driver' build argument 'cmake_clean_cache' from command line to 'False'
[0.315s] [34mcolcon.colcon_core.verb[0m [1;30mLevel 5[0m set package 'mpu9250driver' build argument 'cmake_clean_first' from command line to 'False'
[0.315s] [34mcolcon.colcon_core.verb[0m [1;30mLevel 5[0m set package 'mpu9250driver' build argument 'cmake_force_configure' from command line to 'False'
[0.315s] [34mcolcon.colcon_core.verb[0m [1;30mLevel 5[0m set package 'mpu9250driver' build argument 'ament_cmake_args' from command line to 'None'
[0.315s] [34mcolcon.colcon_core.verb[0m [1;30mLevel 5[0m set package 'mpu9250driver' build argument 'catkin_cmake_args' from command line to 'None'
[0.315s] [34mcolcon.colcon_core.verb[0m [1;30mLevel 5[0m set package 'mpu9250driver' build argument 'catkin_skip_building_tests' from command line to 'False'
[0.315s] [34mcolcon.colcon_core.verb[0m [1;30mDEBUG[0m [32mBuilding package 'mpu9250driver' with the following arguments: {'ament_cmake_args': None, 'build_base': '/home/epon/AutoDrive/autonomous_combine/build/mpu9250driver', 'catkin_cmake_args': None, 'catkin_skip_building_tests': False, 'cmake_args': None, 'cmake_clean_cache': False, 'cmake_clean_first': False, 'cmake_force_configure': False, 'cmake_target': None, 'cmake_target_skip_unavailable': False, 'install_base': '/home/epon/AutoDrive/autonomous_combine/install/mpu9250driver', 'merge_install': False, 'path': '/home/epon/AutoDrive/autonomous_combine/src/ros2_mpu9250_driver', 'symlink_install': False, 'test_result_base': None}[0m
[0.316s] [34mcolcon.colcon_core.verb[0m [1;30mLevel 5[0m set package 'my_launch' build argument 'cmake_args' from command line to 'None'
[0.316s] [34mcolcon.colcon_core.verb[0m [1;30mLevel 5[0m set package 'my_launch' build argument 'cmake_target' from command line to 'None'
[0.316s] [34mcolcon.colcon_core.verb[0m [1;30mLevel 5[0m set package 'my_launch' build argument 'cmake_target_skip_unavailable' from command line to 'False'
[0.316s] [34mcolcon.colcon_core.verb[0m [1;30mLevel 5[0m set package 'my_launch' build argument 'cmake_clean_cache' from command line to 'False'
[0.316s] [34mcolcon.colcon_core.verb[0m [1;30mLevel 5[0m set package 'my_launch' build argument 'cmake_clean_first' from command line to 'False'
[0.316s] [34mcolcon.colcon_core.verb[0m [1;30mLevel 5[0m set package 'my_launch' build argument 'cmake_force_configure' from command line to 'False'
[0.316s] [34mcolcon.colcon_core.verb[0m [1;30mLevel 5[0m set package 'my_launch' build argument 'ament_cmake_args' from command line to 'None'
[0.316s] [34mcolcon.colcon_core.verb[0m [1;30mLevel 5[0m set package 'my_launch' build argument 'catkin_cmake_args' from command line to 'None'
[0.316s] [34mcolcon.colcon_core.verb[0m [1;30mLevel 5[0m set package 'my_launch' build argument 'catkin_skip_building_tests' from command line to 'False'
[0.316s] [34mcolcon.colcon_core.verb[0m [1;30mDEBUG[0m [32mBuilding package 'my_launch' with the following arguments: {'ament_cmake_args': None, 'build_base': '/home/epon/AutoDrive/autonomous_combine/build/my_launch', 'catkin_cmake_args': None, 'catkin_skip_building_tests': False, 'cmake_args': None, 'cmake_clean_cache': False, 'cmake_clean_first': False, 'cmake_force_configure': False, 'cmake_target': None, 'cmake_target_skip_unavailable': False, 'install_base': '/home/epon/AutoDrive/autonomous_combine/install/my_launch', 'merge_install': False, 'path': '/home/epon/AutoDrive/autonomous_combine/src/my_launch', 'symlink_install': False, 'test_result_base': None}[0m
[0.316s] [34mcolcon.colcon_core.verb[0m [1;30mLevel 5[0m set package 'robot_description' build argument 'cmake_args' from command line to 'None'
[0.316s] [34mcolcon.colcon_core.verb[0m [1;30mLevel 5[0m set package 'robot_description' build argument 'cmake_target' from command line to 'None'
[0.316s] [34mcolcon.colcon_core.verb[0m [1;30mLevel 5[0m set package 'robot_description' build argument 'cmake_target_skip_unavailable' from command line to 'False'
[0.316s] [34mcolcon.colcon_core.verb[0m [1;30mLevel 5[0m set package 'robot_description' build argument 'cmake_clean_cache' from command line to 'False'
[0.316s] [34mcolcon.colcon_core.verb[0m [1;30mLevel 5[0m set package 'robot_description' build argument 'cmake_clean_first' from command line to 'False'
[0.316s] [34mcolcon.colcon_core.verb[0m [1;30mLevel 5[0m set package 'robot_description' build argument 'cmake_force_configure' from command line to 'False'
[0.316s] [34mcolcon.colcon_core.verb[0m [1;30mLevel 5[0m set package 'robot_description' build argument 'ament_cmake_args' from command line to 'None'
[0.316s] [34mcolcon.colcon_core.verb[0m [1;30mLevel 5[0m set package 'robot_description' build argument 'catkin_cmake_args' from command line to 'None'
[0.317s] [34mcolcon.colcon_core.verb[0m [1;30mLevel 5[0m set package 'robot_description' build argument 'catkin_skip_building_tests' from command line to 'False'
[0.317s] [34mcolcon.colcon_core.verb[0m [1;30mDEBUG[0m [32mBuilding package 'robot_description' with the following arguments: {'ament_cmake_args': None, 'build_base': '/home/epon/AutoDrive/autonomous_combine/build/robot_description', 'catkin_cmake_args': None, 'catkin_skip_building_tests': False, 'cmake_args': None, 'cmake_clean_cache': False, 'cmake_clean_first': False, 'cmake_force_configure': False, 'cmake_target': None, 'cmake_target_skip_unavailable': False, 'install_base': '/home/epon/AutoDrive/autonomous_combine/install/robot_description', 'merge_install': False, 'path': '/home/epon/AutoDrive/autonomous_combine/src/robot_description', 'symlink_install': False, 'test_result_base': None}[0m
[0.317s] [34mcolcon.colcon_core.verb[0m [1;30mLevel 5[0m set package 'robot_navigation' build argument 'cmake_args' from command line to 'None'
[0.317s] [34mcolcon.colcon_core.verb[0m [1;30mLevel 5[0m set package 'robot_navigation' build argument 'cmake_target' from command line to 'None'
[0.317s] [34mcolcon.colcon_core.verb[0m [1;30mLevel 5[0m set package 'robot_navigation' build argument 'cmake_target_skip_unavailable' from command line to 'False'
[0.317s] [34mcolcon.colcon_core.verb[0m [1;30mLevel 5[0m set package 'robot_navigation' build argument 'cmake_clean_cache' from command line to 'False'
[0.317s] [34mcolcon.colcon_core.verb[0m [1;30mLevel 5[0m set package 'robot_navigation' build argument 'cmake_clean_first' from command line to 'False'
[0.317s] [34mcolcon.colcon_core.verb[0m [1;30mLevel 5[0m set package 'robot_navigation' build argument 'cmake_force_configure' from command line to 'False'
[0.317s] [34mcolcon.colcon_core.verb[0m [1;30mLevel 5[0m set package 'robot_navigation' build argument 'ament_cmake_args' from command line to 'None'
[0.317s] [34mcolcon.colcon_core.verb[0m [1;30mLevel 5[0m set package 'robot_navigation' build argument 'catkin_cmake_args' from command line to 'None'
[0.317s] [34mcolcon.colcon_core.verb[0m [1;30mLevel 5[0m set package 'robot_navigation' build argument 'catkin_skip_building_tests' from command line to 'False'
[0.317s] [34mcolcon.colcon_core.verb[0m [1;30mDEBUG[0m [32mBuilding package 'robot_navigation' with the following arguments: {'ament_cmake_args': None, 'build_base': '/home/epon/AutoDrive/autonomous_combine/build/robot_navigation', 'catkin_cmake_args': None, 'catkin_skip_building_tests': False, 'cmake_args': None, 'cmake_clean_cache': False, 'cmake_clean_first': False, 'cmake_force_configure': False, 'cmake_target': None, 'cmake_target_skip_unavailable': False, 'install_base': '/home/epon/AutoDrive/autonomous_combine/install/robot_navigation', 'merge_install': False, 'path': '/home/epon/AutoDrive/autonomous_combine/src/robot_navigation', 'symlink_install': False, 'test_result_base': None}[0m
[0.317s] [34mcolcon.colcon_core.verb[0m [1;30mLevel 5[0m set package 'robot_simulation' build argument 'cmake_args' from command line to 'None'
[0.318s] [34mcolcon.colcon_core.verb[0m [1;30mLevel 5[0m set package 'robot_simulation' build argument 'cmake_target' from command line to 'None'
[0.318s] [34mcolcon.colcon_core.verb[0m [1;30mLevel 5[0m set package 'robot_simulation' build argument 'cmake_target_skip_unavailable' from command line to 'False'
[0.318s] [34mcolcon.colcon_core.verb[0m [1;30mLevel 5[0m set package 'robot_simulation' build argument 'cmake_clean_cache' from command line to 'False'
[0.318s] [34mcolcon.colcon_core.verb[0m [1;30mLevel 5[0m set package 'robot_simulation' build argument 'cmake_clean_first' from command line to 'False'
[0.318s] [34mcolcon.colcon_core.verb[0m [1;30mLevel 5[0m set package 'robot_simulation' build argument 'cmake_force_configure' from command line to 'False'
[0.318s] [34mcolcon.colcon_core.verb[0m [1;30mLevel 5[0m set package 'robot_simulation' build argument 'ament_cmake_args' from command line to 'None'
[0.318s] [34mcolcon.colcon_core.verb[0m [1;30mLevel 5[0m set package 'robot_simulation' build argument 'catkin_cmake_args' from command line to 'None'
[0.318s] [34mcolcon.colcon_core.verb[0m [1;30mLevel 5[0m set package 'robot_simulation' build argument 'catkin_skip_building_tests' from command line to 'False'
[0.318s] [34mcolcon.colcon_core.verb[0m [1;30mDEBUG[0m [32mBuilding package 'robot_simulation' with the following arguments: {'ament_cmake_args': None, 'build_base': '/home/epon/AutoDrive/autonomous_combine/build/robot_simulation', 'catkin_cmake_args': None, 'catkin_skip_building_tests': False, 'cmake_args': None, 'cmake_clean_cache': False, 'cmake_clean_first': False, 'cmake_force_configure': False, 'cmake_target': None, 'cmake_target_skip_unavailable': False, 'install_base': '/home/epon/AutoDrive/autonomous_combine/install/robot_simulation', 'merge_install': False, 'path': '/home/epon/AutoDrive/autonomous_combine/src/robot_simulation', 'symlink_install': False, 'test_result_base': None}[0m
[0.318s] [34mcolcon.colcon_core.executor[0m [1;30mINFO[0m Executing jobs using 'parallel' executor
[0.319s] [34mcolcon.colcon_parallel_executor.executor.parallel[0m [1;30mDEBUG[0m [32mrun_until_complete[0m
[0.319s] [34mcolcon.colcon_ros.task.ament_python.build[0m [1;30mINFO[0m Building ROS package in '/home/epon/AutoDrive/autonomous_combine/src/control_hardware' with build type 'ament_python'
[0.319s] [34mcolcon.colcon_core.shell[0m [1;30mLevel 1[0m create_environment_hook('control_hardware', 'ament_prefix_path')
[0.321s] [34mcolcon.colcon_core.plugin_system[0m [1;30mINFO[0m Skipping extension 'colcon_core.shell.bat': Not used on non-Windows systems
[0.321s] [34mcolcon.colcon_core.shell[0m [1;30mINFO[0m Creating environment hook '/home/epon/AutoDrive/autonomous_combine/install/control_hardware/share/control_hardware/hook/ament_prefix_path.ps1'
[0.322s] [34mcolcon.colcon_core.shell[0m [1;30mINFO[0m Creating environment descriptor '/home/epon/AutoDrive/autonomous_combine/install/control_hardware/share/control_hardware/hook/ament_prefix_path.dsv'
[0.322s] [34mcolcon.colcon_core.shell[0m [1;30mINFO[0m Creating environment hook '/home/epon/AutoDrive/autonomous_combine/install/control_hardware/share/control_hardware/hook/ament_prefix_path.sh'
[0.323s] [34mcolcon.colcon_core.shell[0m [1;30mINFO[0m Skip shell extension 'powershell' for command environment: Not usable outside of PowerShell
[0.323s] [34mcolcon.colcon_core.shell[0m [1;30mDEBUG[0m [32mSkip shell extension 'dsv' for command environment[0m
[0.326s] [34mcolcon.colcon_ros.task.ament_cmake.build[0m [1;30mINFO[0m Building ROS package in '/home/epon/AutoDrive/autonomous_combine/src/ros2_mpu9250_driver' with build type 'ament_cmake'
[0.326s] [34mcolcon.colcon_cmake.task.cmake.build[0m [1;30mINFO[0m Building CMake package in '/home/epon/AutoDrive/autonomous_combine/src/ros2_mpu9250_driver'
[0.326s] [34mcolcon.colcon_core.shell[0m [1;30mINFO[0m Skip shell extension 'powershell' for command environment: Not usable outside of PowerShell
[0.326s] [34mcolcon.colcon_core.shell[0m [1;30mDEBUG[0m [32mSkip shell extension 'dsv' for command environment[0m
[0.329s] [34mcolcon.colcon_ros.task.ament_python.build[0m [1;30mINFO[0m Building ROS package in '/home/epon/AutoDrive/autonomous_combine/src/my_launch' with build type 'ament_python'
[0.329s] [34mcolcon.colcon_core.shell[0m [1;30mLevel 1[0m create_environment_hook('my_launch', 'ament_prefix_path')
[0.329s] [34mcolcon.colcon_core.shell[0m [1;30mINFO[0m Creating environment hook '/home/epon/AutoDrive/autonomous_combine/install/my_launch/share/my_launch/hook/ament_prefix_path.ps1'
[0.330s] [34mcolcon.colcon_core.shell[0m [1;30mINFO[0m Creating environment descriptor '/home/epon/AutoDrive/autonomous_combine/install/my_launch/share/my_launch/hook/ament_prefix_path.dsv'
[0.330s] [34mcolcon.colcon_core.shell[0m [1;30mINFO[0m Creating environment hook '/home/epon/AutoDrive/autonomous_combine/install/my_launch/share/my_launch/hook/ament_prefix_path.sh'
[0.331s] [34mcolcon.colcon_core.shell[0m [1;30mINFO[0m Skip shell extension 'powershell' for command environment: Not usable outside of PowerShell
[0.331s] [34mcolcon.colcon_core.shell[0m [1;30mDEBUG[0m [32mSkip shell extension 'dsv' for command environment[0m
[0.334s] [34mcolcon.colcon_ros.task.ament_cmake.build[0m [1;30mINFO[0m Building ROS package in '/home/epon/AutoDrive/autonomous_combine/src/robot_description' with build type 'ament_cmake'
[0.334s] [34mcolcon.colcon_cmake.task.cmake.build[0m [1;30mINFO[0m Building CMake package in '/home/epon/AutoDrive/autonomous_combine/src/robot_description'
[0.334s] [34mcolcon.colcon_core.shell[0m [1;30mINFO[0m Skip shell extension 'powershell' for command environment: Not usable outside of PowerShell
[0.334s] [34mcolcon.colcon_core.shell[0m [1;30mDEBUG[0m [32mSkip shell extension 'dsv' for command environment[0m
[0.338s] [34mcolcon.colcon_ros.task.ament_python.build[0m [1;30mINFO[0m Building ROS package in '/home/epon/AutoDrive/autonomous_combine/src/robot_navigation' with build type 'ament_python'
[0.338s] [34mcolcon.colcon_core.shell[0m [1;30mLevel 1[0m create_environment_hook('robot_navigation', 'ament_prefix_path')
[0.338s] [34mcolcon.colcon_core.shell[0m [1;30mINFO[0m Creating environment hook '/home/epon/AutoDrive/autonomous_combine/install/robot_navigation/share/robot_navigation/hook/ament_prefix_path.ps1'
[0.338s] [34mcolcon.colcon_core.shell[0m [1;30mINFO[0m Creating environment descriptor '/home/epon/AutoDrive/autonomous_combine/install/robot_navigation/share/robot_navigation/hook/ament_prefix_path.dsv'
[0.339s] [34mcolcon.colcon_core.shell[0m [1;30mINFO[0m Creating environment hook '/home/epon/AutoDrive/autonomous_combine/install/robot_navigation/share/robot_navigation/hook/ament_prefix_path.sh'
[0.339s] [34mcolcon.colcon_core.shell[0m [1;30mINFO[0m Skip shell extension 'powershell' for command environment: Not usable outside of PowerShell
[0.340s] [34mcolcon.colcon_core.shell[0m [1;30mDEBUG[0m [32mSkip shell extension 'dsv' for command environment[0m
[0.342s] [34mcolcon.colcon_ros.task.ament_python.build[0m [1;30mINFO[0m Building ROS package in '/home/epon/AutoDrive/autonomous_combine/src/robot_simulation' with build type 'ament_python'
[0.343s] [34mcolcon.colcon_core.shell[0m [1;30mLevel 1[0m create_environment_hook('robot_simulation', 'ament_prefix_path')
[0.343s] [34mcolcon.colcon_core.shell[0m [1;30mINFO[0m Creating environment hook '/home/epon/AutoDrive/autonomous_combine/install/robot_simulation/share/robot_simulation/hook/ament_prefix_path.ps1'
[0.343s] [34mcolcon.colcon_core.shell[0m [1;30mINFO[0m Creating environment descriptor '/home/epon/AutoDrive/autonomous_combine/install/robot_simulation/share/robot_simulation/hook/ament_prefix_path.dsv'
[0.344s] [34mcolcon.colcon_core.shell[0m [1;30mINFO[0m Creating environment hook '/home/epon/AutoDrive/autonomous_combine/install/robot_simulation/share/robot_simulation/hook/ament_prefix_path.sh'
[0.344s] [34mcolcon.colcon_core.shell[0m [1;30mINFO[0m Skip shell extension 'powershell' for command environment: Not usable outside of PowerShell
[0.344s] [34mcolcon.colcon_core.shell[0m [1;30mDEBUG[0m [32mSkip shell extension 'dsv' for command environment[0m
[0.560s] [34mcolcon.colcon_core.task.python.build[0m [1;30mINFO[0m Building Python package in '/home/epon/AutoDrive/autonomous_combine/src/control_hardware'
[0.560s] [34mcolcon.colcon_core.shell[0m [1;30mINFO[0m Skip shell extension 'powershell' for command environment: Not usable outside of PowerShell
[0.560s] [34mcolcon.colcon_core.shell[0m [1;30mDEBUG[0m [32mSkip shell extension 'dsv' for command environment[0m
[0.567s] [34mcolcon.colcon_core.event_handler.log_command[0m [1;30mDEBUG[0m [32mInvoking command in '/home/epon/AutoDrive/autonomous_combine/build/mpu9250driver': CMAKE_PREFIX_PATH=${CMAKE_PREFIX_PATH}:/home/epon/AutoDrive/autonomous_combine/install/robot_simulation:/home/epon/AutoDrive/autonomous_combine/install/robot_navigation:/home/epon/AutoDrive/autonomous_combine/install/my_launch:/home/epon/AutoDrive/autonomous_combine/install/control_hardware:/opt/ros/humble /usr/bin/cmake --build /home/epon/AutoDrive/autonomous_combine/build/mpu9250driver -- -j8 -l8[0m
[0.785s] [34mcolcon.colcon_core.task.python.build[0m [1;30mINFO[0m Building Python package in '/home/epon/AutoDrive/autonomous_combine/src/my_launch'
[0.786s] [34mcolcon.colcon_core.shell[0m [1;30mINFO[0m Skip shell extension 'powershell' for command environment: Not usable outside of PowerShell
[0.786s] [34mcolcon.colcon_core.shell[0m [1;30mDEBUG[0m [32mSkip shell extension 'dsv' for command environment[0m
[0.791s] [34mcolcon.colcon_core.event_handler.log_command[0m [1;30mDEBUG[0m [32mInvoking command in '/home/epon/AutoDrive/autonomous_combine/build/robot_description': CMAKE_PREFIX_PATH=${CMAKE_PREFIX_PATH}:/home/epon/AutoDrive/autonomous_combine/install/robot_simulation:/home/epon/AutoDrive/autonomous_combine/install/robot_navigation:/home/epon/AutoDrive/autonomous_combine/install/my_launch:/home/epon/AutoDrive/autonomous_combine/install/control_hardware:/opt/ros/humble /usr/bin/cmake --build /home/epon/AutoDrive/autonomous_combine/build/robot_description -- -j8 -l8[0m
[1.000s] [34mcolcon.colcon_core.task.python.build[0m [1;30mINFO[0m Building Python package in '/home/epon/AutoDrive/autonomous_combine/src/robot_navigation'
[1.000s] [34mcolcon.colcon_core.shell[0m [1;30mINFO[0m Skip shell extension 'powershell' for command environment: Not usable outside of PowerShell
[1.001s] [34mcolcon.colcon_core.shell[0m [1;30mDEBUG[0m [32mSkip shell extension 'dsv' for command environment[0m
[1.214s] [34mcolcon.colcon_core.task.python.build[0m [1;30mINFO[0m Building Python package in '/home/epon/AutoDrive/autonomous_combine/src/robot_simulation'
[1.214s] [34mcolcon.colcon_core.shell[0m [1;30mINFO[0m Skip shell extension 'powershell' for command environment: Not usable outside of PowerShell
[1.214s] [34mcolcon.colcon_core.shell[0m [1;30mDEBUG[0m [32mSkip shell extension 'dsv' for command environment[0m
[1.219s] [34mcolcon.colcon_core.event_handler.log_command[0m [1;30mDEBUG[0m [32mInvoked command in '/home/epon/AutoDrive/autonomous_combine/build/mpu9250driver' returned '0': CMAKE_PREFIX_PATH=${CMAKE_PREFIX_PATH}:/home/epon/AutoDrive/autonomous_combine/install/robot_simulation:/home/epon/AutoDrive/autonomous_combine/install/robot_navigation:/home/epon/AutoDrive/autonomous_combine/install/my_launch:/home/epon/AutoDrive/autonomous_combine/install/control_hardware:/opt/ros/humble /usr/bin/cmake --build /home/epon/AutoDrive/autonomous_combine/build/mpu9250driver -- -j8 -l8[0m
[1.226s] [34mcolcon.colcon_core.event_handler.log_command[0m [1;30mDEBUG[0m [32mInvoking command in '/home/epon/AutoDrive/autonomous_combine/build/mpu9250driver': CMAKE_PREFIX_PATH=${CMAKE_PREFIX_PATH}:/home/epon/AutoDrive/autonomous_combine/install/robot_simulation:/home/epon/AutoDrive/autonomous_combine/install/robot_navigation:/home/epon/AutoDrive/autonomous_combine/install/my_launch:/home/epon/AutoDrive/autonomous_combine/install/control_hardware:/opt/ros/humble /usr/bin/cmake --install /home/epon/AutoDrive/autonomous_combine/build/mpu9250driver[0m
[1.227s] [34mcolcon.colcon_core.event_handler.log_command[0m [1;30mDEBUG[0m [32mInvoked command in '/home/epon/AutoDrive/autonomous_combine/build/robot_description' returned '0': CMAKE_PREFIX_PATH=${CMAKE_PREFIX_PATH}:/home/epon/AutoDrive/autonomous_combine/install/robot_simulation:/home/epon/AutoDrive/autonomous_combine/install/robot_navigation:/home/epon/AutoDrive/autonomous_combine/install/my_launch:/home/epon/AutoDrive/autonomous_combine/install/control_hardware:/opt/ros/humble /usr/bin/cmake --build /home/epon/AutoDrive/autonomous_combine/build/robot_description -- -j8 -l8[0m
[1.228s] [34mcolcon.colcon_core.event_handler.log_command[0m [1;30mDEBUG[0m [32mInvoking command in '/home/epon/AutoDrive/autonomous_combine/build/robot_description': CMAKE_PREFIX_PATH=${CMAKE_PREFIX_PATH}:/home/epon/AutoDrive/autonomous_combine/install/robot_simulation:/home/epon/AutoDrive/autonomous_combine/install/robot_navigation:/home/epon/AutoDrive/autonomous_combine/install/my_launch:/home/epon/AutoDrive/autonomous_combine/install/control_hardware:/opt/ros/humble /usr/bin/cmake --install /home/epon/AutoDrive/autonomous_combine/build/robot_description[0m
[1.244s] [34mcolcon.colcon_core.environment[0m [1;30mLevel 1[0m create_environment_scripts_only(mpu9250driver)
[1.245s] [34mcolcon.colcon_core.event_handler.log_command[0m [1;30mDEBUG[0m [32mInvoked command in '/home/epon/AutoDrive/autonomous_combine/build/mpu9250driver' returned '0': CMAKE_PREFIX_PATH=${CMAKE_PREFIX_PATH}:/home/epon/AutoDrive/autonomous_combine/install/robot_simulation:/home/epon/AutoDrive/autonomous_combine/install/robot_navigation:/home/epon/AutoDrive/autonomous_combine/install/my_launch:/home/epon/AutoDrive/autonomous_combine/install/control_hardware:/opt/ros/humble /usr/bin/cmake --install /home/epon/AutoDrive/autonomous_combine/build/mpu9250driver[0m
[1.249s] [34mcolcon.colcon_core.environment[0m [1;30mLevel 1[0m checking '/home/epon/AutoDrive/autonomous_combine/install/mpu9250driver' for CMake module files
[1.250s] [34mcolcon.colcon_core.environment[0m [1;30mLevel 1[0m checking '/home/epon/AutoDrive/autonomous_combine/install/mpu9250driver' for CMake config files
[1.250s] [34mcolcon.colcon_core.shell[0m [1;30mLevel 1[0m create_environment_hook('mpu9250driver', 'cmake_prefix_path')
[1.250s] [34mcolcon.colcon_core.shell[0m [1;30mINFO[0m Creating environment hook '/home/epon/AutoDrive/autonomous_combine/install/mpu9250driver/share/mpu9250driver/hook/cmake_prefix_path.ps1'
[1.251s] [34mcolcon.colcon_core.shell[0m [1;30mINFO[0m Creating environment descriptor '/home/epon/AutoDrive/autonomous_combine/install/mpu9250driver/share/mpu9250driver/hook/cmake_prefix_path.dsv'
[1.251s] [34mcolcon.colcon_core.shell[0m [1;30mINFO[0m Creating environment hook '/home/epon/AutoDrive/autonomous_combine/install/mpu9250driver/share/mpu9250driver/hook/cmake_prefix_path.sh'
[1.252s] [34mcolcon.colcon_core.environment[0m [1;30mLevel 1[0m checking '/home/epon/AutoDrive/autonomous_combine/install/mpu9250driver/lib'
[1.252s] [34mcolcon.colcon_core.environment[0m [1;30mLevel 1[0m checking '/home/epon/AutoDrive/autonomous_combine/install/mpu9250driver/bin'
[1.252s] [34mcolcon.colcon_core.environment[0m [1;30mLevel 1[0m checking '/home/epon/AutoDrive/autonomous_combine/install/mpu9250driver/lib/pkgconfig/mpu9250driver.pc'
[1.253s] [34mcolcon.colcon_core.environment[0m [1;30mLevel 1[0m checking '/home/epon/AutoDrive/autonomous_combine/install/mpu9250driver/lib/python3.10/site-packages'
[1.253s] [34mcolcon.colcon_core.environment[0m [1;30mLevel 1[0m checking '/home/epon/AutoDrive/autonomous_combine/install/mpu9250driver/bin'
[1.255s] [34mcolcon.colcon_core.shell[0m [1;30mINFO[0m Creating package script '/home/epon/AutoDrive/autonomous_combine/install/mpu9250driver/share/mpu9250driver/package.ps1'
[1.256s] [34mcolcon.colcon_core.shell[0m [1;30mINFO[0m Creating package descriptor '/home/epon/AutoDrive/autonomous_combine/install/mpu9250driver/share/mpu9250driver/package.dsv'
[1.257s] [34mcolcon.colcon_core.shell[0m [1;30mINFO[0m Creating package script '/home/epon/AutoDrive/autonomous_combine/install/mpu9250driver/share/mpu9250driver/package.sh'
[1.258s] [34mcolcon.colcon_core.shell[0m [1;30mINFO[0m Creating package script '/home/epon/AutoDrive/autonomous_combine/install/mpu9250driver/share/mpu9250driver/package.bash'
[1.259s] [34mcolcon.colcon_core.shell[0m [1;30mINFO[0m Creating package script '/home/epon/AutoDrive/autonomous_combine/install/mpu9250driver/share/mpu9250driver/package.zsh'
[1.261s] [34mcolcon.colcon_core.environment[0m [1;30mLevel 1[0m create_file_with_runtime_dependencies(/home/epon/AutoDrive/autonomous_combine/install/mpu9250driver/share/colcon-core/packages/mpu9250driver)
[1.262s] [34mcolcon.colcon_core.environment[0m [1;30mLevel 1[0m create_environment_scripts_only(mpu9250driver)
[1.263s] [34mcolcon.colcon_core.environment[0m [1;30mLevel 1[0m checking '/home/epon/AutoDrive/autonomous_combine/install/mpu9250driver' for CMake module files
[1.263s] [34mcolcon.colcon_core.environment[0m [1;30mLevel 1[0m checking '/home/epon/AutoDrive/autonomous_combine/install/mpu9250driver' for CMake config files
[1.264s] [34mcolcon.colcon_core.shell[0m [1;30mLevel 1[0m create_environment_hook('mpu9250driver', 'cmake_prefix_path')
[1.264s] [34mcolcon.colcon_core.shell[0m [1;30mINFO[0m Creating environment hook '/home/epon/AutoDrive/autonomous_combine/install/mpu9250driver/share/mpu9250driver/hook/cmake_prefix_path.ps1'
[1.265s] [34mcolcon.colcon_core.shell[0m [1;30mINFO[0m Creating environment descriptor '/home/epon/AutoDrive/autonomous_combine/install/mpu9250driver/share/mpu9250driver/hook/cmake_prefix_path.dsv'
[1.266s] [34mcolcon.colcon_core.shell[0m [1;30mINFO[0m Creating environment hook '/home/epon/AutoDrive/autonomous_combine/install/mpu9250driver/share/mpu9250driver/hook/cmake_prefix_path.sh'
[1.266s] [34mcolcon.colcon_core.environment[0m [1;30mLevel 1[0m checking '/home/epon/AutoDrive/autonomous_combine/install/mpu9250driver/lib'
[1.267s] [34mcolcon.colcon_core.environment[0m [1;30mLevel 1[0m checking '/home/epon/AutoDrive/autonomous_combine/install/mpu9250driver/bin'
[1.267s] [34mcolcon.colcon_core.environment[0m [1;30mLevel 1[0m checking '/home/epon/AutoDrive/autonomous_combine/install/mpu9250driver/lib/pkgconfig/mpu9250driver.pc'
[1.267s] [34mcolcon.colcon_core.environment[0m [1;30mLevel 1[0m checking '/home/epon/AutoDrive/autonomous_combine/install/mpu9250driver/lib/python3.10/site-packages'
[1.268s] [34mcolcon.colcon_core.environment[0m [1;30mLevel 1[0m checking '/home/epon/AutoDrive/autonomous_combine/install/mpu9250driver/bin'
[1.268s] [34mcolcon.colcon_core.shell[0m [1;30mINFO[0m Creating package script '/home/epon/AutoDrive/autonomous_combine/install/mpu9250driver/share/mpu9250driver/package.ps1'
[1.273s] [34mcolcon.colcon_core.shell[0m [1;30mINFO[0m Creating package descriptor '/home/epon/AutoDrive/autonomous_combine/install/mpu9250driver/share/mpu9250driver/package.dsv'
[1.274s] [34mcolcon.colcon_core.shell[0m [1;30mINFO[0m Creating package script '/home/epon/AutoDrive/autonomous_combine/install/mpu9250driver/share/mpu9250driver/package.sh'
[1.275s] [34mcolcon.colcon_core.shell[0m [1;30mINFO[0m Creating package script '/home/epon/AutoDrive/autonomous_combine/install/mpu9250driver/share/mpu9250driver/package.bash'
[1.275s] [34mcolcon.colcon_core.shell[0m [1;30mINFO[0m Creating package script '/home/epon/AutoDrive/autonomous_combine/install/mpu9250driver/share/mpu9250driver/package.zsh'
[1.276s] [34mcolcon.colcon_core.environment[0m [1;30mLevel 1[0m create_file_with_runtime_dependencies(/home/epon/AutoDrive/autonomous_combine/install/mpu9250driver/share/colcon-core/packages/mpu9250driver)
[1.276s] [34mcolcon.colcon_core.environment[0m [1;30mLevel 1[0m create_environment_scripts_only(robot_description)
[1.277s] [34mcolcon.colcon_core.environment[0m [1;30mLevel 1[0m checking '/home/epon/AutoDrive/autonomous_combine/install/robot_description' for CMake module files
[1.279s] [34mcolcon.colcon_core.environment[0m [1;30mLevel 1[0m checking '/home/epon/AutoDrive/autonomous_combine/install/robot_description' for CMake config files
[1.279s] [34mcolcon.colcon_core.event_handler.log_command[0m [1;30mDEBUG[0m [32mInvoked command in '/home/epon/AutoDrive/autonomous_combine/build/robot_description' returned '0': CMAKE_PREFIX_PATH=${CMAKE_PREFIX_PATH}:/home/epon/AutoDrive/autonomous_combine/install/robot_simulation:/home/epon/AutoDrive/autonomous_combine/install/robot_navigation:/home/epon/AutoDrive/autonomous_combine/install/my_launch:/home/epon/AutoDrive/autonomous_combine/install/control_hardware:/opt/ros/humble /usr/bin/cmake --install /home/epon/AutoDrive/autonomous_combine/build/robot_description[0m
[1.279s] [34mcolcon.colcon_core.shell[0m [1;30mLevel 1[0m create_environment_hook('robot_description', 'cmake_prefix_path')
[1.280s] [34mcolcon.colcon_core.shell[0m [1;30mINFO[0m Creating environment hook '/home/epon/AutoDrive/autonomous_combine/install/robot_description/share/robot_description/hook/cmake_prefix_path.ps1'
[1.280s] [34mcolcon.colcon_core.shell[0m [1;30mINFO[0m Creating environment descriptor '/home/epon/AutoDrive/autonomous_combine/install/robot_description/share/robot_description/hook/cmake_prefix_path.dsv'
[1.281s] [34mcolcon.colcon_core.shell[0m [1;30mINFO[0m Creating environment hook '/home/epon/AutoDrive/autonomous_combine/install/robot_description/share/robot_description/hook/cmake_prefix_path.sh'
[1.281s] [34mcolcon.colcon_core.environment[0m [1;30mLevel 1[0m checking '/home/epon/AutoDrive/autonomous_combine/install/robot_description/bin'
[1.281s] [34mcolcon.colcon_core.environment[0m [1;30mLevel 1[0m checking '/home/epon/AutoDrive/autonomous_combine/install/robot_description/lib/pkgconfig/robot_description.pc'
[1.282s] [34mcolcon.colcon_core.environment[0m [1;30mLevel 1[0m checking '/home/epon/AutoDrive/autonomous_combine/install/robot_description/lib/python3.10/site-packages'
[1.282s] [34mcolcon.colcon_core.environment[0m [1;30mLevel 1[0m checking '/home/epon/AutoDrive/autonomous_combine/install/robot_description/bin'
[1.283s] [34mcolcon.colcon_core.shell[0m [1;30mINFO[0m Creating package script '/home/epon/AutoDrive/autonomous_combine/install/robot_description/share/robot_description/package.ps1'
[1.284s] [34mcolcon.colcon_core.shell[0m [1;30mINFO[0m Creating package descriptor '/home/epon/AutoDrive/autonomous_combine/install/robot_description/share/robot_description/package.dsv'
[1.285s] [34mcolcon.colcon_core.shell[0m [1;30mINFO[0m Creating package script '/home/epon/AutoDrive/autonomous_combine/install/robot_description/share/robot_description/package.sh'
[1.286s] [34mcolcon.colcon_core.shell[0m [1;30mINFO[0m Creating package script '/home/epon/AutoDrive/autonomous_combine/install/robot_description/share/robot_description/package.bash'
[1.287s] [34mcolcon.colcon_core.shell[0m [1;30mINFO[0m Creating package script '/home/epon/AutoDrive/autonomous_combine/install/robot_description/share/robot_description/package.zsh'
[1.287s] [34mcolcon.colcon_core.environment[0m [1;30mLevel 1[0m create_file_with_runtime_dependencies(/home/epon/AutoDrive/autonomous_combine/install/robot_description/share/colcon-core/packages/robot_description)
[1.288s] [34mcolcon.colcon_core.environment[0m [1;30mLevel 1[0m create_environment_scripts_only(robot_description)
[1.288s] [34mcolcon.colcon_core.environment[0m [1;30mLevel 1[0m checking '/home/epon/AutoDrive/autonomous_combine/install/robot_description' for CMake module files
[1.289s] [34mcolcon.colcon_core.environment[0m [1;30mLevel 1[0m checking '/home/epon/AutoDrive/autonomous_combine/install/robot_description' for CMake config files
[1.290s] [34mcolcon.colcon_core.shell[0m [1;30mLevel 1[0m create_environment_hook('robot_description', 'cmake_prefix_path')
[1.290s] [34mcolcon.colcon_core.shell[0m [1;30mINFO[0m Creating environment hook '/home/epon/AutoDrive/autonomous_combine/install/robot_description/share/robot_description/hook/cmake_prefix_path.ps1'
[1.291s] [34mcolcon.colcon_core.shell[0m [1;30mINFO[0m Creating environment descriptor '/home/epon/AutoDrive/autonomous_combine/install/robot_description/share/robot_description/hook/cmake_prefix_path.dsv'
[1.292s] [34mcolcon.colcon_core.shell[0m [1;30mINFO[0m Creating environment hook '/home/epon/AutoDrive/autonomous_combine/install/robot_description/share/robot_description/hook/cmake_prefix_path.sh'
[1.293s] [34mcolcon.colcon_core.environment[0m [1;30mLevel 1[0m checking '/home/epon/AutoDrive/autonomous_combine/install/robot_description/bin'
[1.294s] [34mcolcon.colcon_core.environment[0m [1;30mLevel 1[0m checking '/home/epon/AutoDrive/autonomous_combine/install/robot_description/lib/pkgconfig/robot_description.pc'
[1.294s] [34mcolcon.colcon_core.environment[0m [1;30mLevel 1[0m checking '/home/epon/AutoDrive/autonomous_combine/install/robot_description/lib/python3.10/site-packages'
[1.295s] [34mcolcon.colcon_core.environment[0m [1;30mLevel 1[0m checking '/home/epon/AutoDrive/autonomous_combine/install/robot_description/bin'
[1.296s] [34mcolcon.colcon_core.shell[0m [1;30mINFO[0m Creating package script '/home/epon/AutoDrive/autonomous_combine/install/robot_description/share/robot_description/package.ps1'
[1.297s] [34mcolcon.colcon_core.shell[0m [1;30mINFO[0m Creating package descriptor '/home/epon/AutoDrive/autonomous_combine/install/robot_description/share/robot_description/package.dsv'
[1.298s] [34mcolcon.colcon_core.shell[0m [1;30mINFO[0m Creating package script '/home/epon/AutoDrive/autonomous_combine/install/robot_description/share/robot_description/package.sh'
[1.299s] [34mcolcon.colcon_core.shell[0m [1;30mINFO[0m Creating package script '/home/epon/AutoDrive/autonomous_combine/install/robot_description/share/robot_description/package.bash'
[1.299s] [34mcolcon.colcon_core.shell[0m [1;30mINFO[0m Creating package script '/home/epon/AutoDrive/autonomous_combine/install/robot_description/share/robot_description/package.zsh'
[1.300s] [34mcolcon.colcon_core.environment[0m [1;30mLevel 1[0m create_file_with_runtime_dependencies(/home/epon/AutoDrive/autonomous_combine/install/robot_description/share/colcon-core/packages/robot_description)
[1.574s] [34mcolcon.colcon_core.event_handler.log_command[0m [1;30mDEBUG[0m [32mInvoking command in '/home/epon/AutoDrive/autonomous_combine/src/robot_navigation': PYTHONPATH=/home/epon/AutoDrive/autonomous_combine/build/robot_navigation/prefix_override:/usr/lib/python3/dist-packages/colcon_core/task/python/colcon_distutils_commands:/home/epon/AutoDrive/autonomous_combine/install/robot_navigation/lib/python3.10/site-packages:${PYTHONPATH} /usr/bin/python3 -W ignore:setup.py install is deprecated -W ignore:easy_install command is deprecated setup.py egg_info --egg-base ../../build/robot_navigation build --build-base /home/epon/AutoDrive/autonomous_combine/build/robot_navigation/build install --record /home/epon/AutoDrive/autonomous_combine/build/robot_navigation/install.log --single-version-externally-managed install_data[0m
[1.578s] [34mcolcon.colcon_core.event_handler.log_command[0m [1;30mDEBUG[0m [32mInvoking command in '/home/epon/AutoDrive/autonomous_combine/src/robot_simulation': PYTHONPATH=/home/epon/AutoDrive/autonomous_combine/build/robot_simulation/prefix_override:/usr/lib/python3/dist-packages/colcon_core/task/python/colcon_distutils_commands:/home/epon/AutoDrive/autonomous_combine/install/robot_simulation/lib/python3.10/site-packages:${PYTHONPATH} /usr/bin/python3 -W ignore:setup.py install is deprecated -W ignore:easy_install command is deprecated setup.py egg_info --egg-base ../../build/robot_simulation build --build-base /home/epon/AutoDrive/autonomous_combine/build/robot_simulation/build install --record /home/epon/AutoDrive/autonomous_combine/build/robot_simulation/install.log --single-version-externally-managed install_data[0m
[1.581s] [34mcolcon.colcon_core.event_handler.log_command[0m [1;30mDEBUG[0m [32mInvoking command in '/home/epon/AutoDrive/autonomous_combine/src/control_hardware': PYTHONPATH=/home/epon/AutoDrive/autonomous_combine/build/control_hardware/prefix_override:/usr/lib/python3/dist-packages/colcon_core/task/python/colcon_distutils_commands:/home/epon/AutoDrive/autonomous_combine/install/control_hardware/lib/python3.10/site-packages:${PYTHONPATH} /usr/bin/python3 -W ignore:setup.py install is deprecated -W ignore:easy_install command is deprecated setup.py egg_info --egg-base ../../build/control_hardware build --build-base /home/epon/AutoDrive/autonomous_combine/build/control_hardware/build install --record /home/epon/AutoDrive/autonomous_combine/build/control_hardware/install.log --single-version-externally-managed install_data[0m
[1.581s] [34mcolcon.colcon_core.event_handler.log_command[0m [1;30mDEBUG[0m [32mInvoking command in '/home/epon/AutoDrive/autonomous_combine/src/my_launch': PYTHONPATH=/home/epon/AutoDrive/autonomous_combine/build/my_launch/prefix_override:/usr/lib/python3/dist-packages/colcon_core/task/python/colcon_distutils_commands:/home/epon/AutoDrive/autonomous_combine/install/my_launch/lib/python3.10/site-packages:${PYTHONPATH} /usr/bin/python3 -W ignore:setup.py install is deprecated -W ignore:easy_install command is deprecated setup.py egg_info --egg-base ../../build/my_launch build --build-base /home/epon/AutoDrive/autonomous_combine/build/my_launch/build install --record /home/epon/AutoDrive/autonomous_combine/build/my_launch/install.log --single-version-externally-managed install_data[0m
[1.837s] [34mcolcon.colcon_core.environment[0m [1;30mLevel 1[0m checking '/home/epon/AutoDrive/autonomous_combine/install/robot_navigation' for CMake module files
[1.838s] [34mcolcon.colcon_core.event_handler.log_command[0m [1;30mDEBUG[0m [32mInvoked command in '/home/epon/AutoDrive/autonomous_combine/src/robot_navigation' returned '0': PYTHONPATH=/home/epon/AutoDrive/autonomous_combine/build/robot_navigation/prefix_override:/usr/lib/python3/dist-packages/colcon_core/task/python/colcon_distutils_commands:/home/epon/AutoDrive/autonomous_combine/install/robot_navigation/lib/python3.10/site-packages:${PYTHONPATH} /usr/bin/python3 -W ignore:setup.py install is deprecated -W ignore:easy_install command is deprecated setup.py egg_info --egg-base ../../build/robot_navigation build --build-base /home/epon/AutoDrive/autonomous_combine/build/robot_navigation/build install --record /home/epon/AutoDrive/autonomous_combine/build/robot_navigation/install.log --single-version-externally-managed install_data[0m
[1.838s] [34mcolcon.colcon_core.environment[0m [1;30mLevel 1[0m checking '/home/epon/AutoDrive/autonomous_combine/install/robot_navigation' for CMake config files
[1.839s] [34mcolcon.colcon_core.environment[0m [1;30mLevel 1[0m checking '/home/epon/AutoDrive/autonomous_combine/install/robot_navigation/lib'
[1.839s] [34mcolcon.colcon_core.environment[0m [1;30mLevel 1[0m checking '/home/epon/AutoDrive/autonomous_combine/install/robot_navigation/bin'
[1.839s] [34mcolcon.colcon_core.environment[0m [1;30mLevel 1[0m checking '/home/epon/AutoDrive/autonomous_combine/install/robot_navigation/lib/pkgconfig/robot_navigation.pc'
[1.839s] [34mcolcon.colcon_core.environment[0m [1;30mLevel 1[0m checking '/home/epon/AutoDrive/autonomous_combine/install/robot_navigation/lib/python3.10/site-packages'
[1.839s] [34mcolcon.colcon_core.shell[0m [1;30mLevel 1[0m create_environment_hook('robot_navigation', 'pythonpath')
[1.840s] [34mcolcon.colcon_core.shell[0m [1;30mINFO[0m Creating environment hook '/home/epon/AutoDrive/autonomous_combine/install/robot_navigation/share/robot_navigation/hook/pythonpath.ps1'
[1.840s] [34mcolcon.colcon_core.shell[0m [1;30mINFO[0m Creating environment descriptor '/home/epon/AutoDrive/autonomous_combine/install/robot_navigation/share/robot_navigation/hook/pythonpath.dsv'
[1.841s] [34mcolcon.colcon_core.shell[0m [1;30mINFO[0m Creating environment hook '/home/epon/AutoDrive/autonomous_combine/install/robot_navigation/share/robot_navigation/hook/pythonpath.sh'
[1.842s] [34mcolcon.colcon_core.environment[0m [1;30mLevel 1[0m checking '/home/epon/AutoDrive/autonomous_combine/install/robot_navigation/bin'
[1.842s] [34mcolcon.colcon_core.environment[0m [1;30mLevel 1[0m create_environment_scripts_only(robot_navigation)
[1.842s] [34mcolcon.colcon_core.shell[0m [1;30mINFO[0m Creating package script '/home/epon/AutoDrive/autonomous_combine/install/robot_navigation/share/robot_navigation/package.ps1'
[1.843s] [34mcolcon.colcon_core.shell[0m [1;30mINFO[0m Creating package descriptor '/home/epon/AutoDrive/autonomous_combine/install/robot_navigation/share/robot_navigation/package.dsv'
[1.844s] [34mcolcon.colcon_core.shell[0m [1;30mINFO[0m Creating package script '/home/epon/AutoDrive/autonomous_combine/install/robot_navigation/share/robot_navigation/package.sh'
[1.845s] [34mcolcon.colcon_core.shell[0m [1;30mINFO[0m Creating package script '/home/epon/AutoDrive/autonomous_combine/install/robot_navigation/share/robot_navigation/package.bash'
[1.846s] [34mcolcon.colcon_core.shell[0m [1;30mINFO[0m Creating package script '/home/epon/AutoDrive/autonomous_combine/install/robot_navigation/share/robot_navigation/package.zsh'
[1.846s] [34mcolcon.colcon_core.environment[0m [1;30mLevel 1[0m create_file_with_runtime_dependencies(/home/epon/AutoDrive/autonomous_combine/install/robot_navigation/share/colcon-core/packages/robot_navigation)
[1.848s] [34mcolcon.colcon_core.environment[0m [1;30mLevel 1[0m checking '/home/epon/AutoDrive/autonomous_combine/install/robot_simulation' for CMake module files
[1.849s] [34mcolcon.colcon_core.event_handler.log_command[0m [1;30mDEBUG[0m [32mInvoked command in '/home/epon/AutoDrive/autonomous_combine/src/robot_simulation' returned '0': PYTHONPATH=/home/epon/AutoDrive/autonomous_combine/build/robot_simulation/prefix_override:/usr/lib/python3/dist-packages/colcon_core/task/python/colcon_distutils_commands:/home/epon/AutoDrive/autonomous_combine/install/robot_simulation/lib/python3.10/site-packages:${PYTHONPATH} /usr/bin/python3 -W ignore:setup.py install is deprecated -W ignore:easy_install command is deprecated setup.py egg_info --egg-base ../../build/robot_simulation build --build-base /home/epon/AutoDrive/autonomous_combine/build/robot_simulation/build install --record /home/epon/AutoDrive/autonomous_combine/build/robot_simulation/install.log --single-version-externally-managed install_data[0m
[1.849s] [34mcolcon.colcon_core.environment[0m [1;30mLevel 1[0m checking '/home/epon/AutoDrive/autonomous_combine/install/robot_simulation' for CMake config files
[1.849s] [34mcolcon.colcon_core.environment[0m [1;30mLevel 1[0m checking '/home/epon/AutoDrive/autonomous_combine/install/robot_simulation/lib'
[1.850s] [34mcolcon.colcon_core.environment[0m [1;30mLevel 1[0m checking '/home/epon/AutoDrive/autonomous_combine/install/robot_simulation/bin'
[1.850s] [34mcolcon.colcon_core.environment[0m [1;30mLevel 1[0m checking '/home/epon/AutoDrive/autonomous_combine/install/robot_simulation/lib/pkgconfig/robot_simulation.pc'
[1.850s] [34mcolcon.colcon_core.environment[0m [1;30mLevel 1[0m checking '/home/epon/AutoDrive/autonomous_combine/install/robot_simulation/lib/python3.10/site-packages'
[1.850s] [34mcolcon.colcon_core.shell[0m [1;30mLevel 1[0m create_environment_hook('robot_simulation', 'pythonpath')
[1.850s] [34mcolcon.colcon_core.shell[0m [1;30mINFO[0m Creating environment hook '/home/epon/AutoDrive/autonomous_combine/install/robot_simulation/share/robot_simulation/hook/pythonpath.ps1'
[1.851s] [34mcolcon.colcon_core.shell[0m [1;30mINFO[0m Creating environment descriptor '/home/epon/AutoDrive/autonomous_combine/install/robot_simulation/share/robot_simulation/hook/pythonpath.dsv'
[1.851s] [34mcolcon.colcon_core.shell[0m [1;30mINFO[0m Creating environment hook '/home/epon/AutoDrive/autonomous_combine/install/robot_simulation/share/robot_simulation/hook/pythonpath.sh'
[1.852s] [34mcolcon.colcon_core.environment[0m [1;30mLevel 1[0m checking '/home/epon/AutoDrive/autonomous_combine/install/robot_simulation/bin'
[1.852s] [34mcolcon.colcon_core.environment[0m [1;30mLevel 1[0m create_environment_scripts_only(robot_simulation)
[1.852s] [34mcolcon.colcon_core.shell[0m [1;30mINFO[0m Creating package script '/home/epon/AutoDrive/autonomous_combine/install/robot_simulation/share/robot_simulation/package.ps1'
[1.853s] [34mcolcon.colcon_core.shell[0m [1;30mINFO[0m Creating package descriptor '/home/epon/AutoDrive/autonomous_combine/install/robot_simulation/share/robot_simulation/package.dsv'
[1.854s] [34mcolcon.colcon_core.shell[0m [1;30mINFO[0m Creating package script '/home/epon/AutoDrive/autonomous_combine/install/robot_simulation/share/robot_simulation/package.sh'
[1.854s] [34mcolcon.colcon_core.shell[0m [1;30mINFO[0m Creating package script '/home/epon/AutoDrive/autonomous_combine/install/robot_simulation/share/robot_simulation/package.bash'
[1.855s] [34mcolcon.colcon_core.shell[0m [1;30mINFO[0m Creating package script '/home/epon/AutoDrive/autonomous_combine/install/robot_simulation/share/robot_simulation/package.zsh'
[1.855s] [34mcolcon.colcon_core.environment[0m [1;30mLevel 1[0m create_file_with_runtime_dependencies(/home/epon/AutoDrive/autonomous_combine/install/robot_simulation/share/colcon-core/packages/robot_simulation)
[1.856s] [34mcolcon.colcon_core.environment[0m [1;30mLevel 1[0m checking '/home/epon/AutoDrive/autonomous_combine/install/my_launch' for CMake module files
[1.857s] [34mcolcon.colcon_core.environment[0m [1;30mLevel 1[0m checking '/home/epon/AutoDrive/autonomous_combine/install/my_launch' for CMake config files
[1.858s] [34mcolcon.colcon_core.event_handler.log_command[0m [1;30mDEBUG[0m [32mInvoked command in '/home/epon/AutoDrive/autonomous_combine/src/my_launch' returned '0': PYTHONPATH=/home/epon/AutoDrive/autonomous_combine/build/my_launch/prefix_override:/usr/lib/python3/dist-packages/colcon_core/task/python/colcon_distutils_commands:/home/epon/AutoDrive/autonomous_combine/install/my_launch/lib/python3.10/site-packages:${PYTHONPATH} /usr/bin/python3 -W ignore:setup.py install is deprecated -W ignore:easy_install command is deprecated setup.py egg_info --egg-base ../../build/my_launch build --build-base /home/epon/AutoDrive/autonomous_combine/build/my_launch/build install --record /home/epon/AutoDrive/autonomous_combine/build/my_launch/install.log --single-version-externally-managed install_data[0m
[1.858s] [34mcolcon.colcon_core.environment[0m [1;30mLevel 1[0m checking '/home/epon/AutoDrive/autonomous_combine/install/my_launch/lib'
[1.858s] [34mcolcon.colcon_core.environment[0m [1;30mLevel 1[0m checking '/home/epon/AutoDrive/autonomous_combine/install/my_launch/bin'
[1.859s] [34mcolcon.colcon_core.environment[0m [1;30mLevel 1[0m checking '/home/epon/AutoDrive/autonomous_combine/install/my_launch/lib/pkgconfig/my_launch.pc'
[1.859s] [34mcolcon.colcon_core.environment[0m [1;30mLevel 1[0m checking '/home/epon/AutoDrive/autonomous_combine/install/my_launch/lib/python3.10/site-packages'
[1.859s] [34mcolcon.colcon_core.shell[0m [1;30mLevel 1[0m create_environment_hook('my_launch', 'pythonpath')
[1.859s] [34mcolcon.colcon_core.shell[0m [1;30mINFO[0m Creating environment hook '/home/epon/AutoDrive/autonomous_combine/install/my_launch/share/my_launch/hook/pythonpath.ps1'
[1.860s] [34mcolcon.colcon_core.shell[0m [1;30mINFO[0m Creating environment descriptor '/home/epon/AutoDrive/autonomous_combine/install/my_launch/share/my_launch/hook/pythonpath.dsv'
[1.860s] [34mcolcon.colcon_core.shell[0m [1;30mINFO[0m Creating environment hook '/home/epon/AutoDrive/autonomous_combine/install/my_launch/share/my_launch/hook/pythonpath.sh'
[1.861s] [34mcolcon.colcon_core.environment[0m [1;30mLevel 1[0m checking '/home/epon/AutoDrive/autonomous_combine/install/my_launch/bin'
[1.861s] [34mcolcon.colcon_core.environment[0m [1;30mLevel 1[0m create_environment_scripts_only(my_launch)
[1.861s] [34mcolcon.colcon_core.shell[0m [1;30mINFO[0m Creating package script '/home/epon/AutoDrive/autonomous_combine/install/my_launch/share/my_launch/package.ps1'
[1.862s] [34mcolcon.colcon_core.shell[0m [1;30mINFO[0m Creating package descriptor '/home/epon/AutoDrive/autonomous_combine/install/my_launch/share/my_launch/package.dsv'
[1.862s] [34mcolcon.colcon_core.shell[0m [1;30mINFO[0m Creating package script '/home/epon/AutoDrive/autonomous_combine/install/my_launch/share/my_launch/package.sh'
[1.863s] [34mcolcon.colcon_core.shell[0m [1;30mINFO[0m Creating package script '/home/epon/AutoDrive/autonomous_combine/install/my_launch/share/my_launch/package.bash'
[1.863s] [34mcolcon.colcon_core.shell[0m [1;30mINFO[0m Creating package script '/home/epon/AutoDrive/autonomous_combine/install/my_launch/share/my_launch/package.zsh'
[1.863s] [34mcolcon.colcon_core.environment[0m [1;30mLevel 1[0m create_file_with_runtime_dependencies(/home/epon/AutoDrive/autonomous_combine/install/my_launch/share/colcon-core/packages/my_launch)
[1.864s] [34mcolcon.colcon_core.environment[0m [1;30mLevel 1[0m checking '/home/epon/AutoDrive/autonomous_combine/install/control_hardware' for CMake module files
[1.865s] [34mcolcon.colcon_core.event_handler.log_command[0m [1;30mDEBUG[0m [32mInvoked command in '/home/epon/AutoDrive/autonomous_combine/src/control_hardware' returned '0': PYTHONPATH=/home/epon/AutoDrive/autonomous_combine/build/control_hardware/prefix_override:/usr/lib/python3/dist-packages/colcon_core/task/python/colcon_distutils_commands:/home/epon/AutoDrive/autonomous_combine/install/control_hardware/lib/python3.10/site-packages:${PYTHONPATH} /usr/bin/python3 -W ignore:setup.py install is deprecated -W ignore:easy_install command is deprecated setup.py egg_info --egg-base ../../build/control_hardware build --build-base /home/epon/AutoDrive/autonomous_combine/build/control_hardware/build install --record /home/epon/AutoDrive/autonomous_combine/build/control_hardware/install.log --single-version-externally-managed install_data[0m
[1.865s] [34mcolcon.colcon_core.environment[0m [1;30mLevel 1[0m checking '/home/epon/AutoDrive/autonomous_combine/install/control_hardware' for CMake config files
[1.866s] [34mcolcon.colcon_core.environment[0m [1;30mLevel 1[0m checking '/home/epon/AutoDrive/autonomous_combine/install/control_hardware/lib'
[1.866s] [34mcolcon.colcon_core.environment[0m [1;30mLevel 1[0m checking '/home/epon/AutoDrive/autonomous_combine/install/control_hardware/bin'
[1.866s] [34mcolcon.colcon_core.environment[0m [1;30mLevel 1[0m checking '/home/epon/AutoDrive/autonomous_combine/install/control_hardware/lib/pkgconfig/control_hardware.pc'
[1.866s] [34mcolcon.colcon_core.environment[0m [1;30mLevel 1[0m checking '/home/epon/AutoDrive/autonomous_combine/install/control_hardware/lib/python3.10/site-packages'
[1.866s] [34mcolcon.colcon_core.shell[0m [1;30mLevel 1[0m create_environment_hook('control_hardware', 'pythonpath')
[1.867s] [34mcolcon.colcon_core.shell[0m [1;30mINFO[0m Creating environment hook '/home/epon/AutoDrive/autonomous_combine/install/control_hardware/share/control_hardware/hook/pythonpath.ps1'
[1.867s] [34mcolcon.colcon_core.shell[0m [1;30mINFO[0m Creating environment descriptor '/home/epon/AutoDrive/autonomous_combine/install/control_hardware/share/control_hardware/hook/pythonpath.dsv'
[1.867s] [34mcolcon.colcon_core.shell[0m [1;30mINFO[0m Creating environment hook '/home/epon/AutoDrive/autonomous_combine/install/control_hardware/share/control_hardware/hook/pythonpath.sh'
[1.868s] [34mcolcon.colcon_core.environment[0m [1;30mLevel 1[0m checking '/home/epon/AutoDrive/autonomous_combine/install/control_hardware/bin'
[1.868s] [34mcolcon.colcon_core.environment[0m [1;30mLevel 1[0m create_environment_scripts_only(control_hardware)
[1.868s] [34mcolcon.colcon_core.shell[0m [1;30mINFO[0m Creating package script '/home/epon/AutoDrive/autonomous_combine/install/control_hardware/share/control_hardware/package.ps1'
[1.869s] [34mcolcon.colcon_core.shell[0m [1;30mINFO[0m Creating package descriptor '/home/epon/AutoDrive/autonomous_combine/install/control_hardware/share/control_hardware/package.dsv'
[1.870s] [34mcolcon.colcon_core.shell[0m [1;30mINFO[0m Creating package script '/home/epon/AutoDrive/autonomous_combine/install/control_hardware/share/control_hardware/package.sh'
[1.870s] [34mcolcon.colcon_core.shell[0m [1;30mINFO[0m Creating package script '/home/epon/AutoDrive/autonomous_combine/install/control_hardware/share/control_hardware/package.bash'
[1.871s] [34mcolcon.colcon_core.shell[0m [1;30mINFO[0m Creating package script '/home/epon/AutoDrive/autonomous_combine/install/control_hardware/share/control_hardware/package.zsh'
[1.871s] [34mcolcon.colcon_core.environment[0m [1;30mLevel 1[0m create_file_with_runtime_dependencies(/home/epon/AutoDrive/autonomous_combine/install/control_hardware/share/colcon-core/packages/control_hardware)
[1.871s] [34mcolcon.colcon_parallel_executor.executor.parallel[0m [1;30mDEBUG[0m [32mclosing loop[0m
[1.871s] [34mcolcon.colcon_parallel_executor.executor.parallel[0m [1;30mDEBUG[0m [32mloop closed[0m
[1.872s] [34mcolcon.colcon_parallel_executor.executor.parallel[0m [1;30mDEBUG[0m [32mrun_until_complete finished with '0'[0m
[1.872s] [34mcolcon.colcon_core.event_reactor[0m [1;30mDEBUG[0m [32mjoining thread[0m
[1.877s] [34mcolcon.colcon_core.plugin_system[0m [1;30mINFO[0m Skipping extension 'colcon_notification.desktop_notification.terminal_notifier': Not used on non-Darwin systems
[1.877s] [34mcolcon.colcon_core.plugin_system[0m [1;30mINFO[0m Skipping extension 'colcon_notification.desktop_notification.win32': Not used on non-Windows systems
[1.877s] [34mcolcon.colcon_notification.desktop_notification[0m [1;30mINFO[0m Sending desktop notification using 'notify2'
[1.887s] [34mcolcon.colcon_core.event_reactor[0m [1;30mDEBUG[0m [32mjoined thread[0m
[1.887s] [34mcolcon.colcon_core.shell[0m [1;30mINFO[0m Creating prefix script '/home/epon/AutoDrive/autonomous_combine/install/local_setup.ps1'
[1.888s] [34mcolcon.colcon_core.shell[0m [1;30mINFO[0m Creating prefix util module '/home/epon/AutoDrive/autonomous_combine/install/_local_setup_util_ps1.py'
[1.889s] [34mcolcon.colcon_core.shell[0m [1;30mINFO[0m Creating prefix chain script '/home/epon/AutoDrive/autonomous_combine/install/setup.ps1'
[1.890s] [34mcolcon.colcon_core.shell[0m [1;30mINFO[0m Creating prefix script '/home/epon/AutoDrive/autonomous_combine/install/local_setup.sh'
[1.891s] [34mcolcon.colcon_core.shell[0m [1;30mINFO[0m Creating prefix util module '/home/epon/AutoDrive/autonomous_combine/install/_local_setup_util_sh.py'
[1.891s] [34mcolcon.colcon_core.shell[0m [1;30mINFO[0m Creating prefix chain script '/home/epon/AutoDrive/autonomous_combine/install/setup.sh'
[1.893s] [34mcolcon.colcon_core.shell[0m [1;30mINFO[0m Creating prefix script '/home/epon/AutoDrive/autonomous_combine/install/local_setup.bash'
[1.894s] [34mcolcon.colcon_core.shell[0m [1;30mINFO[0m Creating prefix chain script '/home/epon/AutoDrive/autonomous_combine/install/setup.bash'
[1.895s] [34mcolcon.colcon_core.shell[0m [1;30mINFO[0m Creating prefix script '/home/epon/AutoDrive/autonomous_combine/install/local_setup.zsh'
[1.896s] [34mcolcon.colcon_core.shell[0m [1;30mINFO[0m Creating prefix chain script '/home/epon/AutoDrive/autonomous_combine/install/setup.zsh'
