-- Install configuration: ""
-- Up-to-date: /home/epon/AutoDrive/autonomous_combine/install/robot_description/share/robot_description//config
-- Up-to-date: /home/epon/AutoDrive/autonomous_combine/install/robot_description/share/robot_description//config/joystick.yaml
-- Up-to-date: /home/epon/AutoDrive/autonomous_combine/install/robot_description/share/robot_description//launch
-- Up-to-date: /home/epon/AutoDrive/autonomous_combine/install/robot_description/share/robot_description//rviz
-- Up-to-date: /home/epon/AutoDrive/autonomous_combine/install/robot_description/share/robot_description//rviz/urdf_config.rviz
-- Up-to-date: /home/epon/AutoDrive/autonomous_combine/install/robot_description/share/robot_description//urdf
-- Up-to-date: /home/epon/AutoDrive/autonomous_combine/install/robot_description/share/robot_description//urdf/autonomous_robot_gazebo.xacro
-- Up-to-date: /home/epon/AutoDrive/autonomous_combine/install/robot_description/share/robot_description//urdf/camera.xacro
-- Up-to-date: /home/epon/AutoDrive/autonomous_combine/install/robot_description/share/robot_description//urdf/Assembly-Robot-URDF.urdf.xacro
-- Up-to-date: /home/epon/AutoDrive/autonomous_combine/install/robot_description/share/robot_description//urdf/common_properties.xacro
-- Up-to-date: /home/epon/AutoDrive/autonomous_combine/install/robot_description/share/robot_description//urdf/mobile_robot.xacro
-- Up-to-date: /home/epon/AutoDrive/autonomous_combine/install/robot_description/share/robot_description//urdf/ros2_control.xacro
-- Up-to-date: /home/epon/AutoDrive/autonomous_combine/install/robot_description/share/robot_description//urdf/imu.xacro
-- Up-to-date: /home/epon/AutoDrive/autonomous_combine/install/robot_description/share/robot_description//urdf/lidar.xacro
-- Up-to-date: /home/epon/AutoDrive/autonomous_combine/install/robot_description/share/robot_description//urdf/gazebo_color.xacro
-- Up-to-date: /home/epon/AutoDrive/autonomous_combine/install/robot_description/share/robot_description//urdf/autonomous_robot.urdf.xacro
-- Up-to-date: /home/epon/AutoDrive/autonomous_combine/install/robot_description/share/robot_description//meshes
-- Up-to-date: /home/epon/AutoDrive/autonomous_combine/install/robot_description/share/robot_description//meshes/base_link.stl
-- Up-to-date: /home/epon/AutoDrive/autonomous_combine/install/robot_description/share/robot_description//meshes/front_wheel_link.stl
-- Up-to-date: /home/epon/AutoDrive/autonomous_combine/install/robot_description/share/robot_description//meshes/rear_wheel_link.stl
-- Up-to-date: /home/epon/AutoDrive/autonomous_combine/install/robot_description/share/robot_description//meshes/left_wheel_link.stl
-- Up-to-date: /home/epon/AutoDrive/autonomous_combine/install/robot_description/share/robot_description//meshes/right_wheel_link.stl
-- Up-to-date: /home/epon/AutoDrive/autonomous_combine/install/robot_description/share/robot_description//meshes/camera_link.stl
-- Up-to-date: /home/epon/AutoDrive/autonomous_combine/install/robot_description/share/robot_description//meshes/front_hinge.stl
-- Up-to-date: /home/epon/AutoDrive/autonomous_combine/install/robot_description/share/robot_description//meshes/rear_hinge.stl
-- Up-to-date: /home/epon/AutoDrive/autonomous_combine/install/robot_description/share/robot_description//meshes/lidar_link.stl
-- Up-to-date: /home/epon/AutoDrive/autonomous_combine/install/robot_description/share/ament_index/resource_index/package_run_dependencies/robot_description
-- Up-to-date: /home/epon/AutoDrive/autonomous_combine/install/robot_description/share/ament_index/resource_index/parent_prefix_path/robot_description
-- Up-to-date: /home/epon/AutoDrive/autonomous_combine/install/robot_description/share/robot_description/environment/ament_prefix_path.sh
-- Up-to-date: /home/epon/AutoDrive/autonomous_combine/install/robot_description/share/robot_description/environment/ament_prefix_path.dsv
-- Up-to-date: /home/epon/AutoDrive/autonomous_combine/install/robot_description/share/robot_description/environment/path.sh
-- Up-to-date: /home/epon/AutoDrive/autonomous_combine/install/robot_description/share/robot_description/environment/path.dsv
-- Up-to-date: /home/epon/AutoDrive/autonomous_combine/install/robot_description/share/robot_description/local_setup.bash
-- Up-to-date: /home/epon/AutoDrive/autonomous_combine/install/robot_description/share/robot_description/local_setup.sh
-- Up-to-date: /home/epon/AutoDrive/autonomous_combine/install/robot_description/share/robot_description/local_setup.zsh
-- Up-to-date: /home/epon/AutoDrive/autonomous_combine/install/robot_description/share/robot_description/local_setup.dsv
-- Installing: /home/epon/AutoDrive/autonomous_combine/install/robot_description/share/robot_description/package.dsv
-- Up-to-date: /home/epon/AutoDrive/autonomous_combine/install/robot_description/share/ament_index/resource_index/packages/robot_description
-- Up-to-date: /home/epon/AutoDrive/autonomous_combine/install/robot_description/share/robot_description/cmake/robot_descriptionConfig.cmake
-- Up-to-date: /home/epon/AutoDrive/autonomous_combine/install/robot_description/share/robot_description/cmake/robot_descriptionConfig-version.cmake
-- Up-to-date: /home/epon/AutoDrive/autonomous_combine/install/robot_description/share/robot_description/package.xml
