[1.246s] Invoking command in '/home/epon/AutoDrive/autonomous_combine/src/robot_navigation': PYTHONPATH=/home/epon/AutoDrive/autonomous_combine/build/robot_navigation/prefix_override:/usr/lib/python3/dist-packages/colcon_core/task/python/colcon_distutils_commands:/home/epon/AutoDrive/autonomous_combine/install/robot_navigation/lib/python3.10/site-packages:${PYTHONPATH} /usr/bin/python3 -W ignore:setup.py install is deprecated -W ignore:easy_install command is deprecated setup.py egg_info --egg-base ../../build/robot_navigation build --build-base /home/epon/AutoDrive/autonomous_combine/build/robot_navigation/build install --record /home/epon/AutoDrive/autonomous_combine/build/robot_navigation/install.log --single-version-externally-managed install_data
[1.456s] running egg_info
[1.456s] writing ../../build/robot_navigation/robot_navigation.egg-info/PKG-INFO
[1.457s] writing dependency_links to ../../build/robot_navigation/robot_navigation.egg-info/dependency_links.txt
[1.457s] writing entry points to ../../build/robot_navigation/robot_navigation.egg-info/entry_points.txt
[1.457s] writing requirements to ../../build/robot_navigation/robot_navigation.egg-info/requires.txt
[1.457s] writing top-level names to ../../build/robot_navigation/robot_navigation.egg-info/top_level.txt
[1.459s] reading manifest file '../../build/robot_navigation/robot_navigation.egg-info/SOURCES.txt'
[1.459s] writing manifest file '../../build/robot_navigation/robot_navigation.egg-info/SOURCES.txt'
[1.460s] running build
[1.460s] running build_py
[1.460s] running install
[1.460s] running install_lib
[1.462s] running install_data
[1.462s] running install_egg_info
[1.464s] removing '/home/epon/AutoDrive/autonomous_combine/install/robot_navigation/lib/python3.10/site-packages/robot_navigation-0.0.0-py3.10.egg-info' (and everything under it)
[1.464s] Copying ../../build/robot_navigation/robot_navigation.egg-info to /home/epon/AutoDrive/autonomous_combine/install/robot_navigation/lib/python3.10/site-packages/robot_navigation-0.0.0-py3.10.egg-info
[1.465s] running install_scripts
[1.483s] writing list of installed files to '/home/epon/AutoDrive/autonomous_combine/build/robot_navigation/install.log'
[1.522s] Invoked command in '/home/epon/AutoDrive/autonomous_combine/src/robot_navigation' returned '0': PYTHONPATH=/home/epon/AutoDrive/autonomous_combine/build/robot_navigation/prefix_override:/usr/lib/python3/dist-packages/colcon_core/task/python/colcon_distutils_commands:/home/epon/AutoDrive/autonomous_combine/install/robot_navigation/lib/python3.10/site-packages:${PYTHONPATH} /usr/bin/python3 -W ignore:setup.py install is deprecated -W ignore:easy_install command is deprecated setup.py egg_info --egg-base ../../build/robot_navigation build --build-base /home/epon/AutoDrive/autonomous_combine/build/robot_navigation/build install --record /home/epon/AutoDrive/autonomous_combine/build/robot_navigation/install.log --single-version-externally-managed install_data
