[0.238s] Invoking command in '/home/epon/AutoDrive/autonomous_combine/build/mpu9250driver': CMAKE_PREFIX_PATH=${CMAKE_PREFIX_PATH}:/home/epon/AutoDrive/autonomous_combine/install/robot_simulation:/home/epon/AutoDrive/autonomous_combine/install/robot_navigation:/home/epon/AutoDrive/autonomous_combine/install/my_launch:/home/epon/AutoDrive/autonomous_combine/install/control_hardware:/opt/ros/humble /usr/bin/cmake --build /home/epon/AutoDrive/autonomous_combine/build/mpu9250driver -- -j8 -l8
[0.676s] [ 66%] Built target linux_i2c_communicator
[0.676s] [ 66%] Built target mpu9250sensor
[0.676s] [100%] Built target mpu9250driver
[0.889s] Invoked command in '/home/epon/AutoDrive/autonomous_combine/build/mpu9250driver' returned '0': CMAKE_PREFIX_PATH=${CMAKE_PREFIX_PATH}:/home/epon/AutoDrive/autonomous_combine/install/robot_simulation:/home/epon/AutoDrive/autonomous_combine/install/robot_navigation:/home/epon/AutoDrive/autonomous_combine/install/my_launch:/home/epon/AutoDrive/autonomous_combine/install/control_hardware:/opt/ros/humble /usr/bin/cmake --build /home/epon/AutoDrive/autonomous_combine/build/mpu9250driver -- -j8 -l8
[0.896s] Invoking command in '/home/epon/AutoDrive/autonomous_combine/build/mpu9250driver': CMAKE_PREFIX_PATH=${CMAKE_PREFIX_PATH}:/home/epon/AutoDrive/autonomous_combine/install/robot_simulation:/home/epon/AutoDrive/autonomous_combine/install/robot_navigation:/home/epon/AutoDrive/autonomous_combine/install/my_launch:/home/epon/AutoDrive/autonomous_combine/install/control_hardware:/opt/ros/humble /usr/bin/cmake --install /home/epon/AutoDrive/autonomous_combine/build/mpu9250driver
[0.902s] -- Install configuration: ""
[0.902s] -- Up-to-date: /home/epon/AutoDrive/autonomous_combine/install/mpu9250driver/lib/mpu9250driver/mpu9250driver
[0.903s] -- Up-to-date: /home/epon/AutoDrive/autonomous_combine/install/mpu9250driver/share/mpu9250driver//launch
[0.904s] -- Up-to-date: /home/epon/AutoDrive/autonomous_combine/install/mpu9250driver/share/mpu9250driver//launch/mpu9250driver_launch.py
[0.904s] -- Up-to-date: /home/epon/AutoDrive/autonomous_combine/install/mpu9250driver/share/mpu9250driver//params
[0.904s] -- Up-to-date: /home/epon/AutoDrive/autonomous_combine/install/mpu9250driver/share/mpu9250driver//params/mpu9250.yaml
[0.904s] -- Up-to-date: /home/epon/AutoDrive/autonomous_combine/install/mpu9250driver/share/ament_index/resource_index/package_run_dependencies/mpu9250driver
[0.905s] -- Up-to-date: /home/epon/AutoDrive/autonomous_combine/install/mpu9250driver/share/ament_index/resource_index/parent_prefix_path/mpu9250driver
[0.905s] -- Up-to-date: /home/epon/AutoDrive/autonomous_combine/install/mpu9250driver/share/mpu9250driver/environment/ament_prefix_path.sh
[0.905s] -- Up-to-date: /home/epon/AutoDrive/autonomous_combine/install/mpu9250driver/share/mpu9250driver/environment/ament_prefix_path.dsv
[0.905s] -- Up-to-date: /home/epon/AutoDrive/autonomous_combine/install/mpu9250driver/share/mpu9250driver/environment/path.sh
[0.905s] -- Up-to-date: /home/epon/AutoDrive/autonomous_combine/install/mpu9250driver/share/mpu9250driver/environment/path.dsv
[0.905s] -- Up-to-date: /home/epon/AutoDrive/autonomous_combine/install/mpu9250driver/share/mpu9250driver/local_setup.bash
[0.905s] -- Up-to-date: /home/epon/AutoDrive/autonomous_combine/install/mpu9250driver/share/mpu9250driver/local_setup.sh
[0.905s] -- Up-to-date: /home/epon/AutoDrive/autonomous_combine/install/mpu9250driver/share/mpu9250driver/local_setup.zsh
[0.905s] -- Up-to-date: /home/epon/AutoDrive/autonomous_combine/install/mpu9250driver/share/mpu9250driver/local_setup.dsv
[0.905s] -- Installing: /home/epon/AutoDrive/autonomous_combine/install/mpu9250driver/share/mpu9250driver/package.dsv
[0.905s] -- Up-to-date: /home/epon/AutoDrive/autonomous_combine/install/mpu9250driver/share/ament_index/resource_index/packages/mpu9250driver
[0.906s] -- Up-to-date: /home/epon/AutoDrive/autonomous_combine/install/mpu9250driver/share/mpu9250driver/cmake/mpu9250driverConfig.cmake
[0.906s] -- Up-to-date: /home/epon/AutoDrive/autonomous_combine/install/mpu9250driver/share/mpu9250driver/cmake/mpu9250driverConfig-version.cmake
[0.906s] -- Up-to-date: /home/epon/AutoDrive/autonomous_combine/install/mpu9250driver/share/mpu9250driver/package.xml
[0.922s] Invoked command in '/home/epon/AutoDrive/autonomous_combine/build/mpu9250driver' returned '0': CMAKE_PREFIX_PATH=${CMAKE_PREFIX_PATH}:/home/epon/AutoDrive/autonomous_combine/install/robot_simulation:/home/epon/AutoDrive/autonomous_combine/install/robot_navigation:/home/epon/AutoDrive/autonomous_combine/install/my_launch:/home/epon/AutoDrive/autonomous_combine/install/control_hardware:/opt/ros/humble /usr/bin/cmake --install /home/epon/AutoDrive/autonomous_combine/build/mpu9250driver
