/home/epon/AutoDrive/autonomous_combine/install/control_hardware/lib/python3.10/site-packages/control_hardware/cmd2gpio.py
/home/epon/AutoDrive/autonomous_combine/install/control_hardware/lib/python3.10/site-packages/control_hardware/joy_control_node.py
/home/epon/AutoDrive/autonomous_combine/install/control_hardware/lib/python3.10/site-packages/control_hardware/__init__.py
/home/epon/AutoDrive/autonomous_combine/install/control_hardware/lib/python3.10/site-packages/control_hardware/__pycache__/cmd2gpio.cpython-310.pyc
/home/epon/AutoDrive/autonomous_combine/install/control_hardware/lib/python3.10/site-packages/control_hardware/__pycache__/joy_control_node.cpython-310.pyc
/home/epon/AutoDrive/autonomous_combine/install/control_hardware/lib/python3.10/site-packages/control_hardware/__pycache__/__init__.cpython-310.pyc
/home/epon/AutoDrive/autonomous_combine/install/control_hardware/share/ament_index/resource_index/packages/control_hardware
/home/epon/AutoDrive/autonomous_combine/install/control_hardware/share/control_hardware/package.xml
/home/epon/AutoDrive/autonomous_combine/install/control_hardware/share/control_hardware/launch/control_system.launch.py
/home/epon/AutoDrive/autonomous_combine/install/control_hardware/lib/python3.10/site-packages/control_hardware-0.0.0-py3.10.egg-info/requires.txt
/home/epon/AutoDrive/autonomous_combine/install/control_hardware/lib/python3.10/site-packages/control_hardware-0.0.0-py3.10.egg-info/top_level.txt
/home/epon/AutoDrive/autonomous_combine/install/control_hardware/lib/python3.10/site-packages/control_hardware-0.0.0-py3.10.egg-info/PKG-INFO
/home/epon/AutoDrive/autonomous_combine/install/control_hardware/lib/python3.10/site-packages/control_hardware-0.0.0-py3.10.egg-info/dependency_links.txt
/home/epon/AutoDrive/autonomous_combine/install/control_hardware/lib/python3.10/site-packages/control_hardware-0.0.0-py3.10.egg-info/entry_points.txt
/home/epon/AutoDrive/autonomous_combine/install/control_hardware/lib/python3.10/site-packages/control_hardware-0.0.0-py3.10.egg-info/SOURCES.txt
/home/epon/AutoDrive/autonomous_combine/install/control_hardware/lib/python3.10/site-packages/control_hardware-0.0.0-py3.10.egg-info/zip-safe
/home/epon/AutoDrive/autonomous_combine/install/control_hardware/lib/control_hardware/cmd2gpio
/home/epon/AutoDrive/autonomous_combine/install/control_hardware/lib/control_hardware/cmd2pwm
/home/epon/AutoDrive/autonomous_combine/install/control_hardware/lib/control_hardware/joy_control_node
/home/epon/AutoDrive/autonomous_combine/install/control_hardware/lib/control_hardware/pwm2GPIO
