[0.091s] [34mcolcon[0m [1;30mDEBUG[0m [32mCommand line arguments: ['/usr/bin/colcon', 'build'][0m
[0.091s] [34mcolcon[0m [1;30mDEBUG[0m [32mParsed command line arguments: Namespace(log_base=None, log_level=None, verb_name='build', build_base='build', install_base='install', merge_install=False, symlink_install=False, test_result_base=None, continue_on_error=False, executor='parallel', parallel_workers=8, event_handlers=None, ignore_user_meta=False, metas=['./colcon.meta'], base_paths=['.'], packages_ignore=None, packages_ignore_regex=None, paths=None, packages_up_to=None, packages_up_to_regex=None, packages_above=None, packages_above_and_dependencies=None, packages_above_depth=None, packages_select_by_dep=None, packages_skip_by_dep=None, packages_skip_up_to=None, packages_select_build_failed=False, packages_skip_build_finished=False, packages_select_test_failures=False, packages_skip_test_passed=False, packages_select=None, packages_skip=None, packages_select_regex=None, packages_skip_regex=None, packages_start=None, packages_end=None, allow_overriding=[], cmake_args=None, cmake_target=None, cmake_target_skip_unavailable=False, cmake_clean_cache=False, cmake_clean_first=False, cmake_force_configure=False, ament_cmake_args=None, catkin_cmake_args=None, catkin_skip_building_tests=False, verb_parser=<colcon_defaults.argument_parser.defaults.DefaultArgumentsDecorator object at 0x7cc55803c0d0>, verb_extension=<colcon_core.verb.build.BuildVerb object at 0x7cc5581fbac0>, main=<bound method BuildVerb.main of <colcon_core.verb.build.BuildVerb object at 0x7cc5581fbac0>>)[0m
[0.231s] [34mcolcon.colcon_core.package_discovery[0m [1;30mLevel 1[0m discover_packages(colcon_meta) check parameters
[0.231s] [34mcolcon.colcon_core.package_discovery[0m [1;30mLevel 1[0m discover_packages(recursive) check parameters
[0.231s] [34mcolcon.colcon_core.package_discovery[0m [1;30mLevel 1[0m discover_packages(ignore) check parameters
[0.231s] [34mcolcon.colcon_core.package_discovery[0m [1;30mLevel 1[0m discover_packages(path) check parameters
[0.231s] [34mcolcon.colcon_core.package_discovery[0m [1;30mLevel 1[0m discover_packages(colcon_meta) discover
[0.232s] [34mcolcon.colcon_core.package_discovery[0m [1;30mLevel 1[0m discover_packages(recursive) discover
[0.232s] [34mcolcon.colcon_core.package_discovery[0m [1;30mINFO[0m Crawling recursively for packages in '/home/epon/AutoDrive/autonomous_combine'
[0.232s] [34mcolcon.colcon_core.package_identification[0m [1;30mLevel 1[0m _identify(.) by extensions ['ignore', 'ignore_ament_install']
[0.232s] [34mcolcon.colcon_core.package_identification[0m [1;30mLevel 1[0m _identify(.) by extension 'ignore'
[0.232s] [34mcolcon.colcon_core.package_identification[0m [1;30mLevel 1[0m _identify(.) by extension 'ignore_ament_install'
[0.232s] [34mcolcon.colcon_core.package_identification[0m [1;30mLevel 1[0m _identify(.) by extensions ['colcon_pkg']
[0.232s] [34mcolcon.colcon_core.package_identification[0m [1;30mLevel 1[0m _identify(.) by extension 'colcon_pkg'
[0.232s] [34mcolcon.colcon_core.package_identification[0m [1;30mLevel 1[0m _identify(.) by extensions ['colcon_meta']
[0.232s] [34mcolcon.colcon_core.package_identification[0m [1;30mLevel 1[0m _identify(.) by extension 'colcon_meta'
[0.232s] [34mcolcon.colcon_core.package_identification[0m [1;30mLevel 1[0m _identify(.) by extensions ['ros']
[0.232s] [34mcolcon.colcon_core.package_identification[0m [1;30mLevel 1[0m _identify(.) by extension 'ros'
[0.240s] [34mcolcon.colcon_core.package_identification[0m [1;30mLevel 1[0m _identify(.) by extensions ['cmake', 'python']
[0.240s] [34mcolcon.colcon_core.package_identification[0m [1;30mLevel 1[0m _identify(.) by extension 'cmake'
[0.241s] [34mcolcon.colcon_core.package_identification[0m [1;30mLevel 1[0m _identify(.) by extension 'python'
[0.241s] [34mcolcon.colcon_core.package_identification[0m [1;30mLevel 1[0m _identify(.) by extensions ['python_setup_py']
[0.241s] [34mcolcon.colcon_core.package_identification[0m [1;30mLevel 1[0m _identify(.) by extension 'python_setup_py'
[0.241s] [34mcolcon.colcon_core.package_identification[0m [1;30mLevel 1[0m _identify(build) by extensions ['ignore', 'ignore_ament_install']
[0.241s] [34mcolcon.colcon_core.package_identification[0m [1;30mLevel 1[0m _identify(build) by extension 'ignore'
[0.241s] [34mcolcon.colcon_core.package_identification[0m [1;30mLevel 1[0m _identify(build) ignored
[0.241s] [34mcolcon.colcon_core.package_identification[0m [1;30mLevel 1[0m _identify(install) by extensions ['ignore', 'ignore_ament_install']
[0.241s] [34mcolcon.colcon_core.package_identification[0m [1;30mLevel 1[0m _identify(install) by extension 'ignore'
[0.241s] [34mcolcon.colcon_core.package_identification[0m [1;30mLevel 1[0m _identify(install) ignored
[0.241s] [34mcolcon.colcon_core.package_identification[0m [1;30mLevel 1[0m _identify(log) by extensions ['ignore', 'ignore_ament_install']
[0.242s] [34mcolcon.colcon_core.package_identification[0m [1;30mLevel 1[0m _identify(log) by extension 'ignore'
[0.242s] [34mcolcon.colcon_core.package_identification[0m [1;30mLevel 1[0m _identify(log) ignored
[0.242s] [34mcolcon.colcon_core.package_identification[0m [1;30mLevel 1[0m _identify(src) by extensions ['ignore', 'ignore_ament_install']
[0.242s] [34mcolcon.colcon_core.package_identification[0m [1;30mLevel 1[0m _identify(src) by extension 'ignore'
[0.242s] [34mcolcon.colcon_core.package_identification[0m [1;30mLevel 1[0m _identify(src) by extension 'ignore_ament_install'
[0.242s] [34mcolcon.colcon_core.package_identification[0m [1;30mLevel 1[0m _identify(src) by extensions ['colcon_pkg']
[0.242s] [34mcolcon.colcon_core.package_identification[0m [1;30mLevel 1[0m _identify(src) by extension 'colcon_pkg'
[0.242s] [34mcolcon.colcon_core.package_identification[0m [1;30mLevel 1[0m _identify(src) by extensions ['colcon_meta']
[0.242s] [34mcolcon.colcon_core.package_identification[0m [1;30mLevel 1[0m _identify(src) by extension 'colcon_meta'
[0.242s] [34mcolcon.colcon_core.package_identification[0m [1;30mLevel 1[0m _identify(src) by extensions ['ros']
[0.242s] [34mcolcon.colcon_core.package_identification[0m [1;30mLevel 1[0m _identify(src) by extension 'ros'
[0.242s] [34mcolcon.colcon_core.package_identification[0m [1;30mLevel 1[0m _identify(src) by extensions ['cmake', 'python']
[0.242s] [34mcolcon.colcon_core.package_identification[0m [1;30mLevel 1[0m _identify(src) by extension 'cmake'
[0.242s] [34mcolcon.colcon_core.package_identification[0m [1;30mLevel 1[0m _identify(src) by extension 'python'
[0.242s] [34mcolcon.colcon_core.package_identification[0m [1;30mLevel 1[0m _identify(src) by extensions ['python_setup_py']
[0.242s] [34mcolcon.colcon_core.package_identification[0m [1;30mLevel 1[0m _identify(src) by extension 'python_setup_py'
[0.242s] [34mcolcon.colcon_core.package_identification[0m [1;30mLevel 1[0m _identify(src/common_interface) by extensions ['ignore', 'ignore_ament_install']
[0.243s] [34mcolcon.colcon_core.package_identification[0m [1;30mLevel 1[0m _identify(src/common_interface) by extension 'ignore'
[0.243s] [34mcolcon.colcon_core.package_identification[0m [1;30mLevel 1[0m _identify(src/common_interface) by extension 'ignore_ament_install'
[0.243s] [34mcolcon.colcon_core.package_identification[0m [1;30mLevel 1[0m _identify(src/common_interface) by extensions ['colcon_pkg']
[0.243s] [34mcolcon.colcon_core.package_identification[0m [1;30mLevel 1[0m _identify(src/common_interface) by extension 'colcon_pkg'
[0.243s] [34mcolcon.colcon_core.package_identification[0m [1;30mLevel 1[0m _identify(src/common_interface) by extensions ['colcon_meta']
[0.243s] [34mcolcon.colcon_core.package_identification[0m [1;30mLevel 1[0m _identify(src/common_interface) by extension 'colcon_meta'
[0.243s] [34mcolcon.colcon_core.package_identification[0m [1;30mLevel 1[0m _identify(src/common_interface) by extensions ['ros']
[0.243s] [34mcolcon.colcon_core.package_identification[0m [1;30mLevel 1[0m _identify(src/common_interface) by extension 'ros'
[0.245s] [34mcolcon.colcon_core.package_identification[0m [1;30mDEBUG[0m [32mPackage 'src/common_interface' with type 'ros.ament_cmake' and name 'common_interface'[0m
[0.245s] [34mcolcon.colcon_core.package_identification[0m [1;30mLevel 1[0m _identify(src/control_hardware) by extensions ['ignore', 'ignore_ament_install']
[0.246s] [34mcolcon.colcon_core.package_identification[0m [1;30mLevel 1[0m _identify(src/control_hardware) by extension 'ignore'
[0.246s] [34mcolcon.colcon_core.package_identification[0m [1;30mLevel 1[0m _identify(src/control_hardware) by extension 'ignore_ament_install'
[0.246s] [34mcolcon.colcon_core.package_identification[0m [1;30mLevel 1[0m _identify(src/control_hardware) by extensions ['colcon_pkg']
[0.246s] [34mcolcon.colcon_core.package_identification[0m [1;30mLevel 1[0m _identify(src/control_hardware) by extension 'colcon_pkg'
[0.246s] [34mcolcon.colcon_core.package_identification[0m [1;30mLevel 1[0m _identify(src/control_hardware) by extensions ['colcon_meta']
[0.246s] [34mcolcon.colcon_core.package_identification[0m [1;30mLevel 1[0m _identify(src/control_hardware) by extension 'colcon_meta'
[0.246s] [34mcolcon.colcon_core.package_identification[0m [1;30mLevel 1[0m _identify(src/control_hardware) by extensions ['ros']
[0.246s] [34mcolcon.colcon_core.package_identification[0m [1;30mLevel 1[0m _identify(src/control_hardware) by extension 'ros'
[0.247s] [34mcolcon.colcon_core.package_identification[0m [1;30mDEBUG[0m [32mPackage 'src/control_hardware' with type 'ros.ament_python' and name 'control_hardware'[0m
[0.247s] [34mcolcon.colcon_core.package_identification[0m [1;30mLevel 1[0m _identify(src/my_launch) by extensions ['ignore', 'ignore_ament_install']
[0.247s] [34mcolcon.colcon_core.package_identification[0m [1;30mLevel 1[0m _identify(src/my_launch) by extension 'ignore'
[0.247s] [34mcolcon.colcon_core.package_identification[0m [1;30mLevel 1[0m _identify(src/my_launch) by extension 'ignore_ament_install'
[0.247s] [34mcolcon.colcon_core.package_identification[0m [1;30mLevel 1[0m _identify(src/my_launch) by extensions ['colcon_pkg']
[0.247s] [34mcolcon.colcon_core.package_identification[0m [1;30mLevel 1[0m _identify(src/my_launch) by extension 'colcon_pkg'
[0.247s] [34mcolcon.colcon_core.package_identification[0m [1;30mLevel 1[0m _identify(src/my_launch) by extensions ['colcon_meta']
[0.247s] [34mcolcon.colcon_core.package_identification[0m [1;30mLevel 1[0m _identify(src/my_launch) by extension 'colcon_meta'
[0.247s] [34mcolcon.colcon_core.package_identification[0m [1;30mLevel 1[0m _identify(src/my_launch) by extensions ['ros']
[0.247s] [34mcolcon.colcon_core.package_identification[0m [1;30mLevel 1[0m _identify(src/my_launch) by extension 'ros'
[0.248s] [34mcolcon.colcon_core.package_identification[0m [1;30mDEBUG[0m [32mPackage 'src/my_launch' with type 'ros.ament_python' and name 'my_launch'[0m
[0.248s] [34mcolcon.colcon_core.package_identification[0m [1;30mLevel 1[0m _identify(src/robot_description) by extensions ['ignore', 'ignore_ament_install']
[0.248s] [34mcolcon.colcon_core.package_identification[0m [1;30mLevel 1[0m _identify(src/robot_description) by extension 'ignore'
[0.248s] [34mcolcon.colcon_core.package_identification[0m [1;30mLevel 1[0m _identify(src/robot_description) by extension 'ignore_ament_install'
[0.248s] [34mcolcon.colcon_core.package_identification[0m [1;30mLevel 1[0m _identify(src/robot_description) by extensions ['colcon_pkg']
[0.248s] [34mcolcon.colcon_core.package_identification[0m [1;30mLevel 1[0m _identify(src/robot_description) by extension 'colcon_pkg'
[0.248s] [34mcolcon.colcon_core.package_identification[0m [1;30mLevel 1[0m _identify(src/robot_description) by extensions ['colcon_meta']
[0.248s] [34mcolcon.colcon_core.package_identification[0m [1;30mLevel 1[0m _identify(src/robot_description) by extension 'colcon_meta'
[0.248s] [34mcolcon.colcon_core.package_identification[0m [1;30mLevel 1[0m _identify(src/robot_description) by extensions ['ros']
[0.248s] [34mcolcon.colcon_core.package_identification[0m [1;30mLevel 1[0m _identify(src/robot_description) by extension 'ros'
[0.249s] [34mcolcon.colcon_core.package_identification[0m [1;30mDEBUG[0m [32mPackage 'src/robot_description' with type 'ros.ament_cmake' and name 'robot_description'[0m
[0.249s] [34mcolcon.colcon_core.package_identification[0m [1;30mLevel 1[0m _identify(src/robot_navigation) by extensions ['ignore', 'ignore_ament_install']
[0.249s] [34mcolcon.colcon_core.package_identification[0m [1;30mLevel 1[0m _identify(src/robot_navigation) by extension 'ignore'
[0.249s] [34mcolcon.colcon_core.package_identification[0m [1;30mLevel 1[0m _identify(src/robot_navigation) by extension 'ignore_ament_install'
[0.249s] [34mcolcon.colcon_core.package_identification[0m [1;30mLevel 1[0m _identify(src/robot_navigation) by extensions ['colcon_pkg']
[0.249s] [34mcolcon.colcon_core.package_identification[0m [1;30mLevel 1[0m _identify(src/robot_navigation) by extension 'colcon_pkg'
[0.249s] [34mcolcon.colcon_core.package_identification[0m [1;30mLevel 1[0m _identify(src/robot_navigation) by extensions ['colcon_meta']
[0.249s] [34mcolcon.colcon_core.package_identification[0m [1;30mLevel 1[0m _identify(src/robot_navigation) by extension 'colcon_meta'
[0.249s] [34mcolcon.colcon_core.package_identification[0m [1;30mLevel 1[0m _identify(src/robot_navigation) by extensions ['ros']
[0.249s] [34mcolcon.colcon_core.package_identification[0m [1;30mLevel 1[0m _identify(src/robot_navigation) by extension 'ros'
[0.257s] [34mcolcon.colcon_core.package_identification[0m [1;30mDEBUG[0m [32mPackage 'src/robot_navigation' with type 'ros.ament_python' and name 'robot_navigation'[0m
[0.257s] [34mcolcon.colcon_core.package_identification[0m [1;30mLevel 1[0m _identify(src/robot_simulation) by extensions ['ignore', 'ignore_ament_install']
[0.257s] [34mcolcon.colcon_core.package_identification[0m [1;30mLevel 1[0m _identify(src/robot_simulation) by extension 'ignore'
[0.257s] [34mcolcon.colcon_core.package_identification[0m [1;30mLevel 1[0m _identify(src/robot_simulation) by extension 'ignore_ament_install'
[0.257s] [34mcolcon.colcon_core.package_identification[0m [1;30mLevel 1[0m _identify(src/robot_simulation) by extensions ['colcon_pkg']
[0.257s] [34mcolcon.colcon_core.package_identification[0m [1;30mLevel 1[0m _identify(src/robot_simulation) by extension 'colcon_pkg'
[0.257s] [34mcolcon.colcon_core.package_identification[0m [1;30mLevel 1[0m _identify(src/robot_simulation) by extensions ['colcon_meta']
[0.257s] [34mcolcon.colcon_core.package_identification[0m [1;30mLevel 1[0m _identify(src/robot_simulation) by extension 'colcon_meta'
[0.257s] [34mcolcon.colcon_core.package_identification[0m [1;30mLevel 1[0m _identify(src/robot_simulation) by extensions ['ros']
[0.257s] [34mcolcon.colcon_core.package_identification[0m [1;30mLevel 1[0m _identify(src/robot_simulation) by extension 'ros'
[0.258s] [34mcolcon.colcon_core.package_identification[0m [1;30mDEBUG[0m [32mPackage 'src/robot_simulation' with type 'ros.ament_python' and name 'robot_simulation'[0m
[0.258s] [34mcolcon.colcon_core.package_identification[0m [1;30mLevel 1[0m _identify(src/ros2_mpu9250_driver) by extensions ['ignore', 'ignore_ament_install']
[0.258s] [34mcolcon.colcon_core.package_identification[0m [1;30mLevel 1[0m _identify(src/ros2_mpu9250_driver) by extension 'ignore'
[0.258s] [34mcolcon.colcon_core.package_identification[0m [1;30mLevel 1[0m _identify(src/ros2_mpu9250_driver) by extension 'ignore_ament_install'
[0.258s] [34mcolcon.colcon_core.package_identification[0m [1;30mLevel 1[0m _identify(src/ros2_mpu9250_driver) by extensions ['colcon_pkg']
[0.258s] [34mcolcon.colcon_core.package_identification[0m [1;30mLevel 1[0m _identify(src/ros2_mpu9250_driver) by extension 'colcon_pkg'
[0.258s] [34mcolcon.colcon_core.package_identification[0m [1;30mLevel 1[0m _identify(src/ros2_mpu9250_driver) by extensions ['colcon_meta']
[0.258s] [34mcolcon.colcon_core.package_identification[0m [1;30mLevel 1[0m _identify(src/ros2_mpu9250_driver) by extension 'colcon_meta'
[0.258s] [34mcolcon.colcon_core.package_identification[0m [1;30mLevel 1[0m _identify(src/ros2_mpu9250_driver) by extensions ['ros']
[0.258s] [34mcolcon.colcon_core.package_identification[0m [1;30mLevel 1[0m _identify(src/ros2_mpu9250_driver) by extension 'ros'
[0.259s] [34mcolcon.colcon_core.package_identification[0m [1;30mDEBUG[0m [32mPackage 'src/ros2_mpu9250_driver' with type 'ros.ament_cmake' and name 'mpu9250driver'[0m
[0.259s] [34mcolcon.colcon_core.package_discovery[0m [1;30mLevel 1[0m discover_packages(recursive) using defaults
[0.259s] [34mcolcon.colcon_core.package_discovery[0m [1;30mLevel 1[0m discover_packages(ignore) discover
[0.259s] [34mcolcon.colcon_core.package_discovery[0m [1;30mLevel 1[0m discover_packages(ignore) using defaults
[0.259s] [34mcolcon.colcon_core.package_discovery[0m [1;30mLevel 1[0m discover_packages(path) discover
[0.259s] [34mcolcon.colcon_core.package_discovery[0m [1;30mLevel 1[0m discover_packages(path) using defaults
[0.272s] [34mcolcon.colcon_core.package_discovery[0m [1;30mLevel 1[0m discover_packages(prefix_path) check parameters
[0.272s] [34mcolcon.colcon_core.package_discovery[0m [1;30mLevel 1[0m discover_packages(prefix_path) discover
[0.273s] [34mcolcon.colcon_installed_package_information.package_discovery[0m [1;30mDEBUG[0m [32mFound 6 installed packages in /home/epon/AutoDrive/autonomous_combine/install[0m
[0.275s] [34mcolcon.colcon_installed_package_information.package_discovery[0m [1;30mDEBUG[0m [32mFound 399 installed packages in /opt/ros/humble[0m
[0.276s] [34mcolcon.colcon_core.package_discovery[0m [1;30mLevel 1[0m discover_packages(prefix_path) using defaults
[0.314s] [34mcolcon.colcon_core.verb[0m [1;30mLevel 5[0m set package 'common_interface' build argument 'cmake_args' from command line to 'None'
[0.314s] [34mcolcon.colcon_core.verb[0m [1;30mLevel 5[0m set package 'common_interface' build argument 'cmake_target' from command line to 'None'
[0.314s] [34mcolcon.colcon_core.verb[0m [1;30mLevel 5[0m set package 'common_interface' build argument 'cmake_target_skip_unavailable' from command line to 'False'
[0.314s] [34mcolcon.colcon_core.verb[0m [1;30mLevel 5[0m set package 'common_interface' build argument 'cmake_clean_cache' from command line to 'False'
[0.314s] [34mcolcon.colcon_core.verb[0m [1;30mLevel 5[0m set package 'common_interface' build argument 'cmake_clean_first' from command line to 'False'
[0.314s] [34mcolcon.colcon_core.verb[0m [1;30mLevel 5[0m set package 'common_interface' build argument 'cmake_force_configure' from command line to 'False'
[0.314s] [34mcolcon.colcon_core.verb[0m [1;30mLevel 5[0m set package 'common_interface' build argument 'ament_cmake_args' from command line to 'None'
[0.314s] [34mcolcon.colcon_core.verb[0m [1;30mLevel 5[0m set package 'common_interface' build argument 'catkin_cmake_args' from command line to 'None'
[0.314s] [34mcolcon.colcon_core.verb[0m [1;30mLevel 5[0m set package 'common_interface' build argument 'catkin_skip_building_tests' from command line to 'False'
[0.314s] [34mcolcon.colcon_core.verb[0m [1;30mDEBUG[0m [32mBuilding package 'common_interface' with the following arguments: {'ament_cmake_args': None, 'build_base': '/home/epon/AutoDrive/autonomous_combine/build/common_interface', 'catkin_cmake_args': None, 'catkin_skip_building_tests': False, 'cmake_args': None, 'cmake_clean_cache': False, 'cmake_clean_first': False, 'cmake_force_configure': False, 'cmake_target': None, 'cmake_target_skip_unavailable': False, 'install_base': '/home/epon/AutoDrive/autonomous_combine/install/common_interface', 'merge_install': False, 'path': '/home/epon/AutoDrive/autonomous_combine/src/common_interface', 'symlink_install': False, 'test_result_base': None}[0m
[0.315s] [34mcolcon.colcon_core.verb[0m [1;30mLevel 5[0m set package 'control_hardware' build argument 'cmake_args' from command line to 'None'
[0.315s] [34mcolcon.colcon_core.verb[0m [1;30mLevel 5[0m set package 'control_hardware' build argument 'cmake_target' from command line to 'None'
[0.315s] [34mcolcon.colcon_core.verb[0m [1;30mLevel 5[0m set package 'control_hardware' build argument 'cmake_target_skip_unavailable' from command line to 'False'
[0.315s] [34mcolcon.colcon_core.verb[0m [1;30mLevel 5[0m set package 'control_hardware' build argument 'cmake_clean_cache' from command line to 'False'
[0.315s] [34mcolcon.colcon_core.verb[0m [1;30mLevel 5[0m set package 'control_hardware' build argument 'cmake_clean_first' from command line to 'False'
[0.315s] [34mcolcon.colcon_core.verb[0m [1;30mLevel 5[0m set package 'control_hardware' build argument 'cmake_force_configure' from command line to 'False'
[0.315s] [34mcolcon.colcon_core.verb[0m [1;30mLevel 5[0m set package 'control_hardware' build argument 'ament_cmake_args' from command line to 'None'
[0.315s] [34mcolcon.colcon_core.verb[0m [1;30mLevel 5[0m set package 'control_hardware' build argument 'catkin_cmake_args' from command line to 'None'
[0.315s] [34mcolcon.colcon_core.verb[0m [1;30mLevel 5[0m set package 'control_hardware' build argument 'catkin_skip_building_tests' from command line to 'False'
[0.315s] [34mcolcon.colcon_core.verb[0m [1;30mDEBUG[0m [32mBuilding package 'control_hardware' with the following arguments: {'ament_cmake_args': None, 'build_base': '/home/epon/AutoDrive/autonomous_combine/build/control_hardware', 'catkin_cmake_args': None, 'catkin_skip_building_tests': False, 'cmake_args': None, 'cmake_clean_cache': False, 'cmake_clean_first': False, 'cmake_force_configure': False, 'cmake_target': None, 'cmake_target_skip_unavailable': False, 'install_base': '/home/epon/AutoDrive/autonomous_combine/install/control_hardware', 'merge_install': False, 'path': '/home/epon/AutoDrive/autonomous_combine/src/control_hardware', 'symlink_install': False, 'test_result_base': None}[0m
[0.315s] [34mcolcon.colcon_core.verb[0m [1;30mLevel 5[0m set package 'mpu9250driver' build argument 'cmake_args' from command line to 'None'
[0.315s] [34mcolcon.colcon_core.verb[0m [1;30mLevel 5[0m set package 'mpu9250driver' build argument 'cmake_target' from command line to 'None'
[0.315s] [34mcolcon.colcon_core.verb[0m [1;30mLevel 5[0m set package 'mpu9250driver' build argument 'cmake_target_skip_unavailable' from command line to 'False'
[0.315s] [34mcolcon.colcon_core.verb[0m [1;30mLevel 5[0m set package 'mpu9250driver' build argument 'cmake_clean_cache' from command line to 'False'
[0.315s] [34mcolcon.colcon_core.verb[0m [1;30mLevel 5[0m set package 'mpu9250driver' build argument 'cmake_clean_first' from command line to 'False'
[0.315s] [34mcolcon.colcon_core.verb[0m [1;30mLevel 5[0m set package 'mpu9250driver' build argument 'cmake_force_configure' from command line to 'False'
[0.315s] [34mcolcon.colcon_core.verb[0m [1;30mLevel 5[0m set package 'mpu9250driver' build argument 'ament_cmake_args' from command line to 'None'
[0.315s] [34mcolcon.colcon_core.verb[0m [1;30mLevel 5[0m set package 'mpu9250driver' build argument 'catkin_cmake_args' from command line to 'None'
[0.315s] [34mcolcon.colcon_core.verb[0m [1;30mLevel 5[0m set package 'mpu9250driver' build argument 'catkin_skip_building_tests' from command line to 'False'
[0.316s] [34mcolcon.colcon_core.verb[0m [1;30mDEBUG[0m [32mBuilding package 'mpu9250driver' with the following arguments: {'ament_cmake_args': None, 'build_base': '/home/epon/AutoDrive/autonomous_combine/build/mpu9250driver', 'catkin_cmake_args': None, 'catkin_skip_building_tests': False, 'cmake_args': None, 'cmake_clean_cache': False, 'cmake_clean_first': False, 'cmake_force_configure': False, 'cmake_target': None, 'cmake_target_skip_unavailable': False, 'install_base': '/home/epon/AutoDrive/autonomous_combine/install/mpu9250driver', 'merge_install': False, 'path': '/home/epon/AutoDrive/autonomous_combine/src/ros2_mpu9250_driver', 'symlink_install': False, 'test_result_base': None}[0m
[0.316s] [34mcolcon.colcon_core.verb[0m [1;30mLevel 5[0m set package 'my_launch' build argument 'cmake_args' from command line to 'None'
[0.316s] [34mcolcon.colcon_core.verb[0m [1;30mLevel 5[0m set package 'my_launch' build argument 'cmake_target' from command line to 'None'
[0.316s] [34mcolcon.colcon_core.verb[0m [1;30mLevel 5[0m set package 'my_launch' build argument 'cmake_target_skip_unavailable' from command line to 'False'
[0.316s] [34mcolcon.colcon_core.verb[0m [1;30mLevel 5[0m set package 'my_launch' build argument 'cmake_clean_cache' from command line to 'False'
[0.316s] [34mcolcon.colcon_core.verb[0m [1;30mLevel 5[0m set package 'my_launch' build argument 'cmake_clean_first' from command line to 'False'
[0.316s] [34mcolcon.colcon_core.verb[0m [1;30mLevel 5[0m set package 'my_launch' build argument 'cmake_force_configure' from command line to 'False'
[0.316s] [34mcolcon.colcon_core.verb[0m [1;30mLevel 5[0m set package 'my_launch' build argument 'ament_cmake_args' from command line to 'None'
[0.316s] [34mcolcon.colcon_core.verb[0m [1;30mLevel 5[0m set package 'my_launch' build argument 'catkin_cmake_args' from command line to 'None'
[0.316s] [34mcolcon.colcon_core.verb[0m [1;30mLevel 5[0m set package 'my_launch' build argument 'catkin_skip_building_tests' from command line to 'False'
[0.316s] [34mcolcon.colcon_core.verb[0m [1;30mDEBUG[0m [32mBuilding package 'my_launch' with the following arguments: {'ament_cmake_args': None, 'build_base': '/home/epon/AutoDrive/autonomous_combine/build/my_launch', 'catkin_cmake_args': None, 'catkin_skip_building_tests': False, 'cmake_args': None, 'cmake_clean_cache': False, 'cmake_clean_first': False, 'cmake_force_configure': False, 'cmake_target': None, 'cmake_target_skip_unavailable': False, 'install_base': '/home/epon/AutoDrive/autonomous_combine/install/my_launch', 'merge_install': False, 'path': '/home/epon/AutoDrive/autonomous_combine/src/my_launch', 'symlink_install': False, 'test_result_base': None}[0m
[0.316s] [34mcolcon.colcon_core.verb[0m [1;30mLevel 5[0m set package 'robot_description' build argument 'cmake_args' from command line to 'None'
[0.317s] [34mcolcon.colcon_core.verb[0m [1;30mLevel 5[0m set package 'robot_description' build argument 'cmake_target' from command line to 'None'
[0.317s] [34mcolcon.colcon_core.verb[0m [1;30mLevel 5[0m set package 'robot_description' build argument 'cmake_target_skip_unavailable' from command line to 'False'
[0.317s] [34mcolcon.colcon_core.verb[0m [1;30mLevel 5[0m set package 'robot_description' build argument 'cmake_clean_cache' from command line to 'False'
[0.317s] [34mcolcon.colcon_core.verb[0m [1;30mLevel 5[0m set package 'robot_description' build argument 'cmake_clean_first' from command line to 'False'
[0.317s] [34mcolcon.colcon_core.verb[0m [1;30mLevel 5[0m set package 'robot_description' build argument 'cmake_force_configure' from command line to 'False'
[0.317s] [34mcolcon.colcon_core.verb[0m [1;30mLevel 5[0m set package 'robot_description' build argument 'ament_cmake_args' from command line to 'None'
[0.317s] [34mcolcon.colcon_core.verb[0m [1;30mLevel 5[0m set package 'robot_description' build argument 'catkin_cmake_args' from command line to 'None'
[0.317s] [34mcolcon.colcon_core.verb[0m [1;30mLevel 5[0m set package 'robot_description' build argument 'catkin_skip_building_tests' from command line to 'False'
[0.317s] [34mcolcon.colcon_core.verb[0m [1;30mDEBUG[0m [32mBuilding package 'robot_description' with the following arguments: {'ament_cmake_args': None, 'build_base': '/home/epon/AutoDrive/autonomous_combine/build/robot_description', 'catkin_cmake_args': None, 'catkin_skip_building_tests': False, 'cmake_args': None, 'cmake_clean_cache': False, 'cmake_clean_first': False, 'cmake_force_configure': False, 'cmake_target': None, 'cmake_target_skip_unavailable': False, 'install_base': '/home/epon/AutoDrive/autonomous_combine/install/robot_description', 'merge_install': False, 'path': '/home/epon/AutoDrive/autonomous_combine/src/robot_description', 'symlink_install': False, 'test_result_base': None}[0m
[0.317s] [34mcolcon.colcon_core.verb[0m [1;30mLevel 5[0m set package 'robot_navigation' build argument 'cmake_args' from command line to 'None'
[0.317s] [34mcolcon.colcon_core.verb[0m [1;30mLevel 5[0m set package 'robot_navigation' build argument 'cmake_target' from command line to 'None'
[0.317s] [34mcolcon.colcon_core.verb[0m [1;30mLevel 5[0m set package 'robot_navigation' build argument 'cmake_target_skip_unavailable' from command line to 'False'
[0.317s] [34mcolcon.colcon_core.verb[0m [1;30mLevel 5[0m set package 'robot_navigation' build argument 'cmake_clean_cache' from command line to 'False'
[0.317s] [34mcolcon.colcon_core.verb[0m [1;30mLevel 5[0m set package 'robot_navigation' build argument 'cmake_clean_first' from command line to 'False'
[0.317s] [34mcolcon.colcon_core.verb[0m [1;30mLevel 5[0m set package 'robot_navigation' build argument 'cmake_force_configure' from command line to 'False'
[0.317s] [34mcolcon.colcon_core.verb[0m [1;30mLevel 5[0m set package 'robot_navigation' build argument 'ament_cmake_args' from command line to 'None'
[0.317s] [34mcolcon.colcon_core.verb[0m [1;30mLevel 5[0m set package 'robot_navigation' build argument 'catkin_cmake_args' from command line to 'None'
[0.317s] [34mcolcon.colcon_core.verb[0m [1;30mLevel 5[0m set package 'robot_navigation' build argument 'catkin_skip_building_tests' from command line to 'False'
[0.317s] [34mcolcon.colcon_core.verb[0m [1;30mDEBUG[0m [32mBuilding package 'robot_navigation' with the following arguments: {'ament_cmake_args': None, 'build_base': '/home/epon/AutoDrive/autonomous_combine/build/robot_navigation', 'catkin_cmake_args': None, 'catkin_skip_building_tests': False, 'cmake_args': None, 'cmake_clean_cache': False, 'cmake_clean_first': False, 'cmake_force_configure': False, 'cmake_target': None, 'cmake_target_skip_unavailable': False, 'install_base': '/home/epon/AutoDrive/autonomous_combine/install/robot_navigation', 'merge_install': False, 'path': '/home/epon/AutoDrive/autonomous_combine/src/robot_navigation', 'symlink_install': False, 'test_result_base': None}[0m
[0.318s] [34mcolcon.colcon_core.verb[0m [1;30mLevel 5[0m set package 'robot_simulation' build argument 'cmake_args' from command line to 'None'
[0.318s] [34mcolcon.colcon_core.verb[0m [1;30mLevel 5[0m set package 'robot_simulation' build argument 'cmake_target' from command line to 'None'
[0.318s] [34mcolcon.colcon_core.verb[0m [1;30mLevel 5[0m set package 'robot_simulation' build argument 'cmake_target_skip_unavailable' from command line to 'False'
[0.318s] [34mcolcon.colcon_core.verb[0m [1;30mLevel 5[0m set package 'robot_simulation' build argument 'cmake_clean_cache' from command line to 'False'
[0.318s] [34mcolcon.colcon_core.verb[0m [1;30mLevel 5[0m set package 'robot_simulation' build argument 'cmake_clean_first' from command line to 'False'
[0.318s] [34mcolcon.colcon_core.verb[0m [1;30mLevel 5[0m set package 'robot_simulation' build argument 'cmake_force_configure' from command line to 'False'
[0.318s] [34mcolcon.colcon_core.verb[0m [1;30mLevel 5[0m set package 'robot_simulation' build argument 'ament_cmake_args' from command line to 'None'
[0.318s] [34mcolcon.colcon_core.verb[0m [1;30mLevel 5[0m set package 'robot_simulation' build argument 'catkin_cmake_args' from command line to 'None'
[0.318s] [34mcolcon.colcon_core.verb[0m [1;30mLevel 5[0m set package 'robot_simulation' build argument 'catkin_skip_building_tests' from command line to 'False'
[0.318s] [34mcolcon.colcon_core.verb[0m [1;30mDEBUG[0m [32mBuilding package 'robot_simulation' with the following arguments: {'ament_cmake_args': None, 'build_base': '/home/epon/AutoDrive/autonomous_combine/build/robot_simulation', 'catkin_cmake_args': None, 'catkin_skip_building_tests': False, 'cmake_args': None, 'cmake_clean_cache': False, 'cmake_clean_first': False, 'cmake_force_configure': False, 'cmake_target': None, 'cmake_target_skip_unavailable': False, 'install_base': '/home/epon/AutoDrive/autonomous_combine/install/robot_simulation', 'merge_install': False, 'path': '/home/epon/AutoDrive/autonomous_combine/src/robot_simulation', 'symlink_install': False, 'test_result_base': None}[0m
[0.318s] [34mcolcon.colcon_core.executor[0m [1;30mINFO[0m Executing jobs using 'parallel' executor
[0.319s] [34mcolcon.colcon_parallel_executor.executor.parallel[0m [1;30mDEBUG[0m [32mrun_until_complete[0m
[0.319s] [34mcolcon.colcon_ros.task.ament_cmake.build[0m [1;30mINFO[0m Building ROS package in '/home/epon/AutoDrive/autonomous_combine/src/common_interface' with build type 'ament_cmake'
[0.320s] [34mcolcon.colcon_cmake.task.cmake.build[0m [1;30mINFO[0m Building CMake package in '/home/epon/AutoDrive/autonomous_combine/src/common_interface'
[0.321s] [34mcolcon.colcon_core.plugin_system[0m [1;30mINFO[0m Skipping extension 'colcon_core.shell.bat': Not used on non-Windows systems
[0.321s] [34mcolcon.colcon_core.shell[0m [1;30mINFO[0m Skip shell extension 'powershell' for command environment: Not usable outside of PowerShell
[0.321s] [34mcolcon.colcon_core.shell[0m [1;30mDEBUG[0m [32mSkip shell extension 'dsv' for command environment[0m
[0.325s] [34mcolcon.colcon_ros.task.ament_python.build[0m [1;30mINFO[0m Building ROS package in '/home/epon/AutoDrive/autonomous_combine/src/control_hardware' with build type 'ament_python'
[0.325s] [34mcolcon.colcon_core.shell[0m [1;30mLevel 1[0m create_environment_hook('control_hardware', 'ament_prefix_path')
[0.325s] [34mcolcon.colcon_core.shell[0m [1;30mINFO[0m Creating environment hook '/home/epon/AutoDrive/autonomous_combine/install/control_hardware/share/control_hardware/hook/ament_prefix_path.ps1'
[0.326s] [34mcolcon.colcon_core.shell[0m [1;30mINFO[0m Creating environment descriptor '/home/epon/AutoDrive/autonomous_combine/install/control_hardware/share/control_hardware/hook/ament_prefix_path.dsv'
[0.326s] [34mcolcon.colcon_core.shell[0m [1;30mINFO[0m Creating environment hook '/home/epon/AutoDrive/autonomous_combine/install/control_hardware/share/control_hardware/hook/ament_prefix_path.sh'
[0.327s] [34mcolcon.colcon_core.shell[0m [1;30mINFO[0m Skip shell extension 'powershell' for command environment: Not usable outside of PowerShell
[0.327s] [34mcolcon.colcon_core.shell[0m [1;30mDEBUG[0m [32mSkip shell extension 'dsv' for command environment[0m
[0.330s] [34mcolcon.colcon_ros.task.ament_cmake.build[0m [1;30mINFO[0m Building ROS package in '/home/epon/AutoDrive/autonomous_combine/src/ros2_mpu9250_driver' with build type 'ament_cmake'
[0.330s] [34mcolcon.colcon_cmake.task.cmake.build[0m [1;30mINFO[0m Building CMake package in '/home/epon/AutoDrive/autonomous_combine/src/ros2_mpu9250_driver'
[0.330s] [34mcolcon.colcon_core.shell[0m [1;30mINFO[0m Skip shell extension 'powershell' for command environment: Not usable outside of PowerShell
[0.330s] [34mcolcon.colcon_core.shell[0m [1;30mDEBUG[0m [32mSkip shell extension 'dsv' for command environment[0m
[0.333s] [34mcolcon.colcon_ros.task.ament_python.build[0m [1;30mINFO[0m Building ROS package in '/home/epon/AutoDrive/autonomous_combine/src/my_launch' with build type 'ament_python'
[0.333s] [34mcolcon.colcon_core.shell[0m [1;30mLevel 1[0m create_environment_hook('my_launch', 'ament_prefix_path')
[0.334s] [34mcolcon.colcon_core.shell[0m [1;30mINFO[0m Creating environment hook '/home/epon/AutoDrive/autonomous_combine/install/my_launch/share/my_launch/hook/ament_prefix_path.ps1'
[0.334s] [34mcolcon.colcon_core.shell[0m [1;30mINFO[0m Creating environment descriptor '/home/epon/AutoDrive/autonomous_combine/install/my_launch/share/my_launch/hook/ament_prefix_path.dsv'
[0.335s] [34mcolcon.colcon_core.shell[0m [1;30mINFO[0m Creating environment hook '/home/epon/AutoDrive/autonomous_combine/install/my_launch/share/my_launch/hook/ament_prefix_path.sh'
[0.335s] [34mcolcon.colcon_core.shell[0m [1;30mINFO[0m Skip shell extension 'powershell' for command environment: Not usable outside of PowerShell
[0.335s] [34mcolcon.colcon_core.shell[0m [1;30mDEBUG[0m [32mSkip shell extension 'dsv' for command environment[0m
[0.338s] [34mcolcon.colcon_ros.task.ament_cmake.build[0m [1;30mINFO[0m Building ROS package in '/home/epon/AutoDrive/autonomous_combine/src/robot_description' with build type 'ament_cmake'
[0.338s] [34mcolcon.colcon_cmake.task.cmake.build[0m [1;30mINFO[0m Building CMake package in '/home/epon/AutoDrive/autonomous_combine/src/robot_description'
[0.339s] [34mcolcon.colcon_core.shell[0m [1;30mINFO[0m Skip shell extension 'powershell' for command environment: Not usable outside of PowerShell
[0.339s] [34mcolcon.colcon_core.shell[0m [1;30mDEBUG[0m [32mSkip shell extension 'dsv' for command environment[0m
[0.342s] [34mcolcon.colcon_ros.task.ament_python.build[0m [1;30mINFO[0m Building ROS package in '/home/epon/AutoDrive/autonomous_combine/src/robot_navigation' with build type 'ament_python'
[0.342s] [34mcolcon.colcon_core.shell[0m [1;30mLevel 1[0m create_environment_hook('robot_navigation', 'ament_prefix_path')
[0.342s] [34mcolcon.colcon_core.shell[0m [1;30mINFO[0m Creating environment hook '/home/epon/AutoDrive/autonomous_combine/install/robot_navigation/share/robot_navigation/hook/ament_prefix_path.ps1'
[0.342s] [34mcolcon.colcon_core.shell[0m [1;30mINFO[0m Creating environment descriptor '/home/epon/AutoDrive/autonomous_combine/install/robot_navigation/share/robot_navigation/hook/ament_prefix_path.dsv'
[0.343s] [34mcolcon.colcon_core.shell[0m [1;30mINFO[0m Creating environment hook '/home/epon/AutoDrive/autonomous_combine/install/robot_navigation/share/robot_navigation/hook/ament_prefix_path.sh'
[0.344s] [34mcolcon.colcon_core.shell[0m [1;30mINFO[0m Skip shell extension 'powershell' for command environment: Not usable outside of PowerShell
[0.344s] [34mcolcon.colcon_core.shell[0m [1;30mDEBUG[0m [32mSkip shell extension 'dsv' for command environment[0m
[0.347s] [34mcolcon.colcon_ros.task.ament_python.build[0m [1;30mINFO[0m Building ROS package in '/home/epon/AutoDrive/autonomous_combine/src/robot_simulation' with build type 'ament_python'
[0.347s] [34mcolcon.colcon_core.shell[0m [1;30mLevel 1[0m create_environment_hook('robot_simulation', 'ament_prefix_path')
[0.347s] [34mcolcon.colcon_core.shell[0m [1;30mINFO[0m Creating environment hook '/home/epon/AutoDrive/autonomous_combine/install/robot_simulation/share/robot_simulation/hook/ament_prefix_path.ps1'
[0.348s] [34mcolcon.colcon_core.shell[0m [1;30mINFO[0m Creating environment descriptor '/home/epon/AutoDrive/autonomous_combine/install/robot_simulation/share/robot_simulation/hook/ament_prefix_path.dsv'
[0.348s] [34mcolcon.colcon_core.shell[0m [1;30mINFO[0m Creating environment hook '/home/epon/AutoDrive/autonomous_combine/install/robot_simulation/share/robot_simulation/hook/ament_prefix_path.sh'
[0.349s] [34mcolcon.colcon_core.shell[0m [1;30mINFO[0m Skip shell extension 'powershell' for command environment: Not usable outside of PowerShell
[0.349s] [34mcolcon.colcon_core.shell[0m [1;30mDEBUG[0m [32mSkip shell extension 'dsv' for command environment[0m
[0.355s] [34mcolcon.colcon_core.event_handler.log_command[0m [1;30mDEBUG[0m [32mInvoking command in '/home/epon/AutoDrive/autonomous_combine/build/common_interface': CMAKE_PREFIX_PATH=${CMAKE_PREFIX_PATH}:/home/epon/AutoDrive/autonomous_combine/install/robot_simulation:/home/epon/AutoDrive/autonomous_combine/install/robot_navigation:/home/epon/AutoDrive/autonomous_combine/install/my_launch:/home/epon/AutoDrive/autonomous_combine/install/control_hardware:/opt/ros/humble /usr/bin/cmake /home/epon/AutoDrive/autonomous_combine/src/common_interface -DCMAKE_INSTALL_PREFIX=/home/epon/AutoDrive/autonomous_combine/install/common_interface[0m
[0.597s] [34mcolcon.colcon_core.task.python.build[0m [1;30mINFO[0m Building Python package in '/home/epon/AutoDrive/autonomous_combine/src/control_hardware'
[0.597s] [34mcolcon.colcon_core.shell[0m [1;30mINFO[0m Skip shell extension 'powershell' for command environment: Not usable outside of PowerShell
[0.598s] [34mcolcon.colcon_core.shell[0m [1;30mDEBUG[0m [32mSkip shell extension 'dsv' for command environment[0m
[0.604s] [34mcolcon.colcon_core.event_handler.log_command[0m [1;30mDEBUG[0m [32mInvoking command in '/home/epon/AutoDrive/autonomous_combine/build/mpu9250driver': CMAKE_PREFIX_PATH=${CMAKE_PREFIX_PATH}:/home/epon/AutoDrive/autonomous_combine/install/robot_simulation:/home/epon/AutoDrive/autonomous_combine/install/robot_navigation:/home/epon/AutoDrive/autonomous_combine/install/my_launch:/home/epon/AutoDrive/autonomous_combine/install/control_hardware:/opt/ros/humble /usr/bin/cmake --build /home/epon/AutoDrive/autonomous_combine/build/mpu9250driver -- -j8 -l8[0m
[0.847s] [34mcolcon.colcon_core.task.python.build[0m [1;30mINFO[0m Building Python package in '/home/epon/AutoDrive/autonomous_combine/src/my_launch'
[0.848s] [34mcolcon.colcon_core.shell[0m [1;30mINFO[0m Skip shell extension 'powershell' for command environment: Not usable outside of PowerShell
[0.848s] [34mcolcon.colcon_core.shell[0m [1;30mDEBUG[0m [32mSkip shell extension 'dsv' for command environment[0m
[0.854s] [34mcolcon.colcon_core.event_handler.log_command[0m [1;30mDEBUG[0m [32mInvoking command in '/home/epon/AutoDrive/autonomous_combine/build/robot_description': CMAKE_PREFIX_PATH=${CMAKE_PREFIX_PATH}:/home/epon/AutoDrive/autonomous_combine/install/robot_simulation:/home/epon/AutoDrive/autonomous_combine/install/robot_navigation:/home/epon/AutoDrive/autonomous_combine/install/my_launch:/home/epon/AutoDrive/autonomous_combine/install/control_hardware:/opt/ros/humble /usr/bin/cmake --build /home/epon/AutoDrive/autonomous_combine/build/robot_description -- -j8 -l8[0m
[1.093s] [34mcolcon.colcon_core.task.python.build[0m [1;30mINFO[0m Building Python package in '/home/epon/AutoDrive/autonomous_combine/src/robot_navigation'
[1.093s] [34mcolcon.colcon_core.shell[0m [1;30mINFO[0m Skip shell extension 'powershell' for command environment: Not usable outside of PowerShell
[1.094s] [34mcolcon.colcon_core.shell[0m [1;30mDEBUG[0m [32mSkip shell extension 'dsv' for command environment[0m
[1.337s] [34mcolcon.colcon_core.task.python.build[0m [1;30mINFO[0m Building Python package in '/home/epon/AutoDrive/autonomous_combine/src/robot_simulation'
[1.337s] [34mcolcon.colcon_core.shell[0m [1;30mINFO[0m Skip shell extension 'powershell' for command environment: Not usable outside of PowerShell
[1.337s] [34mcolcon.colcon_core.shell[0m [1;30mDEBUG[0m [32mSkip shell extension 'dsv' for command environment[0m
[1.342s] [34mcolcon.colcon_core.event_handler.log_command[0m [1;30mDEBUG[0m [32mInvoked command in '/home/epon/AutoDrive/autonomous_combine/build/mpu9250driver' returned '0': CMAKE_PREFIX_PATH=${CMAKE_PREFIX_PATH}:/home/epon/AutoDrive/autonomous_combine/install/robot_simulation:/home/epon/AutoDrive/autonomous_combine/install/robot_navigation:/home/epon/AutoDrive/autonomous_combine/install/my_launch:/home/epon/AutoDrive/autonomous_combine/install/control_hardware:/opt/ros/humble /usr/bin/cmake --build /home/epon/AutoDrive/autonomous_combine/build/mpu9250driver -- -j8 -l8[0m
[1.350s] [34mcolcon.colcon_core.event_handler.log_command[0m [1;30mDEBUG[0m [32mInvoking command in '/home/epon/AutoDrive/autonomous_combine/build/mpu9250driver': CMAKE_PREFIX_PATH=${CMAKE_PREFIX_PATH}:/home/epon/AutoDrive/autonomous_combine/install/robot_simulation:/home/epon/AutoDrive/autonomous_combine/install/robot_navigation:/home/epon/AutoDrive/autonomous_combine/install/my_launch:/home/epon/AutoDrive/autonomous_combine/install/control_hardware:/opt/ros/humble /usr/bin/cmake --install /home/epon/AutoDrive/autonomous_combine/build/mpu9250driver[0m
[1.351s] [34mcolcon.colcon_core.event_handler.log_command[0m [1;30mDEBUG[0m [32mInvoked command in '/home/epon/AutoDrive/autonomous_combine/build/robot_description' returned '0': CMAKE_PREFIX_PATH=${CMAKE_PREFIX_PATH}:/home/epon/AutoDrive/autonomous_combine/install/robot_simulation:/home/epon/AutoDrive/autonomous_combine/install/robot_navigation:/home/epon/AutoDrive/autonomous_combine/install/my_launch:/home/epon/AutoDrive/autonomous_combine/install/control_hardware:/opt/ros/humble /usr/bin/cmake --build /home/epon/AutoDrive/autonomous_combine/build/robot_description -- -j8 -l8[0m
[1.352s] [34mcolcon.colcon_core.event_handler.log_command[0m [1;30mDEBUG[0m [32mInvoking command in '/home/epon/AutoDrive/autonomous_combine/build/robot_description': CMAKE_PREFIX_PATH=${CMAKE_PREFIX_PATH}:/home/epon/AutoDrive/autonomous_combine/install/robot_simulation:/home/epon/AutoDrive/autonomous_combine/install/robot_navigation:/home/epon/AutoDrive/autonomous_combine/install/my_launch:/home/epon/AutoDrive/autonomous_combine/install/control_hardware:/opt/ros/humble /usr/bin/cmake --install /home/epon/AutoDrive/autonomous_combine/build/robot_description[0m
[1.381s] [34mcolcon.colcon_core.environment[0m [1;30mLevel 1[0m create_environment_scripts_only(mpu9250driver)
[1.387s] [34mcolcon.colcon_core.event_handler.log_command[0m [1;30mDEBUG[0m [32mInvoked command in '/home/epon/AutoDrive/autonomous_combine/build/mpu9250driver' returned '0': CMAKE_PREFIX_PATH=${CMAKE_PREFIX_PATH}:/home/epon/AutoDrive/autonomous_combine/install/robot_simulation:/home/epon/AutoDrive/autonomous_combine/install/robot_navigation:/home/epon/AutoDrive/autonomous_combine/install/my_launch:/home/epon/AutoDrive/autonomous_combine/install/control_hardware:/opt/ros/humble /usr/bin/cmake --install /home/epon/AutoDrive/autonomous_combine/build/mpu9250driver[0m
[1.388s] [34mcolcon.colcon_core.environment[0m [1;30mLevel 1[0m checking '/home/epon/AutoDrive/autonomous_combine/install/mpu9250driver' for CMake module files
[1.389s] [34mcolcon.colcon_core.environment[0m [1;30mLevel 1[0m checking '/home/epon/AutoDrive/autonomous_combine/install/mpu9250driver' for CMake config files
[1.389s] [34mcolcon.colcon_core.shell[0m [1;30mLevel 1[0m create_environment_hook('mpu9250driver', 'cmake_prefix_path')
[1.390s] [34mcolcon.colcon_core.shell[0m [1;30mINFO[0m Creating environment hook '/home/epon/AutoDrive/autonomous_combine/install/mpu9250driver/share/mpu9250driver/hook/cmake_prefix_path.ps1'
[1.390s] [34mcolcon.colcon_core.shell[0m [1;30mINFO[0m Creating environment descriptor '/home/epon/AutoDrive/autonomous_combine/install/mpu9250driver/share/mpu9250driver/hook/cmake_prefix_path.dsv'
[1.392s] [34mcolcon.colcon_core.shell[0m [1;30mINFO[0m Creating environment hook '/home/epon/AutoDrive/autonomous_combine/install/mpu9250driver/share/mpu9250driver/hook/cmake_prefix_path.sh'
[1.393s] [34mcolcon.colcon_core.environment[0m [1;30mLevel 1[0m checking '/home/epon/AutoDrive/autonomous_combine/install/mpu9250driver/lib'
[1.394s] [34mcolcon.colcon_core.environment[0m [1;30mLevel 1[0m checking '/home/epon/AutoDrive/autonomous_combine/install/mpu9250driver/bin'
[1.394s] [34mcolcon.colcon_core.environment[0m [1;30mLevel 1[0m checking '/home/epon/AutoDrive/autonomous_combine/install/mpu9250driver/lib/pkgconfig/mpu9250driver.pc'
[1.395s] [34mcolcon.colcon_core.environment[0m [1;30mLevel 1[0m checking '/home/epon/AutoDrive/autonomous_combine/install/mpu9250driver/lib/python3.10/site-packages'
[1.395s] [34mcolcon.colcon_core.environment[0m [1;30mLevel 1[0m checking '/home/epon/AutoDrive/autonomous_combine/install/mpu9250driver/bin'
[1.396s] [34mcolcon.colcon_core.shell[0m [1;30mINFO[0m Creating package script '/home/epon/AutoDrive/autonomous_combine/install/mpu9250driver/share/mpu9250driver/package.ps1'
[1.398s] [34mcolcon.colcon_core.shell[0m [1;30mINFO[0m Creating package descriptor '/home/epon/AutoDrive/autonomous_combine/install/mpu9250driver/share/mpu9250driver/package.dsv'
[1.399s] [34mcolcon.colcon_core.shell[0m [1;30mINFO[0m Creating package script '/home/epon/AutoDrive/autonomous_combine/install/mpu9250driver/share/mpu9250driver/package.sh'
[1.400s] [34mcolcon.colcon_core.shell[0m [1;30mINFO[0m Creating package script '/home/epon/AutoDrive/autonomous_combine/install/mpu9250driver/share/mpu9250driver/package.bash'
[1.401s] [34mcolcon.colcon_core.shell[0m [1;30mINFO[0m Creating package script '/home/epon/AutoDrive/autonomous_combine/install/mpu9250driver/share/mpu9250driver/package.zsh'
[1.403s] [34mcolcon.colcon_core.environment[0m [1;30mLevel 1[0m create_file_with_runtime_dependencies(/home/epon/AutoDrive/autonomous_combine/install/mpu9250driver/share/colcon-core/packages/mpu9250driver)
[1.404s] [34mcolcon.colcon_core.environment[0m [1;30mLevel 1[0m create_environment_scripts_only(mpu9250driver)
[1.405s] [34mcolcon.colcon_core.environment[0m [1;30mLevel 1[0m checking '/home/epon/AutoDrive/autonomous_combine/install/mpu9250driver' for CMake module files
[1.405s] [34mcolcon.colcon_core.environment[0m [1;30mLevel 1[0m checking '/home/epon/AutoDrive/autonomous_combine/install/mpu9250driver' for CMake config files
[1.406s] [34mcolcon.colcon_core.shell[0m [1;30mLevel 1[0m create_environment_hook('mpu9250driver', 'cmake_prefix_path')
[1.406s] [34mcolcon.colcon_core.shell[0m [1;30mINFO[0m Creating environment hook '/home/epon/AutoDrive/autonomous_combine/install/mpu9250driver/share/mpu9250driver/hook/cmake_prefix_path.ps1'
[1.407s] [34mcolcon.colcon_core.shell[0m [1;30mINFO[0m Creating environment descriptor '/home/epon/AutoDrive/autonomous_combine/install/mpu9250driver/share/mpu9250driver/hook/cmake_prefix_path.dsv'
[1.408s] [34mcolcon.colcon_core.shell[0m [1;30mINFO[0m Creating environment hook '/home/epon/AutoDrive/autonomous_combine/install/mpu9250driver/share/mpu9250driver/hook/cmake_prefix_path.sh'
[1.409s] [34mcolcon.colcon_core.environment[0m [1;30mLevel 1[0m checking '/home/epon/AutoDrive/autonomous_combine/install/mpu9250driver/lib'
[1.409s] [34mcolcon.colcon_core.environment[0m [1;30mLevel 1[0m checking '/home/epon/AutoDrive/autonomous_combine/install/mpu9250driver/bin'
[1.410s] [34mcolcon.colcon_core.environment[0m [1;30mLevel 1[0m checking '/home/epon/AutoDrive/autonomous_combine/install/mpu9250driver/lib/pkgconfig/mpu9250driver.pc'
[1.410s] [34mcolcon.colcon_core.environment[0m [1;30mLevel 1[0m checking '/home/epon/AutoDrive/autonomous_combine/install/mpu9250driver/lib/python3.10/site-packages'
[1.410s] [34mcolcon.colcon_core.environment[0m [1;30mLevel 1[0m checking '/home/epon/AutoDrive/autonomous_combine/install/mpu9250driver/bin'
[1.411s] [34mcolcon.colcon_core.shell[0m [1;30mINFO[0m Creating package script '/home/epon/AutoDrive/autonomous_combine/install/mpu9250driver/share/mpu9250driver/package.ps1'
[1.412s] [34mcolcon.colcon_core.shell[0m [1;30mINFO[0m Creating package descriptor '/home/epon/AutoDrive/autonomous_combine/install/mpu9250driver/share/mpu9250driver/package.dsv'
[1.414s] [34mcolcon.colcon_core.shell[0m [1;30mINFO[0m Creating package script '/home/epon/AutoDrive/autonomous_combine/install/mpu9250driver/share/mpu9250driver/package.sh'
[1.415s] [34mcolcon.colcon_core.shell[0m [1;30mINFO[0m Creating package script '/home/epon/AutoDrive/autonomous_combine/install/mpu9250driver/share/mpu9250driver/package.bash'
[1.416s] [34mcolcon.colcon_core.shell[0m [1;30mINFO[0m Creating package script '/home/epon/AutoDrive/autonomous_combine/install/mpu9250driver/share/mpu9250driver/package.zsh'
[1.417s] [34mcolcon.colcon_core.environment[0m [1;30mLevel 1[0m create_file_with_runtime_dependencies(/home/epon/AutoDrive/autonomous_combine/install/mpu9250driver/share/colcon-core/packages/mpu9250driver)
[1.417s] [34mcolcon.colcon_core.environment[0m [1;30mLevel 1[0m create_environment_scripts_only(robot_description)
[1.418s] [34mcolcon.colcon_core.environment[0m [1;30mLevel 1[0m checking '/home/epon/AutoDrive/autonomous_combine/install/robot_description' for CMake module files
[1.418s] [34mcolcon.colcon_core.environment[0m [1;30mLevel 1[0m checking '/home/epon/AutoDrive/autonomous_combine/install/robot_description' for CMake config files
[1.419s] [34mcolcon.colcon_core.shell[0m [1;30mLevel 1[0m create_environment_hook('robot_description', 'cmake_prefix_path')
[1.420s] [34mcolcon.colcon_core.shell[0m [1;30mINFO[0m Creating environment hook '/home/epon/AutoDrive/autonomous_combine/install/robot_description/share/robot_description/hook/cmake_prefix_path.ps1'
[1.421s] [34mcolcon.colcon_core.shell[0m [1;30mINFO[0m Creating environment descriptor '/home/epon/AutoDrive/autonomous_combine/install/robot_description/share/robot_description/hook/cmake_prefix_path.dsv'
[1.421s] [34mcolcon.colcon_core.shell[0m [1;30mINFO[0m Creating environment hook '/home/epon/AutoDrive/autonomous_combine/install/robot_description/share/robot_description/hook/cmake_prefix_path.sh'
[1.422s] [34mcolcon.colcon_core.environment[0m [1;30mLevel 1[0m checking '/home/epon/AutoDrive/autonomous_combine/install/robot_description/bin'
[1.425s] [34mcolcon.colcon_core.environment[0m [1;30mLevel 1[0m checking '/home/epon/AutoDrive/autonomous_combine/install/robot_description/lib/pkgconfig/robot_description.pc'
[1.423s] [34mcolcon.colcon_core.event_handler.log_command[0m [1;30mDEBUG[0m [32mInvoked command in '/home/epon/AutoDrive/autonomous_combine/build/robot_description' returned '0': CMAKE_PREFIX_PATH=${CMAKE_PREFIX_PATH}:/home/epon/AutoDrive/autonomous_combine/install/robot_simulation:/home/epon/AutoDrive/autonomous_combine/install/robot_navigation:/home/epon/AutoDrive/autonomous_combine/install/my_launch:/home/epon/AutoDrive/autonomous_combine/install/control_hardware:/opt/ros/humble /usr/bin/cmake --install /home/epon/AutoDrive/autonomous_combine/build/robot_description[0m
[1.426s] [34mcolcon.colcon_core.environment[0m [1;30mLevel 1[0m checking '/home/epon/AutoDrive/autonomous_combine/install/robot_description/lib/python3.10/site-packages'
[1.426s] [34mcolcon.colcon_core.environment[0m [1;30mLevel 1[0m checking '/home/epon/AutoDrive/autonomous_combine/install/robot_description/bin'
[1.427s] [34mcolcon.colcon_core.shell[0m [1;30mINFO[0m Creating package script '/home/epon/AutoDrive/autonomous_combine/install/robot_description/share/robot_description/package.ps1'
[1.428s] [34mcolcon.colcon_core.shell[0m [1;30mINFO[0m Creating package descriptor '/home/epon/AutoDrive/autonomous_combine/install/robot_description/share/robot_description/package.dsv'
[1.429s] [34mcolcon.colcon_core.shell[0m [1;30mINFO[0m Creating package script '/home/epon/AutoDrive/autonomous_combine/install/robot_description/share/robot_description/package.sh'
[1.429s] [34mcolcon.colcon_core.shell[0m [1;30mINFO[0m Creating package script '/home/epon/AutoDrive/autonomous_combine/install/robot_description/share/robot_description/package.bash'
[1.430s] [34mcolcon.colcon_core.shell[0m [1;30mINFO[0m Creating package script '/home/epon/AutoDrive/autonomous_combine/install/robot_description/share/robot_description/package.zsh'
[1.431s] [34mcolcon.colcon_core.environment[0m [1;30mLevel 1[0m create_file_with_runtime_dependencies(/home/epon/AutoDrive/autonomous_combine/install/robot_description/share/colcon-core/packages/robot_description)
[1.432s] [34mcolcon.colcon_core.environment[0m [1;30mLevel 1[0m create_environment_scripts_only(robot_description)
[1.432s] [34mcolcon.colcon_core.environment[0m [1;30mLevel 1[0m checking '/home/epon/AutoDrive/autonomous_combine/install/robot_description' for CMake module files
[1.433s] [34mcolcon.colcon_core.environment[0m [1;30mLevel 1[0m checking '/home/epon/AutoDrive/autonomous_combine/install/robot_description' for CMake config files
[1.433s] [34mcolcon.colcon_core.shell[0m [1;30mLevel 1[0m create_environment_hook('robot_description', 'cmake_prefix_path')
[1.434s] [34mcolcon.colcon_core.shell[0m [1;30mINFO[0m Creating environment hook '/home/epon/AutoDrive/autonomous_combine/install/robot_description/share/robot_description/hook/cmake_prefix_path.ps1'
[1.435s] [34mcolcon.colcon_core.shell[0m [1;30mINFO[0m Creating environment descriptor '/home/epon/AutoDrive/autonomous_combine/install/robot_description/share/robot_description/hook/cmake_prefix_path.dsv'
[1.436s] [34mcolcon.colcon_core.shell[0m [1;30mINFO[0m Creating environment hook '/home/epon/AutoDrive/autonomous_combine/install/robot_description/share/robot_description/hook/cmake_prefix_path.sh'
[1.437s] [34mcolcon.colcon_core.environment[0m [1;30mLevel 1[0m checking '/home/epon/AutoDrive/autonomous_combine/install/robot_description/bin'
[1.437s] [34mcolcon.colcon_core.environment[0m [1;30mLevel 1[0m checking '/home/epon/AutoDrive/autonomous_combine/install/robot_description/lib/pkgconfig/robot_description.pc'
[1.437s] [34mcolcon.colcon_core.environment[0m [1;30mLevel 1[0m checking '/home/epon/AutoDrive/autonomous_combine/install/robot_description/lib/python3.10/site-packages'
[1.438s] [34mcolcon.colcon_core.environment[0m [1;30mLevel 1[0m checking '/home/epon/AutoDrive/autonomous_combine/install/robot_description/bin'
[1.438s] [34mcolcon.colcon_core.shell[0m [1;30mINFO[0m Creating package script '/home/epon/AutoDrive/autonomous_combine/install/robot_description/share/robot_description/package.ps1'
[1.439s] [34mcolcon.colcon_core.shell[0m [1;30mINFO[0m Creating package descriptor '/home/epon/AutoDrive/autonomous_combine/install/robot_description/share/robot_description/package.dsv'
[1.440s] [34mcolcon.colcon_core.shell[0m [1;30mINFO[0m Creating package script '/home/epon/AutoDrive/autonomous_combine/install/robot_description/share/robot_description/package.sh'
[1.441s] [34mcolcon.colcon_core.shell[0m [1;30mINFO[0m Creating package script '/home/epon/AutoDrive/autonomous_combine/install/robot_description/share/robot_description/package.bash'
[1.442s] [34mcolcon.colcon_core.shell[0m [1;30mINFO[0m Creating package script '/home/epon/AutoDrive/autonomous_combine/install/robot_description/share/robot_description/package.zsh'
[1.443s] [34mcolcon.colcon_core.environment[0m [1;30mLevel 1[0m create_file_with_runtime_dependencies(/home/epon/AutoDrive/autonomous_combine/install/robot_description/share/colcon-core/packages/robot_description)
[1.792s] [34mcolcon.colcon_core.event_handler.log_command[0m [1;30mDEBUG[0m [32mInvoking command in '/home/epon/AutoDrive/autonomous_combine/src/my_launch': PYTHONPATH=/home/epon/AutoDrive/autonomous_combine/build/my_launch/prefix_override:/usr/lib/python3/dist-packages/colcon_core/task/python/colcon_distutils_commands:/home/epon/AutoDrive/autonomous_combine/install/my_launch/lib/python3.10/site-packages:${PYTHONPATH} /usr/bin/python3 -W ignore:setup.py install is deprecated -W ignore:easy_install command is deprecated setup.py egg_info --egg-base ../../build/my_launch build --build-base /home/epon/AutoDrive/autonomous_combine/build/my_launch/build install --record /home/epon/AutoDrive/autonomous_combine/build/my_launch/install.log --single-version-externally-managed install_data[0m
[1.808s] [34mcolcon.colcon_core.event_handler.log_command[0m [1;30mDEBUG[0m [32mInvoking command in '/home/epon/AutoDrive/autonomous_combine/src/robot_navigation': PYTHONPATH=/home/epon/AutoDrive/autonomous_combine/build/robot_navigation/prefix_override:/usr/lib/python3/dist-packages/colcon_core/task/python/colcon_distutils_commands:/home/epon/AutoDrive/autonomous_combine/install/robot_navigation/lib/python3.10/site-packages:${PYTHONPATH} /usr/bin/python3 -W ignore:setup.py install is deprecated -W ignore:easy_install command is deprecated setup.py egg_info --egg-base ../../build/robot_navigation build --build-base /home/epon/AutoDrive/autonomous_combine/build/robot_navigation/build install --record /home/epon/AutoDrive/autonomous_combine/build/robot_navigation/install.log --single-version-externally-managed install_data[0m
[1.881s] [34mcolcon.colcon_core.event_handler.log_command[0m [1;30mDEBUG[0m [32mInvoking command in '/home/epon/AutoDrive/autonomous_combine/src/robot_simulation': PYTHONPATH=/home/epon/AutoDrive/autonomous_combine/build/robot_simulation/prefix_override:/usr/lib/python3/dist-packages/colcon_core/task/python/colcon_distutils_commands:/home/epon/AutoDrive/autonomous_combine/install/robot_simulation/lib/python3.10/site-packages:${PYTHONPATH} /usr/bin/python3 -W ignore:setup.py install is deprecated -W ignore:easy_install command is deprecated setup.py egg_info --egg-base ../../build/robot_simulation build --build-base /home/epon/AutoDrive/autonomous_combine/build/robot_simulation/build install --record /home/epon/AutoDrive/autonomous_combine/build/robot_simulation/install.log --single-version-externally-managed install_data[0m
[1.898s] [34mcolcon.colcon_core.event_handler.log_command[0m [1;30mDEBUG[0m [32mInvoking command in '/home/epon/AutoDrive/autonomous_combine/src/control_hardware': PYTHONPATH=/home/epon/AutoDrive/autonomous_combine/build/control_hardware/prefix_override:/usr/lib/python3/dist-packages/colcon_core/task/python/colcon_distutils_commands:/home/epon/AutoDrive/autonomous_combine/install/control_hardware/lib/python3.10/site-packages:${PYTHONPATH} /usr/bin/python3 -W ignore:setup.py install is deprecated -W ignore:easy_install command is deprecated setup.py egg_info --egg-base ../../build/control_hardware build --build-base /home/epon/AutoDrive/autonomous_combine/build/control_hardware/build install --record /home/epon/AutoDrive/autonomous_combine/build/control_hardware/install.log --single-version-externally-managed install_data[0m
[2.195s] [34mcolcon.colcon_core.environment[0m [1;30mLevel 1[0m checking '/home/epon/AutoDrive/autonomous_combine/install/robot_navigation' for CMake module files
[2.196s] [34mcolcon.colcon_core.event_handler.log_command[0m [1;30mDEBUG[0m [32mInvoked command in '/home/epon/AutoDrive/autonomous_combine/src/robot_navigation' returned '0': PYTHONPATH=/home/epon/AutoDrive/autonomous_combine/build/robot_navigation/prefix_override:/usr/lib/python3/dist-packages/colcon_core/task/python/colcon_distutils_commands:/home/epon/AutoDrive/autonomous_combine/install/robot_navigation/lib/python3.10/site-packages:${PYTHONPATH} /usr/bin/python3 -W ignore:setup.py install is deprecated -W ignore:easy_install command is deprecated setup.py egg_info --egg-base ../../build/robot_navigation build --build-base /home/epon/AutoDrive/autonomous_combine/build/robot_navigation/build install --record /home/epon/AutoDrive/autonomous_combine/build/robot_navigation/install.log --single-version-externally-managed install_data[0m
[2.196s] [34mcolcon.colcon_core.environment[0m [1;30mLevel 1[0m checking '/home/epon/AutoDrive/autonomous_combine/install/robot_navigation' for CMake config files
[2.197s] [34mcolcon.colcon_core.environment[0m [1;30mLevel 1[0m checking '/home/epon/AutoDrive/autonomous_combine/install/robot_navigation/lib'
[2.197s] [34mcolcon.colcon_core.environment[0m [1;30mLevel 1[0m checking '/home/epon/AutoDrive/autonomous_combine/install/robot_navigation/bin'
[2.197s] [34mcolcon.colcon_core.environment[0m [1;30mLevel 1[0m checking '/home/epon/AutoDrive/autonomous_combine/install/robot_navigation/lib/pkgconfig/robot_navigation.pc'
[2.197s] [34mcolcon.colcon_core.environment[0m [1;30mLevel 1[0m checking '/home/epon/AutoDrive/autonomous_combine/install/robot_navigation/lib/python3.10/site-packages'
[2.197s] [34mcolcon.colcon_core.shell[0m [1;30mLevel 1[0m create_environment_hook('robot_navigation', 'pythonpath')
[2.198s] [34mcolcon.colcon_core.shell[0m [1;30mINFO[0m Creating environment hook '/home/epon/AutoDrive/autonomous_combine/install/robot_navigation/share/robot_navigation/hook/pythonpath.ps1'
[2.198s] [34mcolcon.colcon_core.shell[0m [1;30mINFO[0m Creating environment descriptor '/home/epon/AutoDrive/autonomous_combine/install/robot_navigation/share/robot_navigation/hook/pythonpath.dsv'
[2.199s] [34mcolcon.colcon_core.shell[0m [1;30mINFO[0m Creating environment hook '/home/epon/AutoDrive/autonomous_combine/install/robot_navigation/share/robot_navigation/hook/pythonpath.sh'
[2.200s] [34mcolcon.colcon_core.environment[0m [1;30mLevel 1[0m checking '/home/epon/AutoDrive/autonomous_combine/install/robot_navigation/bin'
[2.200s] [34mcolcon.colcon_core.environment[0m [1;30mLevel 1[0m create_environment_scripts_only(robot_navigation)
[2.200s] [34mcolcon.colcon_core.shell[0m [1;30mINFO[0m Creating package script '/home/epon/AutoDrive/autonomous_combine/install/robot_navigation/share/robot_navigation/package.ps1'
[2.201s] [34mcolcon.colcon_core.shell[0m [1;30mINFO[0m Creating package descriptor '/home/epon/AutoDrive/autonomous_combine/install/robot_navigation/share/robot_navigation/package.dsv'
[2.202s] [34mcolcon.colcon_core.shell[0m [1;30mINFO[0m Creating package script '/home/epon/AutoDrive/autonomous_combine/install/robot_navigation/share/robot_navigation/package.sh'
[2.202s] [34mcolcon.colcon_core.shell[0m [1;30mINFO[0m Creating package script '/home/epon/AutoDrive/autonomous_combine/install/robot_navigation/share/robot_navigation/package.bash'
[2.203s] [34mcolcon.colcon_core.shell[0m [1;30mINFO[0m Creating package script '/home/epon/AutoDrive/autonomous_combine/install/robot_navigation/share/robot_navigation/package.zsh'
[2.203s] [34mcolcon.colcon_core.environment[0m [1;30mLevel 1[0m create_file_with_runtime_dependencies(/home/epon/AutoDrive/autonomous_combine/install/robot_navigation/share/colcon-core/packages/robot_navigation)
[2.291s] [34mcolcon.colcon_core.environment[0m [1;30mLevel 1[0m checking '/home/epon/AutoDrive/autonomous_combine/install/my_launch' for CMake module files
[2.292s] [34mcolcon.colcon_core.event_handler.log_command[0m [1;30mDEBUG[0m [32mInvoked command in '/home/epon/AutoDrive/autonomous_combine/src/my_launch' returned '0': PYTHONPATH=/home/epon/AutoDrive/autonomous_combine/build/my_launch/prefix_override:/usr/lib/python3/dist-packages/colcon_core/task/python/colcon_distutils_commands:/home/epon/AutoDrive/autonomous_combine/install/my_launch/lib/python3.10/site-packages:${PYTHONPATH} /usr/bin/python3 -W ignore:setup.py install is deprecated -W ignore:easy_install command is deprecated setup.py egg_info --egg-base ../../build/my_launch build --build-base /home/epon/AutoDrive/autonomous_combine/build/my_launch/build install --record /home/epon/AutoDrive/autonomous_combine/build/my_launch/install.log --single-version-externally-managed install_data[0m
[2.292s] [34mcolcon.colcon_core.environment[0m [1;30mLevel 1[0m checking '/home/epon/AutoDrive/autonomous_combine/install/my_launch' for CMake config files
[2.293s] [34mcolcon.colcon_core.environment[0m [1;30mLevel 1[0m checking '/home/epon/AutoDrive/autonomous_combine/install/my_launch/lib'
[2.294s] [34mcolcon.colcon_core.environment[0m [1;30mLevel 1[0m checking '/home/epon/AutoDrive/autonomous_combine/install/my_launch/bin'
[2.294s] [34mcolcon.colcon_core.environment[0m [1;30mLevel 1[0m checking '/home/epon/AutoDrive/autonomous_combine/install/my_launch/lib/pkgconfig/my_launch.pc'
[2.294s] [34mcolcon.colcon_core.environment[0m [1;30mLevel 1[0m checking '/home/epon/AutoDrive/autonomous_combine/install/my_launch/lib/python3.10/site-packages'
[2.294s] [34mcolcon.colcon_core.shell[0m [1;30mLevel 1[0m create_environment_hook('my_launch', 'pythonpath')
[2.294s] [34mcolcon.colcon_core.shell[0m [1;30mINFO[0m Creating environment hook '/home/epon/AutoDrive/autonomous_combine/install/my_launch/share/my_launch/hook/pythonpath.ps1'
[2.295s] [34mcolcon.colcon_core.shell[0m [1;30mINFO[0m Creating environment descriptor '/home/epon/AutoDrive/autonomous_combine/install/my_launch/share/my_launch/hook/pythonpath.dsv'
[2.296s] [34mcolcon.colcon_core.shell[0m [1;30mINFO[0m Creating environment hook '/home/epon/AutoDrive/autonomous_combine/install/my_launch/share/my_launch/hook/pythonpath.sh'
[2.297s] [34mcolcon.colcon_core.environment[0m [1;30mLevel 1[0m checking '/home/epon/AutoDrive/autonomous_combine/install/my_launch/bin'
[2.297s] [34mcolcon.colcon_core.environment[0m [1;30mLevel 1[0m create_environment_scripts_only(my_launch)
[2.297s] [34mcolcon.colcon_core.shell[0m [1;30mINFO[0m Creating package script '/home/epon/AutoDrive/autonomous_combine/install/my_launch/share/my_launch/package.ps1'
[2.298s] [34mcolcon.colcon_core.shell[0m [1;30mINFO[0m Creating package descriptor '/home/epon/AutoDrive/autonomous_combine/install/my_launch/share/my_launch/package.dsv'
[2.299s] [34mcolcon.colcon_core.shell[0m [1;30mINFO[0m Creating package script '/home/epon/AutoDrive/autonomous_combine/install/my_launch/share/my_launch/package.sh'
[2.301s] [34mcolcon.colcon_core.shell[0m [1;30mINFO[0m Creating package script '/home/epon/AutoDrive/autonomous_combine/install/my_launch/share/my_launch/package.bash'
[2.301s] [34mcolcon.colcon_core.shell[0m [1;30mINFO[0m Creating package script '/home/epon/AutoDrive/autonomous_combine/install/my_launch/share/my_launch/package.zsh'
[2.302s] [34mcolcon.colcon_core.environment[0m [1;30mLevel 1[0m create_file_with_runtime_dependencies(/home/epon/AutoDrive/autonomous_combine/install/my_launch/share/colcon-core/packages/my_launch)
[2.304s] [34mcolcon.colcon_core.environment[0m [1;30mLevel 1[0m checking '/home/epon/AutoDrive/autonomous_combine/install/robot_simulation' for CMake module files
[2.305s] [34mcolcon.colcon_core.environment[0m [1;30mLevel 1[0m checking '/home/epon/AutoDrive/autonomous_combine/install/robot_simulation' for CMake config files
[2.305s] [34mcolcon.colcon_core.environment[0m [1;30mLevel 1[0m checking '/home/epon/AutoDrive/autonomous_combine/install/robot_simulation/lib'
[2.305s] [34mcolcon.colcon_core.environment[0m [1;30mLevel 1[0m checking '/home/epon/AutoDrive/autonomous_combine/install/robot_simulation/bin'
[2.305s] [34mcolcon.colcon_core.environment[0m [1;30mLevel 1[0m checking '/home/epon/AutoDrive/autonomous_combine/install/robot_simulation/lib/pkgconfig/robot_simulation.pc'
[2.306s] [34mcolcon.colcon_core.environment[0m [1;30mLevel 1[0m checking '/home/epon/AutoDrive/autonomous_combine/install/robot_simulation/lib/python3.10/site-packages'
[2.306s] [34mcolcon.colcon_core.shell[0m [1;30mLevel 1[0m create_environment_hook('robot_simulation', 'pythonpath')
[2.306s] [34mcolcon.colcon_core.shell[0m [1;30mINFO[0m Creating environment hook '/home/epon/AutoDrive/autonomous_combine/install/robot_simulation/share/robot_simulation/hook/pythonpath.ps1'
[2.307s] [34mcolcon.colcon_core.shell[0m [1;30mINFO[0m Creating environment descriptor '/home/epon/AutoDrive/autonomous_combine/install/robot_simulation/share/robot_simulation/hook/pythonpath.dsv'
[2.308s] [34mcolcon.colcon_core.event_handler.log_command[0m [1;30mDEBUG[0m [32mInvoked command in '/home/epon/AutoDrive/autonomous_combine/src/robot_simulation' returned '0': PYTHONPATH=/home/epon/AutoDrive/autonomous_combine/build/robot_simulation/prefix_override:/usr/lib/python3/dist-packages/colcon_core/task/python/colcon_distutils_commands:/home/epon/AutoDrive/autonomous_combine/install/robot_simulation/lib/python3.10/site-packages:${PYTHONPATH} /usr/bin/python3 -W ignore:setup.py install is deprecated -W ignore:easy_install command is deprecated setup.py egg_info --egg-base ../../build/robot_simulation build --build-base /home/epon/AutoDrive/autonomous_combine/build/robot_simulation/build install --record /home/epon/AutoDrive/autonomous_combine/build/robot_simulation/install.log --single-version-externally-managed install_data[0m
[2.309s] [34mcolcon.colcon_core.shell[0m [1;30mINFO[0m Creating environment hook '/home/epon/AutoDrive/autonomous_combine/install/robot_simulation/share/robot_simulation/hook/pythonpath.sh'
[2.311s] [34mcolcon.colcon_core.environment[0m [1;30mLevel 1[0m checking '/home/epon/AutoDrive/autonomous_combine/install/robot_simulation/bin'
[2.311s] [34mcolcon.colcon_core.environment[0m [1;30mLevel 1[0m create_environment_scripts_only(robot_simulation)
[2.312s] [34mcolcon.colcon_core.shell[0m [1;30mINFO[0m Creating package script '/home/epon/AutoDrive/autonomous_combine/install/robot_simulation/share/robot_simulation/package.ps1'
[2.313s] [34mcolcon.colcon_core.shell[0m [1;30mINFO[0m Creating package descriptor '/home/epon/AutoDrive/autonomous_combine/install/robot_simulation/share/robot_simulation/package.dsv'
[2.313s] [34mcolcon.colcon_core.shell[0m [1;30mINFO[0m Creating package script '/home/epon/AutoDrive/autonomous_combine/install/robot_simulation/share/robot_simulation/package.sh'
[2.314s] [34mcolcon.colcon_core.shell[0m [1;30mINFO[0m Creating package script '/home/epon/AutoDrive/autonomous_combine/install/robot_simulation/share/robot_simulation/package.bash'
[2.314s] [34mcolcon.colcon_core.shell[0m [1;30mINFO[0m Creating package script '/home/epon/AutoDrive/autonomous_combine/install/robot_simulation/share/robot_simulation/package.zsh'
[2.315s] [34mcolcon.colcon_core.environment[0m [1;30mLevel 1[0m create_file_with_runtime_dependencies(/home/epon/AutoDrive/autonomous_combine/install/robot_simulation/share/colcon-core/packages/robot_simulation)
[2.360s] [34mcolcon.colcon_core.environment[0m [1;30mLevel 1[0m checking '/home/epon/AutoDrive/autonomous_combine/install/control_hardware' for CMake module files
[2.360s] [34mcolcon.colcon_core.event_handler.log_command[0m [1;30mDEBUG[0m [32mInvoked command in '/home/epon/AutoDrive/autonomous_combine/src/control_hardware' returned '0': PYTHONPATH=/home/epon/AutoDrive/autonomous_combine/build/control_hardware/prefix_override:/usr/lib/python3/dist-packages/colcon_core/task/python/colcon_distutils_commands:/home/epon/AutoDrive/autonomous_combine/install/control_hardware/lib/python3.10/site-packages:${PYTHONPATH} /usr/bin/python3 -W ignore:setup.py install is deprecated -W ignore:easy_install command is deprecated setup.py egg_info --egg-base ../../build/control_hardware build --build-base /home/epon/AutoDrive/autonomous_combine/build/control_hardware/build install --record /home/epon/AutoDrive/autonomous_combine/build/control_hardware/install.log --single-version-externally-managed install_data[0m
[2.361s] [34mcolcon.colcon_core.environment[0m [1;30mLevel 1[0m checking '/home/epon/AutoDrive/autonomous_combine/install/control_hardware' for CMake config files
[2.362s] [34mcolcon.colcon_core.environment[0m [1;30mLevel 1[0m checking '/home/epon/AutoDrive/autonomous_combine/install/control_hardware/lib'
[2.362s] [34mcolcon.colcon_core.environment[0m [1;30mLevel 1[0m checking '/home/epon/AutoDrive/autonomous_combine/install/control_hardware/bin'
[2.362s] [34mcolcon.colcon_core.environment[0m [1;30mLevel 1[0m checking '/home/epon/AutoDrive/autonomous_combine/install/control_hardware/lib/pkgconfig/control_hardware.pc'
[2.363s] [34mcolcon.colcon_core.environment[0m [1;30mLevel 1[0m checking '/home/epon/AutoDrive/autonomous_combine/install/control_hardware/lib/python3.10/site-packages'
[2.363s] [34mcolcon.colcon_core.shell[0m [1;30mLevel 1[0m create_environment_hook('control_hardware', 'pythonpath')
[2.363s] [34mcolcon.colcon_core.shell[0m [1;30mINFO[0m Creating environment hook '/home/epon/AutoDrive/autonomous_combine/install/control_hardware/share/control_hardware/hook/pythonpath.ps1'
[2.364s] [34mcolcon.colcon_core.shell[0m [1;30mINFO[0m Creating environment descriptor '/home/epon/AutoDrive/autonomous_combine/install/control_hardware/share/control_hardware/hook/pythonpath.dsv'
[2.364s] [34mcolcon.colcon_core.shell[0m [1;30mINFO[0m Creating environment hook '/home/epon/AutoDrive/autonomous_combine/install/control_hardware/share/control_hardware/hook/pythonpath.sh'
[2.366s] [34mcolcon.colcon_core.environment[0m [1;30mLevel 1[0m checking '/home/epon/AutoDrive/autonomous_combine/install/control_hardware/bin'
[2.366s] [34mcolcon.colcon_core.environment[0m [1;30mLevel 1[0m create_environment_scripts_only(control_hardware)
[2.366s] [34mcolcon.colcon_core.shell[0m [1;30mINFO[0m Creating package script '/home/epon/AutoDrive/autonomous_combine/install/control_hardware/share/control_hardware/package.ps1'
[2.367s] [34mcolcon.colcon_core.shell[0m [1;30mINFO[0m Creating package descriptor '/home/epon/AutoDrive/autonomous_combine/install/control_hardware/share/control_hardware/package.dsv'
[2.368s] [34mcolcon.colcon_core.shell[0m [1;30mINFO[0m Creating package script '/home/epon/AutoDrive/autonomous_combine/install/control_hardware/share/control_hardware/package.sh'
[2.368s] [34mcolcon.colcon_core.shell[0m [1;30mINFO[0m Creating package script '/home/epon/AutoDrive/autonomous_combine/install/control_hardware/share/control_hardware/package.bash'
[2.369s] [34mcolcon.colcon_core.shell[0m [1;30mINFO[0m Creating package script '/home/epon/AutoDrive/autonomous_combine/install/control_hardware/share/control_hardware/package.zsh'
[2.369s] [34mcolcon.colcon_core.environment[0m [1;30mLevel 1[0m create_file_with_runtime_dependencies(/home/epon/AutoDrive/autonomous_combine/install/control_hardware/share/colcon-core/packages/control_hardware)
[2.463s] [34mcolcon.colcon_core.event_handler.log_command[0m [1;30mDEBUG[0m [32mInvoked command in '/home/epon/AutoDrive/autonomous_combine/build/common_interface' returned '0': CMAKE_PREFIX_PATH=${CMAKE_PREFIX_PATH}:/home/epon/AutoDrive/autonomous_combine/install/robot_simulation:/home/epon/AutoDrive/autonomous_combine/install/robot_navigation:/home/epon/AutoDrive/autonomous_combine/install/my_launch:/home/epon/AutoDrive/autonomous_combine/install/control_hardware:/opt/ros/humble /usr/bin/cmake /home/epon/AutoDrive/autonomous_combine/src/common_interface -DCMAKE_INSTALL_PREFIX=/home/epon/AutoDrive/autonomous_combine/install/common_interface[0m
[2.465s] [34mcolcon.colcon_core.event_handler.log_command[0m [1;30mDEBUG[0m [32mInvoking command in '/home/epon/AutoDrive/autonomous_combine/build/common_interface': CMAKE_PREFIX_PATH=${CMAKE_PREFIX_PATH}:/home/epon/AutoDrive/autonomous_combine/install/robot_simulation:/home/epon/AutoDrive/autonomous_combine/install/robot_navigation:/home/epon/AutoDrive/autonomous_combine/install/my_launch:/home/epon/AutoDrive/autonomous_combine/install/control_hardware:/opt/ros/humble /usr/bin/cmake --build /home/epon/AutoDrive/autonomous_combine/build/common_interface -- -j8 -l8[0m
[4.896s] [34mcolcon.colcon_core.event_handler.log_command[0m [1;30mDEBUG[0m [32mInvoked command in '/home/epon/AutoDrive/autonomous_combine/build/common_interface' returned '0': CMAKE_PREFIX_PATH=${CMAKE_PREFIX_PATH}:/home/epon/AutoDrive/autonomous_combine/install/robot_simulation:/home/epon/AutoDrive/autonomous_combine/install/robot_navigation:/home/epon/AutoDrive/autonomous_combine/install/my_launch:/home/epon/AutoDrive/autonomous_combine/install/control_hardware:/opt/ros/humble /usr/bin/cmake --build /home/epon/AutoDrive/autonomous_combine/build/common_interface -- -j8 -l8[0m
[4.897s] [34mcolcon.colcon_core.event_handler.log_command[0m [1;30mDEBUG[0m [32mInvoking command in '/home/epon/AutoDrive/autonomous_combine/build/common_interface': CMAKE_PREFIX_PATH=${CMAKE_PREFIX_PATH}:/home/epon/AutoDrive/autonomous_combine/install/robot_simulation:/home/epon/AutoDrive/autonomous_combine/install/robot_navigation:/home/epon/AutoDrive/autonomous_combine/install/my_launch:/home/epon/AutoDrive/autonomous_combine/install/control_hardware:/opt/ros/humble /usr/bin/cmake --install /home/epon/AutoDrive/autonomous_combine/build/common_interface[0m
[4.956s] [34mcolcon.colcon_core.environment[0m [1;30mLevel 1[0m create_environment_scripts_only(common_interface)
[4.957s] [34mcolcon.colcon_core.environment[0m [1;30mLevel 1[0m checking '/home/epon/AutoDrive/autonomous_combine/install/common_interface' for CMake module files
[4.958s] [34mcolcon.colcon_core.event_handler.log_command[0m [1;30mDEBUG[0m [32mInvoked command in '/home/epon/AutoDrive/autonomous_combine/build/common_interface' returned '0': CMAKE_PREFIX_PATH=${CMAKE_PREFIX_PATH}:/home/epon/AutoDrive/autonomous_combine/install/robot_simulation:/home/epon/AutoDrive/autonomous_combine/install/robot_navigation:/home/epon/AutoDrive/autonomous_combine/install/my_launch:/home/epon/AutoDrive/autonomous_combine/install/control_hardware:/opt/ros/humble /usr/bin/cmake --install /home/epon/AutoDrive/autonomous_combine/build/common_interface[0m
[4.958s] [34mcolcon.colcon_core.environment[0m [1;30mLevel 1[0m checking '/home/epon/AutoDrive/autonomous_combine/install/common_interface' for CMake config files
[4.959s] [34mcolcon.colcon_core.shell[0m [1;30mLevel 1[0m create_environment_hook('common_interface', 'cmake_prefix_path')
[4.959s] [34mcolcon.colcon_core.shell[0m [1;30mINFO[0m Creating environment hook '/home/epon/AutoDrive/autonomous_combine/install/common_interface/share/common_interface/hook/cmake_prefix_path.ps1'
[4.960s] [34mcolcon.colcon_core.shell[0m [1;30mINFO[0m Creating environment descriptor '/home/epon/AutoDrive/autonomous_combine/install/common_interface/share/common_interface/hook/cmake_prefix_path.dsv'
[4.960s] [34mcolcon.colcon_core.shell[0m [1;30mINFO[0m Creating environment hook '/home/epon/AutoDrive/autonomous_combine/install/common_interface/share/common_interface/hook/cmake_prefix_path.sh'
[4.961s] [34mcolcon.colcon_core.environment[0m [1;30mLevel 1[0m checking '/home/epon/AutoDrive/autonomous_combine/install/common_interface/lib'
[4.961s] [34mcolcon.colcon_core.shell[0m [1;30mLevel 1[0m create_environment_hook('common_interface', 'ld_library_path_lib')
[4.961s] [34mcolcon.colcon_core.shell[0m [1;30mINFO[0m Creating environment hook '/home/epon/AutoDrive/autonomous_combine/install/common_interface/share/common_interface/hook/ld_library_path_lib.ps1'
[4.961s] [34mcolcon.colcon_core.shell[0m [1;30mINFO[0m Creating environment descriptor '/home/epon/AutoDrive/autonomous_combine/install/common_interface/share/common_interface/hook/ld_library_path_lib.dsv'
[4.962s] [34mcolcon.colcon_core.shell[0m [1;30mINFO[0m Creating environment hook '/home/epon/AutoDrive/autonomous_combine/install/common_interface/share/common_interface/hook/ld_library_path_lib.sh'
[4.962s] [34mcolcon.colcon_core.environment[0m [1;30mLevel 1[0m checking '/home/epon/AutoDrive/autonomous_combine/install/common_interface/bin'
[4.962s] [34mcolcon.colcon_core.environment[0m [1;30mLevel 1[0m checking '/home/epon/AutoDrive/autonomous_combine/install/common_interface/lib/pkgconfig/common_interface.pc'
[4.962s] [34mcolcon.colcon_core.environment[0m [1;30mLevel 1[0m checking '/home/epon/AutoDrive/autonomous_combine/install/common_interface/lib/python3.10/site-packages'
[4.962s] [34mcolcon.colcon_core.environment[0m [1;30mLevel 1[0m checking '/home/epon/AutoDrive/autonomous_combine/install/common_interface/bin'
[4.963s] [34mcolcon.colcon_core.shell[0m [1;30mINFO[0m Creating package script '/home/epon/AutoDrive/autonomous_combine/install/common_interface/share/common_interface/package.ps1'
[4.963s] [34mcolcon.colcon_core.shell[0m [1;30mINFO[0m Creating package descriptor '/home/epon/AutoDrive/autonomous_combine/install/common_interface/share/common_interface/package.dsv'
[4.964s] [34mcolcon.colcon_core.shell[0m [1;30mINFO[0m Creating package script '/home/epon/AutoDrive/autonomous_combine/install/common_interface/share/common_interface/package.sh'
[4.964s] [34mcolcon.colcon_core.shell[0m [1;30mINFO[0m Creating package script '/home/epon/AutoDrive/autonomous_combine/install/common_interface/share/common_interface/package.bash'
[4.964s] [34mcolcon.colcon_core.shell[0m [1;30mINFO[0m Creating package script '/home/epon/AutoDrive/autonomous_combine/install/common_interface/share/common_interface/package.zsh'
[4.965s] [34mcolcon.colcon_core.environment[0m [1;30mLevel 1[0m create_file_with_runtime_dependencies(/home/epon/AutoDrive/autonomous_combine/install/common_interface/share/colcon-core/packages/common_interface)
[4.965s] [34mcolcon.colcon_core.environment[0m [1;30mLevel 1[0m create_environment_scripts_only(common_interface)
[4.966s] [34mcolcon.colcon_core.environment[0m [1;30mLevel 1[0m checking '/home/epon/AutoDrive/autonomous_combine/install/common_interface' for CMake module files
[4.966s] [34mcolcon.colcon_core.environment[0m [1;30mLevel 1[0m checking '/home/epon/AutoDrive/autonomous_combine/install/common_interface' for CMake config files
[4.967s] [34mcolcon.colcon_core.shell[0m [1;30mLevel 1[0m create_environment_hook('common_interface', 'cmake_prefix_path')
[4.967s] [34mcolcon.colcon_core.shell[0m [1;30mINFO[0m Creating environment hook '/home/epon/AutoDrive/autonomous_combine/install/common_interface/share/common_interface/hook/cmake_prefix_path.ps1'
[4.967s] [34mcolcon.colcon_core.shell[0m [1;30mINFO[0m Creating environment descriptor '/home/epon/AutoDrive/autonomous_combine/install/common_interface/share/common_interface/hook/cmake_prefix_path.dsv'
[4.968s] [34mcolcon.colcon_core.shell[0m [1;30mINFO[0m Creating environment hook '/home/epon/AutoDrive/autonomous_combine/install/common_interface/share/common_interface/hook/cmake_prefix_path.sh'
[4.968s] [34mcolcon.colcon_core.environment[0m [1;30mLevel 1[0m checking '/home/epon/AutoDrive/autonomous_combine/install/common_interface/lib'
[4.968s] [34mcolcon.colcon_core.shell[0m [1;30mLevel 1[0m create_environment_hook('common_interface', 'ld_library_path_lib')
[4.969s] [34mcolcon.colcon_core.shell[0m [1;30mINFO[0m Creating environment hook '/home/epon/AutoDrive/autonomous_combine/install/common_interface/share/common_interface/hook/ld_library_path_lib.ps1'
[4.969s] [34mcolcon.colcon_core.shell[0m [1;30mINFO[0m Creating environment descriptor '/home/epon/AutoDrive/autonomous_combine/install/common_interface/share/common_interface/hook/ld_library_path_lib.dsv'
[4.970s] [34mcolcon.colcon_core.shell[0m [1;30mINFO[0m Creating environment hook '/home/epon/AutoDrive/autonomous_combine/install/common_interface/share/common_interface/hook/ld_library_path_lib.sh'
[4.970s] [34mcolcon.colcon_core.environment[0m [1;30mLevel 1[0m checking '/home/epon/AutoDrive/autonomous_combine/install/common_interface/bin'
[4.970s] [34mcolcon.colcon_core.environment[0m [1;30mLevel 1[0m checking '/home/epon/AutoDrive/autonomous_combine/install/common_interface/lib/pkgconfig/common_interface.pc'
[4.970s] [34mcolcon.colcon_core.environment[0m [1;30mLevel 1[0m checking '/home/epon/AutoDrive/autonomous_combine/install/common_interface/lib/python3.10/site-packages'
[4.971s] [34mcolcon.colcon_core.environment[0m [1;30mLevel 1[0m checking '/home/epon/AutoDrive/autonomous_combine/install/common_interface/bin'
[4.971s] [34mcolcon.colcon_core.shell[0m [1;30mINFO[0m Creating package script '/home/epon/AutoDrive/autonomous_combine/install/common_interface/share/common_interface/package.ps1'
[4.971s] [34mcolcon.colcon_core.shell[0m [1;30mINFO[0m Creating package descriptor '/home/epon/AutoDrive/autonomous_combine/install/common_interface/share/common_interface/package.dsv'
[4.972s] [34mcolcon.colcon_core.shell[0m [1;30mINFO[0m Creating package script '/home/epon/AutoDrive/autonomous_combine/install/common_interface/share/common_interface/package.sh'
[4.973s] [34mcolcon.colcon_core.shell[0m [1;30mINFO[0m Creating package script '/home/epon/AutoDrive/autonomous_combine/install/common_interface/share/common_interface/package.bash'
[4.973s] [34mcolcon.colcon_core.shell[0m [1;30mINFO[0m Creating package script '/home/epon/AutoDrive/autonomous_combine/install/common_interface/share/common_interface/package.zsh'
[4.974s] [34mcolcon.colcon_core.environment[0m [1;30mLevel 1[0m create_file_with_runtime_dependencies(/home/epon/AutoDrive/autonomous_combine/install/common_interface/share/colcon-core/packages/common_interface)
[4.974s] [34mcolcon.colcon_parallel_executor.executor.parallel[0m [1;30mDEBUG[0m [32mclosing loop[0m
[4.974s] [34mcolcon.colcon_parallel_executor.executor.parallel[0m [1;30mDEBUG[0m [32mloop closed[0m
[4.974s] [34mcolcon.colcon_parallel_executor.executor.parallel[0m [1;30mDEBUG[0m [32mrun_until_complete finished with '0'[0m
[4.975s] [34mcolcon.colcon_core.event_reactor[0m [1;30mDEBUG[0m [32mjoining thread[0m
[4.980s] [34mcolcon.colcon_core.plugin_system[0m [1;30mINFO[0m Skipping extension 'colcon_notification.desktop_notification.terminal_notifier': Not used on non-Darwin systems
[4.980s] [34mcolcon.colcon_core.plugin_system[0m [1;30mINFO[0m Skipping extension 'colcon_notification.desktop_notification.win32': Not used on non-Windows systems
[4.980s] [34mcolcon.colcon_notification.desktop_notification[0m [1;30mINFO[0m Sending desktop notification using 'notify2'
[4.991s] [34mcolcon.colcon_core.event_reactor[0m [1;30mDEBUG[0m [32mjoined thread[0m
[4.991s] [34mcolcon.colcon_core.shell[0m [1;30mINFO[0m Creating prefix script '/home/epon/AutoDrive/autonomous_combine/install/local_setup.ps1'
[4.992s] [34mcolcon.colcon_core.shell[0m [1;30mINFO[0m Creating prefix util module '/home/epon/AutoDrive/autonomous_combine/install/_local_setup_util_ps1.py'
[4.993s] [34mcolcon.colcon_core.shell[0m [1;30mINFO[0m Creating prefix chain script '/home/epon/AutoDrive/autonomous_combine/install/setup.ps1'
[4.995s] [34mcolcon.colcon_core.shell[0m [1;30mINFO[0m Creating prefix script '/home/epon/AutoDrive/autonomous_combine/install/local_setup.sh'
[4.996s] [34mcolcon.colcon_core.shell[0m [1;30mINFO[0m Creating prefix util module '/home/epon/AutoDrive/autonomous_combine/install/_local_setup_util_sh.py'
[4.997s] [34mcolcon.colcon_core.shell[0m [1;30mINFO[0m Creating prefix chain script '/home/epon/AutoDrive/autonomous_combine/install/setup.sh'
[4.998s] [34mcolcon.colcon_core.shell[0m [1;30mINFO[0m Creating prefix script '/home/epon/AutoDrive/autonomous_combine/install/local_setup.bash'
[4.999s] [34mcolcon.colcon_core.shell[0m [1;30mINFO[0m Creating prefix chain script '/home/epon/AutoDrive/autonomous_combine/install/setup.bash'
[5.000s] [34mcolcon.colcon_core.shell[0m [1;30mINFO[0m Creating prefix script '/home/epon/AutoDrive/autonomous_combine/install/local_setup.zsh'
[5.001s] [34mcolcon.colcon_core.shell[0m [1;30mINFO[0m Creating prefix chain script '/home/epon/AutoDrive/autonomous_combine/install/setup.zsh'
