[1.459s] Invoking command in '/home/epon/AutoDrive/autonomous_combine/src/my_launch': PYTHONPATH=/home/epon/AutoDrive/autonomous_combine/build/my_launch/prefix_override:/usr/lib/python3/dist-packages/colcon_core/task/python/colcon_distutils_commands:/home/epon/AutoDrive/autonomous_combine/install/my_launch/lib/python3.10/site-packages:${PYTHONPATH} /usr/bin/python3 -W ignore:setup.py install is deprecated -W ignore:easy_install command is deprecated setup.py egg_info --egg-base ../../build/my_launch build --build-base /home/epon/AutoDrive/autonomous_combine/build/my_launch/build install --record /home/epon/AutoDrive/autonomous_combine/build/my_launch/install.log --single-version-externally-managed install_data
[1.871s] running egg_info
[1.873s] writing ../../build/my_launch/my_launch.egg-info/PKG-INFO
[1.873s] writing dependency_links to ../../build/my_launch/my_launch.egg-info/dependency_links.txt
[1.873s] writing entry points to ../../build/my_launch/my_launch.egg-info/entry_points.txt
[1.874s] writing requirements to ../../build/my_launch/my_launch.egg-info/requires.txt
[1.874s] writing top-level names to ../../build/my_launch/my_launch.egg-info/top_level.txt
[1.877s] reading manifest file '../../build/my_launch/my_launch.egg-info/SOURCES.txt'
[1.878s] writing manifest file '../../build/my_launch/my_launch.egg-info/SOURCES.txt'
[1.878s] running build
[1.879s] running build_py
[1.879s] running install
[1.880s] running install_lib
[1.882s] running install_data
[1.882s] copying launch/image_subscriber.launch.py -> /home/epon/AutoDrive/autonomous_combine/install/my_launch/share/my_launch/launch
[1.882s] running install_egg_info
[1.884s] removing '/home/epon/AutoDrive/autonomous_combine/install/my_launch/lib/python3.10/site-packages/my_launch-0.0.0-py3.10.egg-info' (and everything under it)
[1.886s] Copying ../../build/my_launch/my_launch.egg-info to /home/epon/AutoDrive/autonomous_combine/install/my_launch/lib/python3.10/site-packages/my_launch-0.0.0-py3.10.egg-info
[1.888s] running install_scripts
[1.916s] Installing image_subscriber script to /home/epon/AutoDrive/autonomous_combine/install/my_launch/lib/my_launch
[1.918s] writing list of installed files to '/home/epon/AutoDrive/autonomous_combine/build/my_launch/install.log'
[1.959s] Invoked command in '/home/epon/AutoDrive/autonomous_combine/src/my_launch' returned '0': PYTHONPATH=/home/epon/AutoDrive/autonomous_combine/build/my_launch/prefix_override:/usr/lib/python3/dist-packages/colcon_core/task/python/colcon_distutils_commands:/home/epon/AutoDrive/autonomous_combine/install/my_launch/lib/python3.10/site-packages:${PYTHONPATH} /usr/bin/python3 -W ignore:setup.py install is deprecated -W ignore:easy_install command is deprecated setup.py egg_info --egg-base ../../build/my_launch build --build-base /home/epon/AutoDrive/autonomous_combine/build/my_launch/build install --record /home/epon/AutoDrive/autonomous_combine/build/my_launch/install.log --single-version-externally-managed install_data
