[1.365s] Invoking command in '/home/epon/AutoDrive/autonomous_combine/src/control_hardware': PYTHONPATH=/home/epon/AutoDrive/autonomous_combine/build/control_hardware/prefix_override:/usr/lib/python3/dist-packages/colcon_core/task/python/colcon_distutils_commands:/home/epon/AutoDrive/autonomous_combine/install/control_hardware/lib/python3.10/site-packages:${PYTHONPATH} /usr/bin/python3 -W ignore:setup.py install is deprecated -W ignore:easy_install command is deprecated setup.py egg_info --egg-base ../../build/control_hardware build --build-base /home/epon/AutoDrive/autonomous_combine/build/control_hardware/build install --record /home/epon/AutoDrive/autonomous_combine/build/control_hardware/install.log --single-version-externally-managed install_data
[1.575s] running egg_info
[1.576s] writing ../../build/control_hardware/control_hardware.egg-info/PKG-INFO
[1.577s] writing dependency_links to ../../build/control_hardware/control_hardware.egg-info/dependency_links.txt
[1.577s] writing entry points to ../../build/control_hardware/control_hardware.egg-info/entry_points.txt
[1.577s] writing requirements to ../../build/control_hardware/control_hardware.egg-info/requires.txt
[1.577s] writing top-level names to ../../build/control_hardware/control_hardware.egg-info/top_level.txt
[1.579s] reading manifest file '../../build/control_hardware/control_hardware.egg-info/SOURCES.txt'
[1.580s] writing manifest file '../../build/control_hardware/control_hardware.egg-info/SOURCES.txt'
[1.580s] running build
[1.580s] running build_py
[1.580s] copying control_hardware/cmd2gpio.py -> /home/epon/AutoDrive/autonomous_combine/build/control_hardware/build/lib/control_hardware
[1.580s] running install
[1.581s] running install_lib
[1.582s] copying /home/epon/AutoDrive/autonomous_combine/build/control_hardware/build/lib/control_hardware/cmd2gpio.py -> /home/epon/AutoDrive/autonomous_combine/install/control_hardware/lib/python3.10/site-packages/control_hardware
[1.582s] byte-compiling /home/epon/AutoDrive/autonomous_combine/install/control_hardware/lib/python3.10/site-packages/control_hardware/cmd2gpio.py to cmd2gpio.cpython-310.pyc
[1.584s] running install_data
[1.584s] running install_egg_info
[1.586s] removing '/home/epon/AutoDrive/autonomous_combine/install/control_hardware/lib/python3.10/site-packages/control_hardware-0.0.0-py3.10.egg-info' (and everything under it)
[1.586s] Copying ../../build/control_hardware/control_hardware.egg-info to /home/epon/AutoDrive/autonomous_combine/install/control_hardware/lib/python3.10/site-packages/control_hardware-0.0.0-py3.10.egg-info
[1.589s] running install_scripts
[1.608s] Installing cmd2gpio script to /home/epon/AutoDrive/autonomous_combine/install/control_hardware/lib/control_hardware
[1.608s] Installing cmd2pwm script to /home/epon/AutoDrive/autonomous_combine/install/control_hardware/lib/control_hardware
[1.608s] Installing joy_control_node script to /home/epon/AutoDrive/autonomous_combine/install/control_hardware/lib/control_hardware
[1.608s] Installing pwm2GPIO script to /home/epon/AutoDrive/autonomous_combine/install/control_hardware/lib/control_hardware
[1.608s] writing list of installed files to '/home/epon/AutoDrive/autonomous_combine/build/control_hardware/install.log'
[1.639s] Invoked command in '/home/epon/AutoDrive/autonomous_combine/src/control_hardware' returned '0': PYTHONPATH=/home/epon/AutoDrive/autonomous_combine/build/control_hardware/prefix_override:/usr/lib/python3/dist-packages/colcon_core/task/python/colcon_distutils_commands:/home/epon/AutoDrive/autonomous_combine/install/control_hardware/lib/python3.10/site-packages:${PYTHONPATH} /usr/bin/python3 -W ignore:setup.py install is deprecated -W ignore:easy_install command is deprecated setup.py egg_info --egg-base ../../build/control_hardware build --build-base /home/epon/AutoDrive/autonomous_combine/build/control_hardware/build install --record /home/epon/AutoDrive/autonomous_combine/build/control_hardware/install.log --single-version-externally-managed install_data
